[DEBUG] 2026-03-13 09:18:10.855 [main] UserServiceImpl - Start creating an user: {'id' : 0, 'name' : 'User', 'email' : 'userEmail@gmail.com'}
[DEBUG] 2026-03-13 09:18:11.004 [main] UserServiceImpl - Successfully creation of the user: {'id' : 0, 'name' : 'User', 'email' : 'userEmail@gmail.com'}
[DEBUG] 2026-03-13 09:18:11.028 [main] UserServiceImpl - Start creating an user: {'id' : 0, 'name' : 'User1', 'email' : '2userEmail@gmail.com'}
[DEBUG] 2026-03-13 09:18:11.031 [main] UserServiceImpl - Successfully creation of the user: {'id' : 0, 'name' : 'User1', 'email' : '2userEmail@gmail.com'}
[DEBUG] 2026-03-13 09:18:11.050 [main] UserServiceImpl - Start updating an user: {'id' : 0, 'name' : 'User1', 'email' : '2userEmail@gmail.com'}
[DEBUG] 2026-03-13 09:18:11.064 [main] UserServiceImpl - Successfully updating of the user: {'id' : 51, 'name' : 'User1', 'email' : '2userEmail@gmail.com'}
[DEBUG] 2026-03-13 09:18:11.093 [main] UserServiceImpl - Start deleting an user with id: 0
[WARN ] 2026-03-13 09:18:11.093 [main] UserServiceImpl - Can not to delete an user with id: 0
ua.epam.mishchenko.ticketbooking.exception.DbException: Error deleting user
	at ua.epam.mishchenko.ticketbooking.dao.impl.UserDAOImpl.delete(UserDAOImpl.java:138) ~[classes/:?]
	at ua.epam.mishchenko.ticketbooking.service.impl.UserServiceImpl.deleteUser(UserServiceImpl.java:139) ~[classes/:?]
	at jdk.internal.reflect.DirectMethodHandleAccessor.invoke(DirectMethodHandleAccessor.java:103) ~[?:?]
	at java.lang.reflect.Method.invoke(Method.java:580) ~[?:?]
	at org.springframework.aop.support.AopUtils.invokeJoinpointUsingReflection(AopUtils.java:344) ~[spring-aop-5.3.20.jar:5.3.20]
	at org.springframework.aop.framework.ReflectiveMethodInvocation.invokeJoinpoint(ReflectiveMethodInvocation.java:198) ~[spring-aop-5.3.20.jar:5.3.20]
	at org.springframework.aop.framework.ReflectiveMethodInvocation.proceed(ReflectiveMethodInvocation.java:163) ~[spring-aop-5.3.20.jar:5.3.20]
	at org.springframework.transaction.interceptor.TransactionInterceptor$1.proceedWithInvocation(TransactionInterceptor.java:123) ~[spring-tx-5.3.29.jar:5.3.29]
	at org.springframework.transaction.interceptor.TransactionAspectSupport.invokeWithinTransaction(TransactionAspectSupport.java:388) ~[spring-tx-5.3.29.jar:5.3.29]
	at org.springframework.transaction.interceptor.TransactionInterceptor.invoke(TransactionInterceptor.java:119) ~[spring-tx-5.3.29.jar:5.3.29]
	at org.springframework.aop.framework.ReflectiveMethodInvocation.proceed(ReflectiveMethodInvocation.java:186) ~[spring-aop-5.3.20.jar:5.3.20]
	at org.springframework.aop.framework.JdkDynamicAopProxy.invoke(JdkDynamicAopProxy.java:215) ~[spring-aop-5.3.20.jar:5.3.20]
	at jdk.proxy2.$Proxy75.deleteUser(Unknown Source) ~[?:?]
	at ua.epam.mishchenko.ticketbooking.facade.impl.BookingFacadeImpl.deleteUser(BookingFacadeImpl.java:98) ~[classes/:?]
	at ua.epam.mishchenko.ticketbooking.MainApplication.main(MainApplication.java:275) ~[classes/:?]
Caused by: java.lang.IllegalArgumentException: User id must be positive
	at ua.epam.mishchenko.ticketbooking.dao.impl.UserDAOImpl.getById(UserDAOImpl.java:27) ~[classes/:?]
	at ua.epam.mishchenko.ticketbooking.dao.impl.UserDAOImpl.delete(UserDAOImpl.java:131) ~[classes/:?]
	... 14 more
[DEBUG] 2026-03-13 09:19:05.375 [main] UserServiceImpl - Start creating an user: {'id' : 0, 'name' : 'User', 'email' : 'userEmail@gmail.com'}
[DEBUG] 2026-03-13 09:19:05.473 [main] UserServiceImpl - Successfully creation of the user: {'id' : 0, 'name' : 'User', 'email' : 'userEmail@gmail.com'}
[DEBUG] 2026-03-13 09:19:44.382 [main] UserServiceImpl - Start creating an user: {'id' : 0, 'name' : 'User', 'email' : 'userEmail@gmail.com'}
[DEBUG] 2026-03-13 09:19:44.505 [main] UserServiceImpl - Successfully creation of the user: {'id' : 0, 'name' : 'User', 'email' : 'userEmail@gmail.com'}
[DEBUG] 2026-03-13 09:20:18.507 [main] UserServiceImpl - Start creating an user: {'id' : 0, 'name' : 'User1', 'email' : 'user1Email@gmail.com'}
[DEBUG] 2026-03-13 09:20:18.683 [main] UserServiceImpl - Successfully creation of the user: {'id' : 52, 'name' : 'User1', 'email' : 'user1Email@gmail.com'}
[DEBUG] 2026-03-13 09:20:30.957 [main] UserServiceImpl - Start creating an user: {'id' : 0, 'name' : 'User1', 'email' : 'user1Email@gmail.com'}
[DEBUG] 2026-03-13 09:20:31.073 [main] UserServiceImpl - Successfully creation of the user: {'id' : 0, 'name' : 'User1', 'email' : 'user1Email@gmail.com'}
[DEBUG] 2026-03-13 09:23:16.693 [main] UserServiceImpl - Start creating an user: {'id' : 0, 'name' : 'User1', 'email' : 'user1Email@gmail.com'}
[DEBUG] 2026-03-13 09:23:16.806 [main] UserServiceImpl - Successfully creation of the user: {'id' : 0, 'name' : 'User1', 'email' : 'user1Email@gmail.com'}
[DEBUG] 2026-03-13 10:26:43.960 [main] UserServiceImpl - Finding a user by email: userEmail@gmail.com
[WARN ] 2026-03-13 10:26:44.012 [main] UserServiceImpl - Can not to get an user by email: userEmail@gmail.com
[DEBUG] 2026-03-13 10:29:00.786 [main] UserServiceImpl - Finding a user by email: userEmail@gmail.com
[DEBUG] 2026-03-13 10:29:00.905 [main] UserServiceImpl - The user with email userEmail@gmail.com successfully found 
[DEBUG] 2026-03-13 11:28:08.130 [main] UserServiceImpl - Start creating an user: {'id' : 0, 'name' : 'Valea', 'email' : 'test@example.com'}
[DEBUG] 2026-03-13 11:28:08.134 [main] UserServiceImpl - Successfully creation of the user: {'id' : 0, 'name' : 'Valea', 'email' : 'test@example.com'}
[DEBUG] 2026-03-13 11:36:13.434 [main] UserServiceImpl - Start creating an user: {'id' : 0, 'name' : 'Vala', 'email' : 'test@example.com'}
[DEBUG] 2026-03-13 11:36:13.440 [main] UserServiceImpl - Wrong credentials.
[WARN ] 2026-03-13 11:36:13.440 [main] UserServiceImpl - Cannot create user: {'id' : 0, 'name' : 'Vala', 'email' : 'test@example.com'}
ua.epam.mishchenko.ticketbooking.exception.DbException: User already exists with email: test@example.com
	at ua.epam.mishchenko.ticketbooking.service.impl.UserServiceImpl.createUser(UserServiceImpl.java:110) ~[classes/:?]
	at tests.UserServiceImplTest.lambda$createUserShouldThrowWhenEmailExists$0(UserServiceImplTest.java:54) ~[test-classes/:?]
	at org.junit.Assert.assertThrows(Assert.java:1001) ~[junit-4.13.2.jar:4.13.2]
	at org.junit.Assert.assertThrows(Assert.java:981) ~[junit-4.13.2.jar:4.13.2]
	at tests.UserServiceImplTest.createUserShouldThrowWhenEmailExists(UserServiceImplTest.java:53) ~[test-classes/:?]
	at jdk.internal.reflect.DirectMethodHandleAccessor.invoke(DirectMethodHandleAccessor.java:103) ~[?:?]
	at java.lang.reflect.Method.invoke(Method.java:580) ~[?:?]
	at org.junit.runners.model.FrameworkMethod$1.runReflectiveCall(FrameworkMethod.java:59) ~[junit-4.13.2.jar:4.13.2]
	at org.junit.internal.runners.model.ReflectiveCallable.run(ReflectiveCallable.java:12) ~[junit-4.13.2.jar:4.13.2]
	at org.junit.runners.model.FrameworkMethod.invokeExplosively(FrameworkMethod.java:56) ~[junit-4.13.2.jar:4.13.2]
	at org.junit.internal.runners.statements.InvokeMethod.evaluate(InvokeMethod.java:17) ~[junit-4.13.2.jar:4.13.2]
	at org.junit.internal.runners.statements.RunBefores.evaluate(RunBefores.java:26) ~[junit-4.13.2.jar:4.13.2]
	at org.junit.runners.ParentRunner$3.evaluate(ParentRunner.java:306) ~[junit-4.13.2.jar:4.13.2]
	at org.junit.runners.BlockJUnit4ClassRunner$1.evaluate(BlockJUnit4ClassRunner.java:100) ~[junit-4.13.2.jar:4.13.2]
	at org.junit.runners.ParentRunner.runLeaf(ParentRunner.java:366) ~[junit-4.13.2.jar:4.13.2]
	at org.junit.runners.BlockJUnit4ClassRunner.runChild(BlockJUnit4ClassRunner.java:103) ~[junit-4.13.2.jar:4.13.2]
	at org.junit.runners.BlockJUnit4ClassRunner.runChild(BlockJUnit4ClassRunner.java:63) ~[junit-4.13.2.jar:4.13.2]
	at org.junit.runners.ParentRunner$4.run(ParentRunner.java:331) ~[junit-4.13.2.jar:4.13.2]
	at org.junit.runners.ParentRunner$1.schedule(ParentRunner.java:79) ~[junit-4.13.2.jar:4.13.2]
	at org.junit.runners.ParentRunner.runChildren(ParentRunner.java:329) ~[junit-4.13.2.jar:4.13.2]
	at org.junit.runners.ParentRunner.access$100(ParentRunner.java:66) ~[junit-4.13.2.jar:4.13.2]
	at org.junit.runners.ParentRunner$2.evaluate(ParentRunner.java:293) ~[junit-4.13.2.jar:4.13.2]
	at org.junit.runners.ParentRunner$3.evaluate(ParentRunner.java:306) ~[junit-4.13.2.jar:4.13.2]
	at org.junit.runners.ParentRunner.run(ParentRunner.java:413) ~[junit-4.13.2.jar:4.13.2]
	at org.junit.runner.JUnitCore.run(JUnitCore.java:137) ~[junit-4.13.2.jar:4.13.2]
	at com.intellij.junit4.JUnit4IdeaTestRunner.startRunnerWithArgs(JUnit4IdeaTestRunner.java:69) ~[junit-rt.jar:?]
	at com.intellij.rt.junit.IdeaTestRunner$Repeater$1.execute(IdeaTestRunner.java:38) ~[junit-rt.jar:?]
	at com.intellij.rt.execution.junit.TestsRepeater.repeat(TestsRepeater.java:11) ~[idea_rt.jar:?]
	at com.intellij.rt.junit.IdeaTestRunner$Repeater.startRunnerWithArgs(IdeaTestRunner.java:35) ~[junit-rt.jar:?]
	at com.intellij.rt.junit.JUnitStarter.prepareStreamsAndStart(JUnitStarter.java:232) ~[junit-rt.jar:?]
	at com.intellij.rt.junit.JUnitStarter.main(JUnitStarter.java:55) ~[junit-rt.jar:?]
[DEBUG] 2026-03-13 11:36:33.266 [main] UserServiceImpl - Start creating an user: {'id' : 0, 'name' : 'Vala', 'email' : 'test1@example.com'}
[DEBUG] 2026-03-13 11:36:33.271 [main] UserServiceImpl - Wrong credentials.
[WARN ] 2026-03-13 11:36:33.271 [main] UserServiceImpl - Cannot create user: {'id' : 0, 'name' : 'Vala', 'email' : 'test1@example.com'}
ua.epam.mishchenko.ticketbooking.exception.DbException: User already exists with email: test1@example.com
	at ua.epam.mishchenko.ticketbooking.service.impl.UserServiceImpl.createUser(UserServiceImpl.java:110) ~[classes/:?]
	at tests.UserServiceImplTest.lambda$createUserShouldThrowWhenEmailExists$0(UserServiceImplTest.java:54) ~[test-classes/:?]
	at org.junit.Assert.assertThrows(Assert.java:1001) ~[junit-4.13.2.jar:4.13.2]
	at org.junit.Assert.assertThrows(Assert.java:981) ~[junit-4.13.2.jar:4.13.2]
	at tests.UserServiceImplTest.createUserShouldThrowWhenEmailExists(UserServiceImplTest.java:53) ~[test-classes/:?]
	at jdk.internal.reflect.DirectMethodHandleAccessor.invoke(DirectMethodHandleAccessor.java:103) ~[?:?]
	at java.lang.reflect.Method.invoke(Method.java:580) ~[?:?]
	at org.junit.runners.model.FrameworkMethod$1.runReflectiveCall(FrameworkMethod.java:59) ~[junit-4.13.2.jar:4.13.2]
	at org.junit.internal.runners.model.ReflectiveCallable.run(ReflectiveCallable.java:12) ~[junit-4.13.2.jar:4.13.2]
	at org.junit.runners.model.FrameworkMethod.invokeExplosively(FrameworkMethod.java:56) ~[junit-4.13.2.jar:4.13.2]
	at org.junit.internal.runners.statements.InvokeMethod.evaluate(InvokeMethod.java:17) ~[junit-4.13.2.jar:4.13.2]
	at org.junit.internal.runners.statements.RunBefores.evaluate(RunBefores.java:26) ~[junit-4.13.2.jar:4.13.2]
	at org.junit.runners.ParentRunner$3.evaluate(ParentRunner.java:306) ~[junit-4.13.2.jar:4.13.2]
	at org.junit.runners.BlockJUnit4ClassRunner$1.evaluate(BlockJUnit4ClassRunner.java:100) ~[junit-4.13.2.jar:4.13.2]
	at org.junit.runners.ParentRunner.runLeaf(ParentRunner.java:366) ~[junit-4.13.2.jar:4.13.2]
	at org.junit.runners.BlockJUnit4ClassRunner.runChild(BlockJUnit4ClassRunner.java:103) ~[junit-4.13.2.jar:4.13.2]
	at org.junit.runners.BlockJUnit4ClassRunner.runChild(BlockJUnit4ClassRunner.java:63) ~[junit-4.13.2.jar:4.13.2]
	at org.junit.runners.ParentRunner$4.run(ParentRunner.java:331) ~[junit-4.13.2.jar:4.13.2]
	at org.junit.runners.ParentRunner$1.schedule(ParentRunner.java:79) ~[junit-4.13.2.jar:4.13.2]
	at org.junit.runners.ParentRunner.runChildren(ParentRunner.java:329) ~[junit-4.13.2.jar:4.13.2]
	at org.junit.runners.ParentRunner.access$100(ParentRunner.java:66) ~[junit-4.13.2.jar:4.13.2]
	at org.junit.runners.ParentRunner$2.evaluate(ParentRunner.java:293) ~[junit-4.13.2.jar:4.13.2]
	at org.junit.runners.ParentRunner$3.evaluate(ParentRunner.java:306) ~[junit-4.13.2.jar:4.13.2]
	at org.junit.runners.ParentRunner.run(ParentRunner.java:413) ~[junit-4.13.2.jar:4.13.2]
	at org.junit.runner.JUnitCore.run(JUnitCore.java:137) ~[junit-4.13.2.jar:4.13.2]
	at com.intellij.junit4.JUnit4IdeaTestRunner.startRunnerWithArgs(JUnit4IdeaTestRunner.java:69) ~[junit-rt.jar:?]
	at com.intellij.rt.junit.IdeaTestRunner$Repeater$1.execute(IdeaTestRunner.java:38) ~[junit-rt.jar:?]
	at com.intellij.rt.execution.junit.TestsRepeater.repeat(TestsRepeater.java:11) ~[idea_rt.jar:?]
	at com.intellij.rt.junit.IdeaTestRunner$Repeater.startRunnerWithArgs(IdeaTestRunner.java:35) ~[junit-rt.jar:?]
	at com.intellij.rt.junit.JUnitStarter.prepareStreamsAndStart(JUnitStarter.java:232) ~[junit-rt.jar:?]
	at com.intellij.rt.junit.JUnitStarter.main(JUnitStarter.java:55) ~[junit-rt.jar:?]
[DEBUG] 2026-03-13 11:41:51.172 [main] UserServiceImpl - Finding a user by id: 1
[DEBUG] 2026-03-13 11:41:51.179 [main] UserServiceImpl - The user with id 1 successfully found 
[DEBUG] 2026-03-13 11:41:51.180 [main] UserServiceImpl - Finding a user by id: 1
[DEBUG] 2026-03-13 11:41:51.182 [main] UserServiceImpl - The user with id 1 successfully found 
[DEBUG] 2026-03-13 11:44:25.669 [main] UserServiceImpl - Start creating an user: {'id' : 1, 'name' : 'Alice', 'email' : 'alice@example.com'}
[DEBUG] 2026-03-13 11:44:25.680 [main] UserServiceImpl - Successfully creation of the user: null
[DEBUG] 2026-03-13 11:44:25.683 [main] UserServiceImpl - Finding a user by id: 1
[DEBUG] 2026-03-13 11:44:25.685 [main] UserServiceImpl - The user with id 1 successfully found 
[DEBUG] 2026-03-13 11:44:33.704 [main] UserServiceImpl - Finding a user by id: 1
[DEBUG] 2026-03-13 11:44:33.708 [main] UserServiceImpl - The user with id 1 successfully found 
[DEBUG] 2026-03-13 11:46:01.158 [main] UserServiceImpl - Finding a user by id: 1
[DEBUG] 2026-03-13 11:46:01.161 [main] UserServiceImpl - The user with id 1 successfully found 
[DEBUG] 2026-03-13 11:48:31.202 [main] UserServiceImpl - Finding a user by id: 1
[DEBUG] 2026-03-13 11:48:31.206 [main] UserServiceImpl - The user with id 1 successfully found 
[DEBUG] 2026-03-13 11:48:31.206 [main] UserServiceImpl - Finding a user by id: 1
[DEBUG] 2026-03-13 11:48:31.206 [main] UserServiceImpl - The user with id 1 successfully found 
[DEBUG] 2026-03-13 11:49:10.571 [main] UserServiceImpl - Finding a user by id: 1
[WARN ] 2026-03-13 11:49:10.576 [main] UserServiceImpl - Can not to get an user by id: 1
[DEBUG] 2026-03-13 11:49:10.577 [main] UserServiceImpl - Finding a user by id: 1
[WARN ] 2026-03-13 11:49:10.577 [main] UserServiceImpl - Can not to get an user by id: 1
[DEBUG] 2026-03-13 11:49:58.784 [main] UserServiceImpl - Finding a user by id: 1
[WARN ] 2026-03-13 11:49:58.789 [main] UserServiceImpl - Can not to get an user by id: 1
[DEBUG] 2026-03-13 11:51:14.380 [main] UserServiceImpl - Finding a user by id: 1
[WARN ] 2026-03-13 11:51:14.384 [main] UserServiceImpl - Can not to get an user by id: 1
[DEBUG] 2026-03-13 11:53:35.000 [main] UserServiceImpl - Finding a user by id: 1
[WARN ] 2026-03-13 11:53:35.007 [main] UserServiceImpl - Can not to get an user by id: 1
[DEBUG] 2026-03-13 11:56:12.221 [main] UserServiceImpl - Retrieving all users
[DEBUG] 2026-03-13 11:56:12.225 [main] UserServiceImpl - Successfully retrieved 2 users
[DEBUG] 2026-03-13 12:22:56.702 [main] UserServiceImpl - Finding a user by email: alice@example.com
[DEBUG] 2026-03-13 12:22:56.707 [main] UserServiceImpl - The user with email alice@example.com successfully found 
[DEBUG] 2026-03-13 12:25:43.538 [main] UserServiceImpl - Finding a user by email: alice@example.com
[WARN ] 2026-03-13 12:25:43.541 [main] UserServiceImpl - Can not to get an user by email: alice@example.com
[DEBUG] 2026-03-13 12:26:25.614 [main] UserServiceImpl - Finding a user by email: alice@example.com
[WARN ] 2026-03-13 12:26:25.617 [main] UserServiceImpl - Can not to get an user by email: alice@example.com
[DEBUG] 2026-03-13 12:37:29.234 [main] UserServiceImpl - Finding all users by name Alice with page size 10 and number of page 1
[DEBUG] 2026-03-13 12:37:29.237 [main] UserServiceImpl - All users successfully found by name Alice with page size 10 and number of page 1
[DEBUG] 2026-03-13 12:45:20.880 [main] UserServiceImpl - Finding all users by name Alice with page size 10 and number of page 1
[WARN ] 2026-03-13 12:45:20.882 [main] UserServiceImpl - Can not to find a list of users by name 'Alice'
ua.epam.mishchenko.ticketbooking.exception.DbException: DB error
	at ua.epam.mishchenko.ticketbooking.service.impl.UserServiceImpl.getUsersByName(UserServiceImpl.java:88) ~[classes/:?]
	at tests.UserServiceImplTest.lambda$getUsersByNameShouldReturnNullWhenDaoThrows$6(UserServiceImplTest.java:183) ~[test-classes/:?]
	at org.junit.Assert.assertThrows(Assert.java:1001) ~[junit-4.13.2.jar:4.13.2]
	at org.junit.Assert.assertThrows(Assert.java:981) ~[junit-4.13.2.jar:4.13.2]
	at tests.UserServiceImplTest.getUsersByNameShouldReturnNullWhenDaoThrows(UserServiceImplTest.java:182) ~[test-classes/:?]
	at jdk.internal.reflect.DirectMethodHandleAccessor.invoke(DirectMethodHandleAccessor.java:103) ~[?:?]
	at java.lang.reflect.Method.invoke(Method.java:580) ~[?:?]
	at org.junit.runners.model.FrameworkMethod$1.runReflectiveCall(FrameworkMethod.java:59) ~[junit-4.13.2.jar:4.13.2]
	at org.junit.internal.runners.model.ReflectiveCallable.run(ReflectiveCallable.java:12) ~[junit-4.13.2.jar:4.13.2]
	at org.junit.runners.model.FrameworkMethod.invokeExplosively(FrameworkMethod.java:56) ~[junit-4.13.2.jar:4.13.2]
	at org.junit.internal.runners.statements.InvokeMethod.evaluate(InvokeMethod.java:17) ~[junit-4.13.2.jar:4.13.2]
	at org.junit.internal.runners.statements.RunBefores.evaluate(RunBefores.java:26) ~[junit-4.13.2.jar:4.13.2]
	at org.junit.runners.ParentRunner$3.evaluate(ParentRunner.java:306) ~[junit-4.13.2.jar:4.13.2]
	at org.junit.runners.BlockJUnit4ClassRunner$1.evaluate(BlockJUnit4ClassRunner.java:100) ~[junit-4.13.2.jar:4.13.2]
	at org.junit.runners.ParentRunner.runLeaf(ParentRunner.java:366) ~[junit-4.13.2.jar:4.13.2]
	at org.junit.runners.BlockJUnit4ClassRunner.runChild(BlockJUnit4ClassRunner.java:103) ~[junit-4.13.2.jar:4.13.2]
	at org.junit.runners.BlockJUnit4ClassRunner.runChild(BlockJUnit4ClassRunner.java:63) ~[junit-4.13.2.jar:4.13.2]
	at org.junit.runners.ParentRunner$4.run(ParentRunner.java:331) ~[junit-4.13.2.jar:4.13.2]
	at org.junit.runners.ParentRunner$1.schedule(ParentRunner.java:79) ~[junit-4.13.2.jar:4.13.2]
	at org.junit.runners.ParentRunner.runChildren(ParentRunner.java:329) ~[junit-4.13.2.jar:4.13.2]
	at org.junit.runners.ParentRunner.access$100(ParentRunner.java:66) ~[junit-4.13.2.jar:4.13.2]
	at org.junit.runners.ParentRunner$2.evaluate(ParentRunner.java:293) ~[junit-4.13.2.jar:4.13.2]
	at org.junit.runners.ParentRunner$3.evaluate(ParentRunner.java:306) ~[junit-4.13.2.jar:4.13.2]
	at org.junit.runners.ParentRunner.run(ParentRunner.java:413) ~[junit-4.13.2.jar:4.13.2]
	at org.junit.runner.JUnitCore.run(JUnitCore.java:137) ~[junit-4.13.2.jar:4.13.2]
	at com.intellij.junit4.JUnit4IdeaTestRunner.startRunnerWithArgs(JUnit4IdeaTestRunner.java:69) ~[junit-rt.jar:?]
	at com.intellij.rt.junit.IdeaTestRunner$Repeater$1.execute(IdeaTestRunner.java:38) ~[junit-rt.jar:?]
	at com.intellij.rt.execution.junit.TestsRepeater.repeat(TestsRepeater.java:11) ~[idea_rt.jar:?]
	at com.intellij.rt.junit.IdeaTestRunner$Repeater.startRunnerWithArgs(IdeaTestRunner.java:35) ~[junit-rt.jar:?]
	at com.intellij.rt.junit.JUnitStarter.prepareStreamsAndStart(JUnitStarter.java:232) ~[junit-rt.jar:?]
	at com.intellij.rt.junit.JUnitStarter.main(JUnitStarter.java:55) ~[junit-rt.jar:?]
[DEBUG] 2026-03-13 12:54:32.209 [main] UserServiceImpl - Start creating an user: {'id' : 0, 'name' : 'Alice', 'email' : 'alice@example.com'}
[WARN ] 2026-03-13 12:54:32.214 [main] UserServiceImpl - Cannot create user: {'id' : 0, 'name' : 'Alice', 'email' : 'alice@example.com'}
ua.epam.mishchenko.ticketbooking.exception.DbException: DB error
	at ua.epam.mishchenko.ticketbooking.service.impl.UserServiceImpl.createUser(UserServiceImpl.java:112) ~[classes/:?]
	at tests.UserServiceImplTest.lambda$createUserShouldThrowWhenInsertFails$1(UserServiceImplTest.java:71) ~[test-classes/:?]
	at org.junit.Assert.assertThrows(Assert.java:1001) ~[junit-4.13.2.jar:4.13.2]
	at org.junit.Assert.assertThrows(Assert.java:981) ~[junit-4.13.2.jar:4.13.2]
	at tests.UserServiceImplTest.createUserShouldThrowWhenInsertFails(UserServiceImplTest.java:71) ~[test-classes/:?]
	at jdk.internal.reflect.DirectMethodHandleAccessor.invoke(DirectMethodHandleAccessor.java:103) ~[?:?]
	at java.lang.reflect.Method.invoke(Method.java:580) ~[?:?]
	at org.junit.runners.model.FrameworkMethod$1.runReflectiveCall(FrameworkMethod.java:59) ~[junit-4.13.2.jar:4.13.2]
	at org.junit.internal.runners.model.ReflectiveCallable.run(ReflectiveCallable.java:12) ~[junit-4.13.2.jar:4.13.2]
	at org.junit.runners.model.FrameworkMethod.invokeExplosively(FrameworkMethod.java:56) ~[junit-4.13.2.jar:4.13.2]
	at org.junit.internal.runners.statements.InvokeMethod.evaluate(InvokeMethod.java:17) ~[junit-4.13.2.jar:4.13.2]
	at org.junit.internal.runners.statements.RunBefores.evaluate(RunBefores.java:26) ~[junit-4.13.2.jar:4.13.2]
	at org.junit.runners.ParentRunner$3.evaluate(ParentRunner.java:306) ~[junit-4.13.2.jar:4.13.2]
	at org.junit.runners.BlockJUnit4ClassRunner$1.evaluate(BlockJUnit4ClassRunner.java:100) ~[junit-4.13.2.jar:4.13.2]
	at org.junit.runners.ParentRunner.runLeaf(ParentRunner.java:366) ~[junit-4.13.2.jar:4.13.2]
	at org.junit.runners.BlockJUnit4ClassRunner.runChild(BlockJUnit4ClassRunner.java:103) ~[junit-4.13.2.jar:4.13.2]
	at org.junit.runners.BlockJUnit4ClassRunner.runChild(BlockJUnit4ClassRunner.java:63) ~[junit-4.13.2.jar:4.13.2]
	at org.junit.runners.ParentRunner$4.run(ParentRunner.java:331) ~[junit-4.13.2.jar:4.13.2]
	at org.junit.runners.ParentRunner$1.schedule(ParentRunner.java:79) ~[junit-4.13.2.jar:4.13.2]
	at org.junit.runners.ParentRunner.runChildren(ParentRunner.java:329) ~[junit-4.13.2.jar:4.13.2]
	at org.junit.runners.ParentRunner.access$100(ParentRunner.java:66) ~[junit-4.13.2.jar:4.13.2]
	at org.junit.runners.ParentRunner$2.evaluate(ParentRunner.java:293) ~[junit-4.13.2.jar:4.13.2]
	at org.junit.runners.ParentRunner$3.evaluate(ParentRunner.java:306) ~[junit-4.13.2.jar:4.13.2]
	at org.junit.runners.ParentRunner.run(ParentRunner.java:413) ~[junit-4.13.2.jar:4.13.2]
	at org.junit.runner.JUnitCore.run(JUnitCore.java:137) ~[junit-4.13.2.jar:4.13.2]
	at com.intellij.junit4.JUnit4IdeaTestRunner.startRunnerWithArgs(JUnit4IdeaTestRunner.java:69) ~[junit-rt.jar:?]
	at com.intellij.rt.junit.IdeaTestRunner$Repeater$1.execute(IdeaTestRunner.java:38) ~[junit-rt.jar:?]
	at com.intellij.rt.execution.junit.TestsRepeater.repeat(TestsRepeater.java:11) ~[idea_rt.jar:?]
	at com.intellij.rt.junit.IdeaTestRunner$Repeater.startRunnerWithArgs(IdeaTestRunner.java:35) ~[junit-rt.jar:?]
	at com.intellij.rt.junit.JUnitStarter.prepareStreamsAndStart(JUnitStarter.java:232) ~[junit-rt.jar:?]
	at com.intellij.rt.junit.JUnitStarter.main(JUnitStarter.java:55) ~[junit-rt.jar:?]
[DEBUG] 2026-03-13 14:42:02.042 [main] UserServiceImpl - Start updating an user: {'id' : 1, 'name' : 'Alice', 'email' : 'alice@example.com'}
[WARN ] 2026-03-13 14:42:02.046 [main] UserServiceImpl - Can not to update an user: {'id' : 1, 'name' : 'Alice', 'email' : 'alice@example.com'}
ua.epam.mishchenko.ticketbooking.exception.DbException: null
[DEBUG] 2026-03-13 14:42:12.985 [main] UserServiceImpl - Start updating an user: {'id' : 1, 'name' : 'Alice', 'email' : 'alice@example.com'}
[DEBUG] 2026-03-13 14:42:12.989 [main] UserServiceImpl - Successfully updating of the user: {'id' : 1, 'name' : 'Alice', 'email' : 'alice@example.com'}
[DEBUG] 2026-03-13 14:46:27.001 [main] UserServiceImpl - Start deleting an user with id: 1
[DEBUG] 2026-03-13 14:46:27.005 [main] UserServiceImpl - Successfully deletion of the user with id: 1
[DEBUG] 2026-03-13 14:46:43.758 [main] UserServiceImpl - Start deleting an user with id: 1
[DEBUG] 2026-03-13 14:46:43.761 [main] UserServiceImpl - Successfully deletion of the user with id: 1
[DEBUG] 2026-03-13 15:32:38.928 [main] UserAccountServiceImpl - Start getting a user account with userId: 1
[DEBUG] 2026-03-13 15:34:44.498 [main] UserAccountServiceImpl - Start getting a user account with userId: 1
[DEBUG] 2026-03-13 15:36:43.198 [main] UserAccountServiceImpl - Start getting a user account with userId: 1
[DEBUG] 2026-03-13 15:38:41.082 [main] UserAccountServiceImpl - Start getting a user account with userId: 1
[DEBUG] 2026-03-13 15:39:56.798 [main] UserAccountServiceImpl - Start getting a user account with userId: 1
[DEBUG] 2026-03-13 15:41:41.097 [main] UserAccountServiceImpl - Start getting a user account with userId: 1
[DEBUG] 2026-03-13 15:44:14.786 [main] UserAccountServiceImpl - Start getting a user account with userId: 1
[DEBUG] 2026-03-13 15:46:54.703 [main] UserAccountServiceImpl - Start getting a user account with userId: 1
[DEBUG] 2026-03-13 15:50:58.313 [main] UserAccountServiceImpl - Start getting a user account with userId: 1
[DEBUG] 2026-03-13 17:12:53.813 [main] UserAccountServiceImpl - Start creating a user account with userId: 1
[DEBUG] 2026-03-13 17:19:55.703 [main] UserServiceImpl - Start creating an user: {'id' : 0, 'name' : 'UserA', 'email' : 'userAEmail@gmail.com'}
[WARN ] 2026-03-13 17:19:55.778 [main] UserServiceImpl - Cannot create user: {'id' : 0, 'name' : 'UserA', 'email' : 'userAEmail@gmail.com'}
ua.epam.mishchenko.ticketbooking.exception.DbException: Error finding user by email
	at ua.epam.mishchenko.ticketbooking.dao.impl.UserDAOImpl.getByEmail(UserDAOImpl.java:59) ~[classes/:?]
	at ua.epam.mishchenko.ticketbooking.service.impl.UserServiceImpl.createUser(UserServiceImpl.java:106) ~[classes/:?]
	at jdk.internal.reflect.DirectMethodHandleAccessor.invoke(DirectMethodHandleAccessor.java:103) ~[?:?]
	at java.lang.reflect.Method.invoke(Method.java:580) ~[?:?]
	at org.springframework.aop.support.AopUtils.invokeJoinpointUsingReflection(AopUtils.java:344) ~[spring-aop-5.3.20.jar:5.3.20]
	at org.springframework.aop.framework.ReflectiveMethodInvocation.invokeJoinpoint(ReflectiveMethodInvocation.java:198) ~[spring-aop-5.3.20.jar:5.3.20]
	at org.springframework.aop.framework.ReflectiveMethodInvocation.proceed(ReflectiveMethodInvocation.java:163) ~[spring-aop-5.3.20.jar:5.3.20]
	at org.springframework.transaction.interceptor.TransactionInterceptor$1.proceedWithInvocation(TransactionInterceptor.java:123) ~[spring-tx-5.3.29.jar:5.3.29]
	at org.springframework.transaction.interceptor.TransactionAspectSupport.invokeWithinTransaction(TransactionAspectSupport.java:388) ~[spring-tx-5.3.29.jar:5.3.29]
	at org.springframework.transaction.interceptor.TransactionInterceptor.invoke(TransactionInterceptor.java:119) ~[spring-tx-5.3.29.jar:5.3.29]
	at org.springframework.aop.framework.ReflectiveMethodInvocation.proceed(ReflectiveMethodInvocation.java:186) ~[spring-aop-5.3.20.jar:5.3.20]
	at org.springframework.aop.framework.JdkDynamicAopProxy.invoke(JdkDynamicAopProxy.java:215) ~[spring-aop-5.3.20.jar:5.3.20]
	at jdk.proxy2.$Proxy75.createUser(Unknown Source) ~[?:?]
	at ua.epam.mishchenko.ticketbooking.MainApplication.createUser(MainApplication.java:205) ~[classes/:?]
	at ua.epam.mishchenko.ticketbooking.MainApplication.main(MainApplication.java:403) ~[classes/:?]
Caused by: javax.persistence.NoResultException: No entity found for query
	at org.hibernate.query.internal.AbstractProducedQuery.getSingleResult(AbstractProducedQuery.java:1555) ~[hibernate-core-5.3.7.Final.jar:5.3.7.Final]
	at ua.epam.mishchenko.ticketbooking.dao.impl.UserDAOImpl.getByEmail(UserDAOImpl.java:57) ~[classes/:?]
	... 14 more
[DEBUG] 2026-03-13 17:21:18.648 [main] UserServiceImpl - Start creating an user: {'id' : 0, 'name' : 'UserA', 'email' : 'userEmail@gmail.com'}
[DEBUG] 2026-03-13 17:21:18.739 [main] UserServiceImpl - Wrong credentials.
[WARN ] 2026-03-13 17:21:18.739 [main] UserServiceImpl - Cannot create user: {'id' : 0, 'name' : 'UserA', 'email' : 'userEmail@gmail.com'}
ua.epam.mishchenko.ticketbooking.exception.DbException: User already exists with email: userEmail@gmail.com
	at ua.epam.mishchenko.ticketbooking.service.impl.UserServiceImpl.createUser(UserServiceImpl.java:110) ~[classes/:?]
	at jdk.internal.reflect.DirectMethodHandleAccessor.invoke(DirectMethodHandleAccessor.java:103) ~[?:?]
	at java.lang.reflect.Method.invoke(Method.java:580) ~[?:?]
	at org.springframework.aop.support.AopUtils.invokeJoinpointUsingReflection(AopUtils.java:344) ~[spring-aop-5.3.20.jar:5.3.20]
	at org.springframework.aop.framework.ReflectiveMethodInvocation.invokeJoinpoint(ReflectiveMethodInvocation.java:198) ~[spring-aop-5.3.20.jar:5.3.20]
	at org.springframework.aop.framework.ReflectiveMethodInvocation.proceed(ReflectiveMethodInvocation.java:163) ~[spring-aop-5.3.20.jar:5.3.20]
	at org.springframework.transaction.interceptor.TransactionInterceptor$1.proceedWithInvocation(TransactionInterceptor.java:123) ~[spring-tx-5.3.29.jar:5.3.29]
	at org.springframework.transaction.interceptor.TransactionAspectSupport.invokeWithinTransaction(TransactionAspectSupport.java:388) ~[spring-tx-5.3.29.jar:5.3.29]
	at org.springframework.transaction.interceptor.TransactionInterceptor.invoke(TransactionInterceptor.java:119) ~[spring-tx-5.3.29.jar:5.3.29]
	at org.springframework.aop.framework.ReflectiveMethodInvocation.proceed(ReflectiveMethodInvocation.java:186) ~[spring-aop-5.3.20.jar:5.3.20]
	at org.springframework.aop.framework.JdkDynamicAopProxy.invoke(JdkDynamicAopProxy.java:215) ~[spring-aop-5.3.20.jar:5.3.20]
	at jdk.proxy2.$Proxy75.createUser(Unknown Source) ~[?:?]
	at ua.epam.mishchenko.ticketbooking.MainApplication.createUser(MainApplication.java:205) ~[classes/:?]
	at ua.epam.mishchenko.ticketbooking.MainApplication.main(MainApplication.java:403) ~[classes/:?]
[DEBUG] 2026-03-13 17:24:07.258 [main] UserServiceImpl - Start creating an user: {'id' : 0, 'name' : 'UserA', 'email' : 'userAEmail@gmail.com'}
[DEBUG] 2026-03-13 17:24:07.358 [main] UserServiceImpl - Successfully creation of the user: {'id' : 53, 'name' : 'UserA', 'email' : 'userAEmail@gmail.com'}
[DEBUG] 2026-03-13 17:24:07.368 [main] UserAccountServiceImpl - Start creating a user account with userId: 53
[DEBUG] 2026-03-13 17:24:07.368 [main] UserDAOImpl - Start retrieving  user by id: 53
[DEBUG] 2026-03-13 17:24:07.419 [main] UserAccountServiceImpl - Successfully creating userAccount for userId: 53
[DEBUG] 2026-03-13 17:27:44.267 [main] UserServiceImpl - Start creating an user: {'id' : 0, 'name' : 'Vala', 'email' : 'test@example.com'}
[DEBUG] 2026-03-13 17:27:44.270 [main] UserServiceImpl - Wrong credentials.
[WARN ] 2026-03-13 17:27:44.271 [main] UserServiceImpl - Cannot create user: {'id' : 0, 'name' : 'Vala', 'email' : 'test@example.com'}
ua.epam.mishchenko.ticketbooking.exception.DbException: User already exists with email: test@example.com
	at ua.epam.mishchenko.ticketbooking.service.impl.UserServiceImpl.createUser(UserServiceImpl.java:110) ~[classes/:?]
	at tests.UserServiceImplTest.createUserShouldReturnNullWhenEmailExists(UserServiceImplTest.java:54) ~[test-classes/:?]
	at jdk.internal.reflect.DirectMethodHandleAccessor.invoke(DirectMethodHandleAccessor.java:103) ~[?:?]
	at java.lang.reflect.Method.invoke(Method.java:580) ~[?:?]
	at org.junit.runners.model.FrameworkMethod$1.runReflectiveCall(FrameworkMethod.java:59) ~[junit-4.13.2.jar:4.13.2]
	at org.junit.internal.runners.model.ReflectiveCallable.run(ReflectiveCallable.java:12) ~[junit-4.13.2.jar:4.13.2]
	at org.junit.runners.model.FrameworkMethod.invokeExplosively(FrameworkMethod.java:56) ~[junit-4.13.2.jar:4.13.2]
	at org.junit.internal.runners.statements.InvokeMethod.evaluate(InvokeMethod.java:17) ~[junit-4.13.2.jar:4.13.2]
	at org.junit.internal.runners.statements.RunBefores.evaluate(RunBefores.java:26) ~[junit-4.13.2.jar:4.13.2]
	at org.junit.runners.ParentRunner$3.evaluate(ParentRunner.java:306) ~[junit-4.13.2.jar:4.13.2]
	at org.junit.runners.BlockJUnit4ClassRunner$1.evaluate(BlockJUnit4ClassRunner.java:100) ~[junit-4.13.2.jar:4.13.2]
	at org.junit.runners.ParentRunner.runLeaf(ParentRunner.java:366) ~[junit-4.13.2.jar:4.13.2]
	at org.junit.runners.BlockJUnit4ClassRunner.runChild(BlockJUnit4ClassRunner.java:103) ~[junit-4.13.2.jar:4.13.2]
	at org.junit.runners.BlockJUnit4ClassRunner.runChild(BlockJUnit4ClassRunner.java:63) ~[junit-4.13.2.jar:4.13.2]
	at org.junit.runners.ParentRunner$4.run(ParentRunner.java:331) ~[junit-4.13.2.jar:4.13.2]
	at org.junit.runners.ParentRunner$1.schedule(ParentRunner.java:79) ~[junit-4.13.2.jar:4.13.2]
	at org.junit.runners.ParentRunner.runChildren(ParentRunner.java:329) ~[junit-4.13.2.jar:4.13.2]
	at org.junit.runners.ParentRunner.access$100(ParentRunner.java:66) ~[junit-4.13.2.jar:4.13.2]
	at org.junit.runners.ParentRunner$2.evaluate(ParentRunner.java:293) ~[junit-4.13.2.jar:4.13.2]
	at org.junit.runners.ParentRunner$3.evaluate(ParentRunner.java:306) ~[junit-4.13.2.jar:4.13.2]
	at org.junit.runners.ParentRunner.run(ParentRunner.java:413) ~[junit-4.13.2.jar:4.13.2]
	at org.junit.runner.JUnitCore.run(JUnitCore.java:137) ~[junit-4.13.2.jar:4.13.2]
	at com.intellij.junit4.JUnit4IdeaTestRunner.startRunnerWithArgs(JUnit4IdeaTestRunner.java:69) ~[junit-rt.jar:?]
	at com.intellij.rt.junit.IdeaTestRunner$Repeater$1.execute(IdeaTestRunner.java:38) ~[junit-rt.jar:?]
	at com.intellij.rt.execution.junit.TestsRepeater.repeat(TestsRepeater.java:11) ~[idea_rt.jar:?]
	at com.intellij.rt.junit.IdeaTestRunner$Repeater.startRunnerWithArgs(IdeaTestRunner.java:35) ~[junit-rt.jar:?]
	at com.intellij.rt.junit.JUnitStarter.prepareStreamsAndStart(JUnitStarter.java:232) ~[junit-rt.jar:?]
	at com.intellij.rt.junit.JUnitStarter.main(JUnitStarter.java:55) ~[junit-rt.jar:?]
[DEBUG] 2026-03-13 17:28:02.927 [main] UserServiceImpl - Start creating an user: {'id' : 0, 'name' : 'Vala', 'email' : 'test1@example.com'}
[DEBUG] 2026-03-13 17:28:02.931 [main] UserServiceImpl - Wrong credentials.
[WARN ] 2026-03-13 17:28:02.931 [main] UserServiceImpl - Cannot create user: {'id' : 0, 'name' : 'Vala', 'email' : 'test1@example.com'}
ua.epam.mishchenko.ticketbooking.exception.DbException: User already exists with email: test1@example.com
	at ua.epam.mishchenko.ticketbooking.service.impl.UserServiceImpl.createUser(UserServiceImpl.java:110) ~[classes/:?]
	at tests.UserServiceImplTest.createUserShouldReturnNullWhenEmailExists(UserServiceImplTest.java:54) ~[test-classes/:?]
	at jdk.internal.reflect.DirectMethodHandleAccessor.invoke(DirectMethodHandleAccessor.java:103) ~[?:?]
	at java.lang.reflect.Method.invoke(Method.java:580) ~[?:?]
	at org.junit.runners.model.FrameworkMethod$1.runReflectiveCall(FrameworkMethod.java:59) ~[junit-4.13.2.jar:4.13.2]
	at org.junit.internal.runners.model.ReflectiveCallable.run(ReflectiveCallable.java:12) ~[junit-4.13.2.jar:4.13.2]
	at org.junit.runners.model.FrameworkMethod.invokeExplosively(FrameworkMethod.java:56) ~[junit-4.13.2.jar:4.13.2]
	at org.junit.internal.runners.statements.InvokeMethod.evaluate(InvokeMethod.java:17) ~[junit-4.13.2.jar:4.13.2]
	at org.junit.internal.runners.statements.RunBefores.evaluate(RunBefores.java:26) ~[junit-4.13.2.jar:4.13.2]
	at org.junit.runners.ParentRunner$3.evaluate(ParentRunner.java:306) ~[junit-4.13.2.jar:4.13.2]
	at org.junit.runners.BlockJUnit4ClassRunner$1.evaluate(BlockJUnit4ClassRunner.java:100) ~[junit-4.13.2.jar:4.13.2]
	at org.junit.runners.ParentRunner.runLeaf(ParentRunner.java:366) ~[junit-4.13.2.jar:4.13.2]
	at org.junit.runners.BlockJUnit4ClassRunner.runChild(BlockJUnit4ClassRunner.java:103) ~[junit-4.13.2.jar:4.13.2]
	at org.junit.runners.BlockJUnit4ClassRunner.runChild(BlockJUnit4ClassRunner.java:63) ~[junit-4.13.2.jar:4.13.2]
	at org.junit.runners.ParentRunner$4.run(ParentRunner.java:331) ~[junit-4.13.2.jar:4.13.2]
	at org.junit.runners.ParentRunner$1.schedule(ParentRunner.java:79) ~[junit-4.13.2.jar:4.13.2]
	at org.junit.runners.ParentRunner.runChildren(ParentRunner.java:329) ~[junit-4.13.2.jar:4.13.2]
	at org.junit.runners.ParentRunner.access$100(ParentRunner.java:66) ~[junit-4.13.2.jar:4.13.2]
	at org.junit.runners.ParentRunner$2.evaluate(ParentRunner.java:293) ~[junit-4.13.2.jar:4.13.2]
	at org.junit.runners.ParentRunner$3.evaluate(ParentRunner.java:306) ~[junit-4.13.2.jar:4.13.2]
	at org.junit.runners.ParentRunner.run(ParentRunner.java:413) ~[junit-4.13.2.jar:4.13.2]
	at org.junit.runner.JUnitCore.run(JUnitCore.java:137) ~[junit-4.13.2.jar:4.13.2]
	at com.intellij.junit4.JUnit4IdeaTestRunner.startRunnerWithArgs(JUnit4IdeaTestRunner.java:69) ~[junit-rt.jar:?]
	at com.intellij.rt.junit.IdeaTestRunner$Repeater$1.execute(IdeaTestRunner.java:38) ~[junit-rt.jar:?]
	at com.intellij.rt.execution.junit.TestsRepeater.repeat(TestsRepeater.java:11) ~[idea_rt.jar:?]
	at com.intellij.rt.junit.IdeaTestRunner$Repeater.startRunnerWithArgs(IdeaTestRunner.java:35) ~[junit-rt.jar:?]
	at com.intellij.rt.junit.JUnitStarter.prepareStreamsAndStart(JUnitStarter.java:232) ~[junit-rt.jar:?]
	at com.intellij.rt.junit.JUnitStarter.main(JUnitStarter.java:55) ~[junit-rt.jar:?]
[DEBUG] 2026-03-13 17:28:36.883 [main] UserServiceImpl - Start creating an user: {'id' : 0, 'name' : 'Vala', 'email' : 'test5@example.com'}
[DEBUG] 2026-03-13 17:28:36.887 [main] UserServiceImpl - Successfully creation of the user: null
[DEBUG] 2026-03-13 17:30:22.557 [main] UserServiceImpl - Finding a user by email: alice@example.com
[DEBUG] 2026-03-13 17:30:22.560 [main] UserServiceImpl - The user with email alice@example.com successfully found 
[DEBUG] 2026-03-13 17:30:36.373 [main] UserServiceImpl - Finding all users by name Alice with page size 10 and number of page 1
[WARN ] 2026-03-13 17:30:36.377 [main] UserServiceImpl - Can not to find a list of users by name 'Alice'
ua.epam.mishchenko.ticketbooking.exception.DbException: DB error
	at ua.epam.mishchenko.ticketbooking.service.impl.UserServiceImpl.getUsersByName(UserServiceImpl.java:88) ~[classes/:?]
	at tests.UserServiceImplTest.lambda$getUsersByNameShouldReturnNullWhenDaoThrows$5(UserServiceImplTest.java:190) ~[test-classes/:?]
	at org.junit.Assert.assertThrows(Assert.java:1001) ~[junit-4.13.2.jar:4.13.2]
	at org.junit.Assert.assertThrows(Assert.java:981) ~[junit-4.13.2.jar:4.13.2]
	at tests.UserServiceImplTest.getUsersByNameShouldReturnNullWhenDaoThrows(UserServiceImplTest.java:189) ~[test-classes/:?]
	at jdk.internal.reflect.DirectMethodHandleAccessor.invoke(DirectMethodHandleAccessor.java:103) ~[?:?]
	at java.lang.reflect.Method.invoke(Method.java:580) ~[?:?]
	at org.junit.runners.model.FrameworkMethod$1.runReflectiveCall(FrameworkMethod.java:59) ~[junit-4.13.2.jar:4.13.2]
	at org.junit.internal.runners.model.ReflectiveCallable.run(ReflectiveCallable.java:12) ~[junit-4.13.2.jar:4.13.2]
	at org.junit.runners.model.FrameworkMethod.invokeExplosively(FrameworkMethod.java:56) ~[junit-4.13.2.jar:4.13.2]
	at org.junit.internal.runners.statements.InvokeMethod.evaluate(InvokeMethod.java:17) ~[junit-4.13.2.jar:4.13.2]
	at org.junit.internal.runners.statements.RunBefores.evaluate(RunBefores.java:26) ~[junit-4.13.2.jar:4.13.2]
	at org.junit.runners.ParentRunner$3.evaluate(ParentRunner.java:306) ~[junit-4.13.2.jar:4.13.2]
	at org.junit.runners.BlockJUnit4ClassRunner$1.evaluate(BlockJUnit4ClassRunner.java:100) ~[junit-4.13.2.jar:4.13.2]
	at org.junit.runners.ParentRunner.runLeaf(ParentRunner.java:366) ~[junit-4.13.2.jar:4.13.2]
	at org.junit.runners.BlockJUnit4ClassRunner.runChild(BlockJUnit4ClassRunner.java:103) ~[junit-4.13.2.jar:4.13.2]
	at org.junit.runners.BlockJUnit4ClassRunner.runChild(BlockJUnit4ClassRunner.java:63) ~[junit-4.13.2.jar:4.13.2]
	at org.junit.runners.ParentRunner$4.run(ParentRunner.java:331) ~[junit-4.13.2.jar:4.13.2]
	at org.junit.runners.ParentRunner$1.schedule(ParentRunner.java:79) ~[junit-4.13.2.jar:4.13.2]
	at org.junit.runners.ParentRunner.runChildren(ParentRunner.java:329) ~[junit-4.13.2.jar:4.13.2]
	at org.junit.runners.ParentRunner.access$100(ParentRunner.java:66) ~[junit-4.13.2.jar:4.13.2]
	at org.junit.runners.ParentRunner$2.evaluate(ParentRunner.java:293) ~[junit-4.13.2.jar:4.13.2]
	at org.junit.runners.ParentRunner$3.evaluate(ParentRunner.java:306) ~[junit-4.13.2.jar:4.13.2]
	at org.junit.runners.ParentRunner.run(ParentRunner.java:413) ~[junit-4.13.2.jar:4.13.2]
	at org.junit.runner.JUnitCore.run(JUnitCore.java:137) ~[junit-4.13.2.jar:4.13.2]
	at com.intellij.junit4.JUnit4IdeaTestRunner.startRunnerWithArgs(JUnit4IdeaTestRunner.java:69) ~[junit-rt.jar:?]
	at com.intellij.rt.junit.IdeaTestRunner$Repeater$1.execute(IdeaTestRunner.java:38) ~[junit-rt.jar:?]
	at com.intellij.rt.execution.junit.TestsRepeater.repeat(TestsRepeater.java:11) ~[idea_rt.jar:?]
	at com.intellij.rt.junit.IdeaTestRunner$Repeater.startRunnerWithArgs(IdeaTestRunner.java:35) ~[junit-rt.jar:?]
	at com.intellij.rt.junit.JUnitStarter.prepareStreamsAndStart(JUnitStarter.java:232) ~[junit-rt.jar:?]
	at com.intellij.rt.junit.JUnitStarter.main(JUnitStarter.java:55) ~[junit-rt.jar:?]
[DEBUG] 2026-03-13 17:30:36.389 [main] UserServiceImpl - Start updating an user: {'id' : 1, 'name' : 'Alice', 'email' : 'alice@example.com'}
[DEBUG] 2026-03-13 17:30:36.390 [main] UserServiceImpl - Successfully updating of the user: {'id' : 1, 'name' : 'Alice', 'email' : 'alice@example.com'}
[DEBUG] 2026-03-13 17:30:36.394 [main] UserServiceImpl - Finding a user by email: alice@example.com
[DEBUG] 2026-03-13 17:30:36.395 [main] UserServiceImpl - The user with email alice@example.com successfully found 
[DEBUG] 2026-03-13 17:30:36.396 [main] UserServiceImpl - Retrieving all users
[DEBUG] 2026-03-13 17:30:36.396 [main] UserServiceImpl - Successfully retrieved 2 users
[DEBUG] 2026-03-13 17:30:36.397 [main] UserServiceImpl - Start updating an user: {'id' : 1, 'name' : 'Alice', 'email' : 'alice@example.com'}
[WARN ] 2026-03-13 17:30:36.397 [main] UserServiceImpl - Can not to update an user: {'id' : 1, 'name' : 'Alice', 'email' : 'alice@example.com'}
ua.epam.mishchenko.ticketbooking.exception.DbException: null
[DEBUG] 2026-03-13 17:30:36.398 [main] UserServiceImpl - Start creating an user: {'id' : 0, 'name' : 'Vala', 'email' : 'test@example.com'}
[DEBUG] 2026-03-13 17:30:36.398 [main] UserServiceImpl - Successfully creation of the user: {'id' : 0, 'name' : 'Vala', 'email' : 'test@example.com'}
[DEBUG] 2026-03-13 17:30:36.399 [main] UserServiceImpl - Start creating an user: {'id' : 0, 'name' : 'Vala', 'email' : 'test5@example.com'}
[DEBUG] 2026-03-13 17:30:36.400 [main] UserServiceImpl - Successfully creation of the user: null
[DEBUG] 2026-03-13 17:30:36.401 [main] UserServiceImpl - Finding a user by id: 1
[WARN ] 2026-03-13 17:30:36.402 [main] UserServiceImpl - Can not to get an user by id: 1
[DEBUG] 2026-03-13 17:30:36.403 [main] UserServiceImpl - Start deleting an user with id: 1
[DEBUG] 2026-03-13 17:30:36.403 [main] UserServiceImpl - Successfully deletion of the user with id: 1
[DEBUG] 2026-03-13 17:30:36.404 [main] UserServiceImpl - Finding a user by id: 1
[DEBUG] 2026-03-13 17:30:36.405 [main] UserServiceImpl - The user with id 1 successfully found 
[DEBUG] 2026-03-13 17:30:36.405 [main] UserServiceImpl - Finding all users by name Alice with page size 10 and number of page 1
[DEBUG] 2026-03-13 17:30:36.406 [main] UserServiceImpl - All users successfully found by name Alice with page size 10 and number of page 1
[DEBUG] 2026-03-13 17:30:36.407 [main] UserServiceImpl - Finding a user by email: alice@example.com
[DEBUG] 2026-03-13 17:30:36.407 [main] UserServiceImpl - The user with email alice@example.com successfully found 
[DEBUG] 2026-03-13 17:30:36.408 [main] UserServiceImpl - Start deleting an user with id: 1
[DEBUG] 2026-03-13 17:30:36.409 [main] UserServiceImpl - Successfully deletion of the user with id: 1
[DEBUG] 2026-03-13 17:31:12.138 [main] UserAccountServiceImpl - Start creating a user account with userId: 1
[DEBUG] 2026-03-13 17:36:39.625 [main] UserServiceImpl - Start creating an user: {'id' : 0, 'name' : 'UserA', 'email' : 'userAEmail@gmail.com'}
[DEBUG] 2026-03-13 17:36:39.718 [main] UserServiceImpl - Wrong credentials.
[WARN ] 2026-03-13 17:36:39.718 [main] UserServiceImpl - Cannot create user: {'id' : 0, 'name' : 'UserA', 'email' : 'userAEmail@gmail.com'}
ua.epam.mishchenko.ticketbooking.exception.DbException: User already exists with email: userAEmail@gmail.com
	at ua.epam.mishchenko.ticketbooking.service.impl.UserServiceImpl.createUser(UserServiceImpl.java:110) ~[classes/:?]
	at jdk.internal.reflect.DirectMethodHandleAccessor.invoke(DirectMethodHandleAccessor.java:103) ~[?:?]
	at java.lang.reflect.Method.invoke(Method.java:580) ~[?:?]
	at org.springframework.aop.support.AopUtils.invokeJoinpointUsingReflection(AopUtils.java:344) ~[spring-aop-5.3.20.jar:5.3.20]
	at org.springframework.aop.framework.ReflectiveMethodInvocation.invokeJoinpoint(ReflectiveMethodInvocation.java:198) ~[spring-aop-5.3.20.jar:5.3.20]
	at org.springframework.aop.framework.ReflectiveMethodInvocation.proceed(ReflectiveMethodInvocation.java:163) ~[spring-aop-5.3.20.jar:5.3.20]
	at org.springframework.transaction.interceptor.TransactionInterceptor$1.proceedWithInvocation(TransactionInterceptor.java:123) ~[spring-tx-5.3.29.jar:5.3.29]
	at org.springframework.transaction.interceptor.TransactionAspectSupport.invokeWithinTransaction(TransactionAspectSupport.java:388) ~[spring-tx-5.3.29.jar:5.3.29]
	at org.springframework.transaction.interceptor.TransactionInterceptor.invoke(TransactionInterceptor.java:119) ~[spring-tx-5.3.29.jar:5.3.29]
	at org.springframework.aop.framework.ReflectiveMethodInvocation.proceed(ReflectiveMethodInvocation.java:186) ~[spring-aop-5.3.20.jar:5.3.20]
	at org.springframework.aop.framework.JdkDynamicAopProxy.invoke(JdkDynamicAopProxy.java:215) ~[spring-aop-5.3.20.jar:5.3.20]
	at jdk.proxy2.$Proxy75.createUser(Unknown Source) ~[?:?]
	at ua.epam.mishchenko.ticketbooking.MainApplication.createUser(MainApplication.java:205) ~[classes/:?]
	at ua.epam.mishchenko.ticketbooking.MainApplication.main(MainApplication.java:403) ~[classes/:?]
[DEBUG] 2026-03-13 17:37:32.494 [main] UserServiceImpl - Start creating an user: {'id' : 0, 'name' : 'UserA', 'email' : 'userBEmail@gmail.com'}
[DEBUG] 2026-03-13 17:37:32.587 [main] UserServiceImpl - Successfully creation of the user: {'id' : 54, 'name' : 'UserA', 'email' : 'userBEmail@gmail.com'}
[DEBUG] 2026-03-13 17:37:32.593 [main] UserAccountServiceImpl - Start creating a user account with userId: 54
[DEBUG] 2026-03-13 17:37:32.593 [main] UserDAOImpl - Start retrieving  user by id: 54
[DEBUG] 2026-03-13 17:37:32.640 [main] UserAccountServiceImpl - Successfully creating userAccount for userId: 54
[DEBUG] 2026-03-13 17:37:49.487 [main] UserAccountServiceImpl - Start creating a user account with userId: 1
[DEBUG] 2026-03-13 17:37:49.491 [main] UserAccountServiceImpl - Successfully creating userAccount for userId: 1
[DEBUG] 2026-03-13 17:43:40.153 [main] UserAccountServiceImpl - Start creating a user account with userId: 1
[WARN ] 2026-03-13 17:43:40.155 [main] UserAccountServiceImpl - User with id 1 not found
[DEBUG] 2026-03-13 17:45:28.100 [main] UserAccountServiceImpl - Start adding funds: 50.0 to userId: 1
[DEBUG] 2026-03-13 17:45:28.103 [main] UserAccountServiceImpl - Successfully added 50.0 to userId: 1. New balance: 150.0
[DEBUG] 2026-03-13 17:46:28.032 [main] UserAccountServiceImpl - Start adding funds: 50.0 to userId: 1
[WARN ] 2026-03-13 17:46:28.035 [main] UserAccountServiceImpl - User account not found for userId: 1
[DEBUG] 2026-03-13 17:47:12.461 [main] UserAccountServiceImpl - Start adding funds: 50.0 to userId: 1
[ERROR] 2026-03-13 17:47:12.466 [main] UserAccountServiceImpl - Cannot add funds to userId: 1
java.lang.RuntimeException: DB error
	at ua.epam.mishchenko.ticketbooking.service.impl.UserAccountServiceImpl.addFunds(UserAccountServiceImpl.java:95) ~[classes/:?]
	at tests.UserAccountServiceTest.lambda$addFundsShouldThrowWhenRepositoryFails$3(UserAccountServiceTest.java:164) ~[test-classes/:?]
	at org.junit.Assert.assertThrows(Assert.java:1001) ~[junit-4.13.2.jar:4.13.2]
	at org.junit.Assert.assertThrows(Assert.java:981) ~[junit-4.13.2.jar:4.13.2]
	at tests.UserAccountServiceTest.addFundsShouldThrowWhenRepositoryFails(UserAccountServiceTest.java:163) ~[test-classes/:?]
	at jdk.internal.reflect.DirectMethodHandleAccessor.invoke(DirectMethodHandleAccessor.java:103) ~[?:?]
	at java.lang.reflect.Method.invoke(Method.java:580) ~[?:?]
	at org.junit.runners.model.FrameworkMethod$1.runReflectiveCall(FrameworkMethod.java:59) ~[junit-4.13.2.jar:4.13.2]
	at org.junit.internal.runners.model.ReflectiveCallable.run(ReflectiveCallable.java:12) ~[junit-4.13.2.jar:4.13.2]
	at org.junit.runners.model.FrameworkMethod.invokeExplosively(FrameworkMethod.java:56) ~[junit-4.13.2.jar:4.13.2]
	at org.junit.internal.runners.statements.InvokeMethod.evaluate(InvokeMethod.java:17) ~[junit-4.13.2.jar:4.13.2]
	at org.junit.internal.runners.statements.RunBefores.evaluate(RunBefores.java:26) ~[junit-4.13.2.jar:4.13.2]
	at org.junit.runners.ParentRunner$3.evaluate(ParentRunner.java:306) ~[junit-4.13.2.jar:4.13.2]
	at org.junit.runners.BlockJUnit4ClassRunner$1.evaluate(BlockJUnit4ClassRunner.java:100) ~[junit-4.13.2.jar:4.13.2]
	at org.junit.runners.ParentRunner.runLeaf(ParentRunner.java:366) ~[junit-4.13.2.jar:4.13.2]
	at org.junit.runners.BlockJUnit4ClassRunner.runChild(BlockJUnit4ClassRunner.java:103) ~[junit-4.13.2.jar:4.13.2]
	at org.junit.runners.BlockJUnit4ClassRunner.runChild(BlockJUnit4ClassRunner.java:63) ~[junit-4.13.2.jar:4.13.2]
	at org.junit.runners.ParentRunner$4.run(ParentRunner.java:331) ~[junit-4.13.2.jar:4.13.2]
	at org.junit.runners.ParentRunner$1.schedule(ParentRunner.java:79) ~[junit-4.13.2.jar:4.13.2]
	at org.junit.runners.ParentRunner.runChildren(ParentRunner.java:329) ~[junit-4.13.2.jar:4.13.2]
	at org.junit.runners.ParentRunner.access$100(ParentRunner.java:66) ~[junit-4.13.2.jar:4.13.2]
	at org.junit.runners.ParentRunner$2.evaluate(ParentRunner.java:293) ~[junit-4.13.2.jar:4.13.2]
	at org.junit.runners.ParentRunner$3.evaluate(ParentRunner.java:306) ~[junit-4.13.2.jar:4.13.2]
	at org.junit.runners.ParentRunner.run(ParentRunner.java:413) ~[junit-4.13.2.jar:4.13.2]
	at org.junit.runner.JUnitCore.run(JUnitCore.java:137) ~[junit-4.13.2.jar:4.13.2]
	at com.intellij.junit4.JUnit4IdeaTestRunner.startRunnerWithArgs(JUnit4IdeaTestRunner.java:69) ~[junit-rt.jar:?]
	at com.intellij.rt.junit.IdeaTestRunner$Repeater$1.execute(IdeaTestRunner.java:38) ~[junit-rt.jar:?]
	at com.intellij.rt.execution.junit.TestsRepeater.repeat(TestsRepeater.java:11) ~[idea_rt.jar:?]
	at com.intellij.rt.junit.IdeaTestRunner$Repeater.startRunnerWithArgs(IdeaTestRunner.java:35) ~[junit-rt.jar:?]
	at com.intellij.rt.junit.JUnitStarter.prepareStreamsAndStart(JUnitStarter.java:232) ~[junit-rt.jar:?]
	at com.intellij.rt.junit.JUnitStarter.main(JUnitStarter.java:55) ~[junit-rt.jar:?]
[DEBUG] 2026-03-13 17:49:12.711 [main] UserAccountServiceImpl - Start getting a user account with userId: 1
[DEBUG] 2026-03-13 17:49:12.716 [main] UserAccountServiceImpl - Successfully getting userAccount for userId: 1
[DEBUG] 2026-03-13 17:49:49.864 [main] UserAccountServiceImpl - Start getting a user account with userId: 1
[WARN ] 2026-03-13 17:49:49.867 [main] UserAccountServiceImpl - User account not found for userId 1
[DEBUG] 2026-03-13 17:56:09.300 [main] UserAccountServiceImpl - Start updating user account with userId: 1
[DEBUG] 2026-03-13 17:56:09.303 [main] UserAccountServiceImpl - Successfully updated userAccount for userId: 1
[DEBUG] 2026-03-13 17:56:19.369 [main] UserAccountServiceImpl - Start updating user account with userId: 1
[WARN ] 2026-03-13 17:56:19.371 [main] UserAccountServiceImpl - User account to update not found for userId 1
[WARN ] 2026-03-13 17:56:19.373 [main] UserAccountServiceImpl - Cannot update user account for userId 1
ua.epam.mishchenko.ticketbooking.exception.DbException: User account to update not found for userId: 1
	at ua.epam.mishchenko.ticketbooking.service.impl.UserAccountServiceImpl.lambda$updateUserAccount$2(UserAccountServiceImpl.java:135) ~[classes/:?]
	at java.util.Optional.orElseThrow(Optional.java:403) ~[?:?]
	at ua.epam.mishchenko.ticketbooking.service.impl.UserAccountServiceImpl.updateUserAccount(UserAccountServiceImpl.java:132) ~[classes/:?]
	at tests.UserAccountServiceTest.lambda$updateUserAccountShouldThrowWhenAccountNotFound$7(UserAccountServiceTest.java:253) ~[test-classes/:?]
	at org.junit.Assert.assertThrows(Assert.java:1001) ~[junit-4.13.2.jar:4.13.2]
	at org.junit.Assert.assertThrows(Assert.java:981) ~[junit-4.13.2.jar:4.13.2]
	at tests.UserAccountServiceTest.updateUserAccountShouldThrowWhenAccountNotFound(UserAccountServiceTest.java:252) ~[test-classes/:?]
	at jdk.internal.reflect.DirectMethodHandleAccessor.invoke(DirectMethodHandleAccessor.java:103) ~[?:?]
	at java.lang.reflect.Method.invoke(Method.java:580) ~[?:?]
	at org.junit.runners.model.FrameworkMethod$1.runReflectiveCall(FrameworkMethod.java:59) ~[junit-4.13.2.jar:4.13.2]
	at org.junit.internal.runners.model.ReflectiveCallable.run(ReflectiveCallable.java:12) ~[junit-4.13.2.jar:4.13.2]
	at org.junit.runners.model.FrameworkMethod.invokeExplosively(FrameworkMethod.java:56) ~[junit-4.13.2.jar:4.13.2]
	at org.junit.internal.runners.statements.InvokeMethod.evaluate(InvokeMethod.java:17) ~[junit-4.13.2.jar:4.13.2]
	at org.junit.internal.runners.statements.RunBefores.evaluate(RunBefores.java:26) ~[junit-4.13.2.jar:4.13.2]
	at org.junit.runners.ParentRunner$3.evaluate(ParentRunner.java:306) ~[junit-4.13.2.jar:4.13.2]
	at org.junit.runners.BlockJUnit4ClassRunner$1.evaluate(BlockJUnit4ClassRunner.java:100) ~[junit-4.13.2.jar:4.13.2]
	at org.junit.runners.ParentRunner.runLeaf(ParentRunner.java:366) ~[junit-4.13.2.jar:4.13.2]
	at org.junit.runners.BlockJUnit4ClassRunner.runChild(BlockJUnit4ClassRunner.java:103) ~[junit-4.13.2.jar:4.13.2]
	at org.junit.runners.BlockJUnit4ClassRunner.runChild(BlockJUnit4ClassRunner.java:63) ~[junit-4.13.2.jar:4.13.2]
	at org.junit.runners.ParentRunner$4.run(ParentRunner.java:331) ~[junit-4.13.2.jar:4.13.2]
	at org.junit.runners.ParentRunner$1.schedule(ParentRunner.java:79) ~[junit-4.13.2.jar:4.13.2]
	at org.junit.runners.ParentRunner.runChildren(ParentRunner.java:329) ~[junit-4.13.2.jar:4.13.2]
	at org.junit.runners.ParentRunner.access$100(ParentRunner.java:66) ~[junit-4.13.2.jar:4.13.2]
	at org.junit.runners.ParentRunner$2.evaluate(ParentRunner.java:293) ~[junit-4.13.2.jar:4.13.2]
	at org.junit.runners.ParentRunner$3.evaluate(ParentRunner.java:306) ~[junit-4.13.2.jar:4.13.2]
	at org.junit.runners.ParentRunner.run(ParentRunner.java:413) ~[junit-4.13.2.jar:4.13.2]
	at org.junit.runner.JUnitCore.run(JUnitCore.java:137) ~[junit-4.13.2.jar:4.13.2]
	at com.intellij.junit4.JUnit4IdeaTestRunner.startRunnerWithArgs(JUnit4IdeaTestRunner.java:69) ~[junit-rt.jar:?]
	at com.intellij.rt.junit.IdeaTestRunner$Repeater$1.execute(IdeaTestRunner.java:38) ~[junit-rt.jar:?]
	at com.intellij.rt.execution.junit.TestsRepeater.repeat(TestsRepeater.java:11) ~[idea_rt.jar:?]
	at com.intellij.rt.junit.IdeaTestRunner$Repeater.startRunnerWithArgs(IdeaTestRunner.java:35) ~[junit-rt.jar:?]
	at com.intellij.rt.junit.JUnitStarter.prepareStreamsAndStart(JUnitStarter.java:232) ~[junit-rt.jar:?]
	at com.intellij.rt.junit.JUnitStarter.main(JUnitStarter.java:55) ~[junit-rt.jar:?]
[DEBUG] 2026-03-13 18:04:07.544 [main] UserAccountServiceImpl - Start updating user account with userId: 1
[WARN ] 2026-03-13 18:04:07.548 [main] UserAccountServiceImpl - Cannot update user account for userId 1
java.lang.RuntimeException: DB error
	at ua.epam.mishchenko.ticketbooking.service.impl.UserAccountServiceImpl.updateUserAccount(UserAccountServiceImpl.java:139) ~[classes/:?]
	at tests.UserAccountServiceTest.lambda$updateUserAccountShouldThrowWhenSaveFails$8(UserAccountServiceTest.java:268) ~[test-classes/:?]
	at org.junit.Assert.assertThrows(Assert.java:1001) ~[junit-4.13.2.jar:4.13.2]
	at org.junit.Assert.assertThrows(Assert.java:981) ~[junit-4.13.2.jar:4.13.2]
	at tests.UserAccountServiceTest.updateUserAccountShouldThrowWhenSaveFails(UserAccountServiceTest.java:267) ~[test-classes/:?]
	at jdk.internal.reflect.DirectMethodHandleAccessor.invoke(DirectMethodHandleAccessor.java:103) ~[?:?]
	at java.lang.reflect.Method.invoke(Method.java:580) ~[?:?]
	at org.junit.runners.model.FrameworkMethod$1.runReflectiveCall(FrameworkMethod.java:59) ~[junit-4.13.2.jar:4.13.2]
	at org.junit.internal.runners.model.ReflectiveCallable.run(ReflectiveCallable.java:12) ~[junit-4.13.2.jar:4.13.2]
	at org.junit.runners.model.FrameworkMethod.invokeExplosively(FrameworkMethod.java:56) ~[junit-4.13.2.jar:4.13.2]
	at org.junit.internal.runners.statements.InvokeMethod.evaluate(InvokeMethod.java:17) ~[junit-4.13.2.jar:4.13.2]
	at org.junit.internal.runners.statements.RunBefores.evaluate(RunBefores.java:26) ~[junit-4.13.2.jar:4.13.2]
	at org.junit.runners.ParentRunner$3.evaluate(ParentRunner.java:306) ~[junit-4.13.2.jar:4.13.2]
	at org.junit.runners.BlockJUnit4ClassRunner$1.evaluate(BlockJUnit4ClassRunner.java:100) ~[junit-4.13.2.jar:4.13.2]
	at org.junit.runners.ParentRunner.runLeaf(ParentRunner.java:366) ~[junit-4.13.2.jar:4.13.2]
	at org.junit.runners.BlockJUnit4ClassRunner.runChild(BlockJUnit4ClassRunner.java:103) ~[junit-4.13.2.jar:4.13.2]
	at org.junit.runners.BlockJUnit4ClassRunner.runChild(BlockJUnit4ClassRunner.java:63) ~[junit-4.13.2.jar:4.13.2]
	at org.junit.runners.ParentRunner$4.run(ParentRunner.java:331) ~[junit-4.13.2.jar:4.13.2]
	at org.junit.runners.ParentRunner$1.schedule(ParentRunner.java:79) ~[junit-4.13.2.jar:4.13.2]
	at org.junit.runners.ParentRunner.runChildren(ParentRunner.java:329) ~[junit-4.13.2.jar:4.13.2]
	at org.junit.runners.ParentRunner.access$100(ParentRunner.java:66) ~[junit-4.13.2.jar:4.13.2]
	at org.junit.runners.ParentRunner$2.evaluate(ParentRunner.java:293) ~[junit-4.13.2.jar:4.13.2]
	at org.junit.runners.ParentRunner$3.evaluate(ParentRunner.java:306) ~[junit-4.13.2.jar:4.13.2]
	at org.junit.runners.ParentRunner.run(ParentRunner.java:413) ~[junit-4.13.2.jar:4.13.2]
	at org.junit.runner.JUnitCore.run(JUnitCore.java:137) ~[junit-4.13.2.jar:4.13.2]
	at com.intellij.junit4.JUnit4IdeaTestRunner.startRunnerWithArgs(JUnit4IdeaTestRunner.java:69) ~[junit-rt.jar:?]
	at com.intellij.rt.junit.IdeaTestRunner$Repeater$1.execute(IdeaTestRunner.java:38) ~[junit-rt.jar:?]
	at com.intellij.rt.execution.junit.TestsRepeater.repeat(TestsRepeater.java:11) ~[idea_rt.jar:?]
	at com.intellij.rt.junit.IdeaTestRunner$Repeater.startRunnerWithArgs(IdeaTestRunner.java:35) ~[junit-rt.jar:?]
	at com.intellij.rt.junit.JUnitStarter.prepareStreamsAndStart(JUnitStarter.java:232) ~[junit-rt.jar:?]
	at com.intellij.rt.junit.JUnitStarter.main(JUnitStarter.java:55) ~[junit-rt.jar:?]
[DEBUG] 2026-03-13 18:04:12.583 [main] UserAccountServiceImpl - Start deleting user account for userId 1
[DEBUG] 2026-03-13 18:04:12.587 [main] UserAccountServiceImpl - Successfully deleted user account for userId 1
[DEBUG] 2026-03-13 18:04:23.258 [main] UserAccountServiceImpl - Start deleting user account for userId 1
[DEBUG] 2026-03-13 18:25:33.238 [main] TicketServiceImpl - Start booking a ticket for user with id 1, event with id 100, place 5, category STANDARD
[WARN ] 2026-03-13 18:25:33.242 [main] TicketServiceImpl - Event 100 not found
[WARN ] 2026-03-13 18:25:33.247 [main] TicketServiceImpl - Invalid place provided: 0
[DEBUG] 2026-03-13 18:25:33.251 [main] TicketServiceImpl - Start booking a ticket for user with id 1, event with id 100, place 5, category PREMIUM
[DEBUG] 2026-03-13 18:25:33.258 [main] TicketServiceImpl - Successfully booked ticket: {'id' : 0, 'userId' : 1, 'eventId' : 100, 'place' : 5, 'category' : 'PREMIUM'}
[DEBUG] 2026-03-13 18:25:33.260 [main] TicketServiceImpl - Start booking a ticket for user with id 1, event with id 100, place 5, category STANDARD
[WARN ] 2026-03-13 18:25:33.260 [main] TicketServiceImpl - Insufficient funds for user 1 to book ticket for event 100
[DEBUG] 2026-03-13 18:25:33.262 [main] TicketServiceImpl - Start booking a ticket for user with id 1, event with id 100, place 5, category STANDARD
[WARN ] 2026-03-13 18:25:33.262 [main] TicketServiceImpl - User account 1 not found
[DEBUG] 2026-03-13 18:25:55.886 [main] EventServiceImpl - Finding an event by id: 1
[WARN ] 2026-03-13 18:25:55.890 [main] EventServiceImpl - Event with id 1 not found
[DEBUG] 2026-03-13 18:26:13.580 [main] EventServiceImpl - Finding an event by id: 1
[DEBUG] 2026-03-13 18:26:13.584 [main] EventServiceImpl - Event with id 1 successfully found
[DEBUG] 2026-03-13 18:33:29.949 [main] EventServiceImpl - Finding all events by title 'concert' with page size 2 and number of page 1
[DEBUG] 2026-03-13 18:33:29.955 [main] EventServiceImpl - Found 2 events by title 'concert' on page 1 with page size 2
[DEBUG] 2026-03-13 18:34:36.206 [main] EventServiceImpl - Finding all events by title 'unknown' with page size 5 and number of page 1
[DEBUG] 2026-03-13 18:34:36.210 [main] EventServiceImpl - Found 0 events by title 'unknown' on page 1 with page size 5
[DEBUG] 2026-03-13 18:40:54.972 [main] EventServiceImpl - Start creating an event: EventImpl{id=0, title='Concert', date=null, ticketPrice=0.0}
[DEBUG] 2026-03-13 18:40:54.974 [main] EventServiceImpl - Successfully created the event: EventImpl{id=0, title='Concert', date=null, ticketPrice=0.0}
[DEBUG] 2026-03-13 18:41:08.543 [main] EventServiceImpl - Start creating an event: Mock for Event, hashCode: 2030121719
[DEBUG] 2026-03-13 18:41:27.342 [main] EventServiceImpl - Start creating an event: EventImpl{id=0, title='Concert', date=null, ticketPrice=0.0}
[WARN ] 2026-03-13 18:41:27.345 [main] EventServiceImpl - Cannot create event: EventImpl{id=0, title='Concert', date=null, ticketPrice=0.0}
java.lang.RuntimeException: DB error
	at ua.epam.mishchenko.ticketbooking.service.impl.EventServiceImpl.createEvent(EventServiceImpl.java:106) ~[classes/:?]
	at tests.EventServiceTest.lambda$createEventShouldThrowDbExceptionWhenRepositoryFails$10(EventServiceTest.java:235) ~[test-classes/:?]
	at org.junit.Assert.assertThrows(Assert.java:1001) ~[junit-4.13.2.jar:4.13.2]
	at org.junit.Assert.assertThrows(Assert.java:981) ~[junit-4.13.2.jar:4.13.2]
	at tests.EventServiceTest.createEventShouldThrowDbExceptionWhenRepositoryFails(EventServiceTest.java:234) ~[test-classes/:?]
	at jdk.internal.reflect.DirectMethodHandleAccessor.invoke(DirectMethodHandleAccessor.java:103) ~[?:?]
	at java.lang.reflect.Method.invoke(Method.java:580) ~[?:?]
	at org.junit.runners.model.FrameworkMethod$1.runReflectiveCall(FrameworkMethod.java:59) ~[junit-4.13.2.jar:4.13.2]
	at org.junit.internal.runners.model.ReflectiveCallable.run(ReflectiveCallable.java:12) ~[junit-4.13.2.jar:4.13.2]
	at org.junit.runners.model.FrameworkMethod.invokeExplosively(FrameworkMethod.java:56) ~[junit-4.13.2.jar:4.13.2]
	at org.junit.internal.runners.statements.InvokeMethod.evaluate(InvokeMethod.java:17) ~[junit-4.13.2.jar:4.13.2]
	at org.junit.internal.runners.statements.RunBefores.evaluate(RunBefores.java:26) ~[junit-4.13.2.jar:4.13.2]
	at org.junit.runners.ParentRunner$3.evaluate(ParentRunner.java:306) ~[junit-4.13.2.jar:4.13.2]
	at org.junit.runners.BlockJUnit4ClassRunner$1.evaluate(BlockJUnit4ClassRunner.java:100) ~[junit-4.13.2.jar:4.13.2]
	at org.junit.runners.ParentRunner.runLeaf(ParentRunner.java:366) ~[junit-4.13.2.jar:4.13.2]
	at org.junit.runners.BlockJUnit4ClassRunner.runChild(BlockJUnit4ClassRunner.java:103) ~[junit-4.13.2.jar:4.13.2]
	at org.junit.runners.BlockJUnit4ClassRunner.runChild(BlockJUnit4ClassRunner.java:63) ~[junit-4.13.2.jar:4.13.2]
	at org.junit.runners.ParentRunner$4.run(ParentRunner.java:331) ~[junit-4.13.2.jar:4.13.2]
	at org.junit.runners.ParentRunner$1.schedule(ParentRunner.java:79) ~[junit-4.13.2.jar:4.13.2]
	at org.junit.runners.ParentRunner.runChildren(ParentRunner.java:329) ~[junit-4.13.2.jar:4.13.2]
	at org.junit.runners.ParentRunner.access$100(ParentRunner.java:66) ~[junit-4.13.2.jar:4.13.2]
	at org.junit.runners.ParentRunner$2.evaluate(ParentRunner.java:293) ~[junit-4.13.2.jar:4.13.2]
	at org.junit.runners.ParentRunner$3.evaluate(ParentRunner.java:306) ~[junit-4.13.2.jar:4.13.2]
	at org.junit.runners.ParentRunner.run(ParentRunner.java:413) ~[junit-4.13.2.jar:4.13.2]
	at org.junit.runner.JUnitCore.run(JUnitCore.java:137) ~[junit-4.13.2.jar:4.13.2]
	at com.intellij.junit4.JUnit4IdeaTestRunner.startRunnerWithArgs(JUnit4IdeaTestRunner.java:69) ~[junit-rt.jar:?]
	at com.intellij.rt.junit.IdeaTestRunner$Repeater$1.execute(IdeaTestRunner.java:38) ~[junit-rt.jar:?]
	at com.intellij.rt.execution.junit.TestsRepeater.repeat(TestsRepeater.java:11) ~[idea_rt.jar:?]
	at com.intellij.rt.junit.IdeaTestRunner$Repeater.startRunnerWithArgs(IdeaTestRunner.java:35) ~[junit-rt.jar:?]
	at com.intellij.rt.junit.JUnitStarter.prepareStreamsAndStart(JUnitStarter.java:232) ~[junit-rt.jar:?]
	at com.intellij.rt.junit.JUnitStarter.main(JUnitStarter.java:55) ~[junit-rt.jar:?]
[DEBUG] 2026-03-13 18:45:18.740 [main] EventServiceImpl - Finding all events by title 'concert' with page size 2 and number of page 1
[DEBUG] 2026-03-13 18:45:18.745 [main] EventServiceImpl - Found 2 events by title 'concert' on page 1 with page size 2
[DEBUG] 2026-03-13 18:45:18.769 [main] EventServiceImpl - Start updating an event: Mock for Event, hashCode: 703627308
[DEBUG] 2026-03-13 18:45:18.788 [main] EventServiceImpl - Start creating an event: EventImpl{id=0, title='Concert', date=null, ticketPrice=0.0}
[WARN ] 2026-03-13 18:45:18.789 [main] EventServiceImpl - Cannot create event: EventImpl{id=0, title='Concert', date=null, ticketPrice=0.0}
java.lang.RuntimeException: DB error
	at ua.epam.mishchenko.ticketbooking.service.impl.EventServiceImpl.createEvent(EventServiceImpl.java:106) ~[classes/:?]
	at tests.EventServiceTest.lambda$createEventShouldThrowDbExceptionWhenRepositoryFails$10(EventServiceTest.java:235) ~[test-classes/:?]
	at org.junit.Assert.assertThrows(Assert.java:1001) ~[junit-4.13.2.jar:4.13.2]
	at org.junit.Assert.assertThrows(Assert.java:981) ~[junit-4.13.2.jar:4.13.2]
	at tests.EventServiceTest.createEventShouldThrowDbExceptionWhenRepositoryFails(EventServiceTest.java:234) ~[test-classes/:?]
	at jdk.internal.reflect.DirectMethodHandleAccessor.invoke(DirectMethodHandleAccessor.java:103) ~[?:?]
	at java.lang.reflect.Method.invoke(Method.java:580) ~[?:?]
	at org.junit.runners.model.FrameworkMethod$1.runReflectiveCall(FrameworkMethod.java:59) ~[junit-4.13.2.jar:4.13.2]
	at org.junit.internal.runners.model.ReflectiveCallable.run(ReflectiveCallable.java:12) ~[junit-4.13.2.jar:4.13.2]
	at org.junit.runners.model.FrameworkMethod.invokeExplosively(FrameworkMethod.java:56) ~[junit-4.13.2.jar:4.13.2]
	at org.junit.internal.runners.statements.InvokeMethod.evaluate(InvokeMethod.java:17) ~[junit-4.13.2.jar:4.13.2]
	at org.junit.internal.runners.statements.RunBefores.evaluate(RunBefores.java:26) ~[junit-4.13.2.jar:4.13.2]
	at org.junit.runners.ParentRunner$3.evaluate(ParentRunner.java:306) ~[junit-4.13.2.jar:4.13.2]
	at org.junit.runners.BlockJUnit4ClassRunner$1.evaluate(BlockJUnit4ClassRunner.java:100) ~[junit-4.13.2.jar:4.13.2]
	at org.junit.runners.ParentRunner.runLeaf(ParentRunner.java:366) ~[junit-4.13.2.jar:4.13.2]
	at org.junit.runners.BlockJUnit4ClassRunner.runChild(BlockJUnit4ClassRunner.java:103) ~[junit-4.13.2.jar:4.13.2]
	at org.junit.runners.BlockJUnit4ClassRunner.runChild(BlockJUnit4ClassRunner.java:63) ~[junit-4.13.2.jar:4.13.2]
	at org.junit.runners.ParentRunner$4.run(ParentRunner.java:331) ~[junit-4.13.2.jar:4.13.2]
	at org.junit.runners.ParentRunner$1.schedule(ParentRunner.java:79) ~[junit-4.13.2.jar:4.13.2]
	at org.junit.runners.ParentRunner.runChildren(ParentRunner.java:329) ~[junit-4.13.2.jar:4.13.2]
	at org.junit.runners.ParentRunner.access$100(ParentRunner.java:66) ~[junit-4.13.2.jar:4.13.2]
	at org.junit.runners.ParentRunner$2.evaluate(ParentRunner.java:293) ~[junit-4.13.2.jar:4.13.2]
	at org.junit.runners.ParentRunner$3.evaluate(ParentRunner.java:306) ~[junit-4.13.2.jar:4.13.2]
	at org.junit.runners.ParentRunner.run(ParentRunner.java:413) ~[junit-4.13.2.jar:4.13.2]
	at org.junit.runner.JUnitCore.run(JUnitCore.java:137) ~[junit-4.13.2.jar:4.13.2]
	at com.intellij.junit4.JUnit4IdeaTestRunner.startRunnerWithArgs(JUnit4IdeaTestRunner.java:69) ~[junit-rt.jar:?]
	at com.intellij.rt.junit.IdeaTestRunner$Repeater$1.execute(IdeaTestRunner.java:38) ~[junit-rt.jar:?]
	at com.intellij.rt.execution.junit.TestsRepeater.repeat(TestsRepeater.java:11) ~[idea_rt.jar:?]
	at com.intellij.rt.junit.IdeaTestRunner$Repeater.startRunnerWithArgs(IdeaTestRunner.java:35) ~[junit-rt.jar:?]
	at com.intellij.rt.junit.JUnitStarter.prepareStreamsAndStart(JUnitStarter.java:232) ~[junit-rt.jar:?]
	at com.intellij.rt.junit.JUnitStarter.main(JUnitStarter.java:55) ~[junit-rt.jar:?]
[DEBUG] 2026-03-13 18:45:18.798 [main] EventServiceImpl - Start updating an event: EventImpl{id=0, title='Concert', date=null, ticketPrice=0.0}
[DEBUG] 2026-03-13 18:45:18.798 [main] EventServiceImpl - Successfully updated the event: EventImpl{id=0, title='Concert Updated', date=null, ticketPrice=0.0}
[DEBUG] 2026-03-13 18:45:18.802 [main] EventServiceImpl - Start deleting an event with id: 1
[DEBUG] 2026-03-13 18:45:18.804 [main] EventServiceImpl - Successfully deleted the event with id: 1
[DEBUG] 2026-03-13 18:45:18.809 [main] EventServiceImpl - Start creating an event: EventImpl{id=0, title='Concert', date=null, ticketPrice=0.0}
[DEBUG] 2026-03-13 18:45:18.810 [main] EventServiceImpl - Successfully created the event: EventImpl{id=0, title='Concert', date=null, ticketPrice=0.0}
[DEBUG] 2026-03-13 18:45:18.815 [main] EventServiceImpl - Finding an event by id: 1
[WARN ] 2026-03-13 18:45:18.816 [main] EventServiceImpl - Event with id 1 not found
[DEBUG] 2026-03-13 18:45:18.821 [main] EventServiceImpl - Start creating an event: Mock for Event, hashCode: 106113013
[DEBUG] 2026-03-13 18:45:18.825 [main] EventServiceImpl - Finding an event by id: 1
[DEBUG] 2026-03-13 18:45:18.825 [main] EventServiceImpl - Event with id 1 successfully found
[DEBUG] 2026-03-13 18:45:18.828 [main] EventServiceImpl - Finding all events by title 'unknown' with page size 5 and number of page 1
[DEBUG] 2026-03-13 18:45:18.829 [main] EventServiceImpl - Found 0 events by title 'unknown' on page 1 with page size 5
[DEBUG] 2026-03-13 18:45:18.833 [main] EventServiceImpl - Start deleting an event with id: 2
[WARN ] 2026-03-13 18:45:18.833 [main] EventServiceImpl - Event not found with id: 2
[DEBUG] 2026-03-13 18:45:18.835 [main] EventServiceImpl - Start updating an event: EventImpl{id=0, title='Concert', date=null, ticketPrice=0.0}
[WARN ] 2026-03-13 18:45:18.836 [main] EventServiceImpl - Cannot update event: EventImpl{id=0, title='Concert', date=null, ticketPrice=0.0}
java.lang.RuntimeException: DB error
	at ua.epam.mishchenko.ticketbooking.service.impl.EventServiceImpl.updateEvent(EventServiceImpl.java:126) ~[classes/:?]
	at tests.EventServiceTest.lambda$updateEventShouldThrowDbExceptionWhenRepositoryFails$13(EventServiceTest.java:288) ~[test-classes/:?]
	at org.junit.Assert.assertThrows(Assert.java:1001) ~[junit-4.13.2.jar:4.13.2]
	at org.junit.Assert.assertThrows(Assert.java:981) ~[junit-4.13.2.jar:4.13.2]
	at tests.EventServiceTest.updateEventShouldThrowDbExceptionWhenRepositoryFails(EventServiceTest.java:287) ~[test-classes/:?]
	at jdk.internal.reflect.DirectMethodHandleAccessor.invoke(DirectMethodHandleAccessor.java:103) ~[?:?]
	at java.lang.reflect.Method.invoke(Method.java:580) ~[?:?]
	at org.junit.runners.model.FrameworkMethod$1.runReflectiveCall(FrameworkMethod.java:59) ~[junit-4.13.2.jar:4.13.2]
	at org.junit.internal.runners.model.ReflectiveCallable.run(ReflectiveCallable.java:12) ~[junit-4.13.2.jar:4.13.2]
	at org.junit.runners.model.FrameworkMethod.invokeExplosively(FrameworkMethod.java:56) ~[junit-4.13.2.jar:4.13.2]
	at org.junit.internal.runners.statements.InvokeMethod.evaluate(InvokeMethod.java:17) ~[junit-4.13.2.jar:4.13.2]
	at org.junit.internal.runners.statements.RunBefores.evaluate(RunBefores.java:26) ~[junit-4.13.2.jar:4.13.2]
	at org.junit.runners.ParentRunner$3.evaluate(ParentRunner.java:306) ~[junit-4.13.2.jar:4.13.2]
	at org.junit.runners.BlockJUnit4ClassRunner$1.evaluate(BlockJUnit4ClassRunner.java:100) ~[junit-4.13.2.jar:4.13.2]
	at org.junit.runners.ParentRunner.runLeaf(ParentRunner.java:366) ~[junit-4.13.2.jar:4.13.2]
	at org.junit.runners.BlockJUnit4ClassRunner.runChild(BlockJUnit4ClassRunner.java:103) ~[junit-4.13.2.jar:4.13.2]
	at org.junit.runners.BlockJUnit4ClassRunner.runChild(BlockJUnit4ClassRunner.java:63) ~[junit-4.13.2.jar:4.13.2]
	at org.junit.runners.ParentRunner$4.run(ParentRunner.java:331) ~[junit-4.13.2.jar:4.13.2]
	at org.junit.runners.ParentRunner$1.schedule(ParentRunner.java:79) ~[junit-4.13.2.jar:4.13.2]
	at org.junit.runners.ParentRunner.runChildren(ParentRunner.java:329) ~[junit-4.13.2.jar:4.13.2]
	at org.junit.runners.ParentRunner.access$100(ParentRunner.java:66) ~[junit-4.13.2.jar:4.13.2]
	at org.junit.runners.ParentRunner$2.evaluate(ParentRunner.java:293) ~[junit-4.13.2.jar:4.13.2]
	at org.junit.runners.ParentRunner$3.evaluate(ParentRunner.java:306) ~[junit-4.13.2.jar:4.13.2]
	at org.junit.runners.ParentRunner.run(ParentRunner.java:413) ~[junit-4.13.2.jar:4.13.2]
	at org.junit.runner.JUnitCore.run(JUnitCore.java:137) ~[junit-4.13.2.jar:4.13.2]
	at com.intellij.junit4.JUnit4IdeaTestRunner.startRunnerWithArgs(JUnit4IdeaTestRunner.java:69) ~[junit-rt.jar:?]
	at com.intellij.rt.junit.IdeaTestRunner$Repeater$1.execute(IdeaTestRunner.java:38) ~[junit-rt.jar:?]
	at com.intellij.rt.execution.junit.TestsRepeater.repeat(TestsRepeater.java:11) ~[idea_rt.jar:?]
	at com.intellij.rt.junit.IdeaTestRunner$Repeater.startRunnerWithArgs(IdeaTestRunner.java:35) ~[junit-rt.jar:?]
	at com.intellij.rt.junit.JUnitStarter.prepareStreamsAndStart(JUnitStarter.java:232) ~[junit-rt.jar:?]
	at com.intellij.rt.junit.JUnitStarter.main(JUnitStarter.java:55) ~[junit-rt.jar:?]
