[DEBUG] 2026-03-17 12:19:37.044 [main] UserServiceImpl - Finding a user by id: 1
[DEBUG] 2026-03-17 12:19:37.050 [main] UserDAOImpl - Start retrieving  user by id: 1
[DEBUG] 2026-03-17 12:19:37.100 [main] UserServiceImpl - The user with id 1 successfully found 
[DEBUG] 2026-03-17 12:19:37.108 [main] TicketServiceImpl - Finding all booked tickets by user {'id' : 1, 'name' : 'Alice', 'email' : 'alice@example.com'} with page size 10 and number of page 1
[DEBUG] 2026-03-17 12:19:37.276 [main] TicketServiceImpl - All booked tickets successfully found by user {'id' : 1, 'name' : 'Alice', 'email' : 'alice@example.com'} with page size 10 and number of page 1
[DEBUG] 2026-03-17 12:19:37.285 [main] TicketServiceImpl - Finding all booked tickets by user {'id' : 1, 'name' : 'Alice', 'email' : 'alice@example.com'} with page size 10 and number of page 1
[DEBUG] 2026-03-17 12:19:37.287 [main] TicketServiceImpl - All booked tickets successfully found by user {'id' : 1, 'name' : 'Alice', 'email' : 'alice@example.com'} with page size 10 and number of page 1
[DEBUG] 2026-03-17 12:20:26.859 [main] EventServiceImpl - Finding an event by id: 1
[DEBUG] 2026-03-17 12:20:26.931 [main] EventServiceImpl - Event with id 1 successfully found
[DEBUG] 2026-03-17 12:20:26.940 [main] EventServiceImpl - Finding an event by id: 1
[DEBUG] 2026-03-17 12:20:26.962 [main] EventServiceImpl - Event with id 1 successfully found
[DEBUG] 2026-03-17 12:23:32.318 [main] EventServiceImpl - Finding an event by id: 1
[DEBUG] 2026-03-17 12:23:32.390 [main] EventServiceImpl - Event with id 1 successfully found
[DEBUG] 2026-03-17 12:23:32.398 [main] EventServiceImpl - Finding an event by id: 1
[DEBUG] 2026-03-17 12:23:32.419 [main] EventServiceImpl - Event with id 1 successfully found
[DEBUG] 2026-03-17 12:27:13.162 [main] StrategyCreatorRegionFactoryImpl - RegionFactory impl [org.hibernate.cache.ehcache.internal.EhcacheRegionFactory] did not provide constructor accepting Properties
[DEBUG] 2026-03-17 12:27:13.163 [main] StrategyCreatorRegionFactoryImpl - RegionFactory impl [org.hibernate.cache.ehcache.internal.EhcacheRegionFactory] did not provide constructor accepting Properties
[DEBUG] 2026-03-17 12:27:13.173 [main] RegionFactoryInitiator - Cache region factory : org.hibernate.cache.ehcache.internal.EhcacheRegionFactory
[DEBUG] 2026-03-17 12:27:14.332 [main] DomainDataRegionTemplate - Generating entity cache access [read-write] : NavigableRole[ua.epam.mishchenko.ticketbooking.model.impl.UserAccount]
[DEBUG] 2026-03-17 12:27:14.335 [main] DomainDataRegionTemplate - Generating entity cache access [read-write] : NavigableRole[ua.epam.mishchenko.ticketbooking.model.impl.Event]
[DEBUG] 2026-03-17 12:27:14.335 [main] DomainDataRegionTemplate - Generating entity cache access [read-write] : NavigableRole[ua.epam.mishchenko.ticketbooking.model.impl.Ticket]
[DEBUG] 2026-03-17 12:27:14.335 [main] DomainDataRegionTemplate - Generating entity cache access [read-write] : NavigableRole[ua.epam.mishchenko.ticketbooking.model.impl.User]
[DEBUG] 2026-03-17 12:27:14.998 [main] StatisticsInitiator - Statistics initialized [enabled=true]
[DEBUG] 2026-03-17 12:27:15.439 [main] EventServiceImpl - Finding an event by id: 1
[DEBUG] 2026-03-17 12:27:15.480 [main] AbstractReadWriteAccess - Getting cached data from region [`ua.epam.mishchenko.ticketbooking.model.impl.Event` (AccessType[read-write])] by key [ua.epam.mishchenko.ticketbooking.model.impl.Event#1]
[DEBUG] 2026-03-17 12:27:15.481 [main] AbstractReadWriteAccess - Cache miss : region = `ua.epam.mishchenko.ticketbooking.model.impl.Event`, key = `ua.epam.mishchenko.ticketbooking.model.impl.Event#1`
[DEBUG] 2026-03-17 12:27:15.505 [main] AbstractReadWriteAccess - Caching data from load [region=`ua.epam.mishchenko.ticketbooking.model.impl.Event` (AccessType[read-write])] : key[ua.epam.mishchenko.ticketbooking.model.impl.Event#1] -> value[CacheEntry(ua.epam.mishchenko.ticketbooking.model.impl.Event)]
[DEBUG] 2026-03-17 12:27:15.511 [main] EventServiceImpl - Event with id 1 successfully found
[DEBUG] 2026-03-17 12:27:15.521 [main] EventServiceImpl - Finding an event by id: 1
[DEBUG] 2026-03-17 12:27:15.540 [main] AbstractReadWriteAccess - Getting cached data from region [`ua.epam.mishchenko.ticketbooking.model.impl.Event` (AccessType[read-write])] by key [ua.epam.mishchenko.ticketbooking.model.impl.Event#1]
[DEBUG] 2026-03-17 12:27:15.540 [main] AbstractReadWriteAccess - Checking readability of read-write cache item [timestamp=`7265252292489216`, version=`null`] : txTimestamp=`7265252292767744`
[DEBUG] 2026-03-17 12:27:15.540 [main] AbstractReadWriteAccess - Cache hit : region = `ua.epam.mishchenko.ticketbooking.model.impl.Event`, key = `ua.epam.mishchenko.ticketbooking.model.impl.Event#1`
[DEBUG] 2026-03-17 12:27:15.543 [main] EventServiceImpl - Event with id 1 successfully found
