[DEBUG] 2026-03-10 11:38:13.486 [main] EventServiceImpl - Start updating an event: null
[WARN ] 2026-03-10 11:38:13.495 [main] EventServiceImpl - Can not to update an event: null
ua.epam.mishchenko.ticketbooking.exception.DbException: null
[DEBUG] 2026-03-10 11:38:13.497 [main] EventServiceImpl - Finding an event by id: 10
[WARN ] 2026-03-10 11:38:13.500 [main] EventServiceImpl - Can not to find an event by id: 10
[DEBUG] 2026-03-10 11:38:13.507 [main] EventServiceImpl - Finding an event by id: 3
[DEBUG] 2026-03-10 11:38:13.508 [main] EventServiceImpl - Event with id 3 successfully found 
[DEBUG] 2026-03-10 11:38:13.510 [main] EventServiceImpl - Finding all events for day 2022-05-15T21:00:00.000+0300 with page size 2 and number of page 1
[DEBUG] 2026-03-10 11:38:13.511 [main] EventServiceImpl - All events successfully found for day 2022-05-15T21:00:00.000+0300 with page size 2 and number of page 1
[DEBUG] 2026-03-10 11:38:13.524 [main] EventServiceImpl - Start updating an event: {'id' : 1, 'title' : 'Second event', 'date' : '15-05-2022 21:00'}
[DEBUG] 2026-03-10 11:38:13.524 [main] EventServiceImpl - Successfully updating of the event: {'id' : 1, 'title' : 'Second event', 'date' : '15-05-2022 21:00'}
[DEBUG] 2026-03-10 11:38:13.525 [main] EventServiceImpl - Finding all events by title not exists title with page size 1 and number of page 1
[WARN ] 2026-03-10 11:38:13.525 [main] EventServiceImpl - Can not to find a list of events by title 'not exists title'
ua.epam.mishchenko.ticketbooking.exception.DbException: null
[DEBUG] 2026-03-10 11:38:13.527 [main] EventServiceImpl - Start deleting an event with id: 6
[DEBUG] 2026-03-10 11:38:13.528 [main] EventServiceImpl - Successfully deletion of the event with id: 6
[DEBUG] 2026-03-10 11:38:13.529 [main] EventServiceImpl - Finding all events for day 2000-05-15T21:00:00.000+0300 with page size 1 and number of page 1
[WARN ] 2026-03-10 11:38:13.529 [main] EventServiceImpl - Can not to find a list of events for day 2000-05-15T21:00:00.000+0300
ua.epam.mishchenko.ticketbooking.exception.DbException: null
[DEBUG] 2026-03-10 11:38:13.531 [main] EventServiceImpl - Start deleting an event with id: 10
[WARN ] 2026-03-10 11:38:13.531 [main] EventServiceImpl - Can not to delete an event with id: 10
ua.epam.mishchenko.ticketbooking.exception.DbException: null
[DEBUG] 2026-03-10 11:38:13.533 [main] EventServiceImpl - Finding all events by title Third event with page size 2 and number of page 1
[DEBUG] 2026-03-10 11:38:13.534 [main] EventServiceImpl - All events successfully found by title Third event with page size 2 and number of page 1
[DEBUG] 2026-03-10 11:38:13.599 [main] TicketServiceImpl - Start canceling a ticket with id: 6
[DEBUG] 2026-03-10 11:38:13.599 [main] TicketServiceImpl - Successfully canceling of the ticket with id: 6
[DEBUG] 2026-03-10 11:38:13.603 [main] TicketServiceImpl - Start booking a ticket for user with id 4, event with id event 1, place 10, category BAR
[WARN ] 2026-03-10 11:38:13.606 [main] TicketServiceImpl - Can not to book a ticket for user with id 4, event with id 1, place 10, category BAR
ua.epam.mishchenko.ticketbooking.exception.DbException: null
[DEBUG] 2026-03-10 11:38:13.609 [main] TicketServiceImpl - Finding all booked tickets by user {'id' : 1, 'name' : 'Alan', 'email' : 'alan@gmail.com'} with page size 2 and number of page 1
[DEBUG] 2026-03-10 11:38:13.609 [main] TicketServiceImpl - All booked tickets successfully found by user {'id' : 1, 'name' : 'Alan', 'email' : 'alan@gmail.com'} with page size 2 and number of page 1
[DEBUG] 2026-03-10 11:38:13.610 [main] TicketServiceImpl - Finding all booked tickets by event {'id' : 4, 'title' : 'Fourth event', 'date' : '15-05-2022 21:00'} with page size 2 and number of page 1
[DEBUG] 2026-03-10 11:38:13.610 [main] TicketServiceImpl - All booked tickets successfully found by event {'id' : 4, 'title' : 'Fourth event', 'date' : '15-05-2022 21:00'} with page size 2 and number of page 1
[DEBUG] 2026-03-10 11:38:13.611 [main] TicketServiceImpl - Finding all booked tickets by event null with page size 2 and number of page 1
[WARN ] 2026-03-10 11:38:13.611 [main] TicketServiceImpl - Can not to find a list of booked tickets by event 'null'
ua.epam.mishchenko.ticketbooking.exception.DbException: null
[DEBUG] 2026-03-10 11:38:13.613 [main] TicketServiceImpl - Start booking a ticket for user with id 10, event with id event 10, place 20, category PREMIUM
[DEBUG] 2026-03-10 11:38:13.618 [main] TicketServiceImpl - Successfully booking of the ticket: {'id' : 0, 'userId' : 10, 'eventId' : 10, 'place' : 20, 'category' : 'PREMIUM'}
[DEBUG] 2026-03-10 11:38:13.619 [main] TicketServiceImpl - Start canceling a ticket with id: 10
[WARN ] 2026-03-10 11:38:13.619 [main] TicketServiceImpl - Can not to cancel a ticket with id: 10
ua.epam.mishchenko.ticketbooking.exception.DbException: null
[DEBUG] 2026-03-10 11:38:13.620 [main] TicketServiceImpl - Finding all booked tickets by user null with page size 2 and number of page 1
[WARN ] 2026-03-10 11:38:13.620 [main] TicketServiceImpl - Can not to find a list of booked tickets by user 'null'
ua.epam.mishchenko.ticketbooking.exception.DbException: null
[DEBUG] 2026-03-10 11:38:13.624 [main] UserAccountServiceImpl - Start getting a user account with userId: 3
[DEBUG] 2026-03-10 11:38:13.624 [main] UserAccountServiceImpl - Successfully getting userAccount for userId: 3
[DEBUG] 2026-03-10 11:38:13.625 [main] UserAccountServiceImpl - Start deleting a user account with userId: 6
[DEBUG] 2026-03-10 11:38:13.625 [main] UserAccountServiceImpl - Successfully deleting userAccount for userId: 6
[DEBUG] 2026-03-10 11:38:13.626 [main] UserAccountServiceImpl - Start creating a user account with userId: 3
[WARN ] 2026-03-10 11:38:13.626 [main] UserAccountServiceImpl - Can not to create a user account for user with id 3
ua.epam.mishchenko.ticketbooking.exception.DbException: Account exists
	at ua.epam.mishchenko.ticketbooking.service.impl.UserAccountServiceImpl.createUserAccount(UserAccountServiceImpl.java:31) ~[classes/:?]
	at ua.epam.mishchenko.ticketbooking.service.impl.UserAccountServiceImplTest.createUserAccountWithExistsUserIdShouldReturnNull(UserAccountServiceImplTest.java:71) ~[test-classes/:?]
	at jdk.internal.reflect.DirectMethodHandleAccessor.invoke(DirectMethodHandleAccessor.java:103) ~[?:?]
	at java.lang.reflect.Method.invoke(Method.java:580) ~[?:?]
	at org.junit.runners.model.FrameworkMethod$1.runReflectiveCall(FrameworkMethod.java:59) ~[junit-4.13.2.jar:4.13.2]
	at org.junit.internal.runners.model.ReflectiveCallable.run(ReflectiveCallable.java:12) ~[junit-4.13.2.jar:4.13.2]
	at org.junit.runners.model.FrameworkMethod.invokeExplosively(FrameworkMethod.java:56) ~[junit-4.13.2.jar:4.13.2]
	at org.junit.internal.runners.statements.InvokeMethod.evaluate(InvokeMethod.java:17) ~[junit-4.13.2.jar:4.13.2]
	at org.junit.internal.runners.statements.RunBefores.evaluate(RunBefores.java:26) ~[junit-4.13.2.jar:4.13.2]
	at org.mockito.internal.runners.DefaultInternalRunner$1$1.evaluate(DefaultInternalRunner.java:55) ~[mockito-core-4.0.0.jar:?]
	at org.junit.runners.ParentRunner$3.evaluate(ParentRunner.java:306) ~[junit-4.13.2.jar:4.13.2]
	at org.junit.runners.BlockJUnit4ClassRunner$1.evaluate(BlockJUnit4ClassRunner.java:100) ~[junit-4.13.2.jar:4.13.2]
	at org.junit.runners.ParentRunner.runLeaf(ParentRunner.java:366) ~[junit-4.13.2.jar:4.13.2]
	at org.junit.runners.BlockJUnit4ClassRunner.runChild(BlockJUnit4ClassRunner.java:103) ~[junit-4.13.2.jar:4.13.2]
	at org.junit.runners.BlockJUnit4ClassRunner.runChild(BlockJUnit4ClassRunner.java:63) ~[junit-4.13.2.jar:4.13.2]
	at org.junit.runners.ParentRunner$4.run(ParentRunner.java:331) ~[junit-4.13.2.jar:4.13.2]
	at org.junit.runners.ParentRunner$1.schedule(ParentRunner.java:79) ~[junit-4.13.2.jar:4.13.2]
	at org.junit.runners.ParentRunner.runChildren(ParentRunner.java:329) ~[junit-4.13.2.jar:4.13.2]
	at org.junit.runners.ParentRunner.access$100(ParentRunner.java:66) ~[junit-4.13.2.jar:4.13.2]
	at org.junit.runners.ParentRunner$2.evaluate(ParentRunner.java:293) ~[junit-4.13.2.jar:4.13.2]
	at org.junit.runners.ParentRunner$3.evaluate(ParentRunner.java:306) ~[junit-4.13.2.jar:4.13.2]
	at org.junit.runners.ParentRunner.run(ParentRunner.java:413) ~[junit-4.13.2.jar:4.13.2]
	at org.mockito.internal.runners.DefaultInternalRunner$1.run(DefaultInternalRunner.java:100) ~[mockito-core-4.0.0.jar:?]
	at org.mockito.internal.runners.DefaultInternalRunner.run(DefaultInternalRunner.java:107) ~[mockito-core-4.0.0.jar:?]
	at org.mockito.internal.runners.StrictRunner.run(StrictRunner.java:41) ~[mockito-core-4.0.0.jar:?]
	at org.mockito.junit.MockitoJUnitRunner.run(MockitoJUnitRunner.java:163) ~[mockito-core-4.0.0.jar:?]
	at org.apache.maven.surefire.junit4.JUnit4Provider.execute(JUnit4Provider.java:365) ~[surefire-junit4-2.22.1.jar:2.22.1]
	at org.apache.maven.surefire.junit4.JUnit4Provider.executeWithRerun(JUnit4Provider.java:273) ~[surefire-junit4-2.22.1.jar:2.22.1]
	at org.apache.maven.surefire.junit4.JUnit4Provider.executeTestSet(JUnit4Provider.java:238) ~[surefire-junit4-2.22.1.jar:2.22.1]
	at org.apache.maven.surefire.junit4.JUnit4Provider.invoke(JUnit4Provider.java:159) ~[surefire-junit4-2.22.1.jar:2.22.1]
	at org.apache.maven.surefire.booter.ForkedBooter.invokeProviderInSameClassLoader(ForkedBooter.java:384) ~[surefire-booter-2.22.1.jar:2.22.1]
	at org.apache.maven.surefire.booter.ForkedBooter.runSuitesInProcess(ForkedBooter.java:345) ~[surefire-booter-2.22.1.jar:2.22.1]
	at org.apache.maven.surefire.booter.ForkedBooter.execute(ForkedBooter.java:126) ~[surefire-booter-2.22.1.jar:2.22.1]
	at org.apache.maven.surefire.booter.ForkedBooter.main(ForkedBooter.java:418) ~[surefire-booter-2.22.1.jar:2.22.1]
[DEBUG] 2026-03-10 11:38:13.629 [main] UserAccountServiceImpl - Start creating a user account with userId: 3
[DEBUG] 2026-03-10 11:38:13.629 [main] UserAccountServiceImpl - Successfully creating userAccount for userId: 3
[DEBUG] 2026-03-10 11:38:13.631 [main] UserAccountServiceImpl - Start creating a user account with userId: -1
[WARN ] 2026-03-10 11:38:13.631 [main] UserAccountServiceImpl - Can not to create a user account for user with id -1
ua.epam.mishchenko.ticketbooking.exception.DbException: null
[DEBUG] 2026-03-10 11:38:13.632 [main] UserAccountServiceImpl - Start updating a user account with userId: 0
[WARN ] 2026-03-10 11:38:13.632 [main] UserAccountServiceImpl - Can not to update a user account for user with id 0
ua.epam.mishchenko.ticketbooking.exception.DbException: null
[DEBUG] 2026-03-10 11:38:13.633 [main] UserAccountServiceImpl - Start getting a user account with userId: 10
[WARN ] 2026-03-10 11:38:13.633 [main] UserAccountServiceImpl - Can not to get a user account for user with id 10
ua.epam.mishchenko.ticketbooking.exception.DbException: null
[DEBUG] 2026-03-10 11:38:13.634 [main] UserAccountServiceImpl - Start deleting a user account with userId: 10
[WARN ] 2026-03-10 11:38:13.634 [main] UserAccountServiceImpl - Can not to delete a user account for user with id 10
ua.epam.mishchenko.ticketbooking.exception.DbException: null
[DEBUG] 2026-03-10 11:38:13.661 [main] UserServiceImpl - Finding a user by id: 10
[WARN ] 2026-03-10 11:38:13.661 [main] UserServiceImpl - Can not to get an user by id: 10
[DEBUG] 2026-03-10 11:38:13.662 [main] UserServiceImpl - Finding a user by email: max@gmail.com
[DEBUG] 2026-03-10 11:38:13.663 [main] UserServiceImpl - The user with email max@gmail.com successfully found 
[DEBUG] 2026-03-10 11:38:13.664 [main] UserServiceImpl - Start creating an user: {'id' : 0, 'name' : 'Max', 'email' : 'max@gmail.com'}
[WARN ] 2026-03-10 11:38:13.664 [main] UserServiceImpl - Can not to create an user: {'id' : 0, 'name' : 'Max', 'email' : 'max@gmail.com'}
ua.epam.mishchenko.ticketbooking.exception.DbException: null
[DEBUG] 2026-03-10 11:38:13.665 [main] UserServiceImpl - Start creating an user: {'id' : 1, 'name' : 'Test User', 'email' : 'testuser@gmail.com'}
[DEBUG] 2026-03-10 11:38:13.665 [main] UserServiceImpl - Successfully creation of the user: {'id' : 1, 'name' : 'Test User', 'email' : 'testuser@gmail.com'}
[DEBUG] 2026-03-10 11:38:13.666 [main] UserServiceImpl - Start updating an user: null
[WARN ] 2026-03-10 11:38:13.666 [main] UserServiceImpl - Can not to update an user: null
ua.epam.mishchenko.ticketbooking.exception.DbException: null
[DEBUG] 2026-03-10 11:38:13.666 [main] UserServiceImpl - Finding a user by email: notexists@gmail.com
[WARN ] 2026-03-10 11:38:13.667 [main] UserServiceImpl - Can not to get an user by email: notexists@gmail.com
[DEBUG] 2026-03-10 11:38:13.667 [main] UserServiceImpl - Finding all users by name Not exists with page size 1 and number of page 1
[WARN ] 2026-03-10 11:38:13.667 [main] UserServiceImpl - Can not to find a list of users by name 'Not exists'
ua.epam.mishchenko.ticketbooking.exception.DbException: null
[DEBUG] 2026-03-10 11:38:13.669 [main] UserServiceImpl - Start deleting an user with id: 2
[DEBUG] 2026-03-10 11:38:13.669 [main] UserServiceImpl - Successfully deletion of the user with id: 2
[DEBUG] 2026-03-10 11:38:13.670 [main] UserServiceImpl - Finding all users by name Max with page size 2 and number of page 1
[DEBUG] 2026-03-10 11:38:13.670 [main] UserServiceImpl - All users successfully found by name Max with page size 2 and number of page 1
[DEBUG] 2026-03-10 11:38:13.670 [main] UserServiceImpl - Finding a user by id: 3
[DEBUG] 2026-03-10 11:38:13.671 [main] UserServiceImpl - The user with id 3 successfully found 
[DEBUG] 2026-03-10 11:38:13.672 [main] UserServiceImpl - Start updating an user: {'id' : 1, 'name' : 'Test User', 'email' : 'testuser@gmail.com'}
[DEBUG] 2026-03-10 11:38:13.672 [main] UserServiceImpl - Successfully updating of the user: {'id' : 1, 'name' : 'Test User', 'email' : 'testuser@gmail.com'}
[DEBUG] 2026-03-10 11:38:13.673 [main] UserServiceImpl - Start deleting an user with id: 10
[WARN ] 2026-03-10 11:38:13.673 [main] UserServiceImpl - Can not to delete an user with id: 10
ua.epam.mishchenko.ticketbooking.exception.DbException: null
[DEBUG] 2026-03-10 12:45:14.661 [main] UserServiceImpl - Start creating an user: {'id' : 0, 'name' : 'Alice', 'email' : 'alice@example.com'}
[WARN ] 2026-03-10 12:45:14.661 [main] UserServiceImpl - Can not to create an user: {'id' : 0, 'name' : 'Alice', 'email' : 'alice@example.com'}
ua.epam.mishchenko.ticketbooking.exception.DbException: Error inserting user
	at ua.epam.mishchenko.ticketbooking.dao.impl.UserDAOImpl.insert(UserDAOImpl.java:205) ~[classes/:?]
	at ua.epam.mishchenko.ticketbooking.service.impl.UserServiceImpl.createUser(UserServiceImpl.java:77) ~[classes/:?]
	at ua.epam.mishchenko.ticketbooking.MainApplication.main(MainApplication.java:62) ~[classes/:?]
Caused by: java.lang.NullPointerException: Cannot invoke "jakarta.persistence.EntityManager.persist(Object)" because "this.entityManager" is null
	at ua.epam.mishchenko.ticketbooking.dao.impl.UserDAOImpl.insert(UserDAOImpl.java:202) ~[classes/:?]
	... 2 more
[DEBUG] 2026-03-10 12:53:35.467 [main] UserServiceImpl - Start creating an user: {'id' : 0, 'name' : 'Alice', 'email' : 'alice@example.com'}
[WARN ] 2026-03-10 12:53:35.467 [main] UserServiceImpl - Can not to create an user: {'id' : 0, 'name' : 'Alice', 'email' : 'alice@example.com'}
ua.epam.mishchenko.ticketbooking.exception.DbException: Error inserting user
	at ua.epam.mishchenko.ticketbooking.dao.impl.UserDAOImpl.insert(UserDAOImpl.java:205) ~[classes/:?]
	at ua.epam.mishchenko.ticketbooking.service.impl.UserServiceImpl.createUser(UserServiceImpl.java:77) ~[classes/:?]
	at ua.epam.mishchenko.ticketbooking.MainApplication.main(MainApplication.java:62) ~[classes/:?]
Caused by: java.lang.NullPointerException: Cannot invoke "jakarta.persistence.EntityManager.persist(Object)" because "this.entityManager" is null
	at ua.epam.mishchenko.ticketbooking.dao.impl.UserDAOImpl.insert(UserDAOImpl.java:202) ~[classes/:?]
	... 2 more
[DEBUG] 2026-03-10 13:22:09.101 [main] UserServiceImpl - Start creating an user: {'id' : 0, 'name' : 'Alice', 'email' : 'alice@example.com'}
[WARN ] 2026-03-10 13:22:09.101 [main] UserServiceImpl - Can not to create an user: {'id' : 0, 'name' : 'Alice', 'email' : 'alice@example.com'}
ua.epam.mishchenko.ticketbooking.exception.DbException: Error inserting user
	at ua.epam.mishchenko.ticketbooking.dao.impl.UserDAOImpl.insert(UserDAOImpl.java:205) ~[classes/:?]
	at ua.epam.mishchenko.ticketbooking.service.impl.UserServiceImpl.createUser(UserServiceImpl.java:77) ~[classes/:?]
	at ua.epam.mishchenko.ticketbooking.MainApplication.main(MainApplication.java:61) ~[classes/:?]
Caused by: java.lang.NullPointerException: Cannot invoke "jakarta.persistence.EntityManager.persist(Object)" because "this.entityManager" is null
	at ua.epam.mishchenko.ticketbooking.dao.impl.UserDAOImpl.insert(UserDAOImpl.java:202) ~[classes/:?]
	... 2 more
[DEBUG] 2026-03-10 14:11:17.109 [main] UserServiceImpl - Start creating an user: {'id' : 0, 'name' : 'Alice', 'email' : 'alice@example.com'}
[WARN ] 2026-03-10 14:11:17.110 [main] UserServiceImpl - Can not to create an user: {'id' : 0, 'name' : 'Alice', 'email' : 'alice@example.com'}
ua.epam.mishchenko.ticketbooking.exception.DbException: Error inserting user
	at ua.epam.mishchenko.ticketbooking.dao.impl.UserDAOImpl.insert(UserDAOImpl.java:319) ~[classes/:?]
	at ua.epam.mishchenko.ticketbooking.service.impl.UserServiceImpl.createUser(UserServiceImpl.java:82) ~[classes/:?]
	at ua.epam.mishchenko.ticketbooking.MainApplication.main(MainApplication.java:60) ~[classes/:?]
Caused by: java.lang.NullPointerException: Cannot invoke "jakarta.persistence.EntityManager.persist(Object)" because "this.entityManager" is null
	at ua.epam.mishchenko.ticketbooking.dao.impl.UserDAOImpl.insert(UserDAOImpl.java:316) ~[classes/:?]
	... 2 more
[DEBUG] 2026-03-10 14:13:26.434 [main] UserServiceImpl - Start creating an user: {'id' : 0, 'name' : 'Alice', 'email' : 'alice@example.com'}
[WARN ] 2026-03-10 14:13:26.434 [main] UserServiceImpl - Can not to create an user: {'id' : 0, 'name' : 'Alice', 'email' : 'alice@example.com'}
ua.epam.mishchenko.ticketbooking.exception.DbException: Error inserting user
	at ua.epam.mishchenko.ticketbooking.dao.impl.UserDAOImpl.insert(UserDAOImpl.java:319) ~[classes/:?]
	at ua.epam.mishchenko.ticketbooking.service.impl.UserServiceImpl.createUser(UserServiceImpl.java:82) ~[classes/:?]
	at ua.epam.mishchenko.ticketbooking.MainApplication.main(MainApplication.java:60) ~[classes/:?]
Caused by: java.lang.NullPointerException: Cannot invoke "jakarta.persistence.EntityManager.persist(Object)" because "this.entityManager" is null
	at ua.epam.mishchenko.ticketbooking.dao.impl.UserDAOImpl.insert(UserDAOImpl.java:316) ~[classes/:?]
	... 2 more
[DEBUG] 2026-03-10 14:17:47.756 [main] UserServiceImpl - Start creating an user: {'id' : 0, 'name' : 'Alice', 'email' : 'alice@example.com'}
[WARN ] 2026-03-10 14:17:47.756 [main] UserServiceImpl - Can not to create an user: {'id' : 0, 'name' : 'Alice', 'email' : 'alice@example.com'}
ua.epam.mishchenko.ticketbooking.exception.DbException: Error inserting user
	at ua.epam.mishchenko.ticketbooking.dao.impl.UserDAOImpl.insert(UserDAOImpl.java:319) ~[classes/:?]
	at ua.epam.mishchenko.ticketbooking.service.impl.UserServiceImpl.createUser(UserServiceImpl.java:82) ~[classes/:?]
	at ua.epam.mishchenko.ticketbooking.MainApplication.main(MainApplication.java:60) ~[classes/:?]
Caused by: java.lang.NullPointerException: Cannot invoke "jakarta.persistence.EntityManager.persist(Object)" because "this.entityManager" is null
	at ua.epam.mishchenko.ticketbooking.dao.impl.UserDAOImpl.insert(UserDAOImpl.java:316) ~[classes/:?]
	... 2 more
[DEBUG] 2026-03-10 14:27:00.185 [main] UserServiceImpl - Start creating an user: {'id' : 0, 'name' : 'Alice', 'email' : 'alice@example.com'}
[WARN ] 2026-03-10 14:27:00.186 [main] UserServiceImpl - Can not to create an user: {'id' : 0, 'name' : 'Alice', 'email' : 'alice@example.com'}
ua.epam.mishchenko.ticketbooking.exception.DbException: Error inserting user
	at ua.epam.mishchenko.ticketbooking.dao.impl.UserDAOImpl.insert(UserDAOImpl.java:319) ~[classes/:?]
	at ua.epam.mishchenko.ticketbooking.service.impl.UserServiceImpl.createUser(UserServiceImpl.java:82) ~[classes/:?]
	at ua.epam.mishchenko.ticketbooking.MainApplication.main(MainApplication.java:60) ~[classes/:?]
Caused by: java.lang.NullPointerException: Cannot invoke "jakarta.persistence.EntityManager.persist(Object)" because "this.entityManager" is null
	at ua.epam.mishchenko.ticketbooking.dao.impl.UserDAOImpl.insert(UserDAOImpl.java:316) ~[classes/:?]
	... 2 more
[DEBUG] 2026-03-10 15:01:28.936 [main] UserServiceImpl - Start creating an user: {'id' : 0, 'name' : 'Alice', 'email' : 'alice@example.com'}
[WARN ] 2026-03-10 15:01:28.937 [main] UserServiceImpl - Can not to create an user: {'id' : 0, 'name' : 'Alice', 'email' : 'alice@example.com'}
ua.epam.mishchenko.ticketbooking.exception.DbException: Error inserting user
	at ua.epam.mishchenko.ticketbooking.dao.impl.UserDAOImpl.insert(UserDAOImpl.java:319) ~[classes/:?]
	at ua.epam.mishchenko.ticketbooking.service.impl.UserServiceImpl.createUser(UserServiceImpl.java:82) ~[classes/:?]
	at ua.epam.mishchenko.ticketbooking.MainApplication.main(MainApplication.java:60) ~[classes/:?]
Caused by: java.lang.NullPointerException: Cannot invoke "jakarta.persistence.EntityManager.persist(Object)" because "this.entityManager" is null
	at ua.epam.mishchenko.ticketbooking.dao.impl.UserDAOImpl.insert(UserDAOImpl.java:316) ~[classes/:?]
	... 2 more
[DEBUG] 2026-03-10 15:23:34.786 [main] UserServiceImpl - Start creating an user: {'id' : 0, 'name' : 'Alice', 'email' : 'alice@example.com'}
[WARN ] 2026-03-10 15:23:34.786 [main] UserServiceImpl - Can not to create an user: {'id' : 0, 'name' : 'Alice', 'email' : 'alice@example.com'}
ua.epam.mishchenko.ticketbooking.exception.DbException: Error inserting user
	at ua.epam.mishchenko.ticketbooking.dao.impl.UserDAOImpl.insert(UserDAOImpl.java:319) ~[classes/:?]
	at ua.epam.mishchenko.ticketbooking.service.impl.UserServiceImpl.createUser(UserServiceImpl.java:84) ~[classes/:?]
	at jdk.internal.reflect.DirectMethodHandleAccessor.invoke(DirectMethodHandleAccessor.java:103) ~[?:?]
	at java.lang.reflect.Method.invoke(Method.java:580) ~[?:?]
	at org.springframework.aop.support.AopUtils.invokeJoinpointUsingReflection(AopUtils.java:344) ~[spring-aop-5.3.20.jar:5.3.20]
	at org.springframework.aop.framework.ReflectiveMethodInvocation.invokeJoinpoint(ReflectiveMethodInvocation.java:198) ~[spring-aop-5.3.20.jar:5.3.20]
	at org.springframework.aop.framework.ReflectiveMethodInvocation.proceed(ReflectiveMethodInvocation.java:163) ~[spring-aop-5.3.20.jar:5.3.20]
	at org.springframework.transaction.interceptor.TransactionInterceptor$1.proceedWithInvocation(TransactionInterceptor.java:123) ~[spring-tx-5.3.29.jar:5.3.29]
	at org.springframework.transaction.interceptor.TransactionAspectSupport.invokeWithinTransaction(TransactionAspectSupport.java:388) ~[spring-tx-5.3.29.jar:5.3.29]
	at org.springframework.transaction.interceptor.TransactionInterceptor.invoke(TransactionInterceptor.java:119) ~[spring-tx-5.3.29.jar:5.3.29]
	at org.springframework.aop.framework.ReflectiveMethodInvocation.proceed(ReflectiveMethodInvocation.java:186) ~[spring-aop-5.3.20.jar:5.3.20]
	at org.springframework.aop.framework.JdkDynamicAopProxy.invoke(JdkDynamicAopProxy.java:215) ~[spring-aop-5.3.20.jar:5.3.20]
	at jdk.proxy2.$Proxy72.createUser(Unknown Source) ~[?:?]
	at ua.epam.mishchenko.ticketbooking.MainApplication.main(MainApplication.java:55) ~[classes/:?]
Caused by: java.lang.NullPointerException: Cannot invoke "jakarta.persistence.EntityManager.persist(Object)" because "this.entityManager" is null
	at ua.epam.mishchenko.ticketbooking.dao.impl.UserDAOImpl.insert(UserDAOImpl.java:316) ~[classes/:?]
	... 13 more
[DEBUG] 2026-03-10 15:27:13.481 [main] UserServiceImpl - Start creating an user: {'id' : 0, 'name' : 'Alice', 'email' : 'alice@example.com'}
[WARN ] 2026-03-10 15:27:13.482 [main] UserServiceImpl - Can not to create an user: {'id' : 0, 'name' : 'Alice', 'email' : 'alice@example.com'}
ua.epam.mishchenko.ticketbooking.exception.DbException: Error inserting user
	at ua.epam.mishchenko.ticketbooking.dao.impl.UserDAOImpl.insert(UserDAOImpl.java:319) ~[classes/:?]
	at ua.epam.mishchenko.ticketbooking.service.impl.UserServiceImpl.createUser(UserServiceImpl.java:86) ~[classes/:?]
	at jdk.internal.reflect.DirectMethodHandleAccessor.invoke(DirectMethodHandleAccessor.java:103) ~[?:?]
	at java.lang.reflect.Method.invoke(Method.java:580) ~[?:?]
	at org.springframework.aop.support.AopUtils.invokeJoinpointUsingReflection(AopUtils.java:344) ~[spring-aop-5.3.20.jar:5.3.20]
	at org.springframework.aop.framework.ReflectiveMethodInvocation.invokeJoinpoint(ReflectiveMethodInvocation.java:198) ~[spring-aop-5.3.20.jar:5.3.20]
	at org.springframework.aop.framework.ReflectiveMethodInvocation.proceed(ReflectiveMethodInvocation.java:163) ~[spring-aop-5.3.20.jar:5.3.20]
	at org.springframework.transaction.interceptor.TransactionInterceptor$1.proceedWithInvocation(TransactionInterceptor.java:123) ~[spring-tx-5.3.29.jar:5.3.29]
	at org.springframework.transaction.interceptor.TransactionAspectSupport.invokeWithinTransaction(TransactionAspectSupport.java:388) ~[spring-tx-5.3.29.jar:5.3.29]
	at org.springframework.transaction.interceptor.TransactionInterceptor.invoke(TransactionInterceptor.java:119) ~[spring-tx-5.3.29.jar:5.3.29]
	at org.springframework.aop.framework.ReflectiveMethodInvocation.proceed(ReflectiveMethodInvocation.java:186) ~[spring-aop-5.3.20.jar:5.3.20]
	at org.springframework.aop.framework.JdkDynamicAopProxy.invoke(JdkDynamicAopProxy.java:215) ~[spring-aop-5.3.20.jar:5.3.20]
	at jdk.proxy2.$Proxy72.createUser(Unknown Source) ~[?:?]
	at ua.epam.mishchenko.ticketbooking.MainApplication.main(MainApplication.java:55) ~[classes/:?]
Caused by: java.lang.NullPointerException: Cannot invoke "jakarta.persistence.EntityManager.persist(Object)" because "this.entityManager" is null
	at ua.epam.mishchenko.ticketbooking.dao.impl.UserDAOImpl.insert(UserDAOImpl.java:316) ~[classes/:?]
	... 13 more
[DEBUG] 2026-03-10 15:31:36.804 [main] UserServiceImpl - Start creating an user: {'id' : 0, 'name' : 'Alice', 'email' : 'alice@example.com'}
[WARN ] 2026-03-10 15:31:36.804 [main] UserServiceImpl - Can not to create an user: {'id' : 0, 'name' : 'Alice', 'email' : 'alice@example.com'}
ua.epam.mishchenko.ticketbooking.exception.DbException: Error inserting user
	at ua.epam.mishchenko.ticketbooking.dao.impl.UserDAOImpl.insert(UserDAOImpl.java:319) ~[classes/:?]
	at ua.epam.mishchenko.ticketbooking.service.impl.UserServiceImpl.createUser(UserServiceImpl.java:86) ~[classes/:?]
	at jdk.internal.reflect.DirectMethodHandleAccessor.invoke(DirectMethodHandleAccessor.java:103) ~[?:?]
	at java.lang.reflect.Method.invoke(Method.java:580) ~[?:?]
	at org.springframework.aop.support.AopUtils.invokeJoinpointUsingReflection(AopUtils.java:344) ~[spring-aop-5.3.20.jar:5.3.20]
	at org.springframework.aop.framework.ReflectiveMethodInvocation.invokeJoinpoint(ReflectiveMethodInvocation.java:198) ~[spring-aop-5.3.20.jar:5.3.20]
	at org.springframework.aop.framework.ReflectiveMethodInvocation.proceed(ReflectiveMethodInvocation.java:163) ~[spring-aop-5.3.20.jar:5.3.20]
	at org.springframework.transaction.interceptor.TransactionInterceptor$1.proceedWithInvocation(TransactionInterceptor.java:123) ~[spring-tx-5.3.29.jar:5.3.29]
	at org.springframework.transaction.interceptor.TransactionAspectSupport.invokeWithinTransaction(TransactionAspectSupport.java:388) ~[spring-tx-5.3.29.jar:5.3.29]
	at org.springframework.transaction.interceptor.TransactionInterceptor.invoke(TransactionInterceptor.java:119) ~[spring-tx-5.3.29.jar:5.3.29]
	at org.springframework.aop.framework.ReflectiveMethodInvocation.proceed(ReflectiveMethodInvocation.java:186) ~[spring-aop-5.3.20.jar:5.3.20]
	at org.springframework.aop.framework.JdkDynamicAopProxy.invoke(JdkDynamicAopProxy.java:215) ~[spring-aop-5.3.20.jar:5.3.20]
	at jdk.proxy2.$Proxy72.createUser(Unknown Source) ~[?:?]
	at ua.epam.mishchenko.ticketbooking.MainApplication.main(MainApplication.java:55) ~[classes/:?]
Caused by: java.lang.NullPointerException: Cannot invoke "jakarta.persistence.EntityManager.persist(Object)" because "this.entityManager" is null
	at ua.epam.mishchenko.ticketbooking.dao.impl.UserDAOImpl.insert(UserDAOImpl.java:316) ~[classes/:?]
	... 13 more
[DEBUG] 2026-03-10 16:23:09.353 [main] UserServiceImpl - Start creating an user: {'id' : 0, 'name' : 'Alice', 'email' : 'alice@example.com'}
[WARN ] 2026-03-10 16:23:09.354 [main] UserServiceImpl - Can not to create an user: {'id' : 0, 'name' : 'Alice', 'email' : 'alice@example.com'}
ua.epam.mishchenko.ticketbooking.exception.DbException: Error inserting user
	at ua.epam.mishchenko.ticketbooking.dao.impl.UserDAOImpl.insert(UserDAOImpl.java:319) ~[classes/:?]
	at ua.epam.mishchenko.ticketbooking.service.impl.UserServiceImpl.createUser(UserServiceImpl.java:85) ~[classes/:?]
	at jdk.internal.reflect.DirectMethodHandleAccessor.invoke(DirectMethodHandleAccessor.java:103) ~[?:?]
	at java.lang.reflect.Method.invoke(Method.java:580) ~[?:?]
	at org.springframework.aop.support.AopUtils.invokeJoinpointUsingReflection(AopUtils.java:344) ~[spring-aop-5.3.20.jar:5.3.20]
	at org.springframework.aop.framework.ReflectiveMethodInvocation.invokeJoinpoint(ReflectiveMethodInvocation.java:198) ~[spring-aop-5.3.20.jar:5.3.20]
	at org.springframework.aop.framework.ReflectiveMethodInvocation.proceed(ReflectiveMethodInvocation.java:163) ~[spring-aop-5.3.20.jar:5.3.20]
	at org.springframework.transaction.interceptor.TransactionInterceptor$1.proceedWithInvocation(TransactionInterceptor.java:123) ~[spring-tx-5.3.29.jar:5.3.29]
	at org.springframework.transaction.interceptor.TransactionAspectSupport.invokeWithinTransaction(TransactionAspectSupport.java:388) ~[spring-tx-5.3.29.jar:5.3.29]
	at org.springframework.transaction.interceptor.TransactionInterceptor.invoke(TransactionInterceptor.java:119) ~[spring-tx-5.3.29.jar:5.3.29]
	at org.springframework.aop.framework.ReflectiveMethodInvocation.proceed(ReflectiveMethodInvocation.java:186) ~[spring-aop-5.3.20.jar:5.3.20]
	at org.springframework.aop.framework.JdkDynamicAopProxy.invoke(JdkDynamicAopProxy.java:215) ~[spring-aop-5.3.20.jar:5.3.20]
	at jdk.proxy2.$Proxy71.createUser(Unknown Source) ~[?:?]
	at ua.epam.mishchenko.ticketbooking.MainApplication.main(MainApplication.java:55) ~[classes/:?]
Caused by: java.lang.NullPointerException: Cannot invoke "jakarta.persistence.EntityManager.persist(Object)" because "this.entityManager" is null
	at ua.epam.mishchenko.ticketbooking.dao.impl.UserDAOImpl.insert(UserDAOImpl.java:316) ~[classes/:?]
	... 13 more
[DEBUG] 2026-03-10 16:39:57.016 [main] UserServiceImpl - Start creating an user: {'id' : 0, 'name' : 'Alice', 'email' : 'alice@example.com'}
[WARN ] 2026-03-10 16:39:57.017 [main] UserServiceImpl - Can not to create an user: {'id' : 0, 'name' : 'Alice', 'email' : 'alice@example.com'}
ua.epam.mishchenko.ticketbooking.exception.DbException: Error inserting user
	at ua.epam.mishchenko.ticketbooking.dao.impl.UserDAOImpl.insert(UserDAOImpl.java:320) ~[classes/:?]
	at ua.epam.mishchenko.ticketbooking.service.impl.UserServiceImpl.createUser(UserServiceImpl.java:85) ~[classes/:?]
	at jdk.internal.reflect.DirectMethodHandleAccessor.invoke(DirectMethodHandleAccessor.java:103) ~[?:?]
	at java.lang.reflect.Method.invoke(Method.java:580) ~[?:?]
	at org.springframework.aop.support.AopUtils.invokeJoinpointUsingReflection(AopUtils.java:344) ~[spring-aop-5.3.20.jar:5.3.20]
	at org.springframework.aop.framework.ReflectiveMethodInvocation.invokeJoinpoint(ReflectiveMethodInvocation.java:198) ~[spring-aop-5.3.20.jar:5.3.20]
	at org.springframework.aop.framework.ReflectiveMethodInvocation.proceed(ReflectiveMethodInvocation.java:163) ~[spring-aop-5.3.20.jar:5.3.20]
	at org.springframework.transaction.interceptor.TransactionInterceptor$1.proceedWithInvocation(TransactionInterceptor.java:123) ~[spring-tx-5.3.29.jar:5.3.29]
	at org.springframework.transaction.interceptor.TransactionAspectSupport.invokeWithinTransaction(TransactionAspectSupport.java:388) ~[spring-tx-5.3.29.jar:5.3.29]
	at org.springframework.transaction.interceptor.TransactionInterceptor.invoke(TransactionInterceptor.java:119) ~[spring-tx-5.3.29.jar:5.3.29]
	at org.springframework.aop.framework.ReflectiveMethodInvocation.proceed(ReflectiveMethodInvocation.java:186) ~[spring-aop-5.3.20.jar:5.3.20]
	at org.springframework.aop.framework.JdkDynamicAopProxy.invoke(JdkDynamicAopProxy.java:215) ~[spring-aop-5.3.20.jar:5.3.20]
	at jdk.proxy2.$Proxy71.createUser(Unknown Source) ~[?:?]
	at ua.epam.mishchenko.ticketbooking.MainApplication.main(MainApplication.java:55) ~[classes/:?]
Caused by: java.lang.NullPointerException: Cannot invoke "jakarta.persistence.EntityManager.persist(Object)" because "this.entityManager" is null
	at ua.epam.mishchenko.ticketbooking.dao.impl.UserDAOImpl.insert(UserDAOImpl.java:317) ~[classes/:?]
	... 13 more
[DEBUG] 2026-03-10 16:47:16.873 [main] UserServiceImpl - Start creating an user: {'id' : 0, 'name' : 'Alice', 'email' : 'alice@example.com'}
[WARN ] 2026-03-10 16:47:16.874 [main] UserServiceImpl - Can not to create an user: {'id' : 0, 'name' : 'Alice', 'email' : 'alice@example.com'}
ua.epam.mishchenko.ticketbooking.exception.DbException: Error inserting user
	at ua.epam.mishchenko.ticketbooking.dao.impl.UserDAOImpl.insert(UserDAOImpl.java:324) ~[classes/:?]
	at ua.epam.mishchenko.ticketbooking.service.impl.UserServiceImpl.createUser(UserServiceImpl.java:85) ~[classes/:?]
	at jdk.internal.reflect.DirectMethodHandleAccessor.invoke(DirectMethodHandleAccessor.java:103) ~[?:?]
	at java.lang.reflect.Method.invoke(Method.java:580) ~[?:?]
	at org.springframework.aop.support.AopUtils.invokeJoinpointUsingReflection(AopUtils.java:344) ~[spring-aop-5.3.20.jar:5.3.20]
	at org.springframework.aop.framework.ReflectiveMethodInvocation.invokeJoinpoint(ReflectiveMethodInvocation.java:198) ~[spring-aop-5.3.20.jar:5.3.20]
	at org.springframework.aop.framework.ReflectiveMethodInvocation.proceed(ReflectiveMethodInvocation.java:163) ~[spring-aop-5.3.20.jar:5.3.20]
	at org.springframework.transaction.interceptor.TransactionInterceptor$1.proceedWithInvocation(TransactionInterceptor.java:123) ~[spring-tx-5.3.29.jar:5.3.29]
	at org.springframework.transaction.interceptor.TransactionAspectSupport.invokeWithinTransaction(TransactionAspectSupport.java:388) ~[spring-tx-5.3.29.jar:5.3.29]
	at org.springframework.transaction.interceptor.TransactionInterceptor.invoke(TransactionInterceptor.java:119) ~[spring-tx-5.3.29.jar:5.3.29]
	at org.springframework.aop.framework.ReflectiveMethodInvocation.proceed(ReflectiveMethodInvocation.java:186) ~[spring-aop-5.3.20.jar:5.3.20]
	at org.springframework.aop.framework.JdkDynamicAopProxy.invoke(JdkDynamicAopProxy.java:215) ~[spring-aop-5.3.20.jar:5.3.20]
	at jdk.proxy2.$Proxy71.createUser(Unknown Source) ~[?:?]
	at ua.epam.mishchenko.ticketbooking.MainApplication.main(MainApplication.java:55) ~[classes/:?]
Caused by: java.lang.NullPointerException: Cannot invoke "jakarta.persistence.EntityManager.persist(Object)" because "this.entityManager" is null
	at ua.epam.mishchenko.ticketbooking.dao.impl.UserDAOImpl.insert(UserDAOImpl.java:321) ~[classes/:?]
	... 13 more
[DEBUG] 2026-03-10 17:00:29.478 [main] UserServiceImpl - Start creating an user: {'id' : 0, 'name' : 'Alice', 'email' : 'alice@example.com'}
[WARN ] 2026-03-10 17:00:29.479 [main] UserServiceImpl - Can not to create an user: {'id' : 0, 'name' : 'Alice', 'email' : 'alice@example.com'}
ua.epam.mishchenko.ticketbooking.exception.DbException: Error inserting user
	at ua.epam.mishchenko.ticketbooking.dao.impl.UserDAOImpl.insert(UserDAOImpl.java:324) ~[classes/:?]
	at ua.epam.mishchenko.ticketbooking.service.impl.UserServiceImpl.createUser(UserServiceImpl.java:85) ~[classes/:?]
	at jdk.internal.reflect.DirectMethodHandleAccessor.invoke(DirectMethodHandleAccessor.java:103) ~[?:?]
	at java.lang.reflect.Method.invoke(Method.java:580) ~[?:?]
	at org.springframework.aop.support.AopUtils.invokeJoinpointUsingReflection(AopUtils.java:344) ~[spring-aop-5.3.20.jar:5.3.20]
	at org.springframework.aop.framework.ReflectiveMethodInvocation.invokeJoinpoint(ReflectiveMethodInvocation.java:198) ~[spring-aop-5.3.20.jar:5.3.20]
	at org.springframework.aop.framework.ReflectiveMethodInvocation.proceed(ReflectiveMethodInvocation.java:163) ~[spring-aop-5.3.20.jar:5.3.20]
	at org.springframework.transaction.interceptor.TransactionInterceptor$1.proceedWithInvocation(TransactionInterceptor.java:123) ~[spring-tx-5.3.29.jar:5.3.29]
	at org.springframework.transaction.interceptor.TransactionAspectSupport.invokeWithinTransaction(TransactionAspectSupport.java:388) ~[spring-tx-5.3.29.jar:5.3.29]
	at org.springframework.transaction.interceptor.TransactionInterceptor.invoke(TransactionInterceptor.java:119) ~[spring-tx-5.3.29.jar:5.3.29]
	at org.springframework.aop.framework.ReflectiveMethodInvocation.proceed(ReflectiveMethodInvocation.java:186) ~[spring-aop-5.3.20.jar:5.3.20]
	at org.springframework.aop.framework.JdkDynamicAopProxy.invoke(JdkDynamicAopProxy.java:215) ~[spring-aop-5.3.20.jar:5.3.20]
	at jdk.proxy2.$Proxy71.createUser(Unknown Source) ~[?:?]
	at ua.epam.mishchenko.ticketbooking.MainApplication.main(MainApplication.java:55) ~[classes/:?]
Caused by: java.lang.NullPointerException: Cannot invoke "jakarta.persistence.EntityManager.persist(Object)" because "this.entityManager" is null
	at ua.epam.mishchenko.ticketbooking.dao.impl.UserDAOImpl.insert(UserDAOImpl.java:321) ~[classes/:?]
	... 13 more
[DEBUG] 2026-03-10 17:11:52.873 [main] UserServiceImpl - Start creating an user: {'id' : 0, 'name' : 'Alice', 'email' : 'alice@example.com'}
[WARN ] 2026-03-10 17:11:52.874 [main] UserServiceImpl - Can not to create an user: {'id' : 0, 'name' : 'Alice', 'email' : 'alice@example.com'}
ua.epam.mishchenko.ticketbooking.exception.DbException: Error inserting user
	at ua.epam.mishchenko.ticketbooking.dao.impl.UserDAOImpl.insert(UserDAOImpl.java:317) ~[classes/:?]
	at ua.epam.mishchenko.ticketbooking.service.impl.UserServiceImpl.createUser(UserServiceImpl.java:85) ~[classes/:?]
	at jdk.internal.reflect.DirectMethodHandleAccessor.invoke(DirectMethodHandleAccessor.java:103) ~[?:?]
	at java.lang.reflect.Method.invoke(Method.java:580) ~[?:?]
	at org.springframework.aop.support.AopUtils.invokeJoinpointUsingReflection(AopUtils.java:344) ~[spring-aop-5.3.20.jar:5.3.20]
	at org.springframework.aop.framework.ReflectiveMethodInvocation.invokeJoinpoint(ReflectiveMethodInvocation.java:198) ~[spring-aop-5.3.20.jar:5.3.20]
	at org.springframework.aop.framework.ReflectiveMethodInvocation.proceed(ReflectiveMethodInvocation.java:163) ~[spring-aop-5.3.20.jar:5.3.20]
	at org.springframework.transaction.interceptor.TransactionInterceptor$1.proceedWithInvocation(TransactionInterceptor.java:123) ~[spring-tx-5.3.29.jar:5.3.29]
	at org.springframework.transaction.interceptor.TransactionAspectSupport.invokeWithinTransaction(TransactionAspectSupport.java:388) ~[spring-tx-5.3.29.jar:5.3.29]
	at org.springframework.transaction.interceptor.TransactionInterceptor.invoke(TransactionInterceptor.java:119) ~[spring-tx-5.3.29.jar:5.3.29]
	at org.springframework.aop.framework.ReflectiveMethodInvocation.proceed(ReflectiveMethodInvocation.java:186) ~[spring-aop-5.3.20.jar:5.3.20]
	at org.springframework.aop.framework.JdkDynamicAopProxy.invoke(JdkDynamicAopProxy.java:215) ~[spring-aop-5.3.20.jar:5.3.20]
	at jdk.proxy2.$Proxy71.createUser(Unknown Source) ~[?:?]
	at ua.epam.mishchenko.ticketbooking.MainApplication.main(MainApplication.java:55) ~[classes/:?]
Caused by: java.lang.NullPointerException: Cannot invoke "jakarta.persistence.EntityManager.persist(Object)" because "this.entityManager" is null
	at ua.epam.mishchenko.ticketbooking.dao.impl.UserDAOImpl.insert(UserDAOImpl.java:314) ~[classes/:?]
	... 13 more
[DEBUG] 2026-03-10 17:13:43.091 [main] UserServiceImpl - Start creating an user: {'id' : 0, 'name' : 'Alice', 'email' : 'alice@example.com'}
[WARN ] 2026-03-10 17:13:43.092 [main] UserServiceImpl - Can not to create an user: {'id' : 0, 'name' : 'Alice', 'email' : 'alice@example.com'}
ua.epam.mishchenko.ticketbooking.exception.DbException: Error inserting user
	at ua.epam.mishchenko.ticketbooking.dao.impl.UserDAOImpl.insert(UserDAOImpl.java:317) ~[classes/:?]
	at ua.epam.mishchenko.ticketbooking.service.impl.UserServiceImpl.createUser(UserServiceImpl.java:85) ~[classes/:?]
	at jdk.internal.reflect.DirectMethodHandleAccessor.invoke(DirectMethodHandleAccessor.java:103) ~[?:?]
	at java.lang.reflect.Method.invoke(Method.java:580) ~[?:?]
	at org.springframework.aop.support.AopUtils.invokeJoinpointUsingReflection(AopUtils.java:344) ~[spring-aop-5.3.20.jar:5.3.20]
	at org.springframework.aop.framework.ReflectiveMethodInvocation.invokeJoinpoint(ReflectiveMethodInvocation.java:198) ~[spring-aop-5.3.20.jar:5.3.20]
	at org.springframework.aop.framework.ReflectiveMethodInvocation.proceed(ReflectiveMethodInvocation.java:163) ~[spring-aop-5.3.20.jar:5.3.20]
	at org.springframework.transaction.interceptor.TransactionInterceptor$1.proceedWithInvocation(TransactionInterceptor.java:123) ~[spring-tx-5.3.29.jar:5.3.29]
	at org.springframework.transaction.interceptor.TransactionAspectSupport.invokeWithinTransaction(TransactionAspectSupport.java:388) ~[spring-tx-5.3.29.jar:5.3.29]
	at org.springframework.transaction.interceptor.TransactionInterceptor.invoke(TransactionInterceptor.java:119) ~[spring-tx-5.3.29.jar:5.3.29]
	at org.springframework.aop.framework.ReflectiveMethodInvocation.proceed(ReflectiveMethodInvocation.java:186) ~[spring-aop-5.3.20.jar:5.3.20]
	at org.springframework.aop.framework.JdkDynamicAopProxy.invoke(JdkDynamicAopProxy.java:215) ~[spring-aop-5.3.20.jar:5.3.20]
	at jdk.proxy2.$Proxy71.createUser(Unknown Source) ~[?:?]
	at ua.epam.mishchenko.ticketbooking.MainApplication.main(MainApplication.java:55) ~[classes/:?]
Caused by: java.lang.NullPointerException: Cannot invoke "jakarta.persistence.EntityManager.persist(Object)" because "this.entityManager" is null
	at ua.epam.mishchenko.ticketbooking.dao.impl.UserDAOImpl.insert(UserDAOImpl.java:314) ~[classes/:?]
	... 13 more
[DEBUG] 2026-03-10 18:11:19.710 [main] EventServiceImpl - Start creating an event: {'id' : 0, 'title' : 'Pop Concert', 'date' : '10-03-2026 18:11'}
[DEBUG] 2026-03-10 18:11:19.740 [main] EventServiceImpl - Successfully creation of the event: {'id' : 25, 'title' : 'Pop Concert', 'date' : '10-03-2026 18:11'}
[DEBUG] 2026-03-10 18:11:19.872 [main] EventServiceImpl - Finding an event by id: 1
[DEBUG] 2026-03-10 18:11:19.917 [main] EventServiceImpl - Event with id 1 successfully found 
[DEBUG] 2026-03-10 18:14:15.019 [main] EventServiceImpl - Start creating an event: {'id' : 0, 'title' : 'Pop Concert', 'date' : '10-03-2026 18:13'}
[DEBUG] 2026-03-10 18:14:15.110 [main] EventServiceImpl - Successfully creation of the event: {'id' : 26, 'title' : 'Pop Concert', 'date' : '10-03-2026 18:13'}
[DEBUG] 2026-03-10 18:14:42.771 [main] EventServiceImpl - Finding an event by id: 1
[DEBUG] 2026-03-10 18:14:43.257 [main] EventServiceImpl - Event with id 1 successfully found 
[DEBUG] 2026-03-10 18:16:26.106 [main] EventServiceImpl - Start creating an event: {'id' : 0, 'title' : 'Pop Concert', 'date' : '10-03-2026 18:16'}
[DEBUG] 2026-03-10 18:16:26.191 [main] EventServiceImpl - Successfully creation of the event: {'id' : 27, 'title' : 'Pop Concert', 'date' : '10-03-2026 18:16'}
[DEBUG] 2026-03-10 18:17:18.808 [main] EventServiceImpl - Finding an event by id: 1
[DEBUG] 2026-03-10 18:17:19.294 [main] EventServiceImpl - Event with id 1 successfully found 
[DEBUG] 2026-03-10 18:18:49.160 [main] EventServiceImpl - Start creating an event: {'id' : 0, 'title' : 'Pop Concert', 'date' : '10-03-2026 18:18'}
[DEBUG] 2026-03-10 18:18:49.188 [main] EventServiceImpl - Successfully creation of the event: {'id' : 28, 'title' : 'Pop Concert', 'date' : '10-03-2026 18:18'}
[DEBUG] 2026-03-10 18:18:49.307 [main] EventServiceImpl - Finding an event by id: 1
[DEBUG] 2026-03-10 18:18:49.351 [main] EventServiceImpl - Event with id 1 successfully found 
[DEBUG] 2026-03-10 18:25:07.919 [main] EventServiceImpl - Start creating an event: {'id' : 0, 'title' : 'Pop Concert', 'date' : '10-03-2026 18:25'}
[DEBUG] 2026-03-10 18:25:07.945 [main] EventServiceImpl - Successfully creation of the event: {'id' : 29, 'title' : 'Pop Concert', 'date' : '10-03-2026 18:25'}
[DEBUG] 2026-03-10 18:25:08.073 [main] EventServiceImpl - Finding an event by id: 1
[DEBUG] 2026-03-10 18:25:08.117 [main] EventServiceImpl - Event with id 1 successfully found 
[DEBUG] 2026-03-10 18:25:08.118 [main] EventServiceImpl - Finding an event by id: 2
[DEBUG] 2026-03-10 18:25:08.141 [main] EventServiceImpl - Event with id 2 successfully found 
[DEBUG] 2026-03-10 18:25:08.149 [main] EventServiceImpl - Start creating an event: {'id' : 2, 'title' : 'Updated Concert', 'date' : '10-03-2026 12:41'}
[DEBUG] 2026-03-10 18:25:08.151 [main] EventServiceImpl - Successfully creation of the event: {'id' : 2, 'title' : 'Updated Concert', 'date' : '10-03-2026 12:41'}
[DEBUG] 2026-03-10 18:37:28.365 [main] EventServiceImpl - Start creating an event: {'id' : 0, 'title' : 'Pop Concert', 'date' : '10-03-2026 18:37'}
[DEBUG] 2026-03-10 18:37:28.406 [main] EventServiceImpl - Successfully creation of the event: {'id' : 30, 'title' : 'Pop Concert', 'date' : '10-03-2026 18:37'}
[DEBUG] 2026-03-10 18:39:24.151 [main] EventServiceImpl - Start creating an event: {'id' : 0, 'title' : 'Pop Concert', 'date' : '10-03-2026 18:39'}
[DEBUG] 2026-03-10 18:39:24.191 [main] EventServiceImpl - Successfully creation of the event: {'id' : 31, 'title' : 'Pop Concert', 'date' : '10-03-2026 18:39'}
[DEBUG] 2026-03-10 18:39:24.210 [main] EventServiceImpl - Start deleting an event with id: 17
[DEBUG] 2026-03-10 18:39:24.276 [main] EventServiceImpl - Successfully deletion of the event with id: 17
[DEBUG] 2026-03-10 19:56:50.949 [main] EventServiceImpl - Start creating an event: {'id' : 0, 'title' : 'Pop Concert', 'date' : '10-03-2026 19:56'}
[DEBUG] 2026-03-10 19:56:51.001 [main] EventServiceImpl - Successfully creation of the event: {'id' : 32, 'title' : 'Pop Concert', 'date' : '10-03-2026 19:56'}
[DEBUG] 2026-03-10 19:56:51.017 [main] EventServiceImpl - Finding all events by title Pop Concert with page size 2 and number of page 5
[DEBUG] 2026-03-10 19:56:51.249 [main] EventServiceImpl - All events successfully found by title Pop Concert with page size 2 and number of page 5
[DEBUG] 2026-03-10 19:57:31.306 [main] EventServiceImpl - Start creating an event: {'id' : 0, 'title' : 'Pop Concert', 'date' : '10-03-2026 19:57'}
[DEBUG] 2026-03-10 19:57:31.357 [main] EventServiceImpl - Successfully creation of the event: {'id' : 33, 'title' : 'Pop Concert', 'date' : '10-03-2026 19:57'}
[DEBUG] 2026-03-10 19:57:31.372 [main] EventServiceImpl - Finding all events by title Pop Concert with page size 5 and number of page 1
[DEBUG] 2026-03-10 19:57:31.560 [main] EventServiceImpl - All events successfully found by title Pop Concert with page size 5 and number of page 1
[DEBUG] 2026-03-10 20:12:16.342 [main] EventServiceImpl - Start creating an event: {'id' : 0, 'title' : 'Pop Concert', 'date' : '10-03-2026 20:12'}
[DEBUG] 2026-03-10 20:12:16.396 [main] EventServiceImpl - Successfully creation of the event: {'id' : 34, 'title' : 'Pop Concert', 'date' : '10-03-2026 20:12'}
[DEBUG] 2026-03-10 20:12:16.412 [main] EventServiceImpl - Finding all events for day 2026-03-15T00:00:00.000+0200 with page size 5 and number of page 1
[DEBUG] 2026-03-10 20:12:16.582 [main] EventServiceImpl - All events successfully found for day 2026-03-15T00:00:00.000+0200 with page size 5 and number of page 1
[DEBUG] 2026-03-10 20:16:29.785 [main] EventServiceImpl - Start creating an event: {'id' : 0, 'title' : 'Pop Concert', 'date' : '10-03-2026 20:16'}
[DEBUG] 2026-03-10 20:16:29.831 [main] EventServiceImpl - Successfully creation of the event: {'id' : 35, 'title' : 'Pop Concert', 'date' : '10-03-2026 20:16'}
[DEBUG] 2026-03-10 20:23:48.943 [main] EventServiceImpl - Start creating an event: {'id' : 0, 'title' : 'Pop Concert', 'date' : '10-03-2026 20:23'}
[DEBUG] 2026-03-10 20:23:48.996 [main] EventServiceImpl - Successfully creation of the event: {'id' : 36, 'title' : 'Pop Concert', 'date' : '10-03-2026 20:23'}
[DEBUG] 2026-03-10 20:31:15.682 [main] EventServiceImpl - Start creating an event: {'id' : 0, 'title' : 'Pop Concert', 'date' : '10-03-2026 20:31'}
[DEBUG] 2026-03-10 20:31:15.738 [main] EventServiceImpl - Successfully creation of the event: {'id' : 37, 'title' : 'Pop Concert', 'date' : '10-03-2026 20:31'}
[DEBUG] 2026-03-10 20:31:15.938 [main] EventServiceImpl - Events successfully found for day 2026-03-15T00:00:00.000+0200: 0
[DEBUG] 2026-03-10 20:42:23.227 [main] EventServiceImpl - Start creating an event: {'id' : 0, 'title' : 'Pop Concert', 'date' : '10-03-2026 20:42'}
[DEBUG] 2026-03-10 20:42:23.260 [main] EventServiceImpl - Successfully creation of the event: {'id' : 38, 'title' : 'Pop Concert', 'date' : '10-03-2026 20:42'}
[DEBUG] 2026-03-10 20:44:38.927 [main] EventServiceImpl - Start creating an event: {'id' : 0, 'title' : 'Pop Concert', 'date' : '10-03-2026 20:44'}
[DEBUG] 2026-03-10 20:44:38.957 [main] EventServiceImpl - Successfully creation of the event: {'id' : 39, 'title' : 'Pop Concert', 'date' : '10-03-2026 20:44'}
[DEBUG] 2026-03-10 20:58:08.413 [main] EventServiceImpl - Start creating an event: {'id' : 0, 'title' : 'Pop Concert', 'date' : '10-03-2026 20:58'}
[DEBUG] 2026-03-10 20:58:08.448 [main] EventServiceImpl - Successfully creation of the event: {'id' : 40, 'title' : 'Pop Concert', 'date' : '10-03-2026 20:58'}
[DEBUG] 2026-03-10 20:58:15.098 [main] UserServiceImpl - Start creating an user: {'id' : 0, 'name' : 'Alice', 'email' : 'alice@example.com'}
[WARN ] 2026-03-10 20:58:27.557 [main] UserServiceImpl - Can not to create an user: {'id' : 0, 'name' : 'Alice', 'email' : 'alice@example.com'}
ua.epam.mishchenko.ticketbooking.exception.DbException: Error inserting user
	at ua.epam.mishchenko.ticketbooking.dao.impl.UserDAOImpl.insert(UserDAOImpl.java:317) ~[classes/:?]
	at ua.epam.mishchenko.ticketbooking.service.impl.UserServiceImpl.createUser(UserServiceImpl.java:85) ~[classes/:?]
	at jdk.internal.reflect.DirectMethodHandleAccessor.invoke(DirectMethodHandleAccessor.java:103) ~[?:?]
	at java.lang.reflect.Method.invoke(Method.java:580) ~[?:?]
	at org.springframework.aop.support.AopUtils.invokeJoinpointUsingReflection(AopUtils.java:344) ~[spring-aop-5.3.20.jar:5.3.20]
	at org.springframework.aop.framework.ReflectiveMethodInvocation.invokeJoinpoint(ReflectiveMethodInvocation.java:198) ~[spring-aop-5.3.20.jar:5.3.20]
	at org.springframework.aop.framework.ReflectiveMethodInvocation.proceed(ReflectiveMethodInvocation.java:163) ~[spring-aop-5.3.20.jar:5.3.20]
	at org.springframework.transaction.interceptor.TransactionInterceptor$1.proceedWithInvocation(TransactionInterceptor.java:123) ~[spring-tx-5.3.29.jar:5.3.29]
	at org.springframework.transaction.interceptor.TransactionAspectSupport.invokeWithinTransaction(TransactionAspectSupport.java:388) ~[spring-tx-5.3.29.jar:5.3.29]
	at org.springframework.transaction.interceptor.TransactionInterceptor.invoke(TransactionInterceptor.java:119) ~[spring-tx-5.3.29.jar:5.3.29]
	at org.springframework.aop.framework.ReflectiveMethodInvocation.proceed(ReflectiveMethodInvocation.java:186) ~[spring-aop-5.3.20.jar:5.3.20]
	at org.springframework.aop.framework.JdkDynamicAopProxy.invoke(JdkDynamicAopProxy.java:215) ~[spring-aop-5.3.20.jar:5.3.20]
	at jdk.proxy2.$Proxy72.createUser(Unknown Source) ~[?:?]
	at ua.epam.mishchenko.ticketbooking.MainApplication.main(MainApplication.java:127) ~[classes/:?]
Caused by: java.lang.NullPointerException: Cannot invoke "jakarta.persistence.EntityManager.persist(Object)" because "this.entityManager" is null
	at ua.epam.mishchenko.ticketbooking.dao.impl.UserDAOImpl.insert(UserDAOImpl.java:314) ~[classes/:?]
	... 13 more
[DEBUG] 2026-03-10 20:58:44.071 [main] EventServiceImpl - Start creating an event: {'id' : 0, 'title' : 'Pop Concert', 'date' : '10-03-2026 20:58'}
[DEBUG] 2026-03-10 20:58:44.107 [main] EventServiceImpl - Successfully creation of the event: {'id' : 41, 'title' : 'Pop Concert', 'date' : '10-03-2026 20:58'}
[DEBUG] 2026-03-10 20:58:57.068 [main] UserServiceImpl - Start creating an user: {'id' : 0, 'name' : 'Alice', 'email' : 'alice@example.com'}
[WARN ] 2026-03-10 20:59:06.071 [main] UserServiceImpl - Can not to create an user: {'id' : 0, 'name' : 'Alice', 'email' : 'alice@example.com'}
ua.epam.mishchenko.ticketbooking.exception.DbException: Error inserting user
	at ua.epam.mishchenko.ticketbooking.dao.impl.UserDAOImpl.insert(UserDAOImpl.java:317) ~[classes/:?]
	at ua.epam.mishchenko.ticketbooking.service.impl.UserServiceImpl.createUser(UserServiceImpl.java:85) ~[classes/:?]
	at jdk.internal.reflect.DirectMethodHandleAccessor.invoke(DirectMethodHandleAccessor.java:103) ~[?:?]
	at java.lang.reflect.Method.invoke(Method.java:580) ~[?:?]
	at org.springframework.aop.support.AopUtils.invokeJoinpointUsingReflection(AopUtils.java:344) ~[spring-aop-5.3.20.jar:5.3.20]
	at org.springframework.aop.framework.ReflectiveMethodInvocation.invokeJoinpoint(ReflectiveMethodInvocation.java:198) ~[spring-aop-5.3.20.jar:5.3.20]
	at org.springframework.aop.framework.ReflectiveMethodInvocation.proceed(ReflectiveMethodInvocation.java:163) ~[spring-aop-5.3.20.jar:5.3.20]
	at org.springframework.transaction.interceptor.TransactionInterceptor$1.proceedWithInvocation(TransactionInterceptor.java:123) ~[spring-tx-5.3.29.jar:5.3.29]
	at org.springframework.transaction.interceptor.TransactionAspectSupport.invokeWithinTransaction(TransactionAspectSupport.java:388) ~[spring-tx-5.3.29.jar:5.3.29]
	at org.springframework.transaction.interceptor.TransactionInterceptor.invoke(TransactionInterceptor.java:119) ~[spring-tx-5.3.29.jar:5.3.29]
	at org.springframework.aop.framework.ReflectiveMethodInvocation.proceed(ReflectiveMethodInvocation.java:186) ~[spring-aop-5.3.20.jar:5.3.20]
	at org.springframework.aop.framework.JdkDynamicAopProxy.invoke(JdkDynamicAopProxy.java:215) ~[spring-aop-5.3.20.jar:5.3.20]
	at jdk.proxy2.$Proxy72.createUser(Unknown Source) ~[?:?]
	at ua.epam.mishchenko.ticketbooking.MainApplication.main(MainApplication.java:127) ~[classes/:?]
Caused by: java.lang.NullPointerException: Cannot invoke "jakarta.persistence.EntityManager.persist(Object)" because "this.entityManager" is null
	at ua.epam.mishchenko.ticketbooking.dao.impl.UserDAOImpl.insert(UserDAOImpl.java:314) ~[classes/:?]
	... 13 more
[DEBUG] 2026-03-10 21:16:15.612 [main] EventServiceImpl - Start creating an event: {'id' : 0, 'title' : 'Pop Concert', 'date' : '10-03-2026 21:16'}
[DEBUG] 2026-03-10 21:16:15.647 [main] EventServiceImpl - Successfully creation of the event: {'id' : 42, 'title' : 'Pop Concert', 'date' : '10-03-2026 21:16'}
[DEBUG] 2026-03-10 21:16:20.561 [main] UserServiceImpl - Start creating an user: {'id' : 0, 'name' : 'Alice', 'email' : 'alice@example.com'}
[WARN ] 2026-03-10 21:16:57.114 [main] UserServiceImpl - Can not to create an user: {'id' : 0, 'name' : 'Alice', 'email' : 'alice@example.com'}
ua.epam.mishchenko.ticketbooking.exception.DbException: Error inserting user
	at ua.epam.mishchenko.ticketbooking.dao.impl.UserDAOImpl.insert(UserDAOImpl.java:317) ~[classes/:?]
	at ua.epam.mishchenko.ticketbooking.service.impl.UserServiceImpl.createUser(UserServiceImpl.java:86) ~[classes/:?]
	at jdk.internal.reflect.DirectMethodHandleAccessor.invoke(DirectMethodHandleAccessor.java:103) ~[?:?]
	at java.lang.reflect.Method.invoke(Method.java:580) ~[?:?]
	at org.springframework.aop.support.AopUtils.invokeJoinpointUsingReflection(AopUtils.java:344) ~[spring-aop-5.3.20.jar:5.3.20]
	at org.springframework.aop.framework.ReflectiveMethodInvocation.invokeJoinpoint(ReflectiveMethodInvocation.java:198) ~[spring-aop-5.3.20.jar:5.3.20]
	at org.springframework.aop.framework.ReflectiveMethodInvocation.proceed(ReflectiveMethodInvocation.java:163) ~[spring-aop-5.3.20.jar:5.3.20]
	at org.springframework.transaction.interceptor.TransactionInterceptor$1.proceedWithInvocation(TransactionInterceptor.java:123) ~[spring-tx-5.3.29.jar:5.3.29]
	at org.springframework.transaction.interceptor.TransactionAspectSupport.invokeWithinTransaction(TransactionAspectSupport.java:388) ~[spring-tx-5.3.29.jar:5.3.29]
	at org.springframework.transaction.interceptor.TransactionInterceptor.invoke(TransactionInterceptor.java:119) ~[spring-tx-5.3.29.jar:5.3.29]
	at org.springframework.aop.framework.ReflectiveMethodInvocation.proceed(ReflectiveMethodInvocation.java:186) ~[spring-aop-5.3.20.jar:5.3.20]
	at org.springframework.aop.framework.JdkDynamicAopProxy.invoke(JdkDynamicAopProxy.java:215) ~[spring-aop-5.3.20.jar:5.3.20]
	at jdk.proxy2.$Proxy72.createUser(Unknown Source) ~[?:?]
	at ua.epam.mishchenko.ticketbooking.MainApplication.main(MainApplication.java:127) ~[classes/:?]
Caused by: java.lang.NullPointerException: Cannot invoke "jakarta.persistence.EntityManager.persist(Object)" because "this.entityManager" is null
	at ua.epam.mishchenko.ticketbooking.dao.impl.UserDAOImpl.insert(UserDAOImpl.java:314) ~[classes/:?]
	... 13 more
[DEBUG] 2026-03-10 21:18:26.581 [main] EventServiceImpl - Start creating an event: {'id' : 0, 'title' : 'Pop Concert', 'date' : '10-03-2026 21:18'}
[DEBUG] 2026-03-10 21:18:26.616 [main] EventServiceImpl - Successfully creation of the event: {'id' : 43, 'title' : 'Pop Concert', 'date' : '10-03-2026 21:18'}
[DEBUG] 2026-03-10 21:18:57.329 [main] UserServiceImpl - Start creating an user: {'id' : 0, 'name' : 'Alice', 'email' : 'alice@example.com'}
[WARN ] 2026-03-10 21:19:13.326 [main] UserServiceImpl - Can not to create an user: {'id' : 0, 'name' : 'Alice', 'email' : 'alice@example.com'}
ua.epam.mishchenko.ticketbooking.exception.DbException: Error inserting user
	at ua.epam.mishchenko.ticketbooking.dao.impl.UserDAOImpl.insert(UserDAOImpl.java:317) ~[classes/:?]
	at ua.epam.mishchenko.ticketbooking.service.impl.UserServiceImpl.createUser(UserServiceImpl.java:88) ~[classes/:?]
	at jdk.internal.reflect.DirectMethodHandleAccessor.invoke(DirectMethodHandleAccessor.java:103) ~[?:?]
	at java.lang.reflect.Method.invoke(Method.java:580) ~[?:?]
	at org.springframework.aop.support.AopUtils.invokeJoinpointUsingReflection(AopUtils.java:344) ~[spring-aop-5.3.20.jar:5.3.20]
	at org.springframework.aop.framework.ReflectiveMethodInvocation.invokeJoinpoint(ReflectiveMethodInvocation.java:198) ~[spring-aop-5.3.20.jar:5.3.20]
	at org.springframework.aop.framework.ReflectiveMethodInvocation.proceed(ReflectiveMethodInvocation.java:163) ~[spring-aop-5.3.20.jar:5.3.20]
	at org.springframework.transaction.interceptor.TransactionInterceptor$1.proceedWithInvocation(TransactionInterceptor.java:123) ~[spring-tx-5.3.29.jar:5.3.29]
	at org.springframework.transaction.interceptor.TransactionAspectSupport.invokeWithinTransaction(TransactionAspectSupport.java:388) ~[spring-tx-5.3.29.jar:5.3.29]
	at org.springframework.transaction.interceptor.TransactionInterceptor.invoke(TransactionInterceptor.java:119) ~[spring-tx-5.3.29.jar:5.3.29]
	at org.springframework.aop.framework.ReflectiveMethodInvocation.proceed(ReflectiveMethodInvocation.java:186) ~[spring-aop-5.3.20.jar:5.3.20]
	at org.springframework.aop.framework.JdkDynamicAopProxy.invoke(JdkDynamicAopProxy.java:215) ~[spring-aop-5.3.20.jar:5.3.20]
	at jdk.proxy2.$Proxy72.createUser(Unknown Source) ~[?:?]
	at ua.epam.mishchenko.ticketbooking.MainApplication.main(MainApplication.java:127) ~[classes/:?]
Caused by: java.lang.NullPointerException: Cannot invoke "jakarta.persistence.EntityManager.persist(Object)" because "this.entityManager" is null
	at ua.epam.mishchenko.ticketbooking.dao.impl.UserDAOImpl.insert(UserDAOImpl.java:314) ~[classes/:?]
	... 13 more
[DEBUG] 2026-03-10 21:28:43.884 [main] EventServiceImpl - Start creating an event: {'id' : 0, 'title' : 'Pop Concert', 'date' : '10-03-2026 21:28'}
[DEBUG] 2026-03-10 21:28:43.915 [main] EventServiceImpl - Successfully creation of the event: {'id' : 44, 'title' : 'Pop Concert', 'date' : '10-03-2026 21:28'}
[DEBUG] 2026-03-10 21:28:46.836 [main] UserServiceImpl - Start creating an user: {'id' : 0, 'name' : 'Alice', 'email' : 'alice@example.com'}
[WARN ] 2026-03-10 21:28:55.269 [main] UserServiceImpl - Can not to create an user: {'id' : 0, 'name' : 'Alice', 'email' : 'alice@example.com'}
ua.epam.mishchenko.ticketbooking.exception.DbException: Error inserting user
	at ua.epam.mishchenko.ticketbooking.dao.impl.UserDAOImpl.insert(UserDAOImpl.java:317) ~[classes/:?]
	at ua.epam.mishchenko.ticketbooking.service.impl.UserServiceImpl.createUser(UserServiceImpl.java:87) ~[classes/:?]
	at jdk.internal.reflect.DirectMethodHandleAccessor.invoke(DirectMethodHandleAccessor.java:103) ~[?:?]
	at java.lang.reflect.Method.invoke(Method.java:580) ~[?:?]
	at org.springframework.aop.support.AopUtils.invokeJoinpointUsingReflection(AopUtils.java:344) ~[spring-aop-5.3.20.jar:5.3.20]
	at org.springframework.aop.framework.ReflectiveMethodInvocation.invokeJoinpoint(ReflectiveMethodInvocation.java:198) ~[spring-aop-5.3.20.jar:5.3.20]
	at org.springframework.aop.framework.ReflectiveMethodInvocation.proceed(ReflectiveMethodInvocation.java:163) ~[spring-aop-5.3.20.jar:5.3.20]
	at org.springframework.transaction.interceptor.TransactionInterceptor$1.proceedWithInvocation(TransactionInterceptor.java:123) ~[spring-tx-5.3.29.jar:5.3.29]
	at org.springframework.transaction.interceptor.TransactionAspectSupport.invokeWithinTransaction(TransactionAspectSupport.java:388) ~[spring-tx-5.3.29.jar:5.3.29]
	at org.springframework.transaction.interceptor.TransactionInterceptor.invoke(TransactionInterceptor.java:119) ~[spring-tx-5.3.29.jar:5.3.29]
	at org.springframework.aop.framework.ReflectiveMethodInvocation.proceed(ReflectiveMethodInvocation.java:186) ~[spring-aop-5.3.20.jar:5.3.20]
	at org.springframework.aop.framework.JdkDynamicAopProxy.invoke(JdkDynamicAopProxy.java:215) ~[spring-aop-5.3.20.jar:5.3.20]
	at jdk.proxy2.$Proxy74.createUser(Unknown Source) ~[?:?]
	at ua.epam.mishchenko.ticketbooking.MainApplication.main(MainApplication.java:127) ~[classes/:?]
Caused by: java.lang.NullPointerException: Cannot invoke "jakarta.persistence.EntityManager.persist(Object)" because "this.entityManager" is null
	at ua.epam.mishchenko.ticketbooking.dao.impl.UserDAOImpl.insert(UserDAOImpl.java:314) ~[classes/:?]
	... 13 more
[DEBUG] 2026-03-10 21:39:10.967 [main] EventServiceImpl - Start creating an event: {'id' : 0, 'title' : 'Pop Concert', 'date' : '10-03-2026 21:39'}
[DEBUG] 2026-03-10 21:39:11.007 [main] EventServiceImpl - Successfully creation of the event: {'id' : 45, 'title' : 'Pop Concert', 'date' : '10-03-2026 21:39'}
[DEBUG] 2026-03-10 21:39:15.992 [main] UserServiceImpl - Start creating an user: {'id' : 0, 'name' : 'Alice', 'email' : 'alice@example.com'}
[WARN ] 2026-03-10 21:39:19.693 [main] UserServiceImpl - Can not to create an user: {'id' : 0, 'name' : 'Alice', 'email' : 'alice@example.com'}
ua.epam.mishchenko.ticketbooking.exception.DbException: Error inserting user
	at ua.epam.mishchenko.ticketbooking.dao.impl.UserDAOImpl.insert(UserDAOImpl.java:327) ~[classes/:?]
	at ua.epam.mishchenko.ticketbooking.service.impl.UserServiceImpl.createUser(UserServiceImpl.java:87) ~[classes/:?]
	at jdk.internal.reflect.DirectMethodHandleAccessor.invoke(DirectMethodHandleAccessor.java:103) ~[?:?]
	at java.lang.reflect.Method.invoke(Method.java:580) ~[?:?]
	at org.springframework.aop.support.AopUtils.invokeJoinpointUsingReflection(AopUtils.java:344) ~[spring-aop-5.3.20.jar:5.3.20]
	at org.springframework.aop.framework.ReflectiveMethodInvocation.invokeJoinpoint(ReflectiveMethodInvocation.java:198) ~[spring-aop-5.3.20.jar:5.3.20]
	at org.springframework.aop.framework.ReflectiveMethodInvocation.proceed(ReflectiveMethodInvocation.java:163) ~[spring-aop-5.3.20.jar:5.3.20]
	at org.springframework.transaction.interceptor.TransactionInterceptor$1.proceedWithInvocation(TransactionInterceptor.java:123) ~[spring-tx-5.3.29.jar:5.3.29]
	at org.springframework.transaction.interceptor.TransactionAspectSupport.invokeWithinTransaction(TransactionAspectSupport.java:388) ~[spring-tx-5.3.29.jar:5.3.29]
	at org.springframework.transaction.interceptor.TransactionInterceptor.invoke(TransactionInterceptor.java:119) ~[spring-tx-5.3.29.jar:5.3.29]
	at org.springframework.aop.framework.ReflectiveMethodInvocation.proceed(ReflectiveMethodInvocation.java:186) ~[spring-aop-5.3.20.jar:5.3.20]
	at org.springframework.aop.framework.JdkDynamicAopProxy.invoke(JdkDynamicAopProxy.java:215) ~[spring-aop-5.3.20.jar:5.3.20]
	at jdk.proxy2.$Proxy74.createUser(Unknown Source) ~[?:?]
	at ua.epam.mishchenko.ticketbooking.MainApplication.main(MainApplication.java:127) ~[classes/:?]
Caused by: java.lang.NullPointerException: Cannot invoke "jakarta.persistence.EntityManager.persist(Object)" because "this.entityManager" is null
	at ua.epam.mishchenko.ticketbooking.dao.impl.UserDAOImpl.insert(UserDAOImpl.java:324) ~[classes/:?]
	... 13 more
[DEBUG] 2026-03-10 21:45:12.101 [main] EventServiceImpl - Start creating an event: {'id' : 0, 'title' : 'Pop Concert', 'date' : '10-03-2026 21:45'}
[DEBUG] 2026-03-10 21:45:12.131 [main] EventServiceImpl - Successfully creation of the event: {'id' : 46, 'title' : 'Pop Concert', 'date' : '10-03-2026 21:45'}
[DEBUG] 2026-03-10 21:45:12.151 [main] UserServiceImpl - Start creating an user: {'id' : 0, 'name' : 'Alice', 'email' : 'alice@example.com'}
[WARN ] 2026-03-10 21:45:12.151 [main] UserServiceImpl - Can not to create an user: {'id' : 0, 'name' : 'Alice', 'email' : 'alice@example.com'}
ua.epam.mishchenko.ticketbooking.exception.DbException: Error inserting user
	at ua.epam.mishchenko.ticketbooking.dao.impl.UserDAOImpl.insert(UserDAOImpl.java:332) ~[classes/:?]
	at ua.epam.mishchenko.ticketbooking.service.impl.UserServiceImpl.createUser(UserServiceImpl.java:87) ~[classes/:?]
	at jdk.internal.reflect.DirectMethodHandleAccessor.invoke(DirectMethodHandleAccessor.java:103) ~[?:?]
	at java.lang.reflect.Method.invoke(Method.java:580) ~[?:?]
	at org.springframework.aop.support.AopUtils.invokeJoinpointUsingReflection(AopUtils.java:344) ~[spring-aop-5.3.20.jar:5.3.20]
	at org.springframework.aop.framework.ReflectiveMethodInvocation.invokeJoinpoint(ReflectiveMethodInvocation.java:198) ~[spring-aop-5.3.20.jar:5.3.20]
	at org.springframework.aop.framework.ReflectiveMethodInvocation.proceed(ReflectiveMethodInvocation.java:163) ~[spring-aop-5.3.20.jar:5.3.20]
	at org.springframework.transaction.interceptor.TransactionInterceptor$1.proceedWithInvocation(TransactionInterceptor.java:123) ~[spring-tx-5.3.29.jar:5.3.29]
	at org.springframework.transaction.interceptor.TransactionAspectSupport.invokeWithinTransaction(TransactionAspectSupport.java:388) ~[spring-tx-5.3.29.jar:5.3.29]
	at org.springframework.transaction.interceptor.TransactionInterceptor.invoke(TransactionInterceptor.java:119) ~[spring-tx-5.3.29.jar:5.3.29]
	at org.springframework.aop.framework.ReflectiveMethodInvocation.proceed(ReflectiveMethodInvocation.java:186) ~[spring-aop-5.3.20.jar:5.3.20]
	at org.springframework.aop.framework.JdkDynamicAopProxy.invoke(JdkDynamicAopProxy.java:215) ~[spring-aop-5.3.20.jar:5.3.20]
	at jdk.proxy2.$Proxy74.createUser(Unknown Source) ~[?:?]
	at ua.epam.mishchenko.ticketbooking.MainApplication.main(MainApplication.java:127) ~[classes/:?]
Caused by: java.lang.IllegalArgumentException: Unknown entity: ua.epam.mishchenko.ticketbooking.model.impl.User
	at org.hibernate.internal.SessionImpl.firePersist(SessionImpl.java:804) ~[hibernate-core-5.3.7.Final.jar:5.3.7.Final]
	at org.hibernate.internal.SessionImpl.persist(SessionImpl.java:785) ~[hibernate-core-5.3.7.Final.jar:5.3.7.Final]
	at jdk.internal.reflect.DirectMethodHandleAccessor.invoke(DirectMethodHandleAccessor.java:103) ~[?:?]
	at java.lang.reflect.Method.invoke(Method.java:580) ~[?:?]
	at org.springframework.orm.jpa.ExtendedEntityManagerCreator$ExtendedEntityManagerInvocationHandler.invoke(ExtendedEntityManagerCreator.java:362) ~[spring-orm-5.3.30.jar:5.3.30]
	at jdk.proxy2.$Proxy63.persist(Unknown Source) ~[?:?]
	at ua.epam.mishchenko.ticketbooking.dao.impl.UserDAOImpl.insert(UserDAOImpl.java:329) ~[classes/:?]
	... 13 more
[DEBUG] 2026-03-10 21:45:22.296 [main] EventServiceImpl - Start creating an event: {'id' : 0, 'title' : 'Pop Concert', 'date' : '10-03-2026 21:45'}
[DEBUG] 2026-03-10 21:45:22.331 [main] EventServiceImpl - Successfully creation of the event: {'id' : 47, 'title' : 'Pop Concert', 'date' : '10-03-2026 21:45'}
[DEBUG] 2026-03-10 21:45:26.045 [main] UserServiceImpl - Start creating an user: {'id' : 0, 'name' : 'Alice', 'email' : 'alice@example.com'}
[WARN ] 2026-03-10 21:46:15.019 [main] UserServiceImpl - Can not to create an user: {'id' : 0, 'name' : 'Alice', 'email' : 'alice@example.com'}
ua.epam.mishchenko.ticketbooking.exception.DbException: Error inserting user
	at ua.epam.mishchenko.ticketbooking.dao.impl.UserDAOImpl.insert(UserDAOImpl.java:332) ~[classes/:?]
	at ua.epam.mishchenko.ticketbooking.service.impl.UserServiceImpl.createUser(UserServiceImpl.java:87) ~[classes/:?]
	at jdk.internal.reflect.DirectMethodHandleAccessor.invoke(DirectMethodHandleAccessor.java:103) ~[?:?]
	at java.lang.reflect.Method.invoke(Method.java:580) ~[?:?]
	at org.springframework.aop.support.AopUtils.invokeJoinpointUsingReflection(AopUtils.java:344) ~[spring-aop-5.3.20.jar:5.3.20]
	at org.springframework.aop.framework.ReflectiveMethodInvocation.invokeJoinpoint(ReflectiveMethodInvocation.java:198) ~[spring-aop-5.3.20.jar:5.3.20]
	at org.springframework.aop.framework.ReflectiveMethodInvocation.proceed(ReflectiveMethodInvocation.java:163) ~[spring-aop-5.3.20.jar:5.3.20]
	at org.springframework.transaction.interceptor.TransactionInterceptor$1.proceedWithInvocation(TransactionInterceptor.java:123) ~[spring-tx-5.3.29.jar:5.3.29]
	at org.springframework.transaction.interceptor.TransactionAspectSupport.invokeWithinTransaction(TransactionAspectSupport.java:388) ~[spring-tx-5.3.29.jar:5.3.29]
	at org.springframework.transaction.interceptor.TransactionInterceptor.invoke(TransactionInterceptor.java:119) ~[spring-tx-5.3.29.jar:5.3.29]
	at org.springframework.aop.framework.ReflectiveMethodInvocation.proceed(ReflectiveMethodInvocation.java:186) ~[spring-aop-5.3.20.jar:5.3.20]
	at org.springframework.aop.framework.JdkDynamicAopProxy.invoke(JdkDynamicAopProxy.java:215) ~[spring-aop-5.3.20.jar:5.3.20]
	at jdk.proxy2.$Proxy74.createUser(Unknown Source) ~[?:?]
	at ua.epam.mishchenko.ticketbooking.MainApplication.main(MainApplication.java:127) ~[classes/:?]
Caused by: java.lang.IllegalArgumentException: Unknown entity: ua.epam.mishchenko.ticketbooking.model.impl.User
	at org.hibernate.internal.SessionImpl.firePersist(SessionImpl.java:804) ~[hibernate-core-5.3.7.Final.jar:5.3.7.Final]
	at org.hibernate.internal.SessionImpl.persist(SessionImpl.java:785) ~[hibernate-core-5.3.7.Final.jar:5.3.7.Final]
	at jdk.internal.reflect.DirectMethodHandleAccessor.invoke(DirectMethodHandleAccessor.java:103) ~[?:?]
	at java.lang.reflect.Method.invoke(Method.java:580) ~[?:?]
	at org.springframework.orm.jpa.ExtendedEntityManagerCreator$ExtendedEntityManagerInvocationHandler.invoke(ExtendedEntityManagerCreator.java:362) ~[spring-orm-5.3.30.jar:5.3.30]
	at jdk.proxy2.$Proxy63.persist(Unknown Source) ~[?:?]
	at ua.epam.mishchenko.ticketbooking.dao.impl.UserDAOImpl.insert(UserDAOImpl.java:329) ~[classes/:?]
	... 13 more
[DEBUG] 2026-03-10 21:46:35.737 [main] EventServiceImpl - Start creating an event: {'id' : 0, 'title' : 'Pop Concert', 'date' : '10-03-2026 21:46'}
[DEBUG] 2026-03-10 21:46:35.769 [main] EventServiceImpl - Successfully creation of the event: {'id' : 48, 'title' : 'Pop Concert', 'date' : '10-03-2026 21:46'}
[DEBUG] 2026-03-10 21:46:39.048 [main] UserServiceImpl - Start creating an user: {'id' : 0, 'name' : 'Alice', 'email' : 'alice@example.com'}
[WARN ] 2026-03-10 21:46:44.044 [main] UserServiceImpl - Can not to create an user: {'id' : 0, 'name' : 'Alice', 'email' : 'alice@example.com'}
ua.epam.mishchenko.ticketbooking.exception.DbException: Error inserting user
	at ua.epam.mishchenko.ticketbooking.dao.impl.UserDAOImpl.insert(UserDAOImpl.java:332) ~[classes/:?]
	at ua.epam.mishchenko.ticketbooking.service.impl.UserServiceImpl.createUser(UserServiceImpl.java:87) ~[classes/:?]
	at jdk.internal.reflect.DirectMethodHandleAccessor.invoke(DirectMethodHandleAccessor.java:103) ~[?:?]
	at java.lang.reflect.Method.invoke(Method.java:580) ~[?:?]
	at org.springframework.aop.support.AopUtils.invokeJoinpointUsingReflection(AopUtils.java:344) ~[spring-aop-5.3.20.jar:5.3.20]
	at org.springframework.aop.framework.ReflectiveMethodInvocation.invokeJoinpoint(ReflectiveMethodInvocation.java:198) ~[spring-aop-5.3.20.jar:5.3.20]
	at org.springframework.aop.framework.ReflectiveMethodInvocation.proceed(ReflectiveMethodInvocation.java:163) ~[spring-aop-5.3.20.jar:5.3.20]
	at org.springframework.transaction.interceptor.TransactionInterceptor$1.proceedWithInvocation(TransactionInterceptor.java:123) ~[spring-tx-5.3.29.jar:5.3.29]
	at org.springframework.transaction.interceptor.TransactionAspectSupport.invokeWithinTransaction(TransactionAspectSupport.java:388) ~[spring-tx-5.3.29.jar:5.3.29]
	at org.springframework.transaction.interceptor.TransactionInterceptor.invoke(TransactionInterceptor.java:119) ~[spring-tx-5.3.29.jar:5.3.29]
	at org.springframework.aop.framework.ReflectiveMethodInvocation.proceed(ReflectiveMethodInvocation.java:186) ~[spring-aop-5.3.20.jar:5.3.20]
	at org.springframework.aop.framework.JdkDynamicAopProxy.invoke(JdkDynamicAopProxy.java:215) ~[spring-aop-5.3.20.jar:5.3.20]
	at jdk.proxy2.$Proxy72.createUser(Unknown Source) ~[?:?]
	at ua.epam.mishchenko.ticketbooking.MainApplication.main(MainApplication.java:127) ~[classes/:?]
Caused by: java.lang.IllegalArgumentException: Unknown entity: ua.epam.mishchenko.ticketbooking.model.impl.User
	at org.hibernate.internal.SessionImpl.firePersist(SessionImpl.java:804) ~[hibernate-core-5.3.7.Final.jar:5.3.7.Final]
	at org.hibernate.internal.SessionImpl.persist(SessionImpl.java:785) ~[hibernate-core-5.3.7.Final.jar:5.3.7.Final]
	at jdk.internal.reflect.DirectMethodHandleAccessor.invoke(DirectMethodHandleAccessor.java:103) ~[?:?]
	at java.lang.reflect.Method.invoke(Method.java:580) ~[?:?]
	at org.springframework.orm.jpa.ExtendedEntityManagerCreator$ExtendedEntityManagerInvocationHandler.invoke(ExtendedEntityManagerCreator.java:362) ~[spring-orm-5.3.30.jar:5.3.30]
	at jdk.proxy2.$Proxy61.persist(Unknown Source) ~[?:?]
	at ua.epam.mishchenko.ticketbooking.dao.impl.UserDAOImpl.insert(UserDAOImpl.java:329) ~[classes/:?]
	... 13 more
[DEBUG] 2026-03-10 21:47:57.126 [main] EventServiceImpl - Start creating an event: {'id' : 0, 'title' : 'Pop Concert', 'date' : '10-03-2026 21:47'}
[DEBUG] 2026-03-10 21:47:57.160 [main] EventServiceImpl - Successfully creation of the event: {'id' : 49, 'title' : 'Pop Concert', 'date' : '10-03-2026 21:47'}
[DEBUG] 2026-03-10 21:47:59.490 [main] UserServiceImpl - Start creating an user: {'id' : 0, 'name' : 'Alice', 'email' : 'alice@example.com'}
[WARN ] 2026-03-10 21:48:06.980 [main] UserServiceImpl - Can not to create an user: {'id' : 0, 'name' : 'Alice', 'email' : 'alice@example.com'}
ua.epam.mishchenko.ticketbooking.exception.DbException: Error inserting user
	at ua.epam.mishchenko.ticketbooking.dao.impl.UserDAOImpl.insert(UserDAOImpl.java:333) ~[classes/:?]
	at ua.epam.mishchenko.ticketbooking.service.impl.UserServiceImpl.createUser(UserServiceImpl.java:87) ~[classes/:?]
	at jdk.internal.reflect.DirectMethodHandleAccessor.invoke(DirectMethodHandleAccessor.java:103) ~[?:?]
	at java.lang.reflect.Method.invoke(Method.java:580) ~[?:?]
	at org.springframework.aop.support.AopUtils.invokeJoinpointUsingReflection(AopUtils.java:344) ~[spring-aop-5.3.20.jar:5.3.20]
	at org.springframework.aop.framework.ReflectiveMethodInvocation.invokeJoinpoint(ReflectiveMethodInvocation.java:198) ~[spring-aop-5.3.20.jar:5.3.20]
	at org.springframework.aop.framework.ReflectiveMethodInvocation.proceed(ReflectiveMethodInvocation.java:163) ~[spring-aop-5.3.20.jar:5.3.20]
	at org.springframework.transaction.interceptor.TransactionInterceptor$1.proceedWithInvocation(TransactionInterceptor.java:123) ~[spring-tx-5.3.29.jar:5.3.29]
	at org.springframework.transaction.interceptor.TransactionAspectSupport.invokeWithinTransaction(TransactionAspectSupport.java:388) ~[spring-tx-5.3.29.jar:5.3.29]
	at org.springframework.transaction.interceptor.TransactionInterceptor.invoke(TransactionInterceptor.java:119) ~[spring-tx-5.3.29.jar:5.3.29]
	at org.springframework.aop.framework.ReflectiveMethodInvocation.proceed(ReflectiveMethodInvocation.java:186) ~[spring-aop-5.3.20.jar:5.3.20]
	at org.springframework.aop.framework.JdkDynamicAopProxy.invoke(JdkDynamicAopProxy.java:215) ~[spring-aop-5.3.20.jar:5.3.20]
	at jdk.proxy2.$Proxy72.createUser(Unknown Source) ~[?:?]
	at ua.epam.mishchenko.ticketbooking.MainApplication.main(MainApplication.java:127) ~[classes/:?]
Caused by: java.lang.NullPointerException: Cannot invoke "javax.persistence.EntityManager.persist(Object)" because "this.entityManager" is null
	at ua.epam.mishchenko.ticketbooking.dao.impl.UserDAOImpl.insert(UserDAOImpl.java:330) ~[classes/:?]
	... 13 more
[DEBUG] 2026-03-10 21:48:26.292 [main] EventServiceImpl - Start creating an event: {'id' : 0, 'title' : 'Pop Concert', 'date' : '10-03-2026 21:48'}
[DEBUG] 2026-03-10 21:48:26.324 [main] EventServiceImpl - Successfully creation of the event: {'id' : 50, 'title' : 'Pop Concert', 'date' : '10-03-2026 21:48'}
[DEBUG] 2026-03-10 21:48:29.610 [main] UserServiceImpl - Start creating an user: {'id' : 0, 'name' : 'Alice', 'email' : 'alice@example.com'}
[WARN ] 2026-03-10 21:48:31.994 [main] UserServiceImpl - Can not to create an user: {'id' : 0, 'name' : 'Alice', 'email' : 'alice@example.com'}
ua.epam.mishchenko.ticketbooking.exception.DbException: Error inserting user
	at ua.epam.mishchenko.ticketbooking.dao.impl.UserDAOImpl.insert(UserDAOImpl.java:333) ~[classes/:?]
	at ua.epam.mishchenko.ticketbooking.service.impl.UserServiceImpl.createUser(UserServiceImpl.java:87) ~[classes/:?]
	at jdk.internal.reflect.DirectMethodHandleAccessor.invoke(DirectMethodHandleAccessor.java:103) ~[?:?]
	at java.lang.reflect.Method.invoke(Method.java:580) ~[?:?]
	at org.springframework.aop.support.AopUtils.invokeJoinpointUsingReflection(AopUtils.java:344) ~[spring-aop-5.3.20.jar:5.3.20]
	at org.springframework.aop.framework.ReflectiveMethodInvocation.invokeJoinpoint(ReflectiveMethodInvocation.java:198) ~[spring-aop-5.3.20.jar:5.3.20]
	at org.springframework.aop.framework.ReflectiveMethodInvocation.proceed(ReflectiveMethodInvocation.java:163) ~[spring-aop-5.3.20.jar:5.3.20]
	at org.springframework.transaction.interceptor.TransactionInterceptor$1.proceedWithInvocation(TransactionInterceptor.java:123) ~[spring-tx-5.3.29.jar:5.3.29]
	at org.springframework.transaction.interceptor.TransactionAspectSupport.invokeWithinTransaction(TransactionAspectSupport.java:388) ~[spring-tx-5.3.29.jar:5.3.29]
	at org.springframework.transaction.interceptor.TransactionInterceptor.invoke(TransactionInterceptor.java:119) ~[spring-tx-5.3.29.jar:5.3.29]
	at org.springframework.aop.framework.ReflectiveMethodInvocation.proceed(ReflectiveMethodInvocation.java:186) ~[spring-aop-5.3.20.jar:5.3.20]
	at org.springframework.aop.framework.JdkDynamicAopProxy.invoke(JdkDynamicAopProxy.java:215) ~[spring-aop-5.3.20.jar:5.3.20]
	at jdk.proxy2.$Proxy72.createUser(Unknown Source) ~[?:?]
	at ua.epam.mishchenko.ticketbooking.MainApplication.main(MainApplication.java:127) ~[classes/:?]
Caused by: java.lang.NullPointerException: Cannot invoke "javax.persistence.EntityManager.persist(Object)" because "this.entityManager" is null
	at ua.epam.mishchenko.ticketbooking.dao.impl.UserDAOImpl.insert(UserDAOImpl.java:330) ~[classes/:?]
	... 13 more
[DEBUG] 2026-03-10 21:49:02.932 [main] EventServiceImpl - Start creating an event: {'id' : 0, 'title' : 'Pop Concert', 'date' : '10-03-2026 21:49'}
[DEBUG] 2026-03-10 21:49:02.967 [main] EventServiceImpl - Successfully creation of the event: {'id' : 51, 'title' : 'Pop Concert', 'date' : '10-03-2026 21:49'}
[DEBUG] 2026-03-10 21:49:09.207 [main] UserServiceImpl - Start creating an user: {'id' : 0, 'name' : 'Alice', 'email' : 'alice@example.com'}
[WARN ] 2026-03-10 21:49:47.913 [main] UserServiceImpl - Can not to create an user: {'id' : 0, 'name' : 'Alice', 'email' : 'alice@example.com'}
ua.epam.mishchenko.ticketbooking.exception.DbException: Error inserting user
	at ua.epam.mishchenko.ticketbooking.dao.impl.UserDAOImpl.insert(UserDAOImpl.java:332) ~[classes/:?]
	at ua.epam.mishchenko.ticketbooking.service.impl.UserServiceImpl.createUser(UserServiceImpl.java:87) ~[classes/:?]
	at jdk.internal.reflect.DirectMethodHandleAccessor.invoke(DirectMethodHandleAccessor.java:103) ~[?:?]
	at java.lang.reflect.Method.invoke(Method.java:580) ~[?:?]
	at org.springframework.aop.support.AopUtils.invokeJoinpointUsingReflection(AopUtils.java:344) ~[spring-aop-5.3.20.jar:5.3.20]
	at org.springframework.aop.framework.ReflectiveMethodInvocation.invokeJoinpoint(ReflectiveMethodInvocation.java:198) ~[spring-aop-5.3.20.jar:5.3.20]
	at org.springframework.aop.framework.ReflectiveMethodInvocation.proceed(ReflectiveMethodInvocation.java:163) ~[spring-aop-5.3.20.jar:5.3.20]
	at org.springframework.transaction.interceptor.TransactionInterceptor$1.proceedWithInvocation(TransactionInterceptor.java:123) ~[spring-tx-5.3.29.jar:5.3.29]
	at org.springframework.transaction.interceptor.TransactionAspectSupport.invokeWithinTransaction(TransactionAspectSupport.java:388) ~[spring-tx-5.3.29.jar:5.3.29]
	at org.springframework.transaction.interceptor.TransactionInterceptor.invoke(TransactionInterceptor.java:119) ~[spring-tx-5.3.29.jar:5.3.29]
	at org.springframework.aop.framework.ReflectiveMethodInvocation.proceed(ReflectiveMethodInvocation.java:186) ~[spring-aop-5.3.20.jar:5.3.20]
	at org.springframework.aop.framework.JdkDynamicAopProxy.invoke(JdkDynamicAopProxy.java:215) ~[spring-aop-5.3.20.jar:5.3.20]
	at jdk.proxy2.$Proxy72.createUser(Unknown Source) ~[?:?]
	at ua.epam.mishchenko.ticketbooking.MainApplication.main(MainApplication.java:127) ~[classes/:?]
Caused by: java.lang.IllegalArgumentException: Unknown entity: ua.epam.mishchenko.ticketbooking.model.impl.User
	at org.hibernate.internal.SessionImpl.firePersist(SessionImpl.java:804) ~[hibernate-core-5.3.7.Final.jar:5.3.7.Final]
	at org.hibernate.internal.SessionImpl.persist(SessionImpl.java:785) ~[hibernate-core-5.3.7.Final.jar:5.3.7.Final]
	at jdk.internal.reflect.DirectMethodHandleAccessor.invoke(DirectMethodHandleAccessor.java:103) ~[?:?]
	at java.lang.reflect.Method.invoke(Method.java:580) ~[?:?]
	at org.springframework.orm.jpa.ExtendedEntityManagerCreator$ExtendedEntityManagerInvocationHandler.invoke(ExtendedEntityManagerCreator.java:362) ~[spring-orm-5.3.30.jar:5.3.30]
	at jdk.proxy2.$Proxy61.persist(Unknown Source) ~[?:?]
	at ua.epam.mishchenko.ticketbooking.dao.impl.UserDAOImpl.insert(UserDAOImpl.java:329) ~[classes/:?]
	... 13 more
[DEBUG] 2026-03-10 21:50:09.995 [main] EventServiceImpl - Start creating an event: {'id' : 0, 'title' : 'Pop Concert', 'date' : '10-03-2026 21:50'}
[DEBUG] 2026-03-10 21:50:10.031 [main] EventServiceImpl - Successfully creation of the event: {'id' : 52, 'title' : 'Pop Concert', 'date' : '10-03-2026 21:50'}
[DEBUG] 2026-03-10 21:50:11.529 [main] UserServiceImpl - Start creating an user: {'id' : 0, 'name' : 'Alice', 'email' : 'alice@example.com'}
[WARN ] 2026-03-10 21:50:19.340 [main] UserServiceImpl - Can not to create an user: {'id' : 0, 'name' : 'Alice', 'email' : 'alice@example.com'}
ua.epam.mishchenko.ticketbooking.exception.DbException: Error inserting user
	at ua.epam.mishchenko.ticketbooking.dao.impl.UserDAOImpl.insert(UserDAOImpl.java:332) ~[classes/:?]
	at ua.epam.mishchenko.ticketbooking.service.impl.UserServiceImpl.createUser(UserServiceImpl.java:87) ~[classes/:?]
	at jdk.internal.reflect.DirectMethodHandleAccessor.invoke(DirectMethodHandleAccessor.java:103) ~[?:?]
	at java.lang.reflect.Method.invoke(Method.java:580) ~[?:?]
	at org.springframework.aop.support.AopUtils.invokeJoinpointUsingReflection(AopUtils.java:344) ~[spring-aop-5.3.20.jar:5.3.20]
	at org.springframework.aop.framework.ReflectiveMethodInvocation.invokeJoinpoint(ReflectiveMethodInvocation.java:198) ~[spring-aop-5.3.20.jar:5.3.20]
	at org.springframework.aop.framework.ReflectiveMethodInvocation.proceed(ReflectiveMethodInvocation.java:163) ~[spring-aop-5.3.20.jar:5.3.20]
	at org.springframework.transaction.interceptor.TransactionInterceptor$1.proceedWithInvocation(TransactionInterceptor.java:123) ~[spring-tx-5.3.29.jar:5.3.29]
	at org.springframework.transaction.interceptor.TransactionAspectSupport.invokeWithinTransaction(TransactionAspectSupport.java:388) ~[spring-tx-5.3.29.jar:5.3.29]
	at org.springframework.transaction.interceptor.TransactionInterceptor.invoke(TransactionInterceptor.java:119) ~[spring-tx-5.3.29.jar:5.3.29]
	at org.springframework.aop.framework.ReflectiveMethodInvocation.proceed(ReflectiveMethodInvocation.java:186) ~[spring-aop-5.3.20.jar:5.3.20]
	at org.springframework.aop.framework.JdkDynamicAopProxy.invoke(JdkDynamicAopProxy.java:215) ~[spring-aop-5.3.20.jar:5.3.20]
	at jdk.proxy2.$Proxy71.createUser(Unknown Source) ~[?:?]
	at ua.epam.mishchenko.ticketbooking.MainApplication.main(MainApplication.java:127) ~[classes/:?]
Caused by: java.lang.IllegalArgumentException: Unknown entity: ua.epam.mishchenko.ticketbooking.model.impl.User
	at org.hibernate.internal.SessionImpl.firePersist(SessionImpl.java:804) ~[hibernate-core-5.3.7.Final.jar:5.3.7.Final]
	at org.hibernate.internal.SessionImpl.persist(SessionImpl.java:785) ~[hibernate-core-5.3.7.Final.jar:5.3.7.Final]
	at jdk.internal.reflect.DirectMethodHandleAccessor.invoke(DirectMethodHandleAccessor.java:103) ~[?:?]
	at java.lang.reflect.Method.invoke(Method.java:580) ~[?:?]
	at org.springframework.orm.jpa.ExtendedEntityManagerCreator$ExtendedEntityManagerInvocationHandler.invoke(ExtendedEntityManagerCreator.java:362) ~[spring-orm-5.3.30.jar:5.3.30]
	at jdk.proxy2.$Proxy60.persist(Unknown Source) ~[?:?]
	at ua.epam.mishchenko.ticketbooking.dao.impl.UserDAOImpl.insert(UserDAOImpl.java:329) ~[classes/:?]
	... 13 more
[DEBUG] 2026-03-10 21:50:59.659 [main] EventServiceImpl - Start creating an event: {'id' : 0, 'title' : 'Pop Concert', 'date' : '10-03-2026 21:50'}
[DEBUG] 2026-03-10 21:50:59.735 [main] EventServiceImpl - Successfully creation of the event: {'id' : 53, 'title' : 'Pop Concert', 'date' : '10-03-2026 21:50'}
[DEBUG] 2026-03-10 21:51:02.888 [main] UserServiceImpl - Start creating an user: {'id' : 0, 'name' : 'Alice', 'email' : 'alice@example.com'}
[WARN ] 2026-03-10 21:51:07.437 [main] UserServiceImpl - Can not to create an user: {'id' : 0, 'name' : 'Alice', 'email' : 'alice@example.com'}
ua.epam.mishchenko.ticketbooking.exception.DbException: Error inserting user
	at ua.epam.mishchenko.ticketbooking.dao.impl.UserDAOImpl.insert(UserDAOImpl.java:332) ~[classes/:?]
	at ua.epam.mishchenko.ticketbooking.service.impl.UserServiceImpl.createUser(UserServiceImpl.java:87) ~[classes/:?]
	at jdk.internal.reflect.DirectMethodHandleAccessor.invoke(DirectMethodHandleAccessor.java:103) ~[?:?]
	at java.lang.reflect.Method.invoke(Method.java:580) ~[?:?]
	at org.springframework.aop.support.AopUtils.invokeJoinpointUsingReflection(AopUtils.java:344) ~[spring-aop-5.3.20.jar:5.3.20]
	at org.springframework.aop.framework.ReflectiveMethodInvocation.invokeJoinpoint(ReflectiveMethodInvocation.java:198) ~[spring-aop-5.3.20.jar:5.3.20]
	at org.springframework.aop.framework.ReflectiveMethodInvocation.proceed(ReflectiveMethodInvocation.java:163) ~[spring-aop-5.3.20.jar:5.3.20]
	at org.springframework.transaction.interceptor.TransactionInterceptor$1.proceedWithInvocation(TransactionInterceptor.java:123) ~[spring-tx-5.3.29.jar:5.3.29]
	at org.springframework.transaction.interceptor.TransactionAspectSupport.invokeWithinTransaction(TransactionAspectSupport.java:388) ~[spring-tx-5.3.29.jar:5.3.29]
	at org.springframework.transaction.interceptor.TransactionInterceptor.invoke(TransactionInterceptor.java:119) ~[spring-tx-5.3.29.jar:5.3.29]
	at org.springframework.aop.framework.ReflectiveMethodInvocation.proceed(ReflectiveMethodInvocation.java:186) ~[spring-aop-5.3.20.jar:5.3.20]
	at org.springframework.aop.framework.JdkDynamicAopProxy.invoke(JdkDynamicAopProxy.java:215) ~[spring-aop-5.3.20.jar:5.3.20]
	at jdk.proxy2.$Proxy71.createUser(Unknown Source) ~[?:?]
	at ua.epam.mishchenko.ticketbooking.MainApplication.main(MainApplication.java:127) ~[classes/:?]
Caused by: java.lang.IllegalArgumentException: Unknown entity: ua.epam.mishchenko.ticketbooking.model.impl.User
	at org.hibernate.internal.SessionImpl.firePersist(SessionImpl.java:804) ~[hibernate-core-5.3.7.Final.jar:5.3.7.Final]
	at org.hibernate.internal.SessionImpl.persist(SessionImpl.java:785) ~[hibernate-core-5.3.7.Final.jar:5.3.7.Final]
	at jdk.internal.reflect.DirectMethodHandleAccessor.invoke(DirectMethodHandleAccessor.java:103) ~[?:?]
	at java.lang.reflect.Method.invoke(Method.java:580) ~[?:?]
	at org.springframework.orm.jpa.ExtendedEntityManagerCreator$ExtendedEntityManagerInvocationHandler.invoke(ExtendedEntityManagerCreator.java:362) ~[spring-orm-5.3.30.jar:5.3.30]
	at jdk.proxy2.$Proxy60.persist(Unknown Source) ~[?:?]
	at ua.epam.mishchenko.ticketbooking.dao.impl.UserDAOImpl.insert(UserDAOImpl.java:329) ~[classes/:?]
	... 13 more
[DEBUG] 2026-03-10 21:51:27.215 [main] EventServiceImpl - Start creating an event: {'id' : 0, 'title' : 'Pop Concert', 'date' : '10-03-2026 21:51'}
[DEBUG] 2026-03-10 21:51:27.274 [main] EventServiceImpl - Successfully creation of the event: {'id' : 54, 'title' : 'Pop Concert', 'date' : '10-03-2026 21:51'}
[DEBUG] 2026-03-10 21:51:39.982 [main] UserServiceImpl - Start creating an user: {'id' : 0, 'name' : 'Alice', 'email' : 'alice@example.com'}
[WARN ] 2026-03-10 21:52:20.847 [main] UserServiceImpl - Can not to create an user: {'id' : 0, 'name' : 'Alice', 'email' : 'alice@example.com'}
ua.epam.mishchenko.ticketbooking.exception.DbException: Error inserting user
	at ua.epam.mishchenko.ticketbooking.dao.impl.UserDAOImpl.insert(UserDAOImpl.java:332) ~[classes/:?]
	at ua.epam.mishchenko.ticketbooking.service.impl.UserServiceImpl.createUser(UserServiceImpl.java:87) ~[classes/:?]
	at jdk.internal.reflect.DirectMethodHandleAccessor.invoke(DirectMethodHandleAccessor.java:103) ~[?:?]
	at java.lang.reflect.Method.invoke(Method.java:580) ~[?:?]
	at org.springframework.aop.support.AopUtils.invokeJoinpointUsingReflection(AopUtils.java:344) ~[spring-aop-5.3.20.jar:5.3.20]
	at org.springframework.aop.framework.ReflectiveMethodInvocation.invokeJoinpoint(ReflectiveMethodInvocation.java:198) ~[spring-aop-5.3.20.jar:5.3.20]
	at org.springframework.aop.framework.ReflectiveMethodInvocation.proceed(ReflectiveMethodInvocation.java:163) ~[spring-aop-5.3.20.jar:5.3.20]
	at org.springframework.transaction.interceptor.TransactionInterceptor$1.proceedWithInvocation(TransactionInterceptor.java:123) ~[spring-tx-5.3.29.jar:5.3.29]
	at org.springframework.transaction.interceptor.TransactionAspectSupport.invokeWithinTransaction(TransactionAspectSupport.java:388) ~[spring-tx-5.3.29.jar:5.3.29]
	at org.springframework.transaction.interceptor.TransactionInterceptor.invoke(TransactionInterceptor.java:119) ~[spring-tx-5.3.29.jar:5.3.29]
	at org.springframework.aop.framework.ReflectiveMethodInvocation.proceed(ReflectiveMethodInvocation.java:186) ~[spring-aop-5.3.20.jar:5.3.20]
	at org.springframework.aop.framework.JdkDynamicAopProxy.invoke(JdkDynamicAopProxy.java:215) ~[spring-aop-5.3.20.jar:5.3.20]
	at jdk.proxy2.$Proxy71.createUser(Unknown Source) ~[?:?]
	at ua.epam.mishchenko.ticketbooking.MainApplication.main(MainApplication.java:127) ~[classes/:?]
Caused by: java.lang.IllegalArgumentException: Unknown entity: ua.epam.mishchenko.ticketbooking.model.impl.User
	at org.hibernate.internal.SessionImpl.firePersist(SessionImpl.java:804) ~[hibernate-core-5.3.7.Final.jar:5.3.7.Final]
	at org.hibernate.internal.SessionImpl.persist(SessionImpl.java:785) ~[hibernate-core-5.3.7.Final.jar:5.3.7.Final]
	at jdk.internal.reflect.DirectMethodHandleAccessor.invoke(DirectMethodHandleAccessor.java:103) ~[?:?]
	at java.lang.reflect.Method.invoke(Method.java:580) ~[?:?]
	at org.springframework.orm.jpa.ExtendedEntityManagerCreator$ExtendedEntityManagerInvocationHandler.invoke(ExtendedEntityManagerCreator.java:362) ~[spring-orm-5.3.30.jar:5.3.30]
	at jdk.proxy2.$Proxy60.persist(Unknown Source) ~[?:?]
	at ua.epam.mishchenko.ticketbooking.dao.impl.UserDAOImpl.insert(UserDAOImpl.java:329) ~[classes/:?]
	... 13 more
[DEBUG] 2026-03-10 21:53:30.631 [main] EventServiceImpl - Start creating an event: {'id' : 0, 'title' : 'Pop Concert', 'date' : '10-03-2026 21:53'}
[DEBUG] 2026-03-10 21:53:30.676 [main] EventServiceImpl - Successfully creation of the event: {'id' : 55, 'title' : 'Pop Concert', 'date' : '10-03-2026 21:53'}
[DEBUG] 2026-03-10 21:53:30.704 [main] UserServiceImpl - Start creating an user: {'id' : 0, 'name' : 'Alice', 'email' : 'alice@example.com'}
[WARN ] 2026-03-10 21:53:30.704 [main] UserServiceImpl - Can not to create an user: {'id' : 0, 'name' : 'Alice', 'email' : 'alice@example.com'}
ua.epam.mishchenko.ticketbooking.exception.DbException: Error inserting user
	at ua.epam.mishchenko.ticketbooking.dao.impl.UserDAOImpl.insert(UserDAOImpl.java:332) ~[classes/:?]
	at ua.epam.mishchenko.ticketbooking.service.impl.UserServiceImpl.createUser(UserServiceImpl.java:87) ~[classes/:?]
	at jdk.internal.reflect.DirectMethodHandleAccessor.invoke(DirectMethodHandleAccessor.java:103) ~[?:?]
	at java.lang.reflect.Method.invoke(Method.java:580) ~[?:?]
	at org.springframework.aop.support.AopUtils.invokeJoinpointUsingReflection(AopUtils.java:344) ~[spring-aop-5.3.20.jar:5.3.20]
	at org.springframework.aop.framework.ReflectiveMethodInvocation.invokeJoinpoint(ReflectiveMethodInvocation.java:198) ~[spring-aop-5.3.20.jar:5.3.20]
	at org.springframework.aop.framework.ReflectiveMethodInvocation.proceed(ReflectiveMethodInvocation.java:163) ~[spring-aop-5.3.20.jar:5.3.20]
	at org.springframework.transaction.interceptor.TransactionInterceptor$1.proceedWithInvocation(TransactionInterceptor.java:123) ~[spring-tx-5.3.29.jar:5.3.29]
	at org.springframework.transaction.interceptor.TransactionAspectSupport.invokeWithinTransaction(TransactionAspectSupport.java:388) ~[spring-tx-5.3.29.jar:5.3.29]
	at org.springframework.transaction.interceptor.TransactionInterceptor.invoke(TransactionInterceptor.java:119) ~[spring-tx-5.3.29.jar:5.3.29]
	at org.springframework.aop.framework.ReflectiveMethodInvocation.proceed(ReflectiveMethodInvocation.java:186) ~[spring-aop-5.3.20.jar:5.3.20]
	at org.springframework.aop.framework.JdkDynamicAopProxy.invoke(JdkDynamicAopProxy.java:215) ~[spring-aop-5.3.20.jar:5.3.20]
	at jdk.proxy2.$Proxy71.createUser(Unknown Source) ~[?:?]
	at ua.epam.mishchenko.ticketbooking.MainApplication.main(MainApplication.java:127) ~[classes/:?]
Caused by: java.lang.IllegalArgumentException: Unknown entity: ua.epam.mishchenko.ticketbooking.model.impl.User
	at org.hibernate.internal.SessionImpl.firePersist(SessionImpl.java:804) ~[hibernate-core-5.3.7.Final.jar:5.3.7.Final]
	at org.hibernate.internal.SessionImpl.persist(SessionImpl.java:785) ~[hibernate-core-5.3.7.Final.jar:5.3.7.Final]
	at jdk.internal.reflect.DirectMethodHandleAccessor.invoke(DirectMethodHandleAccessor.java:103) ~[?:?]
	at java.lang.reflect.Method.invoke(Method.java:580) ~[?:?]
	at org.springframework.orm.jpa.ExtendedEntityManagerCreator$ExtendedEntityManagerInvocationHandler.invoke(ExtendedEntityManagerCreator.java:362) ~[spring-orm-5.3.30.jar:5.3.30]
	at jdk.proxy2.$Proxy60.persist(Unknown Source) ~[?:?]
	at ua.epam.mishchenko.ticketbooking.dao.impl.UserDAOImpl.insert(UserDAOImpl.java:329) ~[classes/:?]
	... 13 more
