[DEBUG] 2026-03-22 12:10:19.707 [main] StrategyCreatorRegionFactoryImpl - RegionFactory impl [org.hibernate.cache.ehcache.internal.EhcacheRegionFactory] did not provide constructor accepting Properties
[DEBUG] 2026-03-22 12:10:19.712 [main] StrategyCreatorRegionFactoryImpl - RegionFactory impl [org.hibernate.cache.ehcache.internal.EhcacheRegionFactory] did not provide constructor accepting Properties
[DEBUG] 2026-03-22 12:10:19.717 [main] RegionFactoryInitiator - Cache region factory : org.hibernate.cache.ehcache.internal.EhcacheRegionFactory
[DEBUG] 2026-03-22 12:10:20.594 [main] DomainDataRegionTemplate - Generating entity cache access [read-write] : NavigableRole[ua.epam.mishchenko.ticketbooking.model.impl.User]
[DEBUG] 2026-03-22 12:10:20.596 [main] DomainDataRegionTemplate - Generating entity cache access [read-write] : NavigableRole[ua.epam.mishchenko.ticketbooking.model.impl.UserAccount]
[DEBUG] 2026-03-22 12:10:20.596 [main] DomainDataRegionTemplate - Generating entity cache access [read-write] : NavigableRole[ua.epam.mishchenko.ticketbooking.model.impl.Event]
[DEBUG] 2026-03-22 12:10:20.596 [main] DomainDataRegionTemplate - Generating entity cache access [read-write] : NavigableRole[ua.epam.mishchenko.ticketbooking.model.impl.Ticket]
[DEBUG] 2026-03-22 12:10:21.030 [main] StatisticsInitiator - Statistics initialized [enabled=true]
[DEBUG] 2026-03-22 12:10:21.257 [main] UserServiceImpl - Retrieving all users with pageSize: 5 and pageNum: 2
[DEBUG] 2026-03-22 12:10:21.350 [main] AbstractReadWriteAccess - Caching data from load [region=`ua.epam.mishchenko.ticketbooking.model.impl.User` (AccessType[read-write])] : key[ua.epam.mishchenko.ticketbooking.model.impl.User#9] -> value[CacheEntry(ua.epam.mishchenko.ticketbooking.model.impl.User)]
[DEBUG] 2026-03-22 12:10:21.352 [main] AbstractReadWriteAccess - Caching data from load [region=`ua.epam.mishchenko.ticketbooking.model.impl.User` (AccessType[read-write])] : key[ua.epam.mishchenko.ticketbooking.model.impl.User#39] -> value[CacheEntry(ua.epam.mishchenko.ticketbooking.model.impl.User)]
[DEBUG] 2026-03-22 12:10:21.352 [main] AbstractReadWriteAccess - Caching data from load [region=`ua.epam.mishchenko.ticketbooking.model.impl.User` (AccessType[read-write])] : key[ua.epam.mishchenko.ticketbooking.model.impl.User#40] -> value[CacheEntry(ua.epam.mishchenko.ticketbooking.model.impl.User)]
[DEBUG] 2026-03-22 12:10:21.352 [main] AbstractReadWriteAccess - Caching data from load [region=`ua.epam.mishchenko.ticketbooking.model.impl.User` (AccessType[read-write])] : key[ua.epam.mishchenko.ticketbooking.model.impl.User#43] -> value[CacheEntry(ua.epam.mishchenko.ticketbooking.model.impl.User)]
[DEBUG] 2026-03-22 12:10:21.352 [main] AbstractReadWriteAccess - Caching data from load [region=`ua.epam.mishchenko.ticketbooking.model.impl.User` (AccessType[read-write])] : key[ua.epam.mishchenko.ticketbooking.model.impl.User#44] -> value[CacheEntry(ua.epam.mishchenko.ticketbooking.model.impl.User)]
[DEBUG] 2026-03-22 12:10:21.353 [main] StatisticsImpl - HHH000117: HQL: SELECT u FROM UserImpl u, time: 28ms, rows: 5
[INFO ] 2026-03-22 12:10:21.355 [main] UserServiceImpl - Successfully retrieved 5 users
[DEBUG] 2026-03-22 12:10:21.374 [main] TicketServiceImpl - Start booking a ticket for user with id 123, event with id 2, place 12, category BAR
[DEBUG] 2026-03-22 12:10:21.383 [main] AbstractReadWriteAccess - Getting cached data from region [`ua.epam.mishchenko.ticketbooking.model.impl.Event` (AccessType[read-write])] by key [ua.epam.mishchenko.ticketbooking.model.impl.Event#2]
[DEBUG] 2026-03-22 12:10:21.383 [main] AbstractReadWriteAccess - Cache miss : region = `ua.epam.mishchenko.ticketbooking.model.impl.Event`, key = `ua.epam.mishchenko.ticketbooking.model.impl.Event#2`
[DEBUG] 2026-03-22 12:10:21.390 [main] AbstractReadWriteAccess - Caching data from load [region=`ua.epam.mishchenko.ticketbooking.model.impl.Event` (AccessType[read-write])] : key[ua.epam.mishchenko.ticketbooking.model.impl.Event#2] -> value[CacheEntry(ua.epam.mishchenko.ticketbooking.model.impl.Event)]
[DEBUG] 2026-03-22 12:10:21.392 [main] AbstractReadWriteAccess - Getting cached data from region [`ua.epam.mishchenko.ticketbooking.model.impl.UserAccount` (AccessType[read-write])] by key [ua.epam.mishchenko.ticketbooking.model.impl.UserAccount#123]
[DEBUG] 2026-03-22 12:10:21.392 [main] AbstractReadWriteAccess - Cache miss : region = `ua.epam.mishchenko.ticketbooking.model.impl.UserAccount`, key = `ua.epam.mishchenko.ticketbooking.model.impl.UserAccount#123`
[DEBUG] 2026-03-22 12:10:21.394 [main] AbstractReadWriteAccess - Caching data from load [region=`ua.epam.mishchenko.ticketbooking.model.impl.UserAccount` (AccessType[read-write])] : key[ua.epam.mishchenko.ticketbooking.model.impl.UserAccount#123] -> value[CacheEntry(ua.epam.mishchenko.ticketbooking.model.impl.UserAccount)]
[DEBUG] 2026-03-22 12:10:21.406 [main] TimestampsCacheEnabledImpl - Pre-invalidating space [tickets], timestamp: 7267017856638976
[INFO ] 2026-03-22 12:10:21.410 [main] TicketServiceImpl - Successfully booked ticket: {'id' : 22, 'userId' : 123, 'eventId' : 2, 'place' : 12, 'category' : 'BAR'}
[DEBUG] 2026-03-22 12:10:21.413 [main] AbstractReadWriteAccess - Locking cache item [region=`ua.epam.mishchenko.ticketbooking.model.impl.UserAccount` (AccessType[read-write])] : `ua.epam.mishchenko.ticketbooking.model.impl.UserAccount#123` (timeout=7267017856667648, version=null)
[DEBUG] 2026-03-22 12:10:21.416 [main] TimestampsCacheEnabledImpl - Pre-invalidating space [user_accounts], timestamp: 7267017856679936
[DEBUG] 2026-03-22 12:10:21.422 [main] TimestampsCacheEnabledImpl - Invalidating space [tickets], timestamp: 7267017610944513
[DEBUG] 2026-03-22 12:10:21.422 [main] TimestampsCacheEnabledImpl - Invalidating space [user_accounts], timestamp: 7267017610944513
[DEBUG] 2026-03-22 12:11:21.680 [main] StrategyCreatorRegionFactoryImpl - RegionFactory impl [org.hibernate.cache.ehcache.internal.EhcacheRegionFactory] did not provide constructor accepting Properties
[DEBUG] 2026-03-22 12:11:21.681 [main] StrategyCreatorRegionFactoryImpl - RegionFactory impl [org.hibernate.cache.ehcache.internal.EhcacheRegionFactory] did not provide constructor accepting Properties
[DEBUG] 2026-03-22 12:11:21.686 [main] RegionFactoryInitiator - Cache region factory : org.hibernate.cache.ehcache.internal.EhcacheRegionFactory
[DEBUG] 2026-03-22 12:11:22.394 [main] DomainDataRegionTemplate - Generating entity cache access [read-write] : NavigableRole[ua.epam.mishchenko.ticketbooking.model.impl.Event]
[DEBUG] 2026-03-22 12:11:22.395 [main] DomainDataRegionTemplate - Generating entity cache access [read-write] : NavigableRole[ua.epam.mishchenko.ticketbooking.model.impl.UserAccount]
[DEBUG] 2026-03-22 12:11:22.396 [main] DomainDataRegionTemplate - Generating entity cache access [read-write] : NavigableRole[ua.epam.mishchenko.ticketbooking.model.impl.Ticket]
[DEBUG] 2026-03-22 12:11:22.396 [main] DomainDataRegionTemplate - Generating entity cache access [read-write] : NavigableRole[ua.epam.mishchenko.ticketbooking.model.impl.User]
[DEBUG] 2026-03-22 12:11:22.783 [main] StatisticsInitiator - Statistics initialized [enabled=true]
[DEBUG] 2026-03-22 12:11:22.997 [main] UserServiceImpl - Retrieving all users with pageSize: 5 and pageNum: 2
[DEBUG] 2026-03-22 12:11:23.093 [main] AbstractReadWriteAccess - Caching data from load [region=`ua.epam.mishchenko.ticketbooking.model.impl.User` (AccessType[read-write])] : key[ua.epam.mishchenko.ticketbooking.model.impl.User#9] -> value[CacheEntry(ua.epam.mishchenko.ticketbooking.model.impl.User)]
[DEBUG] 2026-03-22 12:11:23.096 [main] AbstractReadWriteAccess - Caching data from load [region=`ua.epam.mishchenko.ticketbooking.model.impl.User` (AccessType[read-write])] : key[ua.epam.mishchenko.ticketbooking.model.impl.User#39] -> value[CacheEntry(ua.epam.mishchenko.ticketbooking.model.impl.User)]
[DEBUG] 2026-03-22 12:11:23.096 [main] AbstractReadWriteAccess - Caching data from load [region=`ua.epam.mishchenko.ticketbooking.model.impl.User` (AccessType[read-write])] : key[ua.epam.mishchenko.ticketbooking.model.impl.User#40] -> value[CacheEntry(ua.epam.mishchenko.ticketbooking.model.impl.User)]
[DEBUG] 2026-03-22 12:11:23.096 [main] AbstractReadWriteAccess - Caching data from load [region=`ua.epam.mishchenko.ticketbooking.model.impl.User` (AccessType[read-write])] : key[ua.epam.mishchenko.ticketbooking.model.impl.User#43] -> value[CacheEntry(ua.epam.mishchenko.ticketbooking.model.impl.User)]
[DEBUG] 2026-03-22 12:11:23.097 [main] AbstractReadWriteAccess - Caching data from load [region=`ua.epam.mishchenko.ticketbooking.model.impl.User` (AccessType[read-write])] : key[ua.epam.mishchenko.ticketbooking.model.impl.User#44] -> value[CacheEntry(ua.epam.mishchenko.ticketbooking.model.impl.User)]
[DEBUG] 2026-03-22 12:11:23.097 [main] StatisticsImpl - HHH000117: HQL: SELECT u FROM UserImpl u, time: 30ms, rows: 5
[INFO ] 2026-03-22 12:11:23.099 [main] UserServiceImpl - Successfully retrieved 5 users
[DEBUG] 2026-03-22 12:11:23.122 [main] TicketServiceImpl - Start canceling a ticket with id: 123
[DEBUG] 2026-03-22 12:11:23.132 [main] AbstractReadWriteAccess - Getting cached data from region [`ua.epam.mishchenko.ticketbooking.model.impl.Ticket` (AccessType[read-write])] by key [ua.epam.mishchenko.ticketbooking.model.impl.Ticket#123]
[DEBUG] 2026-03-22 12:11:23.132 [main] AbstractReadWriteAccess - Cache miss : region = `ua.epam.mishchenko.ticketbooking.model.impl.Ticket`, key = `ua.epam.mishchenko.ticketbooking.model.impl.Ticket#123`
[DEBUG] 2026-03-22 12:11:57.082 [main] StrategyCreatorRegionFactoryImpl - RegionFactory impl [org.hibernate.cache.ehcache.internal.EhcacheRegionFactory] did not provide constructor accepting Properties
[DEBUG] 2026-03-22 12:11:57.082 [main] StrategyCreatorRegionFactoryImpl - RegionFactory impl [org.hibernate.cache.ehcache.internal.EhcacheRegionFactory] did not provide constructor accepting Properties
[DEBUG] 2026-03-22 12:11:57.087 [main] RegionFactoryInitiator - Cache region factory : org.hibernate.cache.ehcache.internal.EhcacheRegionFactory
[DEBUG] 2026-03-22 12:11:57.814 [main] DomainDataRegionTemplate - Generating entity cache access [read-write] : NavigableRole[ua.epam.mishchenko.ticketbooking.model.impl.Event]
[DEBUG] 2026-03-22 12:11:57.816 [main] DomainDataRegionTemplate - Generating entity cache access [read-write] : NavigableRole[ua.epam.mishchenko.ticketbooking.model.impl.UserAccount]
[DEBUG] 2026-03-22 12:11:57.816 [main] DomainDataRegionTemplate - Generating entity cache access [read-write] : NavigableRole[ua.epam.mishchenko.ticketbooking.model.impl.Ticket]
[DEBUG] 2026-03-22 12:11:57.816 [main] DomainDataRegionTemplate - Generating entity cache access [read-write] : NavigableRole[ua.epam.mishchenko.ticketbooking.model.impl.User]
[DEBUG] 2026-03-22 12:11:58.186 [main] StatisticsInitiator - Statistics initialized [enabled=true]
[DEBUG] 2026-03-22 12:11:58.421 [main] UserServiceImpl - Retrieving all users with pageSize: 5 and pageNum: 2
[DEBUG] 2026-03-22 12:11:58.516 [main] AbstractReadWriteAccess - Caching data from load [region=`ua.epam.mishchenko.ticketbooking.model.impl.User` (AccessType[read-write])] : key[ua.epam.mishchenko.ticketbooking.model.impl.User#9] -> value[CacheEntry(ua.epam.mishchenko.ticketbooking.model.impl.User)]
[DEBUG] 2026-03-22 12:11:58.518 [main] AbstractReadWriteAccess - Caching data from load [region=`ua.epam.mishchenko.ticketbooking.model.impl.User` (AccessType[read-write])] : key[ua.epam.mishchenko.ticketbooking.model.impl.User#39] -> value[CacheEntry(ua.epam.mishchenko.ticketbooking.model.impl.User)]
[DEBUG] 2026-03-22 12:11:58.518 [main] AbstractReadWriteAccess - Caching data from load [region=`ua.epam.mishchenko.ticketbooking.model.impl.User` (AccessType[read-write])] : key[ua.epam.mishchenko.ticketbooking.model.impl.User#40] -> value[CacheEntry(ua.epam.mishchenko.ticketbooking.model.impl.User)]
[DEBUG] 2026-03-22 12:11:58.518 [main] AbstractReadWriteAccess - Caching data from load [region=`ua.epam.mishchenko.ticketbooking.model.impl.User` (AccessType[read-write])] : key[ua.epam.mishchenko.ticketbooking.model.impl.User#43] -> value[CacheEntry(ua.epam.mishchenko.ticketbooking.model.impl.User)]
[DEBUG] 2026-03-22 12:11:58.518 [main] AbstractReadWriteAccess - Caching data from load [region=`ua.epam.mishchenko.ticketbooking.model.impl.User` (AccessType[read-write])] : key[ua.epam.mishchenko.ticketbooking.model.impl.User#44] -> value[CacheEntry(ua.epam.mishchenko.ticketbooking.model.impl.User)]
[DEBUG] 2026-03-22 12:11:58.519 [main] StatisticsImpl - HHH000117: HQL: SELECT u FROM UserImpl u, time: 29ms, rows: 5
[INFO ] 2026-03-22 12:11:58.521 [main] UserServiceImpl - Successfully retrieved 5 users
[DEBUG] 2026-03-22 12:11:58.540 [main] TicketServiceImpl - Start canceling a ticket with id: 22
[DEBUG] 2026-03-22 12:11:58.547 [main] AbstractReadWriteAccess - Getting cached data from region [`ua.epam.mishchenko.ticketbooking.model.impl.Ticket` (AccessType[read-write])] by key [ua.epam.mishchenko.ticketbooking.model.impl.Ticket#22]
[DEBUG] 2026-03-22 12:11:58.547 [main] AbstractReadWriteAccess - Cache miss : region = `ua.epam.mishchenko.ticketbooking.model.impl.Ticket`, key = `ua.epam.mishchenko.ticketbooking.model.impl.Ticket#22`
[DEBUG] 2026-03-22 12:11:58.551 [main] AbstractReadWriteAccess - Caching data from load [region=`ua.epam.mishchenko.ticketbooking.model.impl.Ticket` (AccessType[read-write])] : key[ua.epam.mishchenko.ticketbooking.model.impl.Ticket#22] -> value[CacheEntry(ua.epam.mishchenko.ticketbooking.model.impl.Ticket)]
[DEBUG] 2026-03-22 12:11:58.552 [main] UserDAOImpl - Start retrieving user by id: 123
[DEBUG] 2026-03-22 12:11:58.553 [main] AbstractReadWriteAccess - Getting cached data from region [`ua.epam.mishchenko.ticketbooking.model.impl.User` (AccessType[read-write])] by key [ua.epam.mishchenko.ticketbooking.model.impl.User#123]
[DEBUG] 2026-03-22 12:11:58.553 [main] AbstractReadWriteAccess - Cache miss : region = `ua.epam.mishchenko.ticketbooking.model.impl.User`, key = `ua.epam.mishchenko.ticketbooking.model.impl.User#123`
[DEBUG] 2026-03-22 12:11:58.554 [main] AbstractReadWriteAccess - Caching data from load [region=`ua.epam.mishchenko.ticketbooking.model.impl.User` (AccessType[read-write])] : key[ua.epam.mishchenko.ticketbooking.model.impl.User#123] -> value[CacheEntry(ua.epam.mishchenko.ticketbooking.model.impl.User)]
[DEBUG] 2026-03-22 12:11:58.555 [main] AbstractReadWriteAccess - Getting cached data from region [`ua.epam.mishchenko.ticketbooking.model.impl.UserAccount` (AccessType[read-write])] by key [ua.epam.mishchenko.ticketbooking.model.impl.UserAccount#123]
[DEBUG] 2026-03-22 12:11:58.555 [main] AbstractReadWriteAccess - Cache miss : region = `ua.epam.mishchenko.ticketbooking.model.impl.UserAccount`, key = `ua.epam.mishchenko.ticketbooking.model.impl.UserAccount#123`
[DEBUG] 2026-03-22 12:11:58.559 [main] AbstractReadWriteAccess - Caching data from load [region=`ua.epam.mishchenko.ticketbooking.model.impl.UserAccount` (AccessType[read-write])] : key[ua.epam.mishchenko.ticketbooking.model.impl.UserAccount#123] -> value[CacheEntry(ua.epam.mishchenko.ticketbooking.model.impl.UserAccount)]
[DEBUG] 2026-03-22 12:11:58.560 [main] AbstractReadWriteAccess - Getting cached data from region [`ua.epam.mishchenko.ticketbooking.model.impl.Event` (AccessType[read-write])] by key [ua.epam.mishchenko.ticketbooking.model.impl.Event#2]
[DEBUG] 2026-03-22 12:11:58.560 [main] AbstractReadWriteAccess - Cache miss : region = `ua.epam.mishchenko.ticketbooking.model.impl.Event`, key = `ua.epam.mishchenko.ticketbooking.model.impl.Event#2`
[DEBUG] 2026-03-22 12:11:58.562 [main] AbstractReadWriteAccess - Caching data from load [region=`ua.epam.mishchenko.ticketbooking.model.impl.Event` (AccessType[read-write])] : key[ua.epam.mishchenko.ticketbooking.model.impl.Event#2] -> value[CacheEntry(ua.epam.mishchenko.ticketbooking.model.impl.Event)]
[INFO ] 2026-03-22 12:11:58.568 [main] TicketServiceImpl - Successfully canceled the ticket with id: 22
[DEBUG] 2026-03-22 12:11:58.571 [main] AbstractReadWriteAccess - Locking cache item [region=`ua.epam.mishchenko.ticketbooking.model.impl.UserAccount` (AccessType[read-write])] : `ua.epam.mishchenko.ticketbooking.model.impl.UserAccount#123` (timeout=7267018254626816, version=null)
[DEBUG] 2026-03-22 12:11:58.575 [main] TimestampsCacheEnabledImpl - Pre-invalidating space [user_accounts], timestamp: 7267018254643200
[DEBUG] 2026-03-22 12:11:58.575 [main] AbstractReadWriteAccess - Locking cache item [region=`ua.epam.mishchenko.ticketbooking.model.impl.Ticket` (AccessType[read-write])] : `ua.epam.mishchenko.ticketbooking.model.impl.Ticket#22` (timeout=7267018254643201, version=null)
[DEBUG] 2026-03-22 12:11:58.578 [main] AbstractReadWriteAccess - Skipping #remove call in read-write access to maintain SoftLock : ua.epam.mishchenko.ticketbooking.model.impl.Ticket#22
[DEBUG] 2026-03-22 12:11:58.578 [main] TimestampsCacheEnabledImpl - Pre-invalidating space [tickets], timestamp: 7267018254655488
[DEBUG] 2026-03-22 12:11:58.580 [main] AbstractReadWriteAccess - Unlocking cache item [region=`ua.epam.mishchenko.ticketbooking.model.impl.Ticket` (AccessType[read-write])] : ua.epam.mishchenko.ticketbooking.model.impl.Ticket#22
[DEBUG] 2026-03-22 12:11:58.580 [main] TimestampsCacheEnabledImpl - Invalidating space [tickets], timestamp: 7267018008903682
[DEBUG] 2026-03-22 12:11:58.580 [main] TimestampsCacheEnabledImpl - Invalidating space [user_accounts], timestamp: 7267018008903682
[DEBUG] 2026-03-22 12:16:45.475 [main] StrategyCreatorRegionFactoryImpl - RegionFactory impl [org.hibernate.cache.ehcache.internal.EhcacheRegionFactory] did not provide constructor accepting Properties
[DEBUG] 2026-03-22 12:16:45.476 [main] StrategyCreatorRegionFactoryImpl - RegionFactory impl [org.hibernate.cache.ehcache.internal.EhcacheRegionFactory] did not provide constructor accepting Properties
[DEBUG] 2026-03-22 12:16:45.480 [main] RegionFactoryInitiator - Cache region factory : org.hibernate.cache.ehcache.internal.EhcacheRegionFactory
[DEBUG] 2026-03-22 12:16:46.195 [main] DomainDataRegionTemplate - Generating entity cache access [read-write] : NavigableRole[ua.epam.mishchenko.ticketbooking.model.impl.UserAccount]
[DEBUG] 2026-03-22 12:16:46.196 [main] DomainDataRegionTemplate - Generating entity cache access [read-write] : NavigableRole[ua.epam.mishchenko.ticketbooking.model.impl.Event]
[DEBUG] 2026-03-22 12:16:46.196 [main] DomainDataRegionTemplate - Generating entity cache access [read-write] : NavigableRole[ua.epam.mishchenko.ticketbooking.model.impl.Ticket]
[DEBUG] 2026-03-22 12:16:46.196 [main] DomainDataRegionTemplate - Generating entity cache access [read-write] : NavigableRole[ua.epam.mishchenko.ticketbooking.model.impl.User]
[DEBUG] 2026-03-22 12:16:46.582 [main] StatisticsInitiator - Statistics initialized [enabled=true]
[DEBUG] 2026-03-22 12:16:46.853 [main] UserServiceImpl - Start creating a user: {'id' : 0, 'name' : 'Test User', 'email' : 'testuser@example.com'}
[DEBUG] 2026-03-22 12:16:46.912 [main] StatisticsImpl - HHH000117: HQL: SELECT u FROM UserImpl u WHERE u.email = :email, time: 4ms, rows: 0
[DEBUG] 2026-03-22 12:16:46.922 [main] TimestampsCacheEnabledImpl - Pre-invalidating space [users], timestamp: 7267019435712512
[INFO ] 2026-03-22 12:16:46.923 [main] UserServiceImpl - Successfully created user: {'id' : 124, 'name' : 'Test User', 'email' : 'testuser@example.com'}
[DEBUG] 2026-03-22 12:16:46.923 [main] UserAccountServiceImpl - Start creating a user account with userId: 124
[DEBUG] 2026-03-22 12:16:46.923 [main] UserDAOImpl - Start retrieving user by id: 124
[DEBUG] 2026-03-22 12:16:46.931 [main] AbstractReadWriteAccess - Getting cached data from region [`ua.epam.mishchenko.ticketbooking.model.impl.UserAccount` (AccessType[read-write])] by key [ua.epam.mishchenko.ticketbooking.model.impl.UserAccount#124]
[DEBUG] 2026-03-22 12:16:46.931 [main] AbstractReadWriteAccess - Cache miss : region = `ua.epam.mishchenko.ticketbooking.model.impl.UserAccount`, key = `ua.epam.mishchenko.ticketbooking.model.impl.UserAccount#124`
[DEBUG] 2026-03-22 12:16:46.932 [main] AbstractReadWriteAccess - Getting cached data from region [`ua.epam.mishchenko.ticketbooking.model.impl.UserAccount` (AccessType[read-write])] by key [ua.epam.mishchenko.ticketbooking.model.impl.UserAccount#124]
[DEBUG] 2026-03-22 12:16:46.932 [main] AbstractReadWriteAccess - Cache miss : region = `ua.epam.mishchenko.ticketbooking.model.impl.UserAccount`, key = `ua.epam.mishchenko.ticketbooking.model.impl.UserAccount#124`
[INFO ] 2026-03-22 12:16:46.939 [main] UserAccountServiceImpl - Successfully created userAccount for userId: 124
[DEBUG] 2026-03-22 12:16:46.939 [main] UserAccountServiceImpl - Start adding funds: 2000.0 to userId: 124
[INFO ] 2026-03-22 12:16:46.942 [main] UserAccountServiceImpl - Successfully added 2000.0 to userId: 124. New balance: 2000.0
[DEBUG] 2026-03-22 12:16:46.948 [main] EventServiceImpl - Start creating an event: EventImpl{id=0, title='Test Event', date=2026-03-22, ticketPrice=100.0}
[DEBUG] 2026-03-22 12:16:46.951 [main] TimestampsCacheEnabledImpl - Pre-invalidating space [user_accounts], timestamp: 7267019435831296
[DEBUG] 2026-03-22 12:16:46.955 [main] TimestampsCacheEnabledImpl - Pre-invalidating space [events], timestamp: 7267019435847680
[INFO ] 2026-03-22 12:16:46.955 [main] EventServiceImpl - Successfully created the event: EventImpl{id=121, title='Test Event', date=2026-03-22, ticketPrice=100.0}
[DEBUG] 2026-03-22 12:16:46.958 [main] TicketServiceImpl - Start booking a ticket for user with id 124, event with id 121, place 2, category STANDARD
[DEBUG] 2026-03-22 12:16:46.962 [main] TimestampsCacheEnabledImpl - Pre-invalidating space [tickets], timestamp: 7267019435876352
[INFO ] 2026-03-22 12:16:46.965 [main] TicketServiceImpl - Successfully booked ticket: {'id' : 23, 'userId' : 124, 'eventId' : 121, 'place' : 2, 'category' : 'STANDARD'}
[DEBUG] 2026-03-22 12:16:46.966 [main] TicketServiceImpl - Start canceling a ticket with id: 23
[DEBUG] 2026-03-22 12:16:46.967 [main] UserDAOImpl - Start retrieving user by id: 124
[INFO ] 2026-03-22 12:16:46.969 [main] TicketServiceImpl - Successfully canceled the ticket with id: 23
[DEBUG] 2026-03-22 12:16:46.972 [main] TimestampsCacheEnabledImpl - Invalidating space [tickets], timestamp: 7267019190157312
[DEBUG] 2026-03-22 12:16:46.972 [main] TimestampsCacheEnabledImpl - Invalidating space [user_accounts], timestamp: 7267019190157312
[DEBUG] 2026-03-22 12:16:46.972 [main] TimestampsCacheEnabledImpl - Invalidating space [users], timestamp: 7267019190157312
[DEBUG] 2026-03-22 12:16:46.972 [main] TimestampsCacheEnabledImpl - Invalidating space [events], timestamp: 7267019190157312
[DEBUG] 2026-03-22 12:18:24.875 [main] StrategyCreatorRegionFactoryImpl - RegionFactory impl [org.hibernate.cache.ehcache.internal.EhcacheRegionFactory] did not provide constructor accepting Properties
[DEBUG] 2026-03-22 12:18:24.876 [main] StrategyCreatorRegionFactoryImpl - RegionFactory impl [org.hibernate.cache.ehcache.internal.EhcacheRegionFactory] did not provide constructor accepting Properties
[DEBUG] 2026-03-22 12:18:24.881 [main] RegionFactoryInitiator - Cache region factory : org.hibernate.cache.ehcache.internal.EhcacheRegionFactory
[DEBUG] 2026-03-22 12:18:25.629 [main] DomainDataRegionTemplate - Generating entity cache access [read-write] : NavigableRole[ua.epam.mishchenko.ticketbooking.model.impl.Ticket]
[DEBUG] 2026-03-22 12:18:25.630 [main] DomainDataRegionTemplate - Generating entity cache access [read-write] : NavigableRole[ua.epam.mishchenko.ticketbooking.model.impl.UserAccount]
[DEBUG] 2026-03-22 12:18:25.630 [main] DomainDataRegionTemplate - Generating entity cache access [read-write] : NavigableRole[ua.epam.mishchenko.ticketbooking.model.impl.User]
[DEBUG] 2026-03-22 12:18:25.630 [main] DomainDataRegionTemplate - Generating entity cache access [read-write] : NavigableRole[ua.epam.mishchenko.ticketbooking.model.impl.Event]
[DEBUG] 2026-03-22 12:18:26.029 [main] StatisticsInitiator - Statistics initialized [enabled=true]
[DEBUG] 2026-03-22 12:18:26.289 [main] UserServiceImpl - Start creating a user: {'id' : 0, 'name' : 'Test User', 'email' : 'testuser1@example.com'}
[DEBUG] 2026-03-22 12:18:26.357 [main] StatisticsImpl - HHH000117: HQL: SELECT u FROM UserImpl u WHERE u.email = :email, time: 10ms, rows: 0
[DEBUG] 2026-03-22 12:18:26.370 [main] TimestampsCacheEnabledImpl - Pre-invalidating space [users], timestamp: 7267019843051520
[INFO ] 2026-03-22 12:18:26.371 [main] UserServiceImpl - Successfully created user: {'id' : 125, 'name' : 'Test User', 'email' : 'testuser1@example.com'}
[DEBUG] 2026-03-22 12:18:26.372 [main] UserAccountServiceImpl - Start creating a user account with userId: 125
[DEBUG] 2026-03-22 12:18:26.372 [main] UserDAOImpl - Start retrieving user by id: 125
[DEBUG] 2026-03-22 12:18:26.383 [main] AbstractReadWriteAccess - Getting cached data from region [`ua.epam.mishchenko.ticketbooking.model.impl.UserAccount` (AccessType[read-write])] by key [ua.epam.mishchenko.ticketbooking.model.impl.UserAccount#125]
[DEBUG] 2026-03-22 12:18:26.383 [main] AbstractReadWriteAccess - Cache miss : region = `ua.epam.mishchenko.ticketbooking.model.impl.UserAccount`, key = `ua.epam.mishchenko.ticketbooking.model.impl.UserAccount#125`
[DEBUG] 2026-03-22 12:18:26.383 [main] AbstractReadWriteAccess - Getting cached data from region [`ua.epam.mishchenko.ticketbooking.model.impl.UserAccount` (AccessType[read-write])] by key [ua.epam.mishchenko.ticketbooking.model.impl.UserAccount#125]
[DEBUG] 2026-03-22 12:18:26.383 [main] AbstractReadWriteAccess - Cache miss : region = `ua.epam.mishchenko.ticketbooking.model.impl.UserAccount`, key = `ua.epam.mishchenko.ticketbooking.model.impl.UserAccount#125`
[INFO ] 2026-03-22 12:18:26.392 [main] UserAccountServiceImpl - Successfully created userAccount for userId: 125
[DEBUG] 2026-03-22 12:18:26.392 [main] UserAccountServiceImpl - Start adding funds: 2000.0 to userId: 125
[INFO ] 2026-03-22 12:18:26.396 [main] UserAccountServiceImpl - Successfully added 2000.0 to userId: 125. New balance: 2000.0
[DEBUG] 2026-03-22 12:18:26.402 [main] EventServiceImpl - Start creating an event: EventImpl{id=0, title='Test Event', date=2026-03-22, ticketPrice=100.0}
[DEBUG] 2026-03-22 12:18:26.406 [main] TimestampsCacheEnabledImpl - Pre-invalidating space [user_accounts], timestamp: 7267019843198976
[DEBUG] 2026-03-22 12:18:26.412 [main] TimestampsCacheEnabledImpl - Pre-invalidating space [events], timestamp: 7267019843219456
[INFO ] 2026-03-22 12:18:26.412 [main] EventServiceImpl - Successfully created the event: EventImpl{id=122, title='Test Event', date=2026-03-22, ticketPrice=100.0}
[DEBUG] 2026-03-22 12:18:26.414 [main] TicketServiceImpl - Start booking a ticket for user with id 125, event with id 122, place 2, category STANDARD
[DEBUG] 2026-03-22 12:18:26.419 [main] TimestampsCacheEnabledImpl - Pre-invalidating space [tickets], timestamp: 7267019843252224
[INFO ] 2026-03-22 12:18:26.423 [main] TicketServiceImpl - Successfully booked ticket: {'id' : 24, 'userId' : 125, 'eventId' : 122, 'place' : 2, 'category' : 'STANDARD'}
[DEBUG] 2026-03-22 12:18:26.426 [main] TicketServiceImpl - Start canceling a ticket with id: 24
[DEBUG] 2026-03-22 12:18:26.427 [main] UserDAOImpl - Start retrieving user by id: 125
[INFO ] 2026-03-22 12:18:26.429 [main] TicketServiceImpl - Successfully canceled the ticket with id: 24
[DEBUG] 2026-03-22 12:18:26.434 [main] TimestampsCacheEnabledImpl - Invalidating space [tickets], timestamp: 7267019597553664
[DEBUG] 2026-03-22 12:18:26.434 [main] TimestampsCacheEnabledImpl - Invalidating space [user_accounts], timestamp: 7267019597553664
[DEBUG] 2026-03-22 12:18:26.435 [main] TimestampsCacheEnabledImpl - Invalidating space [users], timestamp: 7267019597553664
[DEBUG] 2026-03-22 12:18:26.435 [main] TimestampsCacheEnabledImpl - Invalidating space [events], timestamp: 7267019597553664
[DEBUG] 2026-03-22 12:19:30.932 [main] StrategyCreatorRegionFactoryImpl - RegionFactory impl [org.hibernate.cache.ehcache.internal.EhcacheRegionFactory] did not provide constructor accepting Properties
[DEBUG] 2026-03-22 12:19:30.932 [main] StrategyCreatorRegionFactoryImpl - RegionFactory impl [org.hibernate.cache.ehcache.internal.EhcacheRegionFactory] did not provide constructor accepting Properties
[DEBUG] 2026-03-22 12:19:30.937 [main] RegionFactoryInitiator - Cache region factory : org.hibernate.cache.ehcache.internal.EhcacheRegionFactory
[DEBUG] 2026-03-22 12:19:31.676 [main] DomainDataRegionTemplate - Generating entity cache access [read-write] : NavigableRole[ua.epam.mishchenko.ticketbooking.model.impl.Event]
[DEBUG] 2026-03-22 12:19:31.678 [main] DomainDataRegionTemplate - Generating entity cache access [read-write] : NavigableRole[ua.epam.mishchenko.ticketbooking.model.impl.Ticket]
[DEBUG] 2026-03-22 12:19:31.678 [main] DomainDataRegionTemplate - Generating entity cache access [read-write] : NavigableRole[ua.epam.mishchenko.ticketbooking.model.impl.User]
[DEBUG] 2026-03-22 12:19:31.678 [main] DomainDataRegionTemplate - Generating entity cache access [read-write] : NavigableRole[ua.epam.mishchenko.ticketbooking.model.impl.UserAccount]
[DEBUG] 2026-03-22 12:19:32.067 [main] StatisticsInitiator - Statistics initialized [enabled=true]
[DEBUG] 2026-03-22 12:19:32.331 [main] UserServiceImpl - Start creating a user: {'id' : 0, 'name' : 'Test User', 'email' : 'testuser1@example.com'}
[DEBUG] 2026-03-22 12:19:32.392 [main] StatisticsImpl - HHH000117: HQL: SELECT u FROM UserImpl u WHERE u.email = :email, time: 4ms, rows: 0
[DEBUG] 2026-03-22 12:19:32.403 [main] TimestampsCacheEnabledImpl - Pre-invalidating space [users], timestamp: 7267020113522688
[INFO ] 2026-03-22 12:19:32.404 [main] UserServiceImpl - Successfully created user: {'id' : 126, 'name' : 'Test User', 'email' : 'testuser1@example.com'}
[DEBUG] 2026-03-22 12:19:32.404 [main] UserAccountServiceImpl - Start creating a user account with userId: 126
[DEBUG] 2026-03-22 12:19:32.405 [main] UserDAOImpl - Start retrieving user by id: 126
[DEBUG] 2026-03-22 12:19:32.417 [main] AbstractReadWriteAccess - Getting cached data from region [`ua.epam.mishchenko.ticketbooking.model.impl.UserAccount` (AccessType[read-write])] by key [ua.epam.mishchenko.ticketbooking.model.impl.UserAccount#126]
[DEBUG] 2026-03-22 12:19:32.417 [main] AbstractReadWriteAccess - Cache miss : region = `ua.epam.mishchenko.ticketbooking.model.impl.UserAccount`, key = `ua.epam.mishchenko.ticketbooking.model.impl.UserAccount#126`
[DEBUG] 2026-03-22 12:19:32.417 [main] AbstractReadWriteAccess - Getting cached data from region [`ua.epam.mishchenko.ticketbooking.model.impl.UserAccount` (AccessType[read-write])] by key [ua.epam.mishchenko.ticketbooking.model.impl.UserAccount#126]
[DEBUG] 2026-03-22 12:19:32.417 [main] AbstractReadWriteAccess - Cache miss : region = `ua.epam.mishchenko.ticketbooking.model.impl.UserAccount`, key = `ua.epam.mishchenko.ticketbooking.model.impl.UserAccount#126`
[INFO ] 2026-03-22 12:19:32.424 [main] UserAccountServiceImpl - Successfully created userAccount for userId: 126
[DEBUG] 2026-03-22 12:19:32.425 [main] UserAccountServiceImpl - Start adding funds: 2000.0 to userId: 126
[INFO ] 2026-03-22 12:19:32.428 [main] UserAccountServiceImpl - Successfully added 2000.0 to userId: 126. New balance: 2000.0
[DEBUG] 2026-03-22 12:19:32.435 [main] EventServiceImpl - Start creating an event: EventImpl{id=0, title='Test Event', date=2026-03-22, ticketPrice=100.0}
[DEBUG] 2026-03-22 12:19:32.439 [main] TimestampsCacheEnabledImpl - Pre-invalidating space [user_accounts], timestamp: 7267020113670144
[DEBUG] 2026-03-22 12:19:32.443 [main] TimestampsCacheEnabledImpl - Pre-invalidating space [events], timestamp: 7267020113686528
[INFO ] 2026-03-22 12:19:32.443 [main] EventServiceImpl - Successfully created the event: EventImpl{id=123, title='Test Event', date=2026-03-22, ticketPrice=100.0}
[DEBUG] 2026-03-22 12:19:32.446 [main] TicketServiceImpl - Start booking a ticket for user with id 126, event with id 123, place 2, category STANDARD
[DEBUG] 2026-03-22 12:19:32.449 [main] TimestampsCacheEnabledImpl - Pre-invalidating space [tickets], timestamp: 7267020113711104
[INFO ] 2026-03-22 12:19:32.453 [main] TicketServiceImpl - Successfully booked ticket: {'id' : 25, 'userId' : 126, 'eventId' : 123, 'place' : 2, 'category' : 'STANDARD'}
[DEBUG] 2026-03-22 12:19:32.454 [main] TicketServiceImpl - Start canceling a ticket with id: 25
[DEBUG] 2026-03-22 12:19:32.455 [main] UserDAOImpl - Start retrieving user by id: 126
[INFO ] 2026-03-22 12:19:32.457 [main] TicketServiceImpl - Successfully canceled the ticket with id: 25
[DEBUG] 2026-03-22 12:19:32.457 [main] UserAccountServiceImpl - Start getting a user account with userId: 126
[INFO ] 2026-03-22 12:19:32.458 [main] UserAccountServiceImpl - Successfully retrieved userAccount for userId: 126
[DEBUG] 2026-03-22 12:19:32.462 [main] TimestampsCacheEnabledImpl - Invalidating space [tickets], timestamp: 7267019868004352
[DEBUG] 2026-03-22 12:19:32.462 [main] TimestampsCacheEnabledImpl - Invalidating space [user_accounts], timestamp: 7267019868004352
[DEBUG] 2026-03-22 12:19:32.462 [main] TimestampsCacheEnabledImpl - Invalidating space [users], timestamp: 7267019868004352
[DEBUG] 2026-03-22 12:19:32.462 [main] TimestampsCacheEnabledImpl - Invalidating space [events], timestamp: 7267019868004352
[DEBUG] 2026-03-22 15:51:37.865 [main] StrategyCreatorRegionFactoryImpl - RegionFactory impl [org.hibernate.cache.ehcache.internal.EhcacheRegionFactory] did not provide constructor accepting Properties
[DEBUG] 2026-03-22 15:51:37.866 [main] StrategyCreatorRegionFactoryImpl - RegionFactory impl [org.hibernate.cache.ehcache.internal.EhcacheRegionFactory] did not provide constructor accepting Properties
[DEBUG] 2026-03-22 15:51:37.874 [main] RegionFactoryInitiator - Cache region factory : org.hibernate.cache.ehcache.internal.EhcacheRegionFactory
[DEBUG] 2026-03-22 15:51:38.922 [main] DomainDataRegionTemplate - Generating entity cache access [read-write] : NavigableRole[ua.epam.mishchenko.ticketbooking.model.impl.Ticket]
[DEBUG] 2026-03-22 15:51:38.926 [main] DomainDataRegionTemplate - Generating entity cache access [read-write] : NavigableRole[ua.epam.mishchenko.ticketbooking.model.impl.UserAccount]
[DEBUG] 2026-03-22 15:51:38.926 [main] DomainDataRegionTemplate - Generating entity cache access [read-write] : NavigableRole[ua.epam.mishchenko.ticketbooking.model.impl.Event]
[DEBUG] 2026-03-22 15:51:38.926 [main] DomainDataRegionTemplate - Generating entity cache access [read-write] : NavigableRole[ua.epam.mishchenko.ticketbooking.model.impl.User]
[DEBUG] 2026-03-22 15:51:39.537 [main] StatisticsInitiator - Statistics initialized [enabled=true]
[DEBUG] 2026-03-22 15:51:39.875 [main] UserServiceImpl - Start creating a user: {'id' : 0, 'name' : 'Test User', 'email' : 'testuser1@example.com'}
[DEBUG] 2026-03-22 15:51:39.971 [main] StatisticsImpl - HHH000117: HQL: SELECT u FROM UserImpl u WHERE u.email = :email, time: 6ms, rows: 0
[DEBUG] 2026-03-22 15:51:39.989 [main] TimestampsCacheEnabledImpl - Pre-invalidating space [users], timestamp: 7267072245714944
[INFO ] 2026-03-22 15:51:39.991 [main] UserServiceImpl - Successfully created user: {'id' : 127, 'name' : 'Test User', 'email' : 'testuser1@example.com'}
[DEBUG] 2026-03-22 15:51:39.991 [main] UserAccountServiceImpl - Start creating a user account with userId: 127
[DEBUG] 2026-03-22 15:51:39.991 [main] UserDAOImpl - Start retrieving user by id: 127
[DEBUG] 2026-03-22 15:51:40.004 [main] AbstractReadWriteAccess - Getting cached data from region [`ua.epam.mishchenko.ticketbooking.model.impl.UserAccount` (AccessType[read-write])] by key [ua.epam.mishchenko.ticketbooking.model.impl.UserAccount#127]
[DEBUG] 2026-03-22 15:51:40.004 [main] AbstractReadWriteAccess - Cache miss : region = `ua.epam.mishchenko.ticketbooking.model.impl.UserAccount`, key = `ua.epam.mishchenko.ticketbooking.model.impl.UserAccount#127`
[DEBUG] 2026-03-22 15:51:40.005 [main] AbstractReadWriteAccess - Getting cached data from region [`ua.epam.mishchenko.ticketbooking.model.impl.UserAccount` (AccessType[read-write])] by key [ua.epam.mishchenko.ticketbooking.model.impl.UserAccount#127]
[DEBUG] 2026-03-22 15:51:40.005 [main] AbstractReadWriteAccess - Cache miss : region = `ua.epam.mishchenko.ticketbooking.model.impl.UserAccount`, key = `ua.epam.mishchenko.ticketbooking.model.impl.UserAccount#127`
[INFO ] 2026-03-22 15:51:40.013 [main] UserAccountServiceImpl - Successfully created userAccount for userId: 127
[DEBUG] 2026-03-22 15:51:40.013 [main] UserAccountServiceImpl - Start adding funds: 2000.0 to userId: 127
[INFO ] 2026-03-22 15:51:40.016 [main] UserAccountServiceImpl - Successfully added 2000.0 to userId: 127. New balance: 2000.0
[DEBUG] 2026-03-22 15:51:40.032 [main] EventServiceImpl - Start creating an event: EventImpl{id=0, title='Test Event', date=2026-03-22, ticketPrice=100.0}
[DEBUG] 2026-03-22 15:51:40.037 [main] TimestampsCacheEnabledImpl - Pre-invalidating space [user_accounts], timestamp: 7267072245911552
[DEBUG] 2026-03-22 15:51:40.044 [main] TimestampsCacheEnabledImpl - Pre-invalidating space [events], timestamp: 7267072245940224
[INFO ] 2026-03-22 15:51:40.044 [main] EventServiceImpl - Successfully created the event: EventImpl{id=124, title='Test Event', date=2026-03-22, ticketPrice=100.0}
[DEBUG] 2026-03-22 15:51:40.047 [main] TicketServiceImpl - Start booking a ticket for user with id 127, event with id 124, place 2, category STANDARD
[DEBUG] 2026-03-22 15:51:40.053 [main] TimestampsCacheEnabledImpl - Pre-invalidating space [tickets], timestamp: 7267072245977088
[INFO ] 2026-03-22 15:51:40.057 [main] TicketServiceImpl - Successfully booked ticket: {'id' : 26, 'userId' : 127, 'eventId' : 124, 'place' : 2, 'category' : 'STANDARD'}
[DEBUG] 2026-03-22 15:51:40.059 [main] TicketServiceImpl - Start canceling a ticket with id: 26
[DEBUG] 2026-03-22 15:51:40.060 [main] UserDAOImpl - Start retrieving user by id: 127
[INFO ] 2026-03-22 15:51:40.063 [main] TicketServiceImpl - Successfully canceled the ticket with id: 26
[DEBUG] 2026-03-22 15:51:40.063 [main] UserAccountServiceImpl - Start getting a user account with userId: 127
[INFO ] 2026-03-22 15:51:40.063 [main] UserAccountServiceImpl - Successfully retrieved userAccount for userId: 127
[DEBUG] 2026-03-22 15:51:40.068 [main] TimestampsCacheEnabledImpl - Invalidating space [tickets], timestamp: 7267072000278528
[DEBUG] 2026-03-22 15:51:40.069 [main] TimestampsCacheEnabledImpl - Invalidating space [user_accounts], timestamp: 7267072000278528
[DEBUG] 2026-03-22 15:51:40.069 [main] TimestampsCacheEnabledImpl - Invalidating space [users], timestamp: 7267072000278528
[DEBUG] 2026-03-22 15:51:40.069 [main] TimestampsCacheEnabledImpl - Invalidating space [events], timestamp: 7267072000278528
[DEBUG] 2026-03-22 15:52:05.656 [main] StrategyCreatorRegionFactoryImpl - RegionFactory impl [org.hibernate.cache.ehcache.internal.EhcacheRegionFactory] did not provide constructor accepting Properties
[DEBUG] 2026-03-22 15:52:05.656 [main] StrategyCreatorRegionFactoryImpl - RegionFactory impl [org.hibernate.cache.ehcache.internal.EhcacheRegionFactory] did not provide constructor accepting Properties
[DEBUG] 2026-03-22 15:52:05.663 [main] RegionFactoryInitiator - Cache region factory : org.hibernate.cache.ehcache.internal.EhcacheRegionFactory
[DEBUG] 2026-03-22 15:52:06.590 [main] DomainDataRegionTemplate - Generating entity cache access [read-write] : NavigableRole[ua.epam.mishchenko.ticketbooking.model.impl.UserAccount]
[DEBUG] 2026-03-22 15:52:06.592 [main] DomainDataRegionTemplate - Generating entity cache access [read-write] : NavigableRole[ua.epam.mishchenko.ticketbooking.model.impl.Event]
[DEBUG] 2026-03-22 15:52:06.592 [main] DomainDataRegionTemplate - Generating entity cache access [read-write] : NavigableRole[ua.epam.mishchenko.ticketbooking.model.impl.User]
[DEBUG] 2026-03-22 15:52:06.592 [main] DomainDataRegionTemplate - Generating entity cache access [read-write] : NavigableRole[ua.epam.mishchenko.ticketbooking.model.impl.Ticket]
[DEBUG] 2026-03-22 15:52:07.142 [main] StatisticsInitiator - Statistics initialized [enabled=true]
[DEBUG] 2026-03-22 15:52:07.492 [main] UserServiceImpl - Start creating a user: {'id' : 0, 'name' : 'Test User', 'email' : 'testuser@example.com'}
[DEBUG] 2026-03-22 15:52:07.569 [main] StatisticsImpl - HHH000117: HQL: SELECT u FROM UserImpl u WHERE u.email = :email, time: 4ms, rows: 0
[DEBUG] 2026-03-22 15:52:07.578 [main] TimestampsCacheEnabledImpl - Pre-invalidating space [users], timestamp: 7267072358719488
[INFO ] 2026-03-22 15:52:07.579 [main] UserServiceImpl - Successfully created user: {'id' : 128, 'name' : 'Test User', 'email' : 'testuser@example.com'}
[DEBUG] 2026-03-22 15:52:07.580 [main] UserAccountServiceImpl - Start creating a user account with userId: 128
[DEBUG] 2026-03-22 15:52:07.580 [main] UserDAOImpl - Start retrieving user by id: 128
[DEBUG] 2026-03-22 15:52:07.590 [main] AbstractReadWriteAccess - Getting cached data from region [`ua.epam.mishchenko.ticketbooking.model.impl.UserAccount` (AccessType[read-write])] by key [ua.epam.mishchenko.ticketbooking.model.impl.UserAccount#128]
[DEBUG] 2026-03-22 15:52:07.590 [main] AbstractReadWriteAccess - Cache miss : region = `ua.epam.mishchenko.ticketbooking.model.impl.UserAccount`, key = `ua.epam.mishchenko.ticketbooking.model.impl.UserAccount#128`
[DEBUG] 2026-03-22 15:52:07.591 [main] AbstractReadWriteAccess - Getting cached data from region [`ua.epam.mishchenko.ticketbooking.model.impl.UserAccount` (AccessType[read-write])] by key [ua.epam.mishchenko.ticketbooking.model.impl.UserAccount#128]
[DEBUG] 2026-03-22 15:52:07.591 [main] AbstractReadWriteAccess - Cache miss : region = `ua.epam.mishchenko.ticketbooking.model.impl.UserAccount`, key = `ua.epam.mishchenko.ticketbooking.model.impl.UserAccount#128`
[INFO ] 2026-03-22 15:52:07.599 [main] UserAccountServiceImpl - Successfully created userAccount for userId: 128
[DEBUG] 2026-03-22 15:52:07.599 [main] UserAccountServiceImpl - Start adding funds: 2000.0 to userId: 128
[INFO ] 2026-03-22 15:52:07.602 [main] UserAccountServiceImpl - Successfully added 2000.0 to userId: 128. New balance: 2000.0
[DEBUG] 2026-03-22 15:52:07.610 [main] EventServiceImpl - Start creating an event: EventImpl{id=0, title='Test Event', date=2026-03-22, ticketPrice=100.0}
[DEBUG] 2026-03-22 15:52:07.614 [main] TimestampsCacheEnabledImpl - Pre-invalidating space [user_accounts], timestamp: 7267072358866944
[DEBUG] 2026-03-22 15:52:07.621 [main] TimestampsCacheEnabledImpl - Pre-invalidating space [events], timestamp: 7267072358895616
[INFO ] 2026-03-22 15:52:07.621 [main] EventServiceImpl - Successfully created the event: EventImpl{id=125, title='Test Event', date=2026-03-22, ticketPrice=100.0}
[DEBUG] 2026-03-22 15:52:07.624 [main] TicketServiceImpl - Start booking a ticket for user with id 128, event with id 125, place 2, category STANDARD
[DEBUG] 2026-03-22 15:52:07.627 [main] TimestampsCacheEnabledImpl - Pre-invalidating space [tickets], timestamp: 7267072358920192
[INFO ] 2026-03-22 15:52:07.630 [main] TicketServiceImpl - Successfully booked ticket: {'id' : 27, 'userId' : 128, 'eventId' : 125, 'place' : 2, 'category' : 'STANDARD'}
[DEBUG] 2026-03-22 15:52:07.630 [main] UserAccountServiceImpl - Start getting a user account with userId: 128
[INFO ] 2026-03-22 15:52:07.631 [main] UserAccountServiceImpl - Successfully retrieved userAccount for userId: 128
[DEBUG] 2026-03-22 15:52:07.636 [main] TimestampsCacheEnabledImpl - Invalidating space [tickets], timestamp: 7267072113197056
[DEBUG] 2026-03-22 15:52:07.636 [main] TimestampsCacheEnabledImpl - Invalidating space [user_accounts], timestamp: 7267072113197056
[DEBUG] 2026-03-22 15:52:07.636 [main] TimestampsCacheEnabledImpl - Invalidating space [users], timestamp: 7267072113197056
[DEBUG] 2026-03-22 15:52:07.636 [main] TimestampsCacheEnabledImpl - Invalidating space [events], timestamp: 7267072113197056
[DEBUG] 2026-03-22 15:52:07.658 [main] UserServiceImpl - Start creating a user: {'id' : 0, 'name' : 'Test User', 'email' : 'testuser1@example.com'}
[DEBUG] 2026-03-22 15:52:07.659 [main] StatisticsImpl - HHH000117: HQL: SELECT u FROM UserImpl u WHERE u.email = :email, time: 1ms, rows: 0
[DEBUG] 2026-03-22 15:52:07.661 [main] TimestampsCacheEnabledImpl - Pre-invalidating space [users], timestamp: 7267072359059456
[INFO ] 2026-03-22 15:52:07.662 [main] UserServiceImpl - Successfully created user: {'id' : 129, 'name' : 'Test User', 'email' : 'testuser1@example.com'}
[DEBUG] 2026-03-22 15:52:07.662 [main] UserAccountServiceImpl - Start creating a user account with userId: 129
[DEBUG] 2026-03-22 15:52:07.662 [main] UserDAOImpl - Start retrieving user by id: 129
[DEBUG] 2026-03-22 15:52:07.663 [main] AbstractReadWriteAccess - Getting cached data from region [`ua.epam.mishchenko.ticketbooking.model.impl.UserAccount` (AccessType[read-write])] by key [ua.epam.mishchenko.ticketbooking.model.impl.UserAccount#129]
[DEBUG] 2026-03-22 15:52:07.663 [main] AbstractReadWriteAccess - Cache miss : region = `ua.epam.mishchenko.ticketbooking.model.impl.UserAccount`, key = `ua.epam.mishchenko.ticketbooking.model.impl.UserAccount#129`
[DEBUG] 2026-03-22 15:52:07.663 [main] AbstractReadWriteAccess - Getting cached data from region [`ua.epam.mishchenko.ticketbooking.model.impl.UserAccount` (AccessType[read-write])] by key [ua.epam.mishchenko.ticketbooking.model.impl.UserAccount#129]
[DEBUG] 2026-03-22 15:52:07.663 [main] AbstractReadWriteAccess - Cache miss : region = `ua.epam.mishchenko.ticketbooking.model.impl.UserAccount`, key = `ua.epam.mishchenko.ticketbooking.model.impl.UserAccount#129`
[INFO ] 2026-03-22 15:52:07.665 [main] UserAccountServiceImpl - Successfully created userAccount for userId: 129
[DEBUG] 2026-03-22 15:52:07.665 [main] UserAccountServiceImpl - Start adding funds: 2000.0 to userId: 129
[INFO ] 2026-03-22 15:52:07.665 [main] UserAccountServiceImpl - Successfully added 2000.0 to userId: 129. New balance: 2000.0
[DEBUG] 2026-03-22 15:52:07.665 [main] EventServiceImpl - Start creating an event: EventImpl{id=0, title='Test Event', date=2026-03-22, ticketPrice=100.0}
[DEBUG] 2026-03-22 15:52:07.667 [main] TimestampsCacheEnabledImpl - Pre-invalidating space [user_accounts], timestamp: 7267072359084032
[DEBUG] 2026-03-22 15:52:07.669 [main] TimestampsCacheEnabledImpl - Pre-invalidating space [events], timestamp: 7267072359092224
[INFO ] 2026-03-22 15:52:07.669 [main] EventServiceImpl - Successfully created the event: EventImpl{id=126, title='Test Event', date=2026-03-22, ticketPrice=100.0}
[DEBUG] 2026-03-22 15:52:07.669 [main] TicketServiceImpl - Start booking a ticket for user with id 129, event with id 126, place 2, category STANDARD
[DEBUG] 2026-03-22 15:52:07.672 [main] TimestampsCacheEnabledImpl - Pre-invalidating space [tickets], timestamp: 7267072359104512
[INFO ] 2026-03-22 15:52:07.672 [main] TicketServiceImpl - Successfully booked ticket: {'id' : 28, 'userId' : 129, 'eventId' : 126, 'place' : 2, 'category' : 'STANDARD'}
[DEBUG] 2026-03-22 15:52:07.674 [main] TicketServiceImpl - Start canceling a ticket with id: 28
[DEBUG] 2026-03-22 15:52:07.675 [main] UserDAOImpl - Start retrieving user by id: 129
[INFO ] 2026-03-22 15:52:07.678 [main] TicketServiceImpl - Successfully canceled the ticket with id: 28
[DEBUG] 2026-03-22 15:52:07.678 [main] UserAccountServiceImpl - Start getting a user account with userId: 129
[INFO ] 2026-03-22 15:52:07.678 [main] UserAccountServiceImpl - Successfully retrieved userAccount for userId: 129
[DEBUG] 2026-03-22 15:52:07.680 [main] TimestampsCacheEnabledImpl - Invalidating space [tickets], timestamp: 7267072113377280
[DEBUG] 2026-03-22 15:52:07.680 [main] TimestampsCacheEnabledImpl - Invalidating space [user_accounts], timestamp: 7267072113377280
[DEBUG] 2026-03-22 15:52:07.680 [main] TimestampsCacheEnabledImpl - Invalidating space [users], timestamp: 7267072113377280
[DEBUG] 2026-03-22 15:52:07.680 [main] TimestampsCacheEnabledImpl - Invalidating space [events], timestamp: 7267072113377280
[DEBUG] 2026-03-22 18:14:32.886 [main] StrategyCreatorRegionFactoryImpl - RegionFactory impl [org.hibernate.cache.ehcache.internal.EhcacheRegionFactory] did not provide constructor accepting Properties
[DEBUG] 2026-03-22 18:14:32.886 [main] StrategyCreatorRegionFactoryImpl - RegionFactory impl [org.hibernate.cache.ehcache.internal.EhcacheRegionFactory] did not provide constructor accepting Properties
[DEBUG] 2026-03-22 18:14:32.893 [main] RegionFactoryInitiator - Cache region factory : org.hibernate.cache.ehcache.internal.EhcacheRegionFactory
[DEBUG] 2026-03-22 18:14:33.798 [main] DomainDataRegionTemplate - Generating entity cache access [read-write] : NavigableRole[ua.epam.mishchenko.ticketbooking.model.impl.User]
[DEBUG] 2026-03-22 18:14:33.799 [main] DomainDataRegionTemplate - Generating entity cache access [read-write] : NavigableRole[ua.epam.mishchenko.ticketbooking.model.impl.Event]
[DEBUG] 2026-03-22 18:14:33.799 [main] DomainDataRegionTemplate - Generating entity cache access [read-write] : NavigableRole[ua.epam.mishchenko.ticketbooking.model.impl.UserAccount]
[DEBUG] 2026-03-22 18:14:33.799 [main] DomainDataRegionTemplate - Generating entity cache access [read-write] : NavigableRole[ua.epam.mishchenko.ticketbooking.model.impl.Ticket]
[DEBUG] 2026-03-22 18:14:34.260 [main] StatisticsInitiator - Statistics initialized [enabled=true]
[DEBUG] 2026-03-22 18:14:34.535 [main] UserServiceImpl - Start creating a user: {'id' : 0, 'name' : 'Test User', 'email' : 'testuser@example.com'}
[DEBUG] 2026-03-22 18:14:34.602 [main] StatisticsImpl - HHH000117: HQL: SELECT u FROM UserImpl u WHERE u.email = :email, time: 6ms, rows: 0
[DEBUG] 2026-03-22 18:14:34.625 [main] TimestampsCacheEnabledImpl - Pre-invalidating space [users], timestamp: 7267107367424000
[INFO ] 2026-03-22 18:14:34.627 [main] UserServiceImpl - Successfully created user: {'id' : 130, 'name' : 'Test User', 'email' : 'testuser@example.com'}
[DEBUG] 2026-03-22 18:14:34.627 [main] UserAccountServiceImpl - Start creating a user account with userId: 130
[DEBUG] 2026-03-22 18:14:34.627 [main] UserDAOImpl - Start retrieving user by id: 130
[DEBUG] 2026-03-22 18:14:34.636 [main] AbstractReadWriteAccess - Getting cached data from region [`ua.epam.mishchenko.ticketbooking.model.impl.UserAccount` (AccessType[read-write])] by key [ua.epam.mishchenko.ticketbooking.model.impl.UserAccount#130]
[DEBUG] 2026-03-22 18:14:34.637 [main] AbstractReadWriteAccess - Cache miss : region = `ua.epam.mishchenko.ticketbooking.model.impl.UserAccount`, key = `ua.epam.mishchenko.ticketbooking.model.impl.UserAccount#130`
[DEBUG] 2026-03-22 18:14:34.637 [main] AbstractReadWriteAccess - Getting cached data from region [`ua.epam.mishchenko.ticketbooking.model.impl.UserAccount` (AccessType[read-write])] by key [ua.epam.mishchenko.ticketbooking.model.impl.UserAccount#130]
[DEBUG] 2026-03-22 18:14:34.637 [main] AbstractReadWriteAccess - Cache miss : region = `ua.epam.mishchenko.ticketbooking.model.impl.UserAccount`, key = `ua.epam.mishchenko.ticketbooking.model.impl.UserAccount#130`
[INFO ] 2026-03-22 18:14:34.645 [main] UserAccountServiceImpl - Successfully created userAccount for userId: 130
[DEBUG] 2026-03-22 18:14:34.646 [main] UserAccountServiceImpl - Start adding funds: 2000.0 to userId: 130
[INFO ] 2026-03-22 18:14:34.649 [main] UserAccountServiceImpl - Successfully added 2000.0 to userId: 130. New balance: 2000.0
[DEBUG] 2026-03-22 18:14:34.655 [main] EventServiceImpl - Start creating an event: EventImpl{id=0, title='Test Event', date=2026-03-22, ticketPrice=100.0}
[DEBUG] 2026-03-22 18:14:34.660 [main] TimestampsCacheEnabledImpl - Pre-invalidating space [user_accounts], timestamp: 7267107367567360
[DEBUG] 2026-03-22 18:14:34.665 [main] TimestampsCacheEnabledImpl - Pre-invalidating space [events], timestamp: 7267107367587840
[INFO ] 2026-03-22 18:14:34.665 [main] EventServiceImpl - Successfully created the event: EventImpl{id=127, title='Test Event', date=2026-03-22, ticketPrice=100.0}
[DEBUG] 2026-03-22 18:14:34.667 [main] TicketServiceImpl - Start booking a ticket for user with id 130, event with id 127, place 2, category STANDARD
[DEBUG] 2026-03-22 18:14:34.673 [main] TimestampsCacheEnabledImpl - Pre-invalidating space [tickets], timestamp: 7267107367620608
[INFO ] 2026-03-22 18:14:34.676 [main] TicketServiceImpl - Successfully booked ticket: {'id' : 29, 'userId' : 130, 'eventId' : 127, 'place' : 2, 'category' : 'STANDARD'}
[DEBUG] 2026-03-22 18:14:34.676 [main] UserAccountServiceImpl - Start getting a user account with userId: 130
[INFO ] 2026-03-22 18:14:34.677 [main] UserAccountServiceImpl - Successfully retrieved userAccount for userId: 130
[DEBUG] 2026-03-22 18:14:34.690 [main] TimestampsCacheEnabledImpl - Invalidating space [tickets], timestamp: 7267107121930240
[DEBUG] 2026-03-22 18:14:34.691 [main] TimestampsCacheEnabledImpl - Invalidating space [user_accounts], timestamp: 7267107121930240
[DEBUG] 2026-03-22 18:14:34.691 [main] TimestampsCacheEnabledImpl - Invalidating space [users], timestamp: 7267107121930240
[DEBUG] 2026-03-22 18:14:34.691 [main] TimestampsCacheEnabledImpl - Invalidating space [events], timestamp: 7267107121930240
[DEBUG] 2026-03-22 18:14:34.715 [main] UserServiceImpl - Start creating a user: {'id' : 0, 'name' : 'Test User', 'email' : 'testuser1@example.com'}
[DEBUG] 2026-03-22 18:14:34.717 [main] StatisticsImpl - HHH000117: HQL: SELECT u FROM UserImpl u WHERE u.email = :email, time: 2ms, rows: 0
[DEBUG] 2026-03-22 18:14:34.719 [main] TimestampsCacheEnabledImpl - Pre-invalidating space [users], timestamp: 7267107367809024
[INFO ] 2026-03-22 18:14:34.719 [main] UserServiceImpl - Successfully created user: {'id' : 131, 'name' : 'Test User', 'email' : 'testuser1@example.com'}
[DEBUG] 2026-03-22 18:14:34.719 [main] UserAccountServiceImpl - Start creating a user account with userId: 131
[DEBUG] 2026-03-22 18:14:34.720 [main] UserDAOImpl - Start retrieving user by id: 131
[DEBUG] 2026-03-22 18:14:34.720 [main] AbstractReadWriteAccess - Getting cached data from region [`ua.epam.mishchenko.ticketbooking.model.impl.UserAccount` (AccessType[read-write])] by key [ua.epam.mishchenko.ticketbooking.model.impl.UserAccount#131]
[DEBUG] 2026-03-22 18:14:34.720 [main] AbstractReadWriteAccess - Cache miss : region = `ua.epam.mishchenko.ticketbooking.model.impl.UserAccount`, key = `ua.epam.mishchenko.ticketbooking.model.impl.UserAccount#131`
[DEBUG] 2026-03-22 18:14:34.720 [main] AbstractReadWriteAccess - Getting cached data from region [`ua.epam.mishchenko.ticketbooking.model.impl.UserAccount` (AccessType[read-write])] by key [ua.epam.mishchenko.ticketbooking.model.impl.UserAccount#131]
[DEBUG] 2026-03-22 18:14:34.720 [main] AbstractReadWriteAccess - Cache miss : region = `ua.epam.mishchenko.ticketbooking.model.impl.UserAccount`, key = `ua.epam.mishchenko.ticketbooking.model.impl.UserAccount#131`
[INFO ] 2026-03-22 18:14:34.722 [main] UserAccountServiceImpl - Successfully created userAccount for userId: 131
[DEBUG] 2026-03-22 18:14:34.722 [main] UserAccountServiceImpl - Start adding funds: 2000.0 to userId: 131
[INFO ] 2026-03-22 18:14:34.723 [main] UserAccountServiceImpl - Successfully added 2000.0 to userId: 131. New balance: 2000.0
[DEBUG] 2026-03-22 18:14:34.723 [main] EventServiceImpl - Start creating an event: EventImpl{id=0, title='Test Event', date=2026-03-22, ticketPrice=100.0}
[DEBUG] 2026-03-22 18:14:34.725 [main] TimestampsCacheEnabledImpl - Pre-invalidating space [user_accounts], timestamp: 7267107367833600
[DEBUG] 2026-03-22 18:14:34.727 [main] TimestampsCacheEnabledImpl - Pre-invalidating space [events], timestamp: 7267107367841792
[INFO ] 2026-03-22 18:14:34.727 [main] EventServiceImpl - Successfully created the event: EventImpl{id=128, title='Test Event', date=2026-03-22, ticketPrice=100.0}
[DEBUG] 2026-03-22 18:14:34.727 [main] TicketServiceImpl - Start booking a ticket for user with id 131, event with id 128, place 2, category STANDARD
[DEBUG] 2026-03-22 18:14:34.730 [main] TimestampsCacheEnabledImpl - Pre-invalidating space [tickets], timestamp: 7267107367854080
[INFO ] 2026-03-22 18:14:34.730 [main] TicketServiceImpl - Successfully booked ticket: {'id' : 30, 'userId' : 131, 'eventId' : 128, 'place' : 2, 'category' : 'STANDARD'}
[DEBUG] 2026-03-22 18:14:34.731 [main] TicketServiceImpl - Start canceling a ticket with id: 30
[DEBUG] 2026-03-22 18:14:34.732 [main] UserDAOImpl - Start retrieving user by id: 131
[INFO ] 2026-03-22 18:14:34.734 [main] TicketServiceImpl - Successfully canceled the ticket with id: 30
[DEBUG] 2026-03-22 18:14:34.734 [main] UserAccountServiceImpl - Start getting a user account with userId: 131
[INFO ] 2026-03-22 18:14:34.734 [main] UserAccountServiceImpl - Successfully retrieved userAccount for userId: 131
[DEBUG] 2026-03-22 18:14:34.737 [main] TimestampsCacheEnabledImpl - Invalidating space [tickets], timestamp: 7267107122122752
[DEBUG] 2026-03-22 18:14:34.737 [main] TimestampsCacheEnabledImpl - Invalidating space [user_accounts], timestamp: 7267107122122752
[DEBUG] 2026-03-22 18:14:34.737 [main] TimestampsCacheEnabledImpl - Invalidating space [users], timestamp: 7267107122122752
[DEBUG] 2026-03-22 18:14:34.737 [main] TimestampsCacheEnabledImpl - Invalidating space [events], timestamp: 7267107122122752
[DEBUG] 2026-03-22 18:20:56.009 [main] StrategyCreatorRegionFactoryImpl - RegionFactory impl [org.hibernate.cache.ehcache.internal.EhcacheRegionFactory] did not provide constructor accepting Properties
[DEBUG] 2026-03-22 18:20:56.009 [main] StrategyCreatorRegionFactoryImpl - RegionFactory impl [org.hibernate.cache.ehcache.internal.EhcacheRegionFactory] did not provide constructor accepting Properties
[DEBUG] 2026-03-22 18:20:56.016 [main] RegionFactoryInitiator - Cache region factory : org.hibernate.cache.ehcache.internal.EhcacheRegionFactory
[DEBUG] 2026-03-22 18:20:56.749 [main] DomainDataRegionTemplate - Generating entity cache access [read-write] : NavigableRole[ua.epam.mishchenko.ticketbooking.model.impl.Ticket]
[DEBUG] 2026-03-22 18:20:56.751 [main] DomainDataRegionTemplate - Generating entity cache access [read-write] : NavigableRole[ua.epam.mishchenko.ticketbooking.model.impl.User]
[DEBUG] 2026-03-22 18:20:56.751 [main] DomainDataRegionTemplate - Generating entity cache access [read-write] : NavigableRole[ua.epam.mishchenko.ticketbooking.model.impl.Event]
[DEBUG] 2026-03-22 18:20:56.751 [main] DomainDataRegionTemplate - Generating entity cache access [read-write] : NavigableRole[ua.epam.mishchenko.ticketbooking.model.impl.UserAccount]
[DEBUG] 2026-03-22 18:20:57.180 [main] StatisticsInitiator - Statistics initialized [enabled=true]
[DEBUG] 2026-03-22 18:20:57.427 [main] UserServiceImpl - Start creating a user: {'id' : 0, 'name' : 'Test User', 'email' : 'testuser@example.com'}
[DEBUG] 2026-03-22 18:20:57.489 [main] StatisticsImpl - HHH000117: HQL: SELECT u FROM UserImpl u WHERE u.email = :email, time: 4ms, rows: 0
[DEBUG] 2026-03-22 18:20:57.501 [main] TimestampsCacheEnabledImpl - Pre-invalidating space [users], timestamp: 7267108935684096
[INFO ] 2026-03-22 18:20:57.502 [main] UserServiceImpl - Successfully created user: {'id' : 132, 'name' : 'Test User', 'email' : 'testuser@example.com'}
[DEBUG] 2026-03-22 18:20:57.502 [main] UserAccountServiceImpl - Start creating a user account with userId: 132
[DEBUG] 2026-03-22 18:20:57.502 [main] UserDAOImpl - Start retrieving user by id: 132
[DEBUG] 2026-03-22 18:20:57.512 [main] AbstractReadWriteAccess - Getting cached data from region [`ua.epam.mishchenko.ticketbooking.model.impl.UserAccount` (AccessType[read-write])] by key [ua.epam.mishchenko.ticketbooking.model.impl.UserAccount#132]
[DEBUG] 2026-03-22 18:20:57.512 [main] AbstractReadWriteAccess - Cache miss : region = `ua.epam.mishchenko.ticketbooking.model.impl.UserAccount`, key = `ua.epam.mishchenko.ticketbooking.model.impl.UserAccount#132`
[DEBUG] 2026-03-22 18:20:57.512 [main] AbstractReadWriteAccess - Getting cached data from region [`ua.epam.mishchenko.ticketbooking.model.impl.UserAccount` (AccessType[read-write])] by key [ua.epam.mishchenko.ticketbooking.model.impl.UserAccount#132]
[DEBUG] 2026-03-22 18:20:57.512 [main] AbstractReadWriteAccess - Cache miss : region = `ua.epam.mishchenko.ticketbooking.model.impl.UserAccount`, key = `ua.epam.mishchenko.ticketbooking.model.impl.UserAccount#132`
[INFO ] 2026-03-22 18:20:57.519 [main] UserAccountServiceImpl - Successfully created userAccount for userId: 132
[DEBUG] 2026-03-22 18:20:57.519 [main] UserAccountServiceImpl - Start adding funds: 2000.0 to userId: 132
[INFO ] 2026-03-22 18:20:57.522 [main] UserAccountServiceImpl - Successfully added 2000.0 to userId: 132. New balance: 2000.0
[DEBUG] 2026-03-22 18:20:57.529 [main] EventServiceImpl - Start creating an event: EventImpl{id=0, title='Test Event', date=2026-03-22, ticketPrice=100.0}
[DEBUG] 2026-03-22 18:20:57.533 [main] TimestampsCacheEnabledImpl - Pre-invalidating space [user_accounts], timestamp: 7267108935815168
[DEBUG] 2026-03-22 18:20:57.545 [main] TimestampsCacheEnabledImpl - Pre-invalidating space [events], timestamp: 7267108935864320
[INFO ] 2026-03-22 18:20:57.545 [main] EventServiceImpl - Successfully created the event: EventImpl{id=129, title='Test Event', date=2026-03-22, ticketPrice=100.0}
[DEBUG] 2026-03-22 18:20:57.548 [main] TicketServiceImpl - Start booking a ticket for user with id 132, event with id 129, place 2, category STANDARD
[DEBUG] 2026-03-22 18:20:57.553 [main] TimestampsCacheEnabledImpl - Pre-invalidating space [tickets], timestamp: 7267108935897088
[INFO ] 2026-03-22 18:20:57.560 [main] TicketServiceImpl - Successfully booked ticket: {'id' : 31, 'userId' : 132, 'eventId' : 129, 'place' : 2, 'category' : 'STANDARD'}
[DEBUG] 2026-03-22 18:20:57.560 [main] UserAccountServiceImpl - Start getting a user account with userId: 132
[INFO ] 2026-03-22 18:20:57.561 [main] UserAccountServiceImpl - Successfully retrieved userAccount for userId: 132
[DEBUG] 2026-03-22 18:20:57.565 [main] TimestampsCacheEnabledImpl - Invalidating space [tickets], timestamp: 7267108690186240
[DEBUG] 2026-03-22 18:20:57.566 [main] TimestampsCacheEnabledImpl - Invalidating space [user_accounts], timestamp: 7267108690186240
[DEBUG] 2026-03-22 18:20:57.566 [main] TimestampsCacheEnabledImpl - Invalidating space [users], timestamp: 7267108690186240
[DEBUG] 2026-03-22 18:20:57.566 [main] TimestampsCacheEnabledImpl - Invalidating space [events], timestamp: 7267108690186240
[DEBUG] 2026-03-22 18:20:57.582 [main] UserServiceImpl - Start creating a user: {'id' : 0, 'name' : 'Test User', 'email' : 'testuser1@example.com'}
[DEBUG] 2026-03-22 18:20:57.583 [main] StatisticsImpl - HHH000117: HQL: SELECT u FROM UserImpl u WHERE u.email = :email, time: 1ms, rows: 0
[DEBUG] 2026-03-22 18:20:57.585 [main] TimestampsCacheEnabledImpl - Pre-invalidating space [users], timestamp: 7267108936028160
[INFO ] 2026-03-22 18:20:57.585 [main] UserServiceImpl - Successfully created user: {'id' : 133, 'name' : 'Test User', 'email' : 'testuser1@example.com'}
[DEBUG] 2026-03-22 18:20:57.585 [main] UserAccountServiceImpl - Start creating a user account with userId: 133
[DEBUG] 2026-03-22 18:20:57.586 [main] UserDAOImpl - Start retrieving user by id: 133
[DEBUG] 2026-03-22 18:20:57.586 [main] AbstractReadWriteAccess - Getting cached data from region [`ua.epam.mishchenko.ticketbooking.model.impl.UserAccount` (AccessType[read-write])] by key [ua.epam.mishchenko.ticketbooking.model.impl.UserAccount#133]
[DEBUG] 2026-03-22 18:20:57.586 [main] AbstractReadWriteAccess - Cache miss : region = `ua.epam.mishchenko.ticketbooking.model.impl.UserAccount`, key = `ua.epam.mishchenko.ticketbooking.model.impl.UserAccount#133`
[DEBUG] 2026-03-22 18:20:57.586 [main] AbstractReadWriteAccess - Getting cached data from region [`ua.epam.mishchenko.ticketbooking.model.impl.UserAccount` (AccessType[read-write])] by key [ua.epam.mishchenko.ticketbooking.model.impl.UserAccount#133]
[DEBUG] 2026-03-22 18:20:57.586 [main] AbstractReadWriteAccess - Cache miss : region = `ua.epam.mishchenko.ticketbooking.model.impl.UserAccount`, key = `ua.epam.mishchenko.ticketbooking.model.impl.UserAccount#133`
[INFO ] 2026-03-22 18:20:57.587 [main] UserAccountServiceImpl - Successfully created userAccount for userId: 133
[DEBUG] 2026-03-22 18:20:57.588 [main] UserAccountServiceImpl - Start adding funds: 2000.0 to userId: 133
[INFO ] 2026-03-22 18:20:57.588 [main] UserAccountServiceImpl - Successfully added 2000.0 to userId: 133. New balance: 2000.0
[DEBUG] 2026-03-22 18:20:57.588 [main] EventServiceImpl - Start creating an event: EventImpl{id=0, title='Test Event', date=2026-03-22, ticketPrice=100.0}
[DEBUG] 2026-03-22 18:20:57.590 [main] TimestampsCacheEnabledImpl - Pre-invalidating space [user_accounts], timestamp: 7267108936048640
[DEBUG] 2026-03-22 18:20:57.591 [main] TimestampsCacheEnabledImpl - Pre-invalidating space [events], timestamp: 7267108936052736
[INFO ] 2026-03-22 18:20:57.592 [main] EventServiceImpl - Successfully created the event: EventImpl{id=130, title='Test Event', date=2026-03-22, ticketPrice=100.0}
[DEBUG] 2026-03-22 18:20:57.592 [main] TicketServiceImpl - Start booking a ticket for user with id 133, event with id 130, place 2, category STANDARD
[DEBUG] 2026-03-22 18:20:57.594 [main] TimestampsCacheEnabledImpl - Pre-invalidating space [tickets], timestamp: 7267108936065024
[INFO ] 2026-03-22 18:20:57.594 [main] TicketServiceImpl - Successfully booked ticket: {'id' : 32, 'userId' : 133, 'eventId' : 130, 'place' : 2, 'category' : 'STANDARD'}
[DEBUG] 2026-03-22 18:20:57.595 [main] TicketServiceImpl - Start canceling a ticket with id: 32
[DEBUG] 2026-03-22 18:20:57.596 [main] UserDAOImpl - Start retrieving user by id: 133
[INFO ] 2026-03-22 18:20:57.599 [main] TicketServiceImpl - Successfully canceled the ticket with id: 32
[DEBUG] 2026-03-22 18:20:57.599 [main] UserAccountServiceImpl - Start getting a user account with userId: 133
[INFO ] 2026-03-22 18:20:57.599 [main] UserAccountServiceImpl - Successfully retrieved userAccount for userId: 133
[DEBUG] 2026-03-22 18:20:57.601 [main] TimestampsCacheEnabledImpl - Invalidating space [tickets], timestamp: 7267108690333696
[DEBUG] 2026-03-22 18:20:57.601 [main] TimestampsCacheEnabledImpl - Invalidating space [user_accounts], timestamp: 7267108690333696
[DEBUG] 2026-03-22 18:20:57.601 [main] TimestampsCacheEnabledImpl - Invalidating space [users], timestamp: 7267108690333696
[DEBUG] 2026-03-22 18:20:57.601 [main] TimestampsCacheEnabledImpl - Invalidating space [events], timestamp: 7267108690333696
[DEBUG] 2026-03-22 18:21:47.789 [main] StrategyCreatorRegionFactoryImpl - RegionFactory impl [org.hibernate.cache.ehcache.internal.EhcacheRegionFactory] did not provide constructor accepting Properties
[DEBUG] 2026-03-22 18:21:47.789 [main] StrategyCreatorRegionFactoryImpl - RegionFactory impl [org.hibernate.cache.ehcache.internal.EhcacheRegionFactory] did not provide constructor accepting Properties
[DEBUG] 2026-03-22 18:21:47.795 [main] RegionFactoryInitiator - Cache region factory : org.hibernate.cache.ehcache.internal.EhcacheRegionFactory
[DEBUG] 2026-03-22 18:21:48.484 [main] DomainDataRegionTemplate - Generating entity cache access [read-write] : NavigableRole[ua.epam.mishchenko.ticketbooking.model.impl.Ticket]
[DEBUG] 2026-03-22 18:21:48.486 [main] DomainDataRegionTemplate - Generating entity cache access [read-write] : NavigableRole[ua.epam.mishchenko.ticketbooking.model.impl.User]
[DEBUG] 2026-03-22 18:21:48.486 [main] DomainDataRegionTemplate - Generating entity cache access [read-write] : NavigableRole[ua.epam.mishchenko.ticketbooking.model.impl.Event]
[DEBUG] 2026-03-22 18:21:48.486 [main] DomainDataRegionTemplate - Generating entity cache access [read-write] : NavigableRole[ua.epam.mishchenko.ticketbooking.model.impl.UserAccount]
[DEBUG] 2026-03-22 18:21:48.886 [main] StatisticsInitiator - Statistics initialized [enabled=true]
[DEBUG] 2026-03-22 18:21:49.125 [main] UserServiceImpl - Start creating a user: {'id' : 0, 'name' : 'Test User', 'email' : 'testuser@example.com'}
[DEBUG] 2026-03-22 18:21:49.186 [main] StatisticsImpl - HHH000117: HQL: SELECT u FROM UserImpl u WHERE u.email = :email, time: 4ms, rows: 0
[DEBUG] 2026-03-22 18:21:49.196 [main] TimestampsCacheEnabledImpl - Pre-invalidating space [users], timestamp: 7267109147422720
[INFO ] 2026-03-22 18:21:49.197 [main] UserServiceImpl - Successfully created user: {'id' : 134, 'name' : 'Test User', 'email' : 'testuser@example.com'}
[DEBUG] 2026-03-22 18:21:49.197 [main] UserAccountServiceImpl - Start creating a user account with userId: 134
[DEBUG] 2026-03-22 18:21:49.197 [main] UserDAOImpl - Start retrieving user by id: 134
[DEBUG] 2026-03-22 18:21:49.209 [main] AbstractReadWriteAccess - Getting cached data from region [`ua.epam.mishchenko.ticketbooking.model.impl.UserAccount` (AccessType[read-write])] by key [ua.epam.mishchenko.ticketbooking.model.impl.UserAccount#134]
[DEBUG] 2026-03-22 18:21:49.209 [main] AbstractReadWriteAccess - Cache miss : region = `ua.epam.mishchenko.ticketbooking.model.impl.UserAccount`, key = `ua.epam.mishchenko.ticketbooking.model.impl.UserAccount#134`
[DEBUG] 2026-03-22 18:21:49.210 [main] AbstractReadWriteAccess - Getting cached data from region [`ua.epam.mishchenko.ticketbooking.model.impl.UserAccount` (AccessType[read-write])] by key [ua.epam.mishchenko.ticketbooking.model.impl.UserAccount#134]
[DEBUG] 2026-03-22 18:21:49.210 [main] AbstractReadWriteAccess - Cache miss : region = `ua.epam.mishchenko.ticketbooking.model.impl.UserAccount`, key = `ua.epam.mishchenko.ticketbooking.model.impl.UserAccount#134`
[INFO ] 2026-03-22 18:21:49.216 [main] UserAccountServiceImpl - Successfully created userAccount for userId: 134
[DEBUG] 2026-03-22 18:21:49.216 [main] UserAccountServiceImpl - Start adding funds: 2000.0 to userId: 134
[INFO ] 2026-03-22 18:21:49.220 [main] UserAccountServiceImpl - Successfully added 2000.0 to userId: 134. New balance: 2000.0
[DEBUG] 2026-03-22 18:21:49.227 [main] EventServiceImpl - Start creating an event: EventImpl{id=0, title='Test Event', date=2026-03-22, ticketPrice=100.0}
[DEBUG] 2026-03-22 18:21:49.231 [main] TimestampsCacheEnabledImpl - Pre-invalidating space [user_accounts], timestamp: 7267109147570176
[DEBUG] 2026-03-22 18:21:49.236 [main] TimestampsCacheEnabledImpl - Pre-invalidating space [events], timestamp: 7267109147590656
[INFO ] 2026-03-22 18:21:49.236 [main] EventServiceImpl - Successfully created the event: EventImpl{id=131, title='Test Event', date=2026-03-22, ticketPrice=100.0}
[DEBUG] 2026-03-22 18:21:49.239 [main] TicketServiceImpl - Start booking a ticket for user with id 134, event with id 131, place 2, category STANDARD
[DEBUG] 2026-03-22 18:21:49.244 [main] TimestampsCacheEnabledImpl - Pre-invalidating space [tickets], timestamp: 7267109147623424
[INFO ] 2026-03-22 18:21:49.247 [main] TicketServiceImpl - Successfully booked ticket: {'id' : 33, 'userId' : 134, 'eventId' : 131, 'place' : 2, 'category' : 'STANDARD'}
[DEBUG] 2026-03-22 18:21:49.247 [main] UserAccountServiceImpl - Start getting a user account with userId: 134
[INFO ] 2026-03-22 18:21:49.247 [main] UserAccountServiceImpl - Successfully retrieved userAccount for userId: 134
[DEBUG] 2026-03-22 18:21:49.251 [main] TimestampsCacheEnabledImpl - Invalidating space [tickets], timestamp: 7267108901892096
[DEBUG] 2026-03-22 18:21:49.251 [main] TimestampsCacheEnabledImpl - Invalidating space [user_accounts], timestamp: 7267108901892096
[DEBUG] 2026-03-22 18:21:49.251 [main] TimestampsCacheEnabledImpl - Invalidating space [users], timestamp: 7267108901892096
[DEBUG] 2026-03-22 18:21:49.251 [main] TimestampsCacheEnabledImpl - Invalidating space [events], timestamp: 7267108901892096
[DEBUG] 2026-03-22 18:21:49.270 [main] UserServiceImpl - Start creating a user: {'id' : 0, 'name' : 'Test User', 'email' : 'testuser1@example.com'}
[DEBUG] 2026-03-22 18:21:49.271 [main] StatisticsImpl - HHH000117: HQL: SELECT u FROM UserImpl u WHERE u.email = :email, time: 0ms, rows: 0
[DEBUG] 2026-03-22 18:21:49.272 [main] TimestampsCacheEnabledImpl - Pre-invalidating space [users], timestamp: 7267109147738112
[INFO ] 2026-03-22 18:21:49.273 [main] UserServiceImpl - Successfully created user: {'id' : 135, 'name' : 'Test User', 'email' : 'testuser1@example.com'}
[DEBUG] 2026-03-22 18:21:49.273 [main] UserAccountServiceImpl - Start creating a user account with userId: 135
[DEBUG] 2026-03-22 18:21:49.273 [main] UserDAOImpl - Start retrieving user by id: 135
[DEBUG] 2026-03-22 18:21:49.273 [main] AbstractReadWriteAccess - Getting cached data from region [`ua.epam.mishchenko.ticketbooking.model.impl.UserAccount` (AccessType[read-write])] by key [ua.epam.mishchenko.ticketbooking.model.impl.UserAccount#135]
[DEBUG] 2026-03-22 18:21:49.273 [main] AbstractReadWriteAccess - Cache miss : region = `ua.epam.mishchenko.ticketbooking.model.impl.UserAccount`, key = `ua.epam.mishchenko.ticketbooking.model.impl.UserAccount#135`
[DEBUG] 2026-03-22 18:21:49.273 [main] AbstractReadWriteAccess - Getting cached data from region [`ua.epam.mishchenko.ticketbooking.model.impl.UserAccount` (AccessType[read-write])] by key [ua.epam.mishchenko.ticketbooking.model.impl.UserAccount#135]
[DEBUG] 2026-03-22 18:21:49.273 [main] AbstractReadWriteAccess - Cache miss : region = `ua.epam.mishchenko.ticketbooking.model.impl.UserAccount`, key = `ua.epam.mishchenko.ticketbooking.model.impl.UserAccount#135`
[INFO ] 2026-03-22 18:21:49.274 [main] UserAccountServiceImpl - Successfully created userAccount for userId: 135
[DEBUG] 2026-03-22 18:21:49.274 [main] UserAccountServiceImpl - Start adding funds: 2000.0 to userId: 135
[INFO ] 2026-03-22 18:21:49.275 [main] UserAccountServiceImpl - Successfully added 2000.0 to userId: 135. New balance: 2000.0
[DEBUG] 2026-03-22 18:21:49.275 [main] EventServiceImpl - Start creating an event: EventImpl{id=0, title='Test Event', date=2026-03-22, ticketPrice=100.0}
[DEBUG] 2026-03-22 18:21:49.275 [main] TimestampsCacheEnabledImpl - Pre-invalidating space [user_accounts], timestamp: 7267109147750400
[DEBUG] 2026-03-22 18:21:49.277 [main] TimestampsCacheEnabledImpl - Pre-invalidating space [events], timestamp: 7267109147758592
[INFO ] 2026-03-22 18:21:49.277 [main] EventServiceImpl - Successfully created the event: EventImpl{id=132, title='Test Event', date=2026-03-22, ticketPrice=100.0}
[DEBUG] 2026-03-22 18:21:49.277 [main] TicketServiceImpl - Start booking a ticket for user with id 135, event with id 132, place 2, category STANDARD
[DEBUG] 2026-03-22 18:21:49.278 [main] TimestampsCacheEnabledImpl - Pre-invalidating space [tickets], timestamp: 7267109147762688
[INFO ] 2026-03-22 18:21:49.279 [main] TicketServiceImpl - Successfully booked ticket: {'id' : 34, 'userId' : 135, 'eventId' : 132, 'place' : 2, 'category' : 'STANDARD'}
[DEBUG] 2026-03-22 18:21:49.280 [main] TicketServiceImpl - Start canceling a ticket with id: 34
[DEBUG] 2026-03-22 18:21:49.281 [main] UserDAOImpl - Start retrieving user by id: 135
[INFO ] 2026-03-22 18:21:49.283 [main] TicketServiceImpl - Successfully canceled the ticket with id: 34
[DEBUG] 2026-03-22 18:21:49.283 [main] UserAccountServiceImpl - Start getting a user account with userId: 135
[INFO ] 2026-03-22 18:21:49.283 [main] UserAccountServiceImpl - Successfully retrieved userAccount for userId: 135
[DEBUG] 2026-03-22 18:21:49.285 [main] TimestampsCacheEnabledImpl - Invalidating space [tickets], timestamp: 7267108902031360
[DEBUG] 2026-03-22 18:21:49.285 [main] TimestampsCacheEnabledImpl - Invalidating space [user_accounts], timestamp: 7267108902031360
[DEBUG] 2026-03-22 18:21:49.285 [main] TimestampsCacheEnabledImpl - Invalidating space [users], timestamp: 7267108902031360
[DEBUG] 2026-03-22 18:21:49.285 [main] TimestampsCacheEnabledImpl - Invalidating space [events], timestamp: 7267108902031360
[DEBUG] 2026-03-22 18:23:37.575 [main] StrategyCreatorRegionFactoryImpl - RegionFactory impl [org.hibernate.cache.ehcache.internal.EhcacheRegionFactory] did not provide constructor accepting Properties
[DEBUG] 2026-03-22 18:23:37.576 [main] StrategyCreatorRegionFactoryImpl - RegionFactory impl [org.hibernate.cache.ehcache.internal.EhcacheRegionFactory] did not provide constructor accepting Properties
[DEBUG] 2026-03-22 18:23:37.581 [main] RegionFactoryInitiator - Cache region factory : org.hibernate.cache.ehcache.internal.EhcacheRegionFactory
[DEBUG] 2026-03-22 18:23:38.304 [main] DomainDataRegionTemplate - Generating entity cache access [read-write] : NavigableRole[ua.epam.mishchenko.ticketbooking.model.impl.Ticket]
[DEBUG] 2026-03-22 18:23:38.306 [main] DomainDataRegionTemplate - Generating entity cache access [read-write] : NavigableRole[ua.epam.mishchenko.ticketbooking.model.impl.User]
[DEBUG] 2026-03-22 18:23:38.306 [main] DomainDataRegionTemplate - Generating entity cache access [read-write] : NavigableRole[ua.epam.mishchenko.ticketbooking.model.impl.Event]
[DEBUG] 2026-03-22 18:23:38.306 [main] DomainDataRegionTemplate - Generating entity cache access [read-write] : NavigableRole[ua.epam.mishchenko.ticketbooking.model.impl.UserAccount]
[DEBUG] 2026-03-22 18:23:38.718 [main] StatisticsInitiator - Statistics initialized [enabled=true]
[DEBUG] 2026-03-22 18:23:38.963 [main] UserServiceImpl - Start creating a user: {'id' : 0, 'name' : 'Test User', 'email' : 'testuser@example.com'}
[DEBUG] 2026-03-22 18:23:39.025 [main] StatisticsImpl - HHH000117: HQL: SELECT u FROM UserImpl u WHERE u.email = :email, time: 4ms, rows: 0
[DEBUG] 2026-03-22 18:23:39.034 [main] TimestampsCacheEnabledImpl - Pre-invalidating space [users], timestamp: 7267109597323264
[INFO ] 2026-03-22 18:23:39.035 [main] UserServiceImpl - Successfully created user: {'id' : 136, 'name' : 'Test User', 'email' : 'testuser@example.com'}
[DEBUG] 2026-03-22 18:23:39.035 [main] UserAccountServiceImpl - Start creating a user account with userId: 136
[DEBUG] 2026-03-22 18:23:39.035 [main] UserDAOImpl - Start retrieving user by id: 136
[DEBUG] 2026-03-22 18:23:39.045 [main] AbstractReadWriteAccess - Getting cached data from region [`ua.epam.mishchenko.ticketbooking.model.impl.UserAccount` (AccessType[read-write])] by key [ua.epam.mishchenko.ticketbooking.model.impl.UserAccount#136]
[DEBUG] 2026-03-22 18:23:39.045 [main] AbstractReadWriteAccess - Cache miss : region = `ua.epam.mishchenko.ticketbooking.model.impl.UserAccount`, key = `ua.epam.mishchenko.ticketbooking.model.impl.UserAccount#136`
[DEBUG] 2026-03-22 18:23:39.045 [main] AbstractReadWriteAccess - Getting cached data from region [`ua.epam.mishchenko.ticketbooking.model.impl.UserAccount` (AccessType[read-write])] by key [ua.epam.mishchenko.ticketbooking.model.impl.UserAccount#136]
[DEBUG] 2026-03-22 18:23:39.045 [main] AbstractReadWriteAccess - Cache miss : region = `ua.epam.mishchenko.ticketbooking.model.impl.UserAccount`, key = `ua.epam.mishchenko.ticketbooking.model.impl.UserAccount#136`
[INFO ] 2026-03-22 18:23:39.051 [main] UserAccountServiceImpl - Successfully created userAccount for userId: 136
[DEBUG] 2026-03-22 18:23:39.051 [main] UserAccountServiceImpl - Start adding funds: 2000.0 to userId: 136
[INFO ] 2026-03-22 18:23:39.054 [main] UserAccountServiceImpl - Successfully added 2000.0 to userId: 136. New balance: 2000.0
[DEBUG] 2026-03-22 18:23:39.062 [main] EventServiceImpl - Start creating an event: EventImpl{id=0, title='Test Event', date=2026-03-22, ticketPrice=100.0}
[DEBUG] 2026-03-22 18:23:39.066 [main] TimestampsCacheEnabledImpl - Pre-invalidating space [user_accounts], timestamp: 7267109597454336
[DEBUG] 2026-03-22 18:23:39.070 [main] TimestampsCacheEnabledImpl - Pre-invalidating space [events], timestamp: 7267109597470720
[INFO ] 2026-03-22 18:23:39.070 [main] EventServiceImpl - Successfully created the event: EventImpl{id=133, title='Test Event', date=2026-03-22, ticketPrice=100.0}
[DEBUG] 2026-03-22 18:23:39.072 [main] TicketServiceImpl - Start booking a ticket for user with id 136, event with id 133, place 2, category STANDARD
[DEBUG] 2026-03-22 18:23:39.076 [main] TimestampsCacheEnabledImpl - Pre-invalidating space [tickets], timestamp: 7267109597495296
[INFO ] 2026-03-22 18:23:39.078 [main] TicketServiceImpl - Successfully booked ticket: {'id' : 35, 'userId' : 136, 'eventId' : 133, 'place' : 2, 'category' : 'STANDARD'}
[DEBUG] 2026-03-22 18:23:39.078 [main] UserAccountServiceImpl - Start getting a user account with userId: 136
[INFO ] 2026-03-22 18:23:39.079 [main] UserAccountServiceImpl - Successfully retrieved userAccount for userId: 136
[DEBUG] 2026-03-22 18:23:39.082 [main] TimestampsCacheEnabledImpl - Invalidating space [tickets], timestamp: 7267109351759872
[DEBUG] 2026-03-22 18:23:39.082 [main] TimestampsCacheEnabledImpl - Invalidating space [user_accounts], timestamp: 7267109351759872
[DEBUG] 2026-03-22 18:23:39.082 [main] TimestampsCacheEnabledImpl - Invalidating space [users], timestamp: 7267109351759872
[DEBUG] 2026-03-22 18:23:39.082 [main] TimestampsCacheEnabledImpl - Invalidating space [events], timestamp: 7267109351759872
[DEBUG] 2026-03-22 18:23:39.100 [main] UserServiceImpl - Start creating a user: {'id' : 0, 'name' : 'Test User', 'email' : 'testuser1@example.com'}
[DEBUG] 2026-03-22 18:23:39.101 [main] StatisticsImpl - HHH000117: HQL: SELECT u FROM UserImpl u WHERE u.email = :email, time: 0ms, rows: 0
[DEBUG] 2026-03-22 18:23:39.103 [main] TimestampsCacheEnabledImpl - Pre-invalidating space [users], timestamp: 7267109597605888
[INFO ] 2026-03-22 18:23:39.103 [main] UserServiceImpl - Successfully created user: {'id' : 137, 'name' : 'Test User', 'email' : 'testuser1@example.com'}
[DEBUG] 2026-03-22 18:23:39.103 [main] UserAccountServiceImpl - Start creating a user account with userId: 137
[DEBUG] 2026-03-22 18:23:39.103 [main] UserDAOImpl - Start retrieving user by id: 137
[DEBUG] 2026-03-22 18:23:39.104 [main] AbstractReadWriteAccess - Getting cached data from region [`ua.epam.mishchenko.ticketbooking.model.impl.UserAccount` (AccessType[read-write])] by key [ua.epam.mishchenko.ticketbooking.model.impl.UserAccount#137]
[DEBUG] 2026-03-22 18:23:39.104 [main] AbstractReadWriteAccess - Cache miss : region = `ua.epam.mishchenko.ticketbooking.model.impl.UserAccount`, key = `ua.epam.mishchenko.ticketbooking.model.impl.UserAccount#137`
[DEBUG] 2026-03-22 18:23:39.104 [main] AbstractReadWriteAccess - Getting cached data from region [`ua.epam.mishchenko.ticketbooking.model.impl.UserAccount` (AccessType[read-write])] by key [ua.epam.mishchenko.ticketbooking.model.impl.UserAccount#137]
[DEBUG] 2026-03-22 18:23:39.104 [main] AbstractReadWriteAccess - Cache miss : region = `ua.epam.mishchenko.ticketbooking.model.impl.UserAccount`, key = `ua.epam.mishchenko.ticketbooking.model.impl.UserAccount#137`
[INFO ] 2026-03-22 18:23:39.104 [main] UserAccountServiceImpl - Successfully created userAccount for userId: 137
[DEBUG] 2026-03-22 18:23:39.104 [main] UserAccountServiceImpl - Start adding funds: 2000.0 to userId: 137
[INFO ] 2026-03-22 18:23:39.105 [main] UserAccountServiceImpl - Successfully added 2000.0 to userId: 137. New balance: 2000.0
[DEBUG] 2026-03-22 18:23:39.105 [main] EventServiceImpl - Start creating an event: EventImpl{id=0, title='Test Event', date=2026-03-22, ticketPrice=100.0}
[DEBUG] 2026-03-22 18:23:39.106 [main] TimestampsCacheEnabledImpl - Pre-invalidating space [user_accounts], timestamp: 7267109597618176
[DEBUG] 2026-03-22 18:23:39.107 [main] TimestampsCacheEnabledImpl - Pre-invalidating space [events], timestamp: 7267109597622272
[INFO ] 2026-03-22 18:23:39.107 [main] EventServiceImpl - Successfully created the event: EventImpl{id=134, title='Test Event', date=2026-03-22, ticketPrice=100.0}
[DEBUG] 2026-03-22 18:23:39.107 [main] TicketServiceImpl - Start booking a ticket for user with id 137, event with id 134, place 2, category STANDARD
[DEBUG] 2026-03-22 18:23:39.109 [main] TimestampsCacheEnabledImpl - Pre-invalidating space [tickets], timestamp: 7267109597630464
[INFO ] 2026-03-22 18:23:39.109 [main] TicketServiceImpl - Successfully booked ticket: {'id' : 36, 'userId' : 137, 'eventId' : 134, 'place' : 2, 'category' : 'STANDARD'}
[DEBUG] 2026-03-22 18:23:39.110 [main] TicketServiceImpl - Start canceling a ticket with id: 36
[DEBUG] 2026-03-22 18:23:39.110 [main] UserDAOImpl - Start retrieving user by id: 137
[INFO ] 2026-03-22 18:23:39.113 [main] TicketServiceImpl - Successfully canceled the ticket with id: 36
[DEBUG] 2026-03-22 18:23:39.113 [main] UserAccountServiceImpl - Start getting a user account with userId: 137
[INFO ] 2026-03-22 18:23:39.113 [main] UserAccountServiceImpl - Successfully retrieved userAccount for userId: 137
[DEBUG] 2026-03-22 18:23:39.115 [main] TimestampsCacheEnabledImpl - Invalidating space [tickets], timestamp: 7267109351895040
[DEBUG] 2026-03-22 18:23:39.115 [main] TimestampsCacheEnabledImpl - Invalidating space [user_accounts], timestamp: 7267109351895040
[DEBUG] 2026-03-22 18:23:39.115 [main] TimestampsCacheEnabledImpl - Invalidating space [users], timestamp: 7267109351895040
[DEBUG] 2026-03-22 18:23:39.115 [main] TimestampsCacheEnabledImpl - Invalidating space [events], timestamp: 7267109351895040
[DEBUG] 2026-03-22 18:25:23.029 [main] StrategyCreatorRegionFactoryImpl - RegionFactory impl [org.hibernate.cache.ehcache.internal.EhcacheRegionFactory] did not provide constructor accepting Properties
[DEBUG] 2026-03-22 18:25:23.029 [main] StrategyCreatorRegionFactoryImpl - RegionFactory impl [org.hibernate.cache.ehcache.internal.EhcacheRegionFactory] did not provide constructor accepting Properties
[DEBUG] 2026-03-22 18:25:23.034 [main] RegionFactoryInitiator - Cache region factory : org.hibernate.cache.ehcache.internal.EhcacheRegionFactory
[DEBUG] 2026-03-22 18:25:23.722 [main] DomainDataRegionTemplate - Generating entity cache access [read-write] : NavigableRole[ua.epam.mishchenko.ticketbooking.model.impl.Ticket]
[DEBUG] 2026-03-22 18:25:23.724 [main] DomainDataRegionTemplate - Generating entity cache access [read-write] : NavigableRole[ua.epam.mishchenko.ticketbooking.model.impl.User]
[DEBUG] 2026-03-22 18:25:23.724 [main] DomainDataRegionTemplate - Generating entity cache access [read-write] : NavigableRole[ua.epam.mishchenko.ticketbooking.model.impl.Event]
[DEBUG] 2026-03-22 18:25:23.724 [main] DomainDataRegionTemplate - Generating entity cache access [read-write] : NavigableRole[ua.epam.mishchenko.ticketbooking.model.impl.UserAccount]
[DEBUG] 2026-03-22 18:25:24.116 [main] StatisticsInitiator - Statistics initialized [enabled=true]
[DEBUG] 2026-03-22 18:25:24.390 [main] UserServiceImpl - Start creating a user: {'id' : 0, 'name' : 'Test User', 'email' : 'testuser@example.com'}
[DEBUG] 2026-03-22 18:25:24.458 [main] StatisticsImpl - HHH000117: HQL: SELECT u FROM UserImpl u WHERE u.email = :email, time: 3ms, rows: 0
[DEBUG] 2026-03-22 18:25:24.468 [main] TimestampsCacheEnabledImpl - Pre-invalidating space [users], timestamp: 7267110029180928
[INFO ] 2026-03-22 18:25:24.469 [main] UserServiceImpl - Successfully created user: {'id' : 138, 'name' : 'Test User', 'email' : 'testuser@example.com'}
[DEBUG] 2026-03-22 18:25:24.469 [main] UserAccountServiceImpl - Start creating a user account with userId: 138
[DEBUG] 2026-03-22 18:25:24.469 [main] UserDAOImpl - Start retrieving user by id: 138
[DEBUG] 2026-03-22 18:25:24.479 [main] AbstractReadWriteAccess - Getting cached data from region [`ua.epam.mishchenko.ticketbooking.model.impl.UserAccount` (AccessType[read-write])] by key [ua.epam.mishchenko.ticketbooking.model.impl.UserAccount#138]
[DEBUG] 2026-03-22 18:25:24.480 [main] AbstractReadWriteAccess - Cache miss : region = `ua.epam.mishchenko.ticketbooking.model.impl.UserAccount`, key = `ua.epam.mishchenko.ticketbooking.model.impl.UserAccount#138`
[DEBUG] 2026-03-22 18:25:24.480 [main] AbstractReadWriteAccess - Getting cached data from region [`ua.epam.mishchenko.ticketbooking.model.impl.UserAccount` (AccessType[read-write])] by key [ua.epam.mishchenko.ticketbooking.model.impl.UserAccount#138]
[DEBUG] 2026-03-22 18:25:24.480 [main] AbstractReadWriteAccess - Cache miss : region = `ua.epam.mishchenko.ticketbooking.model.impl.UserAccount`, key = `ua.epam.mishchenko.ticketbooking.model.impl.UserAccount#138`
[INFO ] 2026-03-22 18:25:24.486 [main] UserAccountServiceImpl - Successfully created userAccount for userId: 138
[DEBUG] 2026-03-22 18:25:24.486 [main] UserAccountServiceImpl - Start adding funds: 2000.0 to userId: 138
[INFO ] 2026-03-22 18:25:24.491 [main] UserAccountServiceImpl - Successfully added 2000.0 to userId: 138. New balance: 2000.0
[DEBUG] 2026-03-22 18:25:24.497 [main] EventServiceImpl - Start creating an event: EventImpl{id=0, title='Test Event', date=2026-03-22, ticketPrice=100.0}
[DEBUG] 2026-03-22 18:25:24.502 [main] TimestampsCacheEnabledImpl - Pre-invalidating space [user_accounts], timestamp: 7267110029320192
[DEBUG] 2026-03-22 18:25:24.506 [main] TimestampsCacheEnabledImpl - Pre-invalidating space [events], timestamp: 7267110029336576
[INFO ] 2026-03-22 18:25:24.507 [main] EventServiceImpl - Successfully created the event: EventImpl{id=135, title='Test Event', date=2026-03-22, ticketPrice=100.0}
[DEBUG] 2026-03-22 18:25:24.509 [main] TicketServiceImpl - Start booking a ticket for user with id 138, event with id 135, place 2, category STANDARD
[DEBUG] 2026-03-22 18:25:24.513 [main] TimestampsCacheEnabledImpl - Pre-invalidating space [tickets], timestamp: 7267110029365248
[INFO ] 2026-03-22 18:25:24.516 [main] TicketServiceImpl - Successfully booked ticket: {'id' : 37, 'userId' : 138, 'eventId' : 135, 'place' : 2, 'category' : 'STANDARD'}
[DEBUG] 2026-03-22 18:25:24.516 [main] UserAccountServiceImpl - Start getting a user account with userId: 138
[INFO ] 2026-03-22 18:25:24.516 [main] UserAccountServiceImpl - Successfully retrieved userAccount for userId: 138
[DEBUG] 2026-03-22 18:25:24.522 [main] TimestampsCacheEnabledImpl - Invalidating space [tickets], timestamp: 7267109783642112
[DEBUG] 2026-03-22 18:25:24.522 [main] TimestampsCacheEnabledImpl - Invalidating space [user_accounts], timestamp: 7267109783642112
[DEBUG] 2026-03-22 18:25:24.522 [main] TimestampsCacheEnabledImpl - Invalidating space [users], timestamp: 7267109783642112
[DEBUG] 2026-03-22 18:25:24.522 [main] TimestampsCacheEnabledImpl - Invalidating space [events], timestamp: 7267109783642112
[DEBUG] 2026-03-22 18:25:24.538 [main] UserServiceImpl - Start creating a user: {'id' : 0, 'name' : 'Test User', 'email' : 'testuser1@example.com'}
[DEBUG] 2026-03-22 18:25:24.539 [main] StatisticsImpl - HHH000117: HQL: SELECT u FROM UserImpl u WHERE u.email = :email, time: 0ms, rows: 0
[DEBUG] 2026-03-22 18:25:24.541 [main] TimestampsCacheEnabledImpl - Pre-invalidating space [users], timestamp: 7267110029479936
[INFO ] 2026-03-22 18:25:24.541 [main] UserServiceImpl - Successfully created user: {'id' : 139, 'name' : 'Test User', 'email' : 'testuser1@example.com'}
[DEBUG] 2026-03-22 18:25:24.541 [main] UserAccountServiceImpl - Start creating a user account with userId: 139
[DEBUG] 2026-03-22 18:25:24.541 [main] UserDAOImpl - Start retrieving user by id: 139
[DEBUG] 2026-03-22 18:25:24.541 [main] AbstractReadWriteAccess - Getting cached data from region [`ua.epam.mishchenko.ticketbooking.model.impl.UserAccount` (AccessType[read-write])] by key [ua.epam.mishchenko.ticketbooking.model.impl.UserAccount#139]
[DEBUG] 2026-03-22 18:25:24.541 [main] AbstractReadWriteAccess - Cache miss : region = `ua.epam.mishchenko.ticketbooking.model.impl.UserAccount`, key = `ua.epam.mishchenko.ticketbooking.model.impl.UserAccount#139`
[DEBUG] 2026-03-22 18:25:24.541 [main] AbstractReadWriteAccess - Getting cached data from region [`ua.epam.mishchenko.ticketbooking.model.impl.UserAccount` (AccessType[read-write])] by key [ua.epam.mishchenko.ticketbooking.model.impl.UserAccount#139]
[DEBUG] 2026-03-22 18:25:24.541 [main] AbstractReadWriteAccess - Cache miss : region = `ua.epam.mishchenko.ticketbooking.model.impl.UserAccount`, key = `ua.epam.mishchenko.ticketbooking.model.impl.UserAccount#139`
[INFO ] 2026-03-22 18:25:24.542 [main] UserAccountServiceImpl - Successfully created userAccount for userId: 139
[DEBUG] 2026-03-22 18:25:24.543 [main] UserAccountServiceImpl - Start adding funds: 2000.0 to userId: 139
[INFO ] 2026-03-22 18:25:24.543 [main] UserAccountServiceImpl - Successfully added 2000.0 to userId: 139. New balance: 2000.0
[DEBUG] 2026-03-22 18:25:24.543 [main] EventServiceImpl - Start creating an event: EventImpl{id=0, title='Test Event', date=2026-03-22, ticketPrice=100.0}
[DEBUG] 2026-03-22 18:25:24.544 [main] TimestampsCacheEnabledImpl - Pre-invalidating space [user_accounts], timestamp: 7267110029492224
[DEBUG] 2026-03-22 18:25:24.546 [main] TimestampsCacheEnabledImpl - Pre-invalidating space [events], timestamp: 7267110029500416
[INFO ] 2026-03-22 18:25:24.546 [main] EventServiceImpl - Successfully created the event: EventImpl{id=136, title='Test Event', date=2026-03-22, ticketPrice=100.0}
[DEBUG] 2026-03-22 18:25:24.546 [main] TicketServiceImpl - Start booking a ticket for user with id 139, event with id 136, place 2, category STANDARD
[DEBUG] 2026-03-22 18:25:24.548 [main] TimestampsCacheEnabledImpl - Pre-invalidating space [tickets], timestamp: 7267110029508608
[INFO ] 2026-03-22 18:25:24.548 [main] TicketServiceImpl - Successfully booked ticket: {'id' : 38, 'userId' : 139, 'eventId' : 136, 'place' : 2, 'category' : 'STANDARD'}
[DEBUG] 2026-03-22 18:25:24.549 [main] TicketServiceImpl - Start canceling a ticket with id: 38
[DEBUG] 2026-03-22 18:25:24.550 [main] UserDAOImpl - Start retrieving user by id: 139
[INFO ] 2026-03-22 18:25:24.553 [main] TicketServiceImpl - Successfully canceled the ticket with id: 38
[DEBUG] 2026-03-22 18:25:24.553 [main] UserAccountServiceImpl - Start getting a user account with userId: 139
[INFO ] 2026-03-22 18:25:24.553 [main] UserAccountServiceImpl - Successfully retrieved userAccount for userId: 139
[DEBUG] 2026-03-22 18:25:24.555 [main] TimestampsCacheEnabledImpl - Invalidating space [tickets], timestamp: 7267109783777280
[DEBUG] 2026-03-22 18:25:24.555 [main] TimestampsCacheEnabledImpl - Invalidating space [user_accounts], timestamp: 7267109783777280
[DEBUG] 2026-03-22 18:25:24.555 [main] TimestampsCacheEnabledImpl - Invalidating space [users], timestamp: 7267109783777280
[DEBUG] 2026-03-22 18:25:24.555 [main] TimestampsCacheEnabledImpl - Invalidating space [events], timestamp: 7267109783777280
