[DEBUG] 2026-03-15 12:41:02.309 [main] EventServiceImpl - Start creating an event: EventImpl{id=0, title='Balley', date=2026-03-15, ticketPrice=120.0}
[DEBUG] 2026-03-15 12:41:02.377 [main] EventServiceImpl - Successfully created the event: EventImpl{id=106, title='Balley', date=2026-03-15, ticketPrice=120.0}
[DEBUG] 2026-03-15 12:41:02.663 [main] EventServiceImpl - Finding an event by id: 1
[DEBUG] 2026-03-15 12:41:02.716 [main] EventServiceImpl - Event with id 1 successfully found
[DEBUG] 2026-03-15 12:41:02.717 [main] EventServiceImpl - Finding an event by id: 2
[DEBUG] 2026-03-15 12:41:02.745 [main] EventServiceImpl - Event with id 2 successfully found
[DEBUG] 2026-03-15 12:41:02.763 [main] EventServiceImpl - Start creating an event: EventImpl{id=2, title='Updated Concert', date=2026-03-10, ticketPrice=200.0}
[DEBUG] 2026-03-15 12:41:02.768 [main] EventServiceImpl - Successfully created the event: EventImpl{id=2, title='Updated Concert', date=2026-03-10, ticketPrice=200.0}
[DEBUG] 2026-03-15 12:41:02.789 [main] EventServiceImpl - Start deleting an event with id: 17
[WARN ] 2026-03-15 12:41:02.792 [main] EventServiceImpl - Event not found with id: 17
[DEBUG] 2026-03-15 12:41:02.815 [main] UserServiceImpl - Start creating an user: {'id' : 0, 'name' : 'UserA', 'email' : 'user7Email@gmail.com'}
[DEBUG] 2026-03-15 12:41:02.910 [main] UserServiceImpl - Successfully creation of the user: {'id' : 95, 'name' : 'UserA', 'email' : 'user7Email@gmail.com'}
[DEBUG] 2026-03-15 12:41:02.914 [main] UserAccountServiceImpl - Start creating a user account with userId: 95
[DEBUG] 2026-03-15 12:41:02.914 [main] UserDAOImpl - Start retrieving  user by id: 95
[DEBUG] 2026-03-15 12:41:02.958 [main] UserAccountServiceImpl - Successfully creating userAccount for userId: 95
[DEBUG] 2026-03-15 12:41:02.966 [main] UserAccountServiceImpl - Start getting a user account with userId: 95
[DEBUG] 2026-03-15 12:41:02.985 [main] UserAccountServiceImpl - Successfully getting userAccount for userId: 95
[DEBUG] 2026-03-15 12:41:02.986 [main] UserAccountServiceImpl - Start getting a user account with userId: 95
[DEBUG] 2026-03-15 12:41:03.002 [main] UserAccountServiceImpl - Successfully getting userAccount for userId: 95
[DEBUG] 2026-03-15 12:41:03.002 [main] UserAccountServiceImpl - Start updating user account with userId: 95
[DEBUG] 2026-03-15 12:41:03.036 [main] UserAccountServiceImpl - Successfully updated userAccount for userId: 95
[DEBUG] 2026-03-15 12:41:03.037 [main] UserAccountServiceImpl - Start deleting user account for userId 95
[DEBUG] 2026-03-15 12:41:03.072 [main] UserAccountServiceImpl - Successfully deleted user account for userId 95
[DEBUG] 2026-03-15 12:50:10.339 [main] EventServiceImpl - Start creating an event: EventImpl{id=0, title='Balley', date=2026-03-15, ticketPrice=120.0}
[DEBUG] 2026-03-15 12:50:10.406 [main] EventServiceImpl - Successfully created the event: EventImpl{id=107, title='Balley', date=2026-03-15, ticketPrice=120.0}
[DEBUG] 2026-03-15 12:50:10.754 [main] EventServiceImpl - Finding an event by id: 1
[DEBUG] 2026-03-15 12:50:10.860 [main] EventServiceImpl - Event with id 1 successfully found
[DEBUG] 2026-03-15 12:50:10.860 [main] EventServiceImpl - Finding an event by id: 2
[DEBUG] 2026-03-15 12:50:10.889 [main] EventServiceImpl - Event with id 2 successfully found
[DEBUG] 2026-03-15 12:50:10.913 [main] EventServiceImpl - Start creating an event: EventImpl{id=2, title='Updated Concert', date=2026-03-10, ticketPrice=200.0}
[DEBUG] 2026-03-15 12:50:10.922 [main] EventServiceImpl - Successfully created the event: EventImpl{id=2, title='Updated Concert', date=2026-03-10, ticketPrice=200.0}
[DEBUG] 2026-03-15 12:50:10.946 [main] EventServiceImpl - Start deleting an event with id: 17
[WARN ] 2026-03-15 12:50:10.950 [main] EventServiceImpl - Event not found with id: 17
[DEBUG] 2026-03-15 12:50:10.979 [main] UserServiceImpl - Start creating an user: {'id' : 0, 'name' : 'UserA', 'email' : 'user7Email@gmail.com'}
[DEBUG] 2026-03-15 12:50:11.063 [main] UserServiceImpl - Wrong credentials.
[WARN ] 2026-03-15 12:50:11.063 [main] UserServiceImpl - Cannot create user: {'id' : 0, 'name' : 'UserA', 'email' : 'user7Email@gmail.com'}
ua.epam.mishchenko.ticketbooking.exception.DbException: User already exists with email: user7Email@gmail.com
	at ua.epam.mishchenko.ticketbooking.service.impl.UserServiceImpl.createUser(UserServiceImpl.java:110) ~[classes/:?]
	at jdk.internal.reflect.DirectMethodHandleAccessor.invoke(DirectMethodHandleAccessor.java:103) ~[?:?]
	at java.lang.reflect.Method.invoke(Method.java:580) ~[?:?]
	at org.springframework.aop.support.AopUtils.invokeJoinpointUsingReflection(AopUtils.java:344) ~[spring-aop-5.3.20.jar:5.3.20]
	at org.springframework.aop.framework.ReflectiveMethodInvocation.invokeJoinpoint(ReflectiveMethodInvocation.java:198) ~[spring-aop-5.3.20.jar:5.3.20]
	at org.springframework.aop.framework.ReflectiveMethodInvocation.proceed(ReflectiveMethodInvocation.java:163) ~[spring-aop-5.3.20.jar:5.3.20]
	at org.springframework.transaction.interceptor.TransactionInterceptor$1.proceedWithInvocation(TransactionInterceptor.java:123) ~[spring-tx-5.3.29.jar:5.3.29]
	at org.springframework.transaction.interceptor.TransactionAspectSupport.invokeWithinTransaction(TransactionAspectSupport.java:388) ~[spring-tx-5.3.29.jar:5.3.29]
	at org.springframework.transaction.interceptor.TransactionInterceptor.invoke(TransactionInterceptor.java:119) ~[spring-tx-5.3.29.jar:5.3.29]
	at org.springframework.aop.framework.ReflectiveMethodInvocation.proceed(ReflectiveMethodInvocation.java:186) ~[spring-aop-5.3.20.jar:5.3.20]
	at org.springframework.aop.framework.JdkDynamicAopProxy.invoke(JdkDynamicAopProxy.java:215) ~[spring-aop-5.3.20.jar:5.3.20]
	at jdk.proxy2.$Proxy79.createUser(Unknown Source) ~[?:?]
	at ua.epam.mishchenko.ticketbooking.MainApplication.createUser(MainApplication.java:205) ~[classes/:?]
	at ua.epam.mishchenko.ticketbooking.MainApplication.main(MainApplication.java:403) ~[classes/:?]
[DEBUG] 2026-03-15 12:50:43.558 [main] EventServiceImpl - Start creating an event: EventImpl{id=0, title='Balley', date=2026-03-15, ticketPrice=120.0}
[DEBUG] 2026-03-15 12:50:43.654 [main] EventServiceImpl - Successfully created the event: EventImpl{id=108, title='Balley', date=2026-03-15, ticketPrice=120.0}
[DEBUG] 2026-03-15 12:50:43.983 [main] EventServiceImpl - Finding an event by id: 1
[DEBUG] 2026-03-15 12:50:44.077 [main] EventServiceImpl - Event with id 1 successfully found
[DEBUG] 2026-03-15 12:50:44.078 [main] EventServiceImpl - Finding an event by id: 2
[DEBUG] 2026-03-15 12:50:44.102 [main] EventServiceImpl - Event with id 2 successfully found
[DEBUG] 2026-03-15 12:50:44.120 [main] EventServiceImpl - Start creating an event: EventImpl{id=2, title='Updated Concert', date=2026-03-10, ticketPrice=200.0}
[DEBUG] 2026-03-15 12:50:44.128 [main] EventServiceImpl - Successfully created the event: EventImpl{id=2, title='Updated Concert', date=2026-03-10, ticketPrice=200.0}
[DEBUG] 2026-03-15 12:50:44.161 [main] EventServiceImpl - Start deleting an event with id: 17
[WARN ] 2026-03-15 12:50:44.165 [main] EventServiceImpl - Event not found with id: 17
[DEBUG] 2026-03-15 12:50:44.202 [main] UserServiceImpl - Start creating an user: {'id' : 0, 'name' : 'UserA', 'email' : 'user8Email@gmail.com'}
[DEBUG] 2026-03-15 12:50:44.305 [main] UserServiceImpl - Successfully creation of the user: {'id' : 96, 'name' : 'UserA', 'email' : 'user8Email@gmail.com'}
[DEBUG] 2026-03-15 12:50:44.307 [main] UserAccountServiceImpl - Start creating a user account with userId: 96
[DEBUG] 2026-03-15 12:50:44.307 [main] UserDAOImpl - Start retrieving  user by id: 96
[DEBUG] 2026-03-15 12:50:44.345 [main] UserAccountServiceImpl - Successfully creating userAccount for userId: 96
[DEBUG] 2026-03-15 12:50:44.351 [main] UserAccountServiceImpl - Start getting a user account with userId: 96
[DEBUG] 2026-03-15 12:50:44.371 [main] UserAccountServiceImpl - Successfully getting userAccount for userId: 96
[DEBUG] 2026-03-15 12:50:44.372 [main] UserAccountServiceImpl - Start getting a user account with userId: 96
[DEBUG] 2026-03-15 12:50:44.387 [main] UserAccountServiceImpl - Successfully getting userAccount for userId: 96
[DEBUG] 2026-03-15 12:50:44.387 [main] UserAccountServiceImpl - Start updating user account with userId: 96
[DEBUG] 2026-03-15 12:50:44.424 [main] UserAccountServiceImpl - Successfully updated userAccount for userId: 96
[DEBUG] 2026-03-15 12:50:44.424 [main] UserAccountServiceImpl - Start deleting user account for userId 96
[DEBUG] 2026-03-15 12:50:44.466 [main] UserAccountServiceImpl - Successfully deleted user account for userId 96
[DEBUG] 2026-03-15 12:55:26.217 [main] EventServiceImpl - Start creating an event: EventImpl{id=0, title='Balley', date=2026-03-15, ticketPrice=120.0}
[DEBUG] 2026-03-15 12:55:26.267 [main] EventServiceImpl - Successfully created the event: EventImpl{id=109, title='Balley', date=2026-03-15, ticketPrice=120.0}
[DEBUG] 2026-03-15 12:55:26.604 [main] EventServiceImpl - Finding an event by id: 1
[DEBUG] 2026-03-15 12:55:26.711 [main] EventServiceImpl - Event with id 1 successfully found
[DEBUG] 2026-03-15 12:55:26.712 [main] EventServiceImpl - Finding an event by id: 2
[DEBUG] 2026-03-15 12:55:26.747 [main] EventServiceImpl - Event with id 2 successfully found
[DEBUG] 2026-03-15 12:55:26.769 [main] EventServiceImpl - Start creating an event: EventImpl{id=2, title='Updated Concert', date=2026-03-10, ticketPrice=200.0}
[DEBUG] 2026-03-15 12:55:26.774 [main] EventServiceImpl - Successfully created the event: EventImpl{id=2, title='Updated Concert', date=2026-03-10, ticketPrice=200.0}
[DEBUG] 2026-03-15 12:55:26.797 [main] EventServiceImpl - Start deleting an event with id: 17
[WARN ] 2026-03-15 12:55:26.801 [main] EventServiceImpl - Event not found with id: 17
[DEBUG] 2026-03-15 12:55:26.827 [main] UserServiceImpl - Start creating an user: {'id' : 0, 'name' : 'UserA', 'email' : 'user8Email@gmail.com'}
[DEBUG] 2026-03-15 12:55:26.924 [main] UserServiceImpl - Wrong credentials.
[WARN ] 2026-03-15 12:55:26.924 [main] UserServiceImpl - Cannot create user: {'id' : 0, 'name' : 'UserA', 'email' : 'user8Email@gmail.com'}
ua.epam.mishchenko.ticketbooking.exception.DbException: User already exists with email: user8Email@gmail.com
	at ua.epam.mishchenko.ticketbooking.service.impl.UserServiceImpl.createUser(UserServiceImpl.java:110) ~[classes/:?]
	at jdk.internal.reflect.DirectMethodHandleAccessor.invoke(DirectMethodHandleAccessor.java:103) ~[?:?]
	at java.lang.reflect.Method.invoke(Method.java:580) ~[?:?]
	at org.springframework.aop.support.AopUtils.invokeJoinpointUsingReflection(AopUtils.java:344) ~[spring-aop-5.3.20.jar:5.3.20]
	at org.springframework.aop.framework.ReflectiveMethodInvocation.invokeJoinpoint(ReflectiveMethodInvocation.java:198) ~[spring-aop-5.3.20.jar:5.3.20]
	at org.springframework.aop.framework.ReflectiveMethodInvocation.proceed(ReflectiveMethodInvocation.java:163) ~[spring-aop-5.3.20.jar:5.3.20]
	at org.springframework.transaction.interceptor.TransactionInterceptor$1.proceedWithInvocation(TransactionInterceptor.java:123) ~[spring-tx-5.3.29.jar:5.3.29]
	at org.springframework.transaction.interceptor.TransactionAspectSupport.invokeWithinTransaction(TransactionAspectSupport.java:388) ~[spring-tx-5.3.29.jar:5.3.29]
	at org.springframework.transaction.interceptor.TransactionInterceptor.invoke(TransactionInterceptor.java:119) ~[spring-tx-5.3.29.jar:5.3.29]
	at org.springframework.aop.framework.ReflectiveMethodInvocation.proceed(ReflectiveMethodInvocation.java:186) ~[spring-aop-5.3.20.jar:5.3.20]
	at org.springframework.aop.framework.JdkDynamicAopProxy.invoke(JdkDynamicAopProxy.java:215) ~[spring-aop-5.3.20.jar:5.3.20]
	at jdk.proxy2.$Proxy79.createUser(Unknown Source) ~[?:?]
	at ua.epam.mishchenko.ticketbooking.MainApplication.createUser(MainApplication.java:205) ~[classes/:?]
	at ua.epam.mishchenko.ticketbooking.MainApplication.main(MainApplication.java:403) ~[classes/:?]
[DEBUG] 2026-03-15 12:55:42.865 [main] EventServiceImpl - Start creating an event: EventImpl{id=0, title='Balley', date=2026-03-15, ticketPrice=120.0}
[DEBUG] 2026-03-15 12:55:42.906 [main] EventServiceImpl - Successfully created the event: EventImpl{id=110, title='Balley', date=2026-03-15, ticketPrice=120.0}
[DEBUG] 2026-03-15 12:55:43.223 [main] EventServiceImpl - Finding an event by id: 1
[DEBUG] 2026-03-15 12:55:43.336 [main] EventServiceImpl - Event with id 1 successfully found
[DEBUG] 2026-03-15 12:55:43.337 [main] EventServiceImpl - Finding an event by id: 2
[DEBUG] 2026-03-15 12:55:43.365 [main] EventServiceImpl - Event with id 2 successfully found
[DEBUG] 2026-03-15 12:55:43.385 [main] EventServiceImpl - Start creating an event: EventImpl{id=2, title='Updated Concert', date=2026-03-10, ticketPrice=200.0}
[DEBUG] 2026-03-15 12:55:43.394 [main] EventServiceImpl - Successfully created the event: EventImpl{id=2, title='Updated Concert', date=2026-03-10, ticketPrice=200.0}
[DEBUG] 2026-03-15 12:55:43.420 [main] EventServiceImpl - Start deleting an event with id: 17
[WARN ] 2026-03-15 12:55:43.425 [main] EventServiceImpl - Event not found with id: 17
[DEBUG] 2026-03-15 12:55:43.450 [main] UserServiceImpl - Start creating an user: {'id' : 0, 'name' : 'UserA', 'email' : 'user9Email@gmail.com'}
[DEBUG] 2026-03-15 12:55:43.553 [main] UserServiceImpl - Successfully creation of the user: {'id' : 97, 'name' : 'UserA', 'email' : 'user9Email@gmail.com'}
[DEBUG] 2026-03-15 12:55:43.557 [main] UserAccountServiceImpl - Start creating a user account with userId: 97
[DEBUG] 2026-03-15 12:55:43.557 [main] UserDAOImpl - Start retrieving  user by id: 97
[DEBUG] 2026-03-15 12:55:43.591 [main] UserAccountServiceImpl - Successfully creating userAccount for userId: 97
[DEBUG] 2026-03-15 12:55:43.597 [main] UserAccountServiceImpl - Start getting a user account with userId: 97
[DEBUG] 2026-03-15 12:55:43.615 [main] UserAccountServiceImpl - Successfully getting userAccount for userId: 97
[DEBUG] 2026-03-15 12:55:43.615 [main] UserAccountServiceImpl - Start getting a user account with userId: 97
[DEBUG] 2026-03-15 12:55:43.629 [main] UserAccountServiceImpl - Successfully getting userAccount for userId: 97
[DEBUG] 2026-03-15 12:55:43.629 [main] UserAccountServiceImpl - Start updating user account with userId: 97
[DEBUG] 2026-03-15 12:55:43.660 [main] UserAccountServiceImpl - Successfully updated userAccount for userId: 97
[DEBUG] 2026-03-15 12:55:43.661 [main] UserAccountServiceImpl - Start deleting user account for userId 97
[DEBUG] 2026-03-15 12:55:43.697 [main] UserAccountServiceImpl - Successfully deleted user account for userId 97
[DEBUG] 2026-03-15 13:11:17.924 [main] UserServiceImpl - Finding a user by id: 1
[DEBUG] 2026-03-15 13:11:17.925 [main] UserDAOImpl - Start retrieving  user by id: 1
[DEBUG] 2026-03-15 13:11:17.960 [main] UserServiceImpl - The user with id 1 successfully found 
[DEBUG] 2026-03-15 13:11:17.960 [main] UserServiceImpl - Finding a user by id: 1
[DEBUG] 2026-03-15 13:11:17.960 [main] UserDAOImpl - Start retrieving  user by id: 1
[DEBUG] 2026-03-15 13:11:17.961 [main] UserServiceImpl - The user with id 1 successfully found 
[DEBUG] 2026-03-15 13:15:32.018 [main] UserAccountServiceImpl - Start getting a user account with userId: 1
[DEBUG] 2026-03-15 13:15:32.068 [main] UserAccountServiceImpl - Successfully getting userAccount for userId: 1
[DEBUG] 2026-03-15 13:15:32.068 [main] UserAccountServiceImpl - Start getting a user account with userId: 1
[DEBUG] 2026-03-15 13:15:32.083 [main] UserAccountServiceImpl - Successfully getting userAccount for userId: 1
[DEBUG] 2026-03-15 13:18:35.975 [main] UserServiceImpl - Finding a user by id: 5
[DEBUG] 2026-03-15 13:18:35.976 [main] UserDAOImpl - Start retrieving  user by id: 5
[DEBUG] 2026-03-15 13:18:35.998 [main] UserServiceImpl - The user with id 5 successfully found 
[DEBUG] 2026-03-15 13:20:21.318 [main] UserServiceImpl - Start creating an user: {'id' : 0, 'name' : 'Popi', 'email' : 'popi@gmail.com'}
[DEBUG] 2026-03-15 13:20:21.403 [main] UserServiceImpl - Successfully creation of the user: {'id' : 98, 'name' : 'Popi', 'email' : 'popi@gmail.com'}
[DEBUG] 2026-03-15 13:20:21.411 [main] TicketServiceImpl - Finding all booked tickets by user {'id' : 98, 'name' : 'Popi', 'email' : 'popi@gmail.com'} with page size 10 and number of page 1
[DEBUG] 2026-03-15 13:20:21.495 [main] TicketServiceImpl - All booked tickets successfully found by user {'id' : 98, 'name' : 'Popi', 'email' : 'popi@gmail.com'} with page size 10 and number of page 1
[DEBUG] 2026-03-15 13:20:21.495 [main] TicketServiceImpl - Finding all booked tickets by user {'id' : 98, 'name' : 'Popi', 'email' : 'popi@gmail.com'} with page size 10 and number of page 1
[DEBUG] 2026-03-15 13:20:21.522 [main] TicketServiceImpl - All booked tickets successfully found by user {'id' : 98, 'name' : 'Popi', 'email' : 'popi@gmail.com'} with page size 10 and number of page 1
[DEBUG] 2026-03-15 13:30:12.788 [main] UserServiceImpl - Start creating an user: {'id' : 0, 'name' : 'Popi', 'email' : 'popi@gmail.com'}
[DEBUG] 2026-03-15 13:30:12.855 [main] UserServiceImpl - Wrong credentials.
[WARN ] 2026-03-15 13:30:12.855 [main] UserServiceImpl - Cannot create user: {'id' : 0, 'name' : 'Popi', 'email' : 'popi@gmail.com'}
ua.epam.mishchenko.ticketbooking.exception.DbException: User already exists with email: popi@gmail.com
	at ua.epam.mishchenko.ticketbooking.service.impl.UserServiceImpl.createUser(UserServiceImpl.java:110) ~[classes/:?]
	at jdk.internal.reflect.DirectMethodHandleAccessor.invoke(DirectMethodHandleAccessor.java:103) ~[?:?]
	at java.lang.reflect.Method.invoke(Method.java:580) ~[?:?]
	at org.springframework.aop.support.AopUtils.invokeJoinpointUsingReflection(AopUtils.java:344) ~[spring-aop-5.3.20.jar:5.3.20]
	at org.springframework.aop.framework.ReflectiveMethodInvocation.invokeJoinpoint(ReflectiveMethodInvocation.java:198) ~[spring-aop-5.3.20.jar:5.3.20]
	at org.springframework.aop.framework.ReflectiveMethodInvocation.proceed(ReflectiveMethodInvocation.java:163) ~[spring-aop-5.3.20.jar:5.3.20]
	at org.springframework.transaction.interceptor.TransactionInterceptor$1.proceedWithInvocation(TransactionInterceptor.java:123) ~[spring-tx-5.3.29.jar:5.3.29]
	at org.springframework.transaction.interceptor.TransactionAspectSupport.invokeWithinTransaction(TransactionAspectSupport.java:388) ~[spring-tx-5.3.29.jar:5.3.29]
	at org.springframework.transaction.interceptor.TransactionInterceptor.invoke(TransactionInterceptor.java:119) ~[spring-tx-5.3.29.jar:5.3.29]
	at org.springframework.aop.framework.ReflectiveMethodInvocation.proceed(ReflectiveMethodInvocation.java:186) ~[spring-aop-5.3.20.jar:5.3.20]
	at org.springframework.aop.framework.JdkDynamicAopProxy.invoke(JdkDynamicAopProxy.java:215) ~[spring-aop-5.3.20.jar:5.3.20]
	at jdk.proxy2.$Proxy86.createUser(Unknown Source) ~[?:?]
	at cacheTests.CacheTest.shouldUseSecondLevelCacheWhenGetTicketByID(CacheTest.java:76) ~[test-classes/:?]
	at jdk.internal.reflect.DirectMethodHandleAccessor.invoke(DirectMethodHandleAccessor.java:103) ~[?:?]
	at java.lang.reflect.Method.invoke(Method.java:580) ~[?:?]
	at org.junit.runners.model.FrameworkMethod$1.runReflectiveCall(FrameworkMethod.java:59) ~[junit-4.13.2.jar:4.13.2]
	at org.junit.internal.runners.model.ReflectiveCallable.run(ReflectiveCallable.java:12) ~[junit-4.13.2.jar:4.13.2]
	at org.junit.runners.model.FrameworkMethod.invokeExplosively(FrameworkMethod.java:56) ~[junit-4.13.2.jar:4.13.2]
	at org.junit.internal.runners.statements.InvokeMethod.evaluate(InvokeMethod.java:17) ~[junit-4.13.2.jar:4.13.2]
	at org.springframework.test.context.junit4.statements.RunBeforeTestExecutionCallbacks.evaluate(RunBeforeTestExecutionCallbacks.java:74) ~[spring-test-5.3.20.jar:5.3.20]
	at org.springframework.test.context.junit4.statements.RunAfterTestExecutionCallbacks.evaluate(RunAfterTestExecutionCallbacks.java:84) ~[spring-test-5.3.20.jar:5.3.20]
	at org.springframework.test.context.junit4.statements.RunBeforeTestMethodCallbacks.evaluate(RunBeforeTestMethodCallbacks.java:75) ~[spring-test-5.3.20.jar:5.3.20]
	at org.springframework.test.context.junit4.statements.RunAfterTestMethodCallbacks.evaluate(RunAfterTestMethodCallbacks.java:86) ~[spring-test-5.3.20.jar:5.3.20]
	at org.springframework.test.context.junit4.statements.SpringRepeat.evaluate(SpringRepeat.java:84) ~[spring-test-5.3.20.jar:5.3.20]
	at org.junit.runners.ParentRunner.runLeaf(ParentRunner.java:366) ~[junit-4.13.2.jar:4.13.2]
	at org.springframework.test.context.junit4.SpringJUnit4ClassRunner.runChild(SpringJUnit4ClassRunner.java:251) ~[spring-test-5.3.20.jar:5.3.20]
	at org.springframework.test.context.junit4.SpringJUnit4ClassRunner.runChild(SpringJUnit4ClassRunner.java:97) ~[spring-test-5.3.20.jar:5.3.20]
	at org.junit.runners.ParentRunner$4.run(ParentRunner.java:331) ~[junit-4.13.2.jar:4.13.2]
	at org.junit.runners.ParentRunner$1.schedule(ParentRunner.java:79) ~[junit-4.13.2.jar:4.13.2]
	at org.junit.runners.ParentRunner.runChildren(ParentRunner.java:329) ~[junit-4.13.2.jar:4.13.2]
	at org.junit.runners.ParentRunner.access$100(ParentRunner.java:66) ~[junit-4.13.2.jar:4.13.2]
	at org.junit.runners.ParentRunner$2.evaluate(ParentRunner.java:293) ~[junit-4.13.2.jar:4.13.2]
	at org.springframework.test.context.junit4.statements.RunBeforeTestClassCallbacks.evaluate(RunBeforeTestClassCallbacks.java:61) ~[spring-test-5.3.20.jar:5.3.20]
	at org.springframework.test.context.junit4.statements.RunAfterTestClassCallbacks.evaluate(RunAfterTestClassCallbacks.java:70) ~[spring-test-5.3.20.jar:5.3.20]
	at org.junit.runners.ParentRunner$3.evaluate(ParentRunner.java:306) ~[junit-4.13.2.jar:4.13.2]
	at org.junit.runners.ParentRunner.run(ParentRunner.java:413) ~[junit-4.13.2.jar:4.13.2]
	at org.springframework.test.context.junit4.SpringJUnit4ClassRunner.run(SpringJUnit4ClassRunner.java:190) ~[spring-test-5.3.20.jar:5.3.20]
	at org.junit.runner.JUnitCore.run(JUnitCore.java:137) ~[junit-4.13.2.jar:4.13.2]
	at com.intellij.junit4.JUnit4IdeaTestRunner.startRunnerWithArgs(JUnit4IdeaTestRunner.java:69) ~[junit-rt.jar:?]
	at com.intellij.rt.junit.IdeaTestRunner$Repeater$1.execute(IdeaTestRunner.java:38) ~[junit-rt.jar:?]
	at com.intellij.rt.execution.junit.TestsRepeater.repeat(TestsRepeater.java:11) ~[idea_rt.jar:?]
	at com.intellij.rt.junit.IdeaTestRunner$Repeater.startRunnerWithArgs(IdeaTestRunner.java:35) ~[junit-rt.jar:?]
	at com.intellij.rt.junit.JUnitStarter.prepareStreamsAndStart(JUnitStarter.java:232) ~[junit-rt.jar:?]
	at com.intellij.rt.junit.JUnitStarter.main(JUnitStarter.java:55) ~[junit-rt.jar:?]
[DEBUG] 2026-03-15 13:34:01.942 [main] UserServiceImpl - Finding a user by id: 1
[DEBUG] 2026-03-15 13:34:01.943 [main] UserDAOImpl - Start retrieving  user by id: 1
[DEBUG] 2026-03-15 13:34:01.977 [main] UserServiceImpl - The user with id 1 successfully found 
[DEBUG] 2026-03-15 13:34:01.977 [main] UserServiceImpl - Finding a user by id: 1
[DEBUG] 2026-03-15 13:34:01.977 [main] UserDAOImpl - Start retrieving  user by id: 1
[DEBUG] 2026-03-15 13:34:01.978 [main] UserServiceImpl - The user with id 1 successfully found 
[DEBUG] 2026-03-15 13:34:08.185 [main] UserAccountServiceImpl - Start getting a user account with userId: 1
[DEBUG] 2026-03-15 13:34:08.234 [main] UserAccountServiceImpl - Successfully getting userAccount for userId: 1
[DEBUG] 2026-03-15 13:34:08.234 [main] UserAccountServiceImpl - Start getting a user account with userId: 1
[DEBUG] 2026-03-15 13:34:08.248 [main] UserAccountServiceImpl - Successfully getting userAccount for userId: 1
[DEBUG] 2026-03-15 13:35:58.342 [main] UserAccountServiceImpl - Start getting a user account with userId: 1
[DEBUG] 2026-03-15 13:35:58.389 [main] UserAccountServiceImpl - Successfully getting userAccount for userId: 1
[DEBUG] 2026-03-15 13:35:58.389 [main] UserAccountServiceImpl - Start getting a user account with userId: 1
[DEBUG] 2026-03-15 13:35:58.405 [main] UserAccountServiceImpl - Successfully getting userAccount for userId: 1
[DEBUG] 2026-03-15 13:36:18.630 [main] UserAccountServiceImpl - Start getting a user account with userId: 1
[DEBUG] 2026-03-15 13:36:18.679 [main] UserAccountServiceImpl - Successfully getting userAccount for userId: 1
[DEBUG] 2026-03-15 13:36:18.679 [main] UserAccountServiceImpl - Start getting a user account with userId: 1
[DEBUG] 2026-03-15 13:36:18.693 [main] UserAccountServiceImpl - Successfully getting userAccount for userId: 1
[DEBUG] 2026-03-15 13:36:25.576 [main] UserServiceImpl - Start creating an user: {'id' : 0, 'name' : 'Popi', 'email' : 'popi@gmail.com'}
[DEBUG] 2026-03-15 13:36:25.645 [main] UserServiceImpl - Wrong credentials.
[WARN ] 2026-03-15 13:36:25.646 [main] UserServiceImpl - Cannot create user: {'id' : 0, 'name' : 'Popi', 'email' : 'popi@gmail.com'}
ua.epam.mishchenko.ticketbooking.exception.DbException: User already exists with email: popi@gmail.com
	at ua.epam.mishchenko.ticketbooking.service.impl.UserServiceImpl.createUser(UserServiceImpl.java:110) ~[classes/:?]
	at jdk.internal.reflect.DirectMethodHandleAccessor.invoke(DirectMethodHandleAccessor.java:103) ~[?:?]
	at java.lang.reflect.Method.invoke(Method.java:580) ~[?:?]
	at org.springframework.aop.support.AopUtils.invokeJoinpointUsingReflection(AopUtils.java:344) ~[spring-aop-5.3.20.jar:5.3.20]
	at org.springframework.aop.framework.ReflectiveMethodInvocation.invokeJoinpoint(ReflectiveMethodInvocation.java:198) ~[spring-aop-5.3.20.jar:5.3.20]
	at org.springframework.aop.framework.ReflectiveMethodInvocation.proceed(ReflectiveMethodInvocation.java:163) ~[spring-aop-5.3.20.jar:5.3.20]
	at org.springframework.transaction.interceptor.TransactionInterceptor$1.proceedWithInvocation(TransactionInterceptor.java:123) ~[spring-tx-5.3.29.jar:5.3.29]
	at org.springframework.transaction.interceptor.TransactionAspectSupport.invokeWithinTransaction(TransactionAspectSupport.java:388) ~[spring-tx-5.3.29.jar:5.3.29]
	at org.springframework.transaction.interceptor.TransactionInterceptor.invoke(TransactionInterceptor.java:119) ~[spring-tx-5.3.29.jar:5.3.29]
	at org.springframework.aop.framework.ReflectiveMethodInvocation.proceed(ReflectiveMethodInvocation.java:186) ~[spring-aop-5.3.20.jar:5.3.20]
	at org.springframework.aop.framework.JdkDynamicAopProxy.invoke(JdkDynamicAopProxy.java:215) ~[spring-aop-5.3.20.jar:5.3.20]
	at jdk.proxy2.$Proxy86.createUser(Unknown Source) ~[?:?]
	at cacheTests.CacheTest.shouldUseSecondLevelCacheWhenGetTicketByID(CacheTest.java:76) ~[test-classes/:?]
	at jdk.internal.reflect.DirectMethodHandleAccessor.invoke(DirectMethodHandleAccessor.java:103) ~[?:?]
	at java.lang.reflect.Method.invoke(Method.java:580) ~[?:?]
	at org.junit.runners.model.FrameworkMethod$1.runReflectiveCall(FrameworkMethod.java:59) ~[junit-4.13.2.jar:4.13.2]
	at org.junit.internal.runners.model.ReflectiveCallable.run(ReflectiveCallable.java:12) ~[junit-4.13.2.jar:4.13.2]
	at org.junit.runners.model.FrameworkMethod.invokeExplosively(FrameworkMethod.java:56) ~[junit-4.13.2.jar:4.13.2]
	at org.junit.internal.runners.statements.InvokeMethod.evaluate(InvokeMethod.java:17) ~[junit-4.13.2.jar:4.13.2]
	at org.springframework.test.context.junit4.statements.RunBeforeTestExecutionCallbacks.evaluate(RunBeforeTestExecutionCallbacks.java:74) ~[spring-test-5.3.20.jar:5.3.20]
	at org.springframework.test.context.junit4.statements.RunAfterTestExecutionCallbacks.evaluate(RunAfterTestExecutionCallbacks.java:84) ~[spring-test-5.3.20.jar:5.3.20]
	at org.springframework.test.context.junit4.statements.RunBeforeTestMethodCallbacks.evaluate(RunBeforeTestMethodCallbacks.java:75) ~[spring-test-5.3.20.jar:5.3.20]
	at org.springframework.test.context.junit4.statements.RunAfterTestMethodCallbacks.evaluate(RunAfterTestMethodCallbacks.java:86) ~[spring-test-5.3.20.jar:5.3.20]
	at org.springframework.test.context.junit4.statements.SpringRepeat.evaluate(SpringRepeat.java:84) ~[spring-test-5.3.20.jar:5.3.20]
	at org.junit.runners.ParentRunner.runLeaf(ParentRunner.java:366) ~[junit-4.13.2.jar:4.13.2]
	at org.springframework.test.context.junit4.SpringJUnit4ClassRunner.runChild(SpringJUnit4ClassRunner.java:251) ~[spring-test-5.3.20.jar:5.3.20]
	at org.springframework.test.context.junit4.SpringJUnit4ClassRunner.runChild(SpringJUnit4ClassRunner.java:97) ~[spring-test-5.3.20.jar:5.3.20]
	at org.junit.runners.ParentRunner$4.run(ParentRunner.java:331) ~[junit-4.13.2.jar:4.13.2]
	at org.junit.runners.ParentRunner$1.schedule(ParentRunner.java:79) ~[junit-4.13.2.jar:4.13.2]
	at org.junit.runners.ParentRunner.runChildren(ParentRunner.java:329) ~[junit-4.13.2.jar:4.13.2]
	at org.junit.runners.ParentRunner.access$100(ParentRunner.java:66) ~[junit-4.13.2.jar:4.13.2]
	at org.junit.runners.ParentRunner$2.evaluate(ParentRunner.java:293) ~[junit-4.13.2.jar:4.13.2]
	at org.springframework.test.context.junit4.statements.RunBeforeTestClassCallbacks.evaluate(RunBeforeTestClassCallbacks.java:61) ~[spring-test-5.3.20.jar:5.3.20]
	at org.springframework.test.context.junit4.statements.RunAfterTestClassCallbacks.evaluate(RunAfterTestClassCallbacks.java:70) ~[spring-test-5.3.20.jar:5.3.20]
	at org.junit.runners.ParentRunner$3.evaluate(ParentRunner.java:306) ~[junit-4.13.2.jar:4.13.2]
	at org.junit.runners.ParentRunner.run(ParentRunner.java:413) ~[junit-4.13.2.jar:4.13.2]
	at org.springframework.test.context.junit4.SpringJUnit4ClassRunner.run(SpringJUnit4ClassRunner.java:190) ~[spring-test-5.3.20.jar:5.3.20]
	at org.junit.runner.JUnitCore.run(JUnitCore.java:137) ~[junit-4.13.2.jar:4.13.2]
	at com.intellij.junit4.JUnit4IdeaTestRunner.startRunnerWithArgs(JUnit4IdeaTestRunner.java:69) ~[junit-rt.jar:?]
	at com.intellij.rt.junit.IdeaTestRunner$Repeater$1.execute(IdeaTestRunner.java:38) ~[junit-rt.jar:?]
	at com.intellij.rt.execution.junit.TestsRepeater.repeat(TestsRepeater.java:11) ~[idea_rt.jar:?]
	at com.intellij.rt.junit.IdeaTestRunner$Repeater.startRunnerWithArgs(IdeaTestRunner.java:35) ~[junit-rt.jar:?]
	at com.intellij.rt.junit.JUnitStarter.prepareStreamsAndStart(JUnitStarter.java:232) ~[junit-rt.jar:?]
	at com.intellij.rt.junit.JUnitStarter.main(JUnitStarter.java:55) ~[junit-rt.jar:?]
[DEBUG] 2026-03-15 13:36:49.966 [main] UserServiceImpl - Start creating an user: {'id' : 0, 'name' : 'Popi', 'email' : 'popi@gmail.com'}
[DEBUG] 2026-03-15 13:36:50.033 [main] UserServiceImpl - Wrong credentials.
[WARN ] 2026-03-15 13:36:50.033 [main] UserServiceImpl - Cannot create user: {'id' : 0, 'name' : 'Popi', 'email' : 'popi@gmail.com'}
ua.epam.mishchenko.ticketbooking.exception.DbException: User already exists with email: popi@gmail.com
	at ua.epam.mishchenko.ticketbooking.service.impl.UserServiceImpl.createUser(UserServiceImpl.java:110) ~[classes/:?]
	at jdk.internal.reflect.DirectMethodHandleAccessor.invoke(DirectMethodHandleAccessor.java:103) ~[?:?]
	at java.lang.reflect.Method.invoke(Method.java:580) ~[?:?]
	at org.springframework.aop.support.AopUtils.invokeJoinpointUsingReflection(AopUtils.java:344) ~[spring-aop-5.3.20.jar:5.3.20]
	at org.springframework.aop.framework.ReflectiveMethodInvocation.invokeJoinpoint(ReflectiveMethodInvocation.java:198) ~[spring-aop-5.3.20.jar:5.3.20]
	at org.springframework.aop.framework.ReflectiveMethodInvocation.proceed(ReflectiveMethodInvocation.java:163) ~[spring-aop-5.3.20.jar:5.3.20]
	at org.springframework.transaction.interceptor.TransactionInterceptor$1.proceedWithInvocation(TransactionInterceptor.java:123) ~[spring-tx-5.3.29.jar:5.3.29]
	at org.springframework.transaction.interceptor.TransactionAspectSupport.invokeWithinTransaction(TransactionAspectSupport.java:388) ~[spring-tx-5.3.29.jar:5.3.29]
	at org.springframework.transaction.interceptor.TransactionInterceptor.invoke(TransactionInterceptor.java:119) ~[spring-tx-5.3.29.jar:5.3.29]
	at org.springframework.aop.framework.ReflectiveMethodInvocation.proceed(ReflectiveMethodInvocation.java:186) ~[spring-aop-5.3.20.jar:5.3.20]
	at org.springframework.aop.framework.JdkDynamicAopProxy.invoke(JdkDynamicAopProxy.java:215) ~[spring-aop-5.3.20.jar:5.3.20]
	at jdk.proxy2.$Proxy86.createUser(Unknown Source) ~[?:?]
	at cacheTests.CacheTest.shouldUseSecondLevelCacheWhenGetTicketByID(CacheTest.java:76) ~[test-classes/:?]
	at jdk.internal.reflect.DirectMethodHandleAccessor.invoke(DirectMethodHandleAccessor.java:103) ~[?:?]
	at java.lang.reflect.Method.invoke(Method.java:580) ~[?:?]
	at org.junit.runners.model.FrameworkMethod$1.runReflectiveCall(FrameworkMethod.java:59) ~[junit-4.13.2.jar:4.13.2]
	at org.junit.internal.runners.model.ReflectiveCallable.run(ReflectiveCallable.java:12) ~[junit-4.13.2.jar:4.13.2]
	at org.junit.runners.model.FrameworkMethod.invokeExplosively(FrameworkMethod.java:56) ~[junit-4.13.2.jar:4.13.2]
	at org.junit.internal.runners.statements.InvokeMethod.evaluate(InvokeMethod.java:17) ~[junit-4.13.2.jar:4.13.2]
	at org.springframework.test.context.junit4.statements.RunBeforeTestExecutionCallbacks.evaluate(RunBeforeTestExecutionCallbacks.java:74) ~[spring-test-5.3.20.jar:5.3.20]
	at org.springframework.test.context.junit4.statements.RunAfterTestExecutionCallbacks.evaluate(RunAfterTestExecutionCallbacks.java:84) ~[spring-test-5.3.20.jar:5.3.20]
	at org.springframework.test.context.junit4.statements.RunBeforeTestMethodCallbacks.evaluate(RunBeforeTestMethodCallbacks.java:75) ~[spring-test-5.3.20.jar:5.3.20]
	at org.springframework.test.context.junit4.statements.RunAfterTestMethodCallbacks.evaluate(RunAfterTestMethodCallbacks.java:86) ~[spring-test-5.3.20.jar:5.3.20]
	at org.springframework.test.context.junit4.statements.SpringRepeat.evaluate(SpringRepeat.java:84) ~[spring-test-5.3.20.jar:5.3.20]
	at org.junit.runners.ParentRunner.runLeaf(ParentRunner.java:366) ~[junit-4.13.2.jar:4.13.2]
	at org.springframework.test.context.junit4.SpringJUnit4ClassRunner.runChild(SpringJUnit4ClassRunner.java:251) ~[spring-test-5.3.20.jar:5.3.20]
	at org.springframework.test.context.junit4.SpringJUnit4ClassRunner.runChild(SpringJUnit4ClassRunner.java:97) ~[spring-test-5.3.20.jar:5.3.20]
	at org.junit.runners.ParentRunner$4.run(ParentRunner.java:331) ~[junit-4.13.2.jar:4.13.2]
	at org.junit.runners.ParentRunner$1.schedule(ParentRunner.java:79) ~[junit-4.13.2.jar:4.13.2]
	at org.junit.runners.ParentRunner.runChildren(ParentRunner.java:329) ~[junit-4.13.2.jar:4.13.2]
	at org.junit.runners.ParentRunner.access$100(ParentRunner.java:66) ~[junit-4.13.2.jar:4.13.2]
	at org.junit.runners.ParentRunner$2.evaluate(ParentRunner.java:293) ~[junit-4.13.2.jar:4.13.2]
	at org.springframework.test.context.junit4.statements.RunBeforeTestClassCallbacks.evaluate(RunBeforeTestClassCallbacks.java:61) ~[spring-test-5.3.20.jar:5.3.20]
	at org.springframework.test.context.junit4.statements.RunAfterTestClassCallbacks.evaluate(RunAfterTestClassCallbacks.java:70) ~[spring-test-5.3.20.jar:5.3.20]
	at org.junit.runners.ParentRunner$3.evaluate(ParentRunner.java:306) ~[junit-4.13.2.jar:4.13.2]
	at org.junit.runners.ParentRunner.run(ParentRunner.java:413) ~[junit-4.13.2.jar:4.13.2]
	at org.springframework.test.context.junit4.SpringJUnit4ClassRunner.run(SpringJUnit4ClassRunner.java:190) ~[spring-test-5.3.20.jar:5.3.20]
	at org.junit.runner.JUnitCore.run(JUnitCore.java:137) ~[junit-4.13.2.jar:4.13.2]
	at com.intellij.junit4.JUnit4IdeaTestRunner.startRunnerWithArgs(JUnit4IdeaTestRunner.java:69) ~[junit-rt.jar:?]
	at com.intellij.rt.junit.IdeaTestRunner$Repeater$1.execute(IdeaTestRunner.java:38) ~[junit-rt.jar:?]
	at com.intellij.rt.execution.junit.TestsRepeater.repeat(TestsRepeater.java:11) ~[idea_rt.jar:?]
	at com.intellij.rt.junit.IdeaTestRunner$Repeater.startRunnerWithArgs(IdeaTestRunner.java:35) ~[junit-rt.jar:?]
	at com.intellij.rt.junit.JUnitStarter.prepareStreamsAndStart(JUnitStarter.java:232) ~[junit-rt.jar:?]
	at com.intellij.rt.junit.JUnitStarter.main(JUnitStarter.java:55) ~[junit-rt.jar:?]
[DEBUG] 2026-03-15 13:37:16.600 [main] UserAccountServiceImpl - Start getting a user account with userId: 1
[DEBUG] 2026-03-15 13:37:16.648 [main] UserAccountServiceImpl - Successfully getting userAccount for userId: 1
[DEBUG] 2026-03-15 13:37:16.648 [main] UserAccountServiceImpl - Start getting a user account with userId: 1
[DEBUG] 2026-03-15 13:37:16.664 [main] UserAccountServiceImpl - Successfully getting userAccount for userId: 1
[DEBUG] 2026-03-15 13:42:05.850 [main] UserServiceImpl - Finding a user by id: 1
[DEBUG] 2026-03-15 13:42:05.850 [main] UserDAOImpl - Start retrieving  user by id: 1
[DEBUG] 2026-03-15 13:42:05.890 [main] UserServiceImpl - The user with id 1 successfully found 
[DEBUG] 2026-03-15 13:42:05.895 [main] TicketServiceImpl - Finding all booked tickets by user {'id' : 1, 'name' : 'Alice', 'email' : 'alice@example.com'} with page size 10 and number of page 1
[DEBUG] 2026-03-15 13:42:06.029 [main] TicketServiceImpl - All booked tickets successfully found by user {'id' : 1, 'name' : 'Alice', 'email' : 'alice@example.com'} with page size 10 and number of page 1
[DEBUG] 2026-03-15 13:42:06.029 [main] TicketServiceImpl - Finding all booked tickets by user {'id' : 1, 'name' : 'Alice', 'email' : 'alice@example.com'} with page size 10 and number of page 1
[DEBUG] 2026-03-15 13:42:06.031 [main] TicketServiceImpl - All booked tickets successfully found by user {'id' : 1, 'name' : 'Alice', 'email' : 'alice@example.com'} with page size 10 and number of page 1
[DEBUG] 2026-03-15 13:45:02.838 [main] UserServiceImpl - Finding a user by id: 1
[DEBUG] 2026-03-15 13:45:02.838 [main] UserDAOImpl - Start retrieving  user by id: 1
[DEBUG] 2026-03-15 13:45:02.871 [main] UserServiceImpl - The user with id 1 successfully found 
[DEBUG] 2026-03-15 13:45:02.876 [main] TicketServiceImpl - Finding all booked tickets by user {'id' : 1, 'name' : 'Alice', 'email' : 'alice@example.com'} with page size 10 and number of page 1
[DEBUG] 2026-03-15 13:45:03.014 [main] TicketServiceImpl - All booked tickets successfully found by user {'id' : 1, 'name' : 'Alice', 'email' : 'alice@example.com'} with page size 10 and number of page 1
[DEBUG] 2026-03-15 13:45:03.015 [main] TicketServiceImpl - Finding all booked tickets by user {'id' : 1, 'name' : 'Alice', 'email' : 'alice@example.com'} with page size 10 and number of page 1
[DEBUG] 2026-03-15 13:45:03.016 [main] TicketServiceImpl - All booked tickets successfully found by user {'id' : 1, 'name' : 'Alice', 'email' : 'alice@example.com'} with page size 10 and number of page 1
[DEBUG] 2026-03-15 13:45:44.967 [main] EventServiceImpl - Start creating an event: EventImpl{id=0, title='Balley', date=2026-03-15, ticketPrice=120.0}
[DEBUG] 2026-03-15 13:45:44.997 [main] EventServiceImpl - Successfully created the event: EventImpl{id=111, title='Balley', date=2026-03-15, ticketPrice=120.0}
[DEBUG] 2026-03-15 13:45:45.220 [main] EventServiceImpl - Finding an event by id: 1
[DEBUG] 2026-03-15 13:45:45.260 [main] EventServiceImpl - Event with id 1 successfully found
[DEBUG] 2026-03-15 13:45:45.260 [main] EventServiceImpl - Finding an event by id: 2
[DEBUG] 2026-03-15 13:45:45.277 [main] EventServiceImpl - Event with id 2 successfully found
[DEBUG] 2026-03-15 13:45:45.289 [main] EventServiceImpl - Start creating an event: EventImpl{id=2, title='Updated Concert', date=2026-03-10, ticketPrice=200.0}
[DEBUG] 2026-03-15 13:45:45.294 [main] EventServiceImpl - Successfully created the event: EventImpl{id=2, title='Updated Concert', date=2026-03-10, ticketPrice=200.0}
[DEBUG] 2026-03-15 13:45:45.309 [main] EventServiceImpl - Start deleting an event with id: 17
[WARN ] 2026-03-15 13:45:45.312 [main] EventServiceImpl - Event not found with id: 17
[DEBUG] 2026-03-15 13:45:45.481 [main] TicketServiceImpl - Start booking a ticket for user with id 1, event with id 1, place 12, category PREMIUM
[WARN ] 2026-03-15 13:45:45.487 [main] TicketServiceImpl - Insufficient funds for user 1 to book ticket for event 1
[DEBUG] 2026-03-15 13:46:37.004 [main] EventServiceImpl - Start creating an event: EventImpl{id=0, title='Balley', date=2026-03-15, ticketPrice=120.0}
[DEBUG] 2026-03-15 13:46:37.029 [main] EventServiceImpl - Successfully created the event: EventImpl{id=112, title='Balley', date=2026-03-15, ticketPrice=120.0}
[DEBUG] 2026-03-15 13:46:37.225 [main] EventServiceImpl - Finding an event by id: 1
[DEBUG] 2026-03-15 13:46:37.267 [main] EventServiceImpl - Event with id 1 successfully found
[DEBUG] 2026-03-15 13:46:37.267 [main] EventServiceImpl - Finding an event by id: 2
[DEBUG] 2026-03-15 13:46:37.281 [main] EventServiceImpl - Event with id 2 successfully found
[DEBUG] 2026-03-15 13:46:37.291 [main] EventServiceImpl - Start creating an event: EventImpl{id=2, title='Updated Concert', date=2026-03-10, ticketPrice=200.0}
[DEBUG] 2026-03-15 13:46:37.295 [main] EventServiceImpl - Successfully created the event: EventImpl{id=2, title='Updated Concert', date=2026-03-10, ticketPrice=200.0}
[DEBUG] 2026-03-15 13:46:37.308 [main] EventServiceImpl - Start deleting an event with id: 17
[WARN ] 2026-03-15 13:46:37.311 [main] EventServiceImpl - Event not found with id: 17
[DEBUG] 2026-03-15 13:46:37.465 [main] TicketServiceImpl - Start booking a ticket for user with id 1, event with id 1, place 12, category PREMIUM
[DEBUG] 2026-03-15 13:46:37.481 [main] TicketServiceImpl - Successfully booked ticket: {'id' : 9, 'userId' : 1, 'eventId' : 1, 'place' : 12, 'category' : 'PREMIUM'}
[DEBUG] 2026-03-15 13:48:18.688 [main] TicketServiceImpl - Start booking a ticket for user with id 1, event with id 2, place 12, category STANDARD
[DEBUG] 2026-03-15 13:48:18.754 [main] TicketServiceImpl - Successfully booked ticket: {'id' : 10, 'userId' : 1, 'eventId' : 2, 'place' : 12, 'category' : 'STANDARD'}
[DEBUG] 2026-03-15 13:48:36.028 [main] UserServiceImpl - Finding a user by id: 1
[DEBUG] 2026-03-15 13:48:36.028 [main] UserDAOImpl - Start retrieving  user by id: 1
[DEBUG] 2026-03-15 13:48:36.058 [main] UserServiceImpl - The user with id 1 successfully found 
[DEBUG] 2026-03-15 13:48:36.062 [main] TicketServiceImpl - Finding all booked tickets by user {'id' : 1, 'name' : 'Alice', 'email' : 'alice@example.com'} with page size 10 and number of page 1
[DEBUG] 2026-03-15 13:48:36.207 [main] TicketServiceImpl - All booked tickets successfully found by user {'id' : 1, 'name' : 'Alice', 'email' : 'alice@example.com'} with page size 10 and number of page 1
[DEBUG] 2026-03-15 13:48:36.208 [main] TicketServiceImpl - Finding all booked tickets by user {'id' : 1, 'name' : 'Alice', 'email' : 'alice@example.com'} with page size 10 and number of page 1
[DEBUG] 2026-03-15 13:48:36.209 [main] TicketServiceImpl - All booked tickets successfully found by user {'id' : 1, 'name' : 'Alice', 'email' : 'alice@example.com'} with page size 10 and number of page 1
[DEBUG] 2026-03-15 13:56:49.746 [main] UserServiceImpl - Finding a user by id: 1
[DEBUG] 2026-03-15 13:56:49.746 [main] UserDAOImpl - Start retrieving  user by id: 1
[DEBUG] 2026-03-15 13:56:49.777 [main] UserServiceImpl - The user with id 1 successfully found 
[DEBUG] 2026-03-15 13:56:49.782 [main] TicketServiceImpl - Finding all booked tickets by user {'id' : 1, 'name' : 'Alice', 'email' : 'alice@example.com'} with page size 10 and number of page 1
[DEBUG] 2026-03-15 13:56:49.912 [main] TicketServiceImpl - All booked tickets successfully found by user {'id' : 1, 'name' : 'Alice', 'email' : 'alice@example.com'} with page size 10 and number of page 1
[DEBUG] 2026-03-15 13:56:49.912 [main] TicketServiceImpl - Finding all booked tickets by user {'id' : 1, 'name' : 'Alice', 'email' : 'alice@example.com'} with page size 10 and number of page 1
[DEBUG] 2026-03-15 13:56:49.913 [main] TicketServiceImpl - All booked tickets successfully found by user {'id' : 1, 'name' : 'Alice', 'email' : 'alice@example.com'} with page size 10 and number of page 1
[DEBUG] 2026-03-15 13:59:52.438 [main] UserServiceImpl - Finding a user by id: 1
[DEBUG] 2026-03-15 13:59:52.439 [main] UserDAOImpl - Start retrieving  user by id: 1
[DEBUG] 2026-03-15 13:59:52.468 [main] UserServiceImpl - The user with id 1 successfully found 
[DEBUG] 2026-03-15 13:59:52.473 [main] TicketServiceImpl - Finding all booked tickets by user {'id' : 1, 'name' : 'Alice', 'email' : 'alice@example.com'} with page size 10 and number of page 1
[DEBUG] 2026-03-15 13:59:52.609 [main] TicketServiceImpl - All booked tickets successfully found by user {'id' : 1, 'name' : 'Alice', 'email' : 'alice@example.com'} with page size 10 and number of page 1
[DEBUG] 2026-03-15 13:59:52.609 [main] TicketServiceImpl - Finding all booked tickets by user {'id' : 1, 'name' : 'Alice', 'email' : 'alice@example.com'} with page size 10 and number of page 1
[DEBUG] 2026-03-15 13:59:52.610 [main] TicketServiceImpl - All booked tickets successfully found by user {'id' : 1, 'name' : 'Alice', 'email' : 'alice@example.com'} with page size 10 and number of page 1
[DEBUG] 2026-03-15 14:03:46.641 [main] UserServiceImpl - Finding a user by id: 1
[DEBUG] 2026-03-15 14:03:46.641 [main] UserDAOImpl - Start retrieving  user by id: 1
[DEBUG] 2026-03-15 14:03:46.672 [main] UserServiceImpl - The user with id 1 successfully found 
[DEBUG] 2026-03-15 14:03:46.676 [main] TicketServiceImpl - Finding all booked tickets by user {'id' : 1, 'name' : 'Alice', 'email' : 'alice@example.com'} with page size 10 and number of page 1
[DEBUG] 2026-03-15 14:03:46.808 [main] TicketServiceImpl - All booked tickets successfully found by user {'id' : 1, 'name' : 'Alice', 'email' : 'alice@example.com'} with page size 10 and number of page 1
[DEBUG] 2026-03-15 14:03:46.808 [main] TicketServiceImpl - Finding all booked tickets by user {'id' : 1, 'name' : 'Alice', 'email' : 'alice@example.com'} with page size 10 and number of page 1
[DEBUG] 2026-03-15 14:03:46.810 [main] TicketServiceImpl - All booked tickets successfully found by user {'id' : 1, 'name' : 'Alice', 'email' : 'alice@example.com'} with page size 10 and number of page 1
[DEBUG] 2026-03-15 14:03:46.812 [main] TicketServiceImpl - Finding all booked tickets by user {'id' : 1, 'name' : 'Alice', 'email' : 'alice@example.com'} with page size 10 and number of page 1
[DEBUG] 2026-03-15 14:03:46.813 [main] TicketServiceImpl - All booked tickets successfully found by user {'id' : 1, 'name' : 'Alice', 'email' : 'alice@example.com'} with page size 10 and number of page 1
[DEBUG] 2026-03-15 14:04:57.713 [main] UserAccountServiceImpl - Start getting a user account with userId: 1
[DEBUG] 2026-03-15 14:04:57.760 [main] UserAccountServiceImpl - Successfully getting userAccount for userId: 1
[DEBUG] 2026-03-15 14:04:57.760 [main] UserAccountServiceImpl - Start getting a user account with userId: 1
[DEBUG] 2026-03-15 14:04:57.776 [main] UserAccountServiceImpl - Successfully getting userAccount for userId: 1
[DEBUG] 2026-03-15 14:08:21.950 [main] UserAccountServiceImpl - Start getting a user account with userId: 1
[DEBUG] 2026-03-15 14:08:21.995 [main] UserAccountServiceImpl - Successfully getting userAccount for userId: 1
[DEBUG] 2026-03-15 14:08:21.996 [main] UserAccountServiceImpl - Start getting a user account with userId: 1
[DEBUG] 2026-03-15 14:08:22.011 [main] UserAccountServiceImpl - Successfully getting userAccount for userId: 1
[DEBUG] 2026-03-15 14:08:48.527 [main] UserAccountServiceImpl - Start getting a user account with userId: 1
[DEBUG] 2026-03-15 14:08:48.569 [main] UserAccountServiceImpl - Successfully getting userAccount for userId: 1
[DEBUG] 2026-03-15 14:08:48.569 [main] UserAccountServiceImpl - Start getting a user account with userId: 1
[DEBUG] 2026-03-15 14:08:48.585 [main] UserAccountServiceImpl - Successfully getting userAccount for userId: 1
[DEBUG] 2026-03-15 14:24:18.635 [main] UserServiceImpl - Finding a user by id: 1
[DEBUG] 2026-03-15 14:24:18.636 [main] UserDAOImpl - Start retrieving  user by id: 1
[DEBUG] 2026-03-15 14:24:18.693 [main] UserServiceImpl - The user with id 1 successfully found 
[DEBUG] 2026-03-15 14:24:18.693 [main] UserServiceImpl - Finding a user by id: 1
[DEBUG] 2026-03-15 14:24:18.693 [main] UserDAOImpl - Start retrieving  user by id: 1
[DEBUG] 2026-03-15 14:24:18.694 [main] UserServiceImpl - The user with id 1 successfully found 
[DEBUG] 2026-03-15 14:27:42.223 [main] UserServiceImpl - Finding a user by id: 1
[DEBUG] 2026-03-15 14:27:42.224 [main] UserDAOImpl - Start retrieving  user by id: 1
[DEBUG] 2026-03-15 14:27:42.244 [main] UserServiceImpl - The user with id 1 successfully found 
[DEBUG] 2026-03-15 14:27:42.263 [main] UserServiceImpl - Finding a user by id: 1
[DEBUG] 2026-03-15 14:27:42.264 [main] UserDAOImpl - Start retrieving  user by id: 1
[DEBUG] 2026-03-15 14:27:42.264 [main] UserServiceImpl - The user with id 1 successfully found 
[DEBUG] 2026-03-15 14:29:19.947 [main] UserAccountServiceImpl - Start getting a user account with userId: 1
[DEBUG] 2026-03-15 14:29:20.016 [main] UserAccountServiceImpl - Successfully getting userAccount for userId: 1
[DEBUG] 2026-03-15 14:29:20.016 [main] UserAccountServiceImpl - Start getting a user account with userId: 1
[DEBUG] 2026-03-15 14:29:20.038 [main] UserAccountServiceImpl - Successfully getting userAccount for userId: 1
[DEBUG] 2026-03-15 14:31:12.313 [main] UserServiceImpl - Finding a user by id: 1
[DEBUG] 2026-03-15 14:31:12.314 [main] UserDAOImpl - Start retrieving  user by id: 1
[DEBUG] 2026-03-15 14:31:12.339 [main] UserServiceImpl - The user with id 1 successfully found 
[DEBUG] 2026-03-15 14:31:12.364 [main] UserServiceImpl - Finding a user by id: 1
[DEBUG] 2026-03-15 14:31:12.364 [main] UserDAOImpl - Start retrieving  user by id: 1
[DEBUG] 2026-03-15 14:31:12.365 [main] UserServiceImpl - The user with id 1 successfully found 
[DEBUG] 2026-03-15 14:48:54.567 [main] UserServiceImpl - Finding a user by id: 1
[DEBUG] 2026-03-15 14:48:54.568 [main] UserDAOImpl - Start retrieving  user by id: 1
[DEBUG] 2026-03-15 14:48:54.598 [main] UserServiceImpl - The user with id 1 successfully found 
[DEBUG] 2026-03-15 14:48:54.620 [main] UserServiceImpl - Finding a user by id: 1
[DEBUG] 2026-03-15 14:48:54.620 [main] UserDAOImpl - Start retrieving  user by id: 1
[DEBUG] 2026-03-15 14:48:54.621 [main] UserServiceImpl - The user with id 1 successfully found 
[DEBUG] 2026-03-15 14:55:22.410 [main] UserServiceImpl - Finding a user by id: 1
[DEBUG] 2026-03-15 14:55:22.410 [main] UserDAOImpl - Start retrieving  user by id: 1
[DEBUG] 2026-03-15 14:55:22.431 [main] UserServiceImpl - The user with id 1 successfully found 
[DEBUG] 2026-03-15 14:55:22.456 [main] UserServiceImpl - Finding a user by id: 1
[DEBUG] 2026-03-15 14:55:22.456 [main] UserDAOImpl - Start retrieving  user by id: 1
[DEBUG] 2026-03-15 14:55:22.457 [main] UserServiceImpl - The user with id 1 successfully found 
[DEBUG] 2026-03-15 14:57:15.653 [main] UserServiceImpl - Finding a user by id: 1
[DEBUG] 2026-03-15 14:57:15.654 [main] UserDAOImpl - Start retrieving  user by id: 1
[DEBUG] 2026-03-15 14:57:15.681 [main] UserServiceImpl - The user with id 1 successfully found 
[DEBUG] 2026-03-15 14:57:15.701 [main] UserServiceImpl - Finding a user by id: 1
[DEBUG] 2026-03-15 14:57:15.701 [main] UserDAOImpl - Start retrieving  user by id: 1
[DEBUG] 2026-03-15 14:57:15.702 [main] UserServiceImpl - The user with id 1 successfully found 
[DEBUG] 2026-03-15 14:58:47.968 [main] UserServiceImpl - Finding a user by id: 1
[DEBUG] 2026-03-15 14:58:47.968 [main] UserDAOImpl - Start retrieving  user by id: 1
[DEBUG] 2026-03-15 14:58:47.994 [main] UserServiceImpl - The user with id 1 successfully found 
[DEBUG] 2026-03-15 14:58:48.023 [main] UserServiceImpl - Finding a user by id: 1
[DEBUG] 2026-03-15 14:58:48.023 [main] UserDAOImpl - Start retrieving  user by id: 1
[DEBUG] 2026-03-15 14:58:48.024 [main] UserServiceImpl - The user with id 1 successfully found 
[DEBUG] 2026-03-15 15:09:30.968 [main] UserDAOImpl - Start retrieving  user by id: 1
[DEBUG] 2026-03-15 15:09:30.993 [main] UserDAOImpl - Start retrieving  user by id: 1
[DEBUG] 2026-03-15 15:12:54.437 [main] UserDAOImpl - Start retrieving  user by id: 1
[DEBUG] 2026-03-15 15:12:54.466 [main] UserDAOImpl - Start retrieving  user by id: 1
[DEBUG] 2026-03-15 16:34:50.258 [main] UserServiceImpl - Finding a user by id: 1
[DEBUG] 2026-03-15 16:34:50.258 [main] UserDAOImpl - Start retrieving  user by id: 1
[DEBUG] 2026-03-15 16:34:50.283 [main] UserServiceImpl - The user with id 1 successfully found 
[DEBUG] 2026-03-15 16:34:50.302 [main] UserServiceImpl - Finding a user by id: 1
[DEBUG] 2026-03-15 16:34:50.302 [main] UserDAOImpl - Start retrieving  user by id: 1
[DEBUG] 2026-03-15 16:34:50.303 [main] UserServiceImpl - The user with id 1 successfully found 
[DEBUG] 2026-03-15 16:35:49.818 [main] UserServiceImpl - Finding a user by id: 1
[DEBUG] 2026-03-15 16:35:49.819 [main] UserDAOImpl - Start retrieving  user by id: 1
[DEBUG] 2026-03-15 16:35:49.838 [main] UserServiceImpl - The user with id 1 successfully found 
[DEBUG] 2026-03-15 16:35:49.858 [main] UserServiceImpl - Finding a user by id: 1
[DEBUG] 2026-03-15 16:35:49.858 [main] UserDAOImpl - Start retrieving  user by id: 1
[DEBUG] 2026-03-15 16:35:49.859 [main] UserServiceImpl - The user with id 1 successfully found 
[DEBUG] 2026-03-15 16:39:50.936 [main] UserServiceImpl - Finding a user by id: 1
[DEBUG] 2026-03-15 16:39:50.937 [main] UserDAOImpl - Start retrieving  user by id: 1
[DEBUG] 2026-03-15 16:39:51.002 [main] UserServiceImpl - The user with id 1 successfully found 
[DEBUG] 2026-03-15 16:40:59.782 [main] UserServiceImpl - Finding a user by id: 1
[DEBUG] 2026-03-15 16:40:59.783 [main] UserDAOImpl - Start retrieving  user by id: 1
[DEBUG] 2026-03-15 16:40:59.785 [main] UserServiceImpl - The user with id 1 successfully found 
[DEBUG] 2026-03-15 16:44:16.152 [main] UserServiceImpl - Finding a user by id: 1
[DEBUG] 2026-03-15 16:44:16.153 [main] UserDAOImpl - Start retrieving  user by id: 1
[DEBUG] 2026-03-15 16:44:16.172 [main] UserServiceImpl - The user with id 1 successfully found 
[DEBUG] 2026-03-15 16:44:16.196 [main] UserServiceImpl - Finding a user by id: 1
[DEBUG] 2026-03-15 16:44:16.196 [main] UserDAOImpl - Start retrieving  user by id: 1
[DEBUG] 2026-03-15 16:44:16.197 [main] UserServiceImpl - The user with id 1 successfully found 
[DEBUG] 2026-03-15 16:46:10.554 [main] UserServiceImpl - Finding a user by id: 1
[DEBUG] 2026-03-15 16:46:10.555 [main] UserDAOImpl - Start retrieving  user by id: 1
[DEBUG] 2026-03-15 16:46:10.572 [main] UserServiceImpl - The user with id 1 successfully found 
[DEBUG] 2026-03-15 16:46:18.069 [main] UserServiceImpl - Finding a user by id: 1
[DEBUG] 2026-03-15 16:46:18.069 [main] UserDAOImpl - Start retrieving  user by id: 1
[DEBUG] 2026-03-15 16:46:18.070 [main] UserServiceImpl - The user with id 1 successfully found 
[DEBUG] 2026-03-15 16:46:50.870 [main] UserServiceImpl - Finding a user by id: 1
[DEBUG] 2026-03-15 16:46:50.870 [main] UserDAOImpl - Start retrieving  user by id: 1
[DEBUG] 2026-03-15 16:46:50.938 [main] UserServiceImpl - The user with id 1 successfully found 
[DEBUG] 2026-03-15 16:47:08.358 [main] UserServiceImpl - Finding a user by id: 1
[DEBUG] 2026-03-15 16:47:08.359 [main] UserDAOImpl - Start retrieving  user by id: 1
[DEBUG] 2026-03-15 16:47:08.361 [main] UserServiceImpl - The user with id 1 successfully found 
[DEBUG] 2026-03-15 17:01:20.102 [main] UserServiceImpl - Finding a user by id: 1
[DEBUG] 2026-03-15 17:01:20.103 [main] UserDAOImpl - Start retrieving  user by id: 1
[DEBUG] 2026-03-15 17:01:20.120 [main] UserServiceImpl - The user with id 1 successfully found 
[DEBUG] 2026-03-15 17:01:20.127 [main] TicketServiceImpl - Finding all booked tickets by user {'id' : 1, 'name' : 'Alice', 'email' : 'alice@example.com'} with page size 10 and number of page 1
[DEBUG] 2026-03-15 17:01:20.276 [main] TicketServiceImpl - All booked tickets successfully found by user {'id' : 1, 'name' : 'Alice', 'email' : 'alice@example.com'} with page size 10 and number of page 1
[DEBUG] 2026-03-15 17:01:20.277 [main] TicketServiceImpl - Finding all booked tickets by user {'id' : 1, 'name' : 'Alice', 'email' : 'alice@example.com'} with page size 10 and number of page 1
[DEBUG] 2026-03-15 17:01:20.278 [main] TicketServiceImpl - All booked tickets successfully found by user {'id' : 1, 'name' : 'Alice', 'email' : 'alice@example.com'} with page size 10 and number of page 1
[DEBUG] 2026-03-15 17:01:20.278 [main] TicketServiceImpl - Finding all booked tickets by user {'id' : 1, 'name' : 'Alice', 'email' : 'alice@example.com'} with page size 10 and number of page 1
[DEBUG] 2026-03-15 17:01:20.279 [main] TicketServiceImpl - All booked tickets successfully found by user {'id' : 1, 'name' : 'Alice', 'email' : 'alice@example.com'} with page size 10 and number of page 1
[DEBUG] 2026-03-15 17:01:20.282 [main] TicketServiceImpl - Finding all booked tickets by user {'id' : 1, 'name' : 'Alice', 'email' : 'alice@example.com'} with page size 10 and number of page 1
[DEBUG] 2026-03-15 17:01:20.284 [main] TicketServiceImpl - All booked tickets successfully found by user {'id' : 1, 'name' : 'Alice', 'email' : 'alice@example.com'} with page size 10 and number of page 1
[DEBUG] 2026-03-15 17:02:15.132 [main] UserServiceImpl - Finding a user by id: 1
[DEBUG] 2026-03-15 17:02:15.132 [main] UserDAOImpl - Start retrieving  user by id: 1
[DEBUG] 2026-03-15 17:02:15.153 [main] UserServiceImpl - The user with id 1 successfully found 
[DEBUG] 2026-03-15 17:02:21.401 [main] TicketServiceImpl - Finding all booked tickets by user {'id' : 1, 'name' : 'Alice', 'email' : 'alice@example.com'} with page size 10 and number of page 1
[DEBUG] 2026-03-15 17:02:22.428 [main] TicketServiceImpl - All booked tickets successfully found by user {'id' : 1, 'name' : 'Alice', 'email' : 'alice@example.com'} with page size 10 and number of page 1
[DEBUG] 2026-03-15 17:02:52.390 [main] TicketServiceImpl - Finding all booked tickets by user {'id' : 1, 'name' : 'Alice', 'email' : 'alice@example.com'} with page size 10 and number of page 1
[DEBUG] 2026-03-15 17:02:52.396 [main] TicketServiceImpl - All booked tickets successfully found by user {'id' : 1, 'name' : 'Alice', 'email' : 'alice@example.com'} with page size 10 and number of page 1
[DEBUG] 2026-03-15 17:11:18.499 [main] EventServiceImpl - Finding an event by id: 1
[DEBUG] 2026-03-15 17:11:18.854 [main] EventServiceImpl - Event with id 1 successfully found
[DEBUG] 2026-03-15 17:11:36.544 [main] EventServiceImpl - Finding an event by id: 1
[DEBUG] 2026-03-15 17:11:36.761 [main] EventServiceImpl - Event with id 1 successfully found
[DEBUG] 2026-03-15 17:14:51.725 [main] EventServiceImpl - Finding an event by id: 1
[DEBUG] 2026-03-15 17:14:51.782 [main] EventServiceImpl - Event with id 1 successfully found
[DEBUG] 2026-03-15 17:14:51.786 [main] EventServiceImpl - Finding an event by id: 1
[DEBUG] 2026-03-15 17:14:51.802 [main] EventServiceImpl - Event with id 1 successfully found
[DEBUG] 2026-03-15 17:15:18.575 [main] UserServiceImpl - Finding a user by id: 1
[DEBUG] 2026-03-15 17:15:18.576 [main] UserDAOImpl - Start retrieving  user by id: 1
[DEBUG] 2026-03-15 17:15:18.854 [main] UserServiceImpl - The user with id 1 successfully found 
[DEBUG] 2026-03-15 17:15:33.697 [main] TicketServiceImpl - Finding all booked tickets by user {'id' : 1, 'name' : 'Alice', 'email' : 'alice@example.com'} with page size 10 and number of page 1
[DEBUG] 2026-03-15 17:15:34.716 [main] TicketServiceImpl - All booked tickets successfully found by user {'id' : 1, 'name' : 'Alice', 'email' : 'alice@example.com'} with page size 10 and number of page 1
[DEBUG] 2026-03-15 17:17:00.053 [main] TicketServiceImpl - Finding all booked tickets by user {'id' : 1, 'name' : 'Alice', 'email' : 'alice@example.com'} with page size 10 and number of page 1
[DEBUG] 2026-03-15 17:17:00.059 [main] TicketServiceImpl - All booked tickets successfully found by user {'id' : 1, 'name' : 'Alice', 'email' : 'alice@example.com'} with page size 10 and number of page 1
[DEBUG] 2026-03-15 17:18:56.577 [main] UserServiceImpl - Finding a user by id: 1
[DEBUG] 2026-03-15 17:18:56.578 [main] UserDAOImpl - Start retrieving  user by id: 1
[DEBUG] 2026-03-15 17:18:56.610 [main] UserServiceImpl - The user with id 1 successfully found 
[DEBUG] 2026-03-15 17:18:56.615 [main] TicketServiceImpl - Finding all booked tickets by user {'id' : 1, 'name' : 'Alice', 'email' : 'alice@example.com'} with page size 10 and number of page 1
[DEBUG] 2026-03-15 17:18:56.750 [main] TicketServiceImpl - All booked tickets successfully found by user {'id' : 1, 'name' : 'Alice', 'email' : 'alice@example.com'} with page size 10 and number of page 1
[DEBUG] 2026-03-15 17:18:56.754 [main] TicketServiceImpl - Finding all booked tickets by user {'id' : 1, 'name' : 'Alice', 'email' : 'alice@example.com'} with page size 10 and number of page 1
[DEBUG] 2026-03-15 17:18:56.756 [main] TicketServiceImpl - All booked tickets successfully found by user {'id' : 1, 'name' : 'Alice', 'email' : 'alice@example.com'} with page size 10 and number of page 1
[DEBUG] 2026-03-15 17:19:06.143 [main] TicketServiceImpl - Start booking a ticket for user with id 1, event with id 2, place 12, category STANDARD
[DEBUG] 2026-03-15 17:19:06.217 [main] TicketServiceImpl - Successfully booked ticket: {'id' : 11, 'userId' : 1, 'eventId' : 2, 'place' : 12, 'category' : 'STANDARD'}
[DEBUG] 2026-03-15 17:19:06.229 [main] UserServiceImpl - Finding a user by id: 1
[DEBUG] 2026-03-15 17:19:06.229 [main] UserDAOImpl - Start retrieving  user by id: 1
[DEBUG] 2026-03-15 17:19:06.242 [main] UserServiceImpl - The user with id 1 successfully found 
[DEBUG] 2026-03-15 17:19:06.247 [main] TicketServiceImpl - Finding all booked tickets by user {'id' : 1, 'name' : 'Alice', 'email' : 'alice@example.com'} with page size 5 and number of page 1
[DEBUG] 2026-03-15 17:19:06.387 [main] TicketServiceImpl - All booked tickets successfully found by user {'id' : 1, 'name' : 'Alice', 'email' : 'alice@example.com'} with page size 5 and number of page 1
[DEBUG] 2026-03-15 17:19:39.652 [main] TicketServiceImpl - Start booking a ticket for user with id 1, event with id 2, place 12, category STANDARD
[DEBUG] 2026-03-15 17:19:39.705 [main] TicketServiceImpl - Successfully booked ticket: {'id' : 12, 'userId' : 1, 'eventId' : 2, 'place' : 12, 'category' : 'STANDARD'}
[DEBUG] 2026-03-15 17:19:39.717 [main] UserServiceImpl - Finding a user by id: 1
[DEBUG] 2026-03-15 17:19:39.717 [main] UserDAOImpl - Start retrieving  user by id: 1
[DEBUG] 2026-03-15 17:19:39.730 [main] UserServiceImpl - The user with id 1 successfully found 
[DEBUG] 2026-03-15 17:19:39.736 [main] TicketServiceImpl - Finding all booked tickets by user {'id' : 1, 'name' : 'Alice', 'email' : 'alice@example.com'} with page size 5 and number of page 1
[DEBUG] 2026-03-15 17:19:39.870 [main] TicketServiceImpl - All booked tickets successfully found by user {'id' : 1, 'name' : 'Alice', 'email' : 'alice@example.com'} with page size 5 and number of page 1
[DEBUG] 2026-03-15 17:21:55.572 [main] TicketServiceImpl - Start booking a ticket for user with id 1, event with id 2, place 12, category STANDARD
[DEBUG] 2026-03-15 17:21:55.634 [main] TicketServiceImpl - Successfully booked ticket: {'id' : 13, 'userId' : 1, 'eventId' : 2, 'place' : 12, 'category' : 'STANDARD'}
[DEBUG] 2026-03-15 17:21:55.646 [main] UserServiceImpl - Finding a user by id: 1
[DEBUG] 2026-03-15 17:21:55.646 [main] UserDAOImpl - Start retrieving  user by id: 1
[DEBUG] 2026-03-15 17:21:55.660 [main] UserServiceImpl - The user with id 1 successfully found 
[DEBUG] 2026-03-15 17:21:55.666 [main] TicketServiceImpl - Finding all booked tickets by user {'id' : 1, 'name' : 'Alice', 'email' : 'alice@example.com'} with page size 5 and number of page 1
[DEBUG] 2026-03-15 17:21:55.814 [main] TicketServiceImpl - All booked tickets successfully found by user {'id' : 1, 'name' : 'Alice', 'email' : 'alice@example.com'} with page size 5 and number of page 1
[DEBUG] 2026-03-15 17:23:45.298 [main] UserServiceImpl - Finding a user by id: 1
[DEBUG] 2026-03-15 17:23:45.299 [main] UserDAOImpl - Start retrieving  user by id: 1
[DEBUG] 2026-03-15 17:23:45.577 [main] UserServiceImpl - The user with id 1 successfully found 
[DEBUG] 2026-03-15 17:24:26.551 [main] UserServiceImpl - Finding a user by id: 1
[DEBUG] 2026-03-15 17:24:26.551 [main] UserDAOImpl - Start retrieving  user by id: 1
[DEBUG] 2026-03-15 17:24:26.554 [main] UserServiceImpl - The user with id 1 successfully found 
[DEBUG] 2026-03-15 17:25:19.919 [main] UserServiceImpl - Finding a user by id: 1
[DEBUG] 2026-03-15 17:25:19.920 [main] UserDAOImpl - Start retrieving  user by id: 1
[DEBUG] 2026-03-15 17:25:20.198 [main] UserServiceImpl - The user with id 1 successfully found 
[DEBUG] 2026-03-15 17:25:26.051 [main] TicketServiceImpl - Finding all booked tickets by user {'id' : 1, 'name' : 'Alice', 'email' : 'alice@example.com'} with page size 10 and number of page 1
[DEBUG] 2026-03-15 17:25:26.845 [main] TicketServiceImpl - All booked tickets successfully found by user {'id' : 1, 'name' : 'Alice', 'email' : 'alice@example.com'} with page size 10 and number of page 1
[DEBUG] 2026-03-15 17:25:39.353 [main] TicketServiceImpl - Finding all booked tickets by user {'id' : 1, 'name' : 'Alice', 'email' : 'alice@example.com'} with page size 10 and number of page 1
[DEBUG] 2026-03-15 17:25:39.362 [main] TicketServiceImpl - All booked tickets successfully found by user {'id' : 1, 'name' : 'Alice', 'email' : 'alice@example.com'} with page size 10 and number of page 1
[DEBUG] 2026-03-15 17:32:08.257 [main] UserServiceImpl - Finding a user by id: 1
[DEBUG] 2026-03-15 17:32:08.257 [main] UserDAOImpl - Start retrieving  user by id: 1
[DEBUG] 2026-03-15 17:32:08.287 [main] UserServiceImpl - The user with id 1 successfully found 
[DEBUG] 2026-03-15 17:32:08.292 [main] TicketServiceImpl - Finding all booked tickets by user {'id' : 1, 'name' : 'Alice', 'email' : 'alice@example.com'} with page size 10 and number of page 1
[DEBUG] 2026-03-15 17:32:08.409 [main] TicketServiceImpl - All booked tickets successfully found by user {'id' : 1, 'name' : 'Alice', 'email' : 'alice@example.com'} with page size 10 and number of page 1
[DEBUG] 2026-03-15 17:32:08.420 [main] TicketServiceImpl - Finding all booked tickets by user {'id' : 1, 'name' : 'Alice', 'email' : 'alice@example.com'} with page size 10 and number of page 1
[DEBUG] 2026-03-15 17:32:08.422 [main] TicketServiceImpl - All booked tickets successfully found by user {'id' : 1, 'name' : 'Alice', 'email' : 'alice@example.com'} with page size 10 and number of page 1
[DEBUG] 2026-03-15 17:34:04.005 [main] UserServiceImpl - Finding a user by id: 1
[DEBUG] 2026-03-15 17:34:04.006 [main] UserDAOImpl - Start retrieving  user by id: 1
[DEBUG] 2026-03-15 17:34:04.042 [main] UserServiceImpl - The user with id 1 successfully found 
[DEBUG] 2026-03-15 17:34:04.047 [main] TicketServiceImpl - Finding all booked tickets by user {'id' : 1, 'name' : 'Alice', 'email' : 'alice@example.com'} with page size 10 and number of page 1
[DEBUG] 2026-03-15 17:34:04.167 [main] TicketServiceImpl - All booked tickets successfully found by user {'id' : 1, 'name' : 'Alice', 'email' : 'alice@example.com'} with page size 10 and number of page 1
[DEBUG] 2026-03-15 17:34:04.175 [main] TicketServiceImpl - Finding all booked tickets by user {'id' : 1, 'name' : 'Alice', 'email' : 'alice@example.com'} with page size 10 and number of page 1
[DEBUG] 2026-03-15 17:34:04.177 [main] TicketServiceImpl - All booked tickets successfully found by user {'id' : 1, 'name' : 'Alice', 'email' : 'alice@example.com'} with page size 10 and number of page 1
[DEBUG] 2026-03-15 17:38:05.899 [main] UserServiceImpl - Finding a user by id: 1
[DEBUG] 2026-03-15 17:38:05.900 [main] UserDAOImpl - Start retrieving  user by id: 1
[DEBUG] 2026-03-15 17:38:05.947 [main] UserServiceImpl - The user with id 1 successfully found 
[DEBUG] 2026-03-15 17:38:05.953 [main] TicketServiceImpl - Finding all booked tickets by user {'id' : 1, 'name' : 'Alice', 'email' : 'alice@example.com'} with page size 10 and number of page 1
[DEBUG] 2026-03-15 17:38:06.102 [main] TicketServiceImpl - All booked tickets successfully found by user {'id' : 1, 'name' : 'Alice', 'email' : 'alice@example.com'} with page size 10 and number of page 1
[DEBUG] 2026-03-15 17:38:06.110 [main] TicketServiceImpl - Finding all booked tickets by user {'id' : 1, 'name' : 'Alice', 'email' : 'alice@example.com'} with page size 10 and number of page 1
[DEBUG] 2026-03-15 17:38:06.112 [main] TicketServiceImpl - All booked tickets successfully found by user {'id' : 1, 'name' : 'Alice', 'email' : 'alice@example.com'} with page size 10 and number of page 1
[DEBUG] 2026-03-15 17:40:20.255 [main] UserServiceImpl - Finding a user by id: 1
[DEBUG] 2026-03-15 17:40:20.256 [main] UserDAOImpl - Start retrieving  user by id: 1
[DEBUG] 2026-03-15 17:40:20.291 [main] UserServiceImpl - The user with id 1 successfully found 
[DEBUG] 2026-03-15 17:40:20.296 [main] TicketServiceImpl - Finding all booked tickets by user {'id' : 1, 'name' : 'Alice', 'email' : 'alice@example.com'} with page size 10 and number of page 1
[DEBUG] 2026-03-15 17:40:20.423 [main] TicketServiceImpl - All booked tickets successfully found by user {'id' : 1, 'name' : 'Alice', 'email' : 'alice@example.com'} with page size 10 and number of page 1
[DEBUG] 2026-03-15 17:40:20.431 [main] TicketServiceImpl - Finding all booked tickets by user {'id' : 1, 'name' : 'Alice', 'email' : 'alice@example.com'} with page size 10 and number of page 1
[DEBUG] 2026-03-15 17:40:20.433 [main] TicketServiceImpl - All booked tickets successfully found by user {'id' : 1, 'name' : 'Alice', 'email' : 'alice@example.com'} with page size 10 and number of page 1
[DEBUG] 2026-03-15 17:42:18.419 [main] UserServiceImpl - Finding a user by id: 1
[DEBUG] 2026-03-15 17:42:18.419 [main] UserDAOImpl - Start retrieving  user by id: 1
[DEBUG] 2026-03-15 17:42:18.449 [main] UserServiceImpl - The user with id 1 successfully found 
[DEBUG] 2026-03-15 17:42:18.455 [main] TicketServiceImpl - Finding all booked tickets by user {'id' : 1, 'name' : 'Alice', 'email' : 'alice@example.com'} with page size 10 and number of page 1
[DEBUG] 2026-03-15 17:42:18.566 [main] TicketServiceImpl - All booked tickets successfully found by user {'id' : 1, 'name' : 'Alice', 'email' : 'alice@example.com'} with page size 10 and number of page 1
[DEBUG] 2026-03-15 17:42:18.575 [main] TicketServiceImpl - Finding all booked tickets by user {'id' : 1, 'name' : 'Alice', 'email' : 'alice@example.com'} with page size 10 and number of page 1
[DEBUG] 2026-03-15 17:42:18.577 [main] TicketServiceImpl - All booked tickets successfully found by user {'id' : 1, 'name' : 'Alice', 'email' : 'alice@example.com'} with page size 10 and number of page 1
[DEBUG] 2026-03-15 17:42:50.859 [main] UserServiceImpl - Finding a user by id: 1
[DEBUG] 2026-03-15 17:42:50.860 [main] UserDAOImpl - Start retrieving  user by id: 1
[DEBUG] 2026-03-15 17:42:50.891 [main] UserServiceImpl - The user with id 1 successfully found 
[DEBUG] 2026-03-15 17:42:50.896 [main] TicketServiceImpl - Finding all booked tickets by user {'id' : 1, 'name' : 'Alice', 'email' : 'alice@example.com'} with page size 10 and number of page 1
[DEBUG] 2026-03-15 17:42:51.024 [main] TicketServiceImpl - All booked tickets successfully found by user {'id' : 1, 'name' : 'Alice', 'email' : 'alice@example.com'} with page size 10 and number of page 1
[DEBUG] 2026-03-15 17:42:51.033 [main] TicketServiceImpl - Finding all booked tickets by user {'id' : 1, 'name' : 'Alice', 'email' : 'alice@example.com'} with page size 10 and number of page 1
[DEBUG] 2026-03-15 17:42:51.035 [main] TicketServiceImpl - All booked tickets successfully found by user {'id' : 1, 'name' : 'Alice', 'email' : 'alice@example.com'} with page size 10 and number of page 1
[DEBUG] 2026-03-15 17:44:48.522 [main] UserServiceImpl - Finding a user by id: 1
[DEBUG] 2026-03-15 17:44:48.523 [main] UserDAOImpl - Start retrieving  user by id: 1
[DEBUG] 2026-03-15 17:44:48.555 [main] UserServiceImpl - The user with id 1 successfully found 
[DEBUG] 2026-03-15 17:44:48.560 [main] TicketServiceImpl - Finding all booked tickets by user {'id' : 1, 'name' : 'Alice', 'email' : 'alice@example.com'} with page size 10 and number of page 1
[DEBUG] 2026-03-15 17:44:48.690 [main] TicketServiceImpl - All booked tickets successfully found by user {'id' : 1, 'name' : 'Alice', 'email' : 'alice@example.com'} with page size 10 and number of page 1
[DEBUG] 2026-03-15 17:44:48.698 [main] TicketServiceImpl - Finding all booked tickets by user {'id' : 1, 'name' : 'Alice', 'email' : 'alice@example.com'} with page size 10 and number of page 1
[DEBUG] 2026-03-15 17:44:48.700 [main] TicketServiceImpl - All booked tickets successfully found by user {'id' : 1, 'name' : 'Alice', 'email' : 'alice@example.com'} with page size 10 and number of page 1
