[DEBUG] 2026-03-20 17:43:57.668 [main] StrategyCreatorRegionFactoryImpl - RegionFactory impl [org.hibernate.cache.ehcache.internal.EhcacheRegionFactory] did not provide constructor accepting Properties
[DEBUG] 2026-03-20 17:43:57.674 [main] StrategyCreatorRegionFactoryImpl - RegionFactory impl [org.hibernate.cache.ehcache.internal.EhcacheRegionFactory] did not provide constructor accepting Properties
[DEBUG] 2026-03-20 17:43:57.678 [main] RegionFactoryInitiator - Cache region factory : org.hibernate.cache.ehcache.internal.EhcacheRegionFactory
[DEBUG] 2026-03-20 17:43:58.577 [main] DomainDataRegionTemplate - Generating entity cache access [read-write] : NavigableRole[ua.epam.mishchenko.ticketbooking.model.impl.User]
[DEBUG] 2026-03-20 17:43:58.579 [main] DomainDataRegionTemplate - Generating entity cache access [read-write] : NavigableRole[ua.epam.mishchenko.ticketbooking.model.impl.UserAccount]
[DEBUG] 2026-03-20 17:43:58.579 [main] DomainDataRegionTemplate - Generating entity cache access [read-write] : NavigableRole[ua.epam.mishchenko.ticketbooking.model.impl.Ticket]
[DEBUG] 2026-03-20 17:43:58.579 [main] DomainDataRegionTemplate - Generating entity cache access [read-write] : NavigableRole[ua.epam.mishchenko.ticketbooking.model.impl.Event]
[DEBUG] 2026-03-20 17:43:59.056 [main] StatisticsInitiator - Statistics initialized [enabled=true]
[DEBUG] 2026-03-20 17:43:59.325 [main] EventServiceImpl - Finding an event by id: 1
[DEBUG] 2026-03-20 17:43:59.352 [main] AbstractReadWriteAccess - Getting cached data from region [`ua.epam.mishchenko.ticketbooking.model.impl.Event` (AccessType[read-write])] by key [ua.epam.mishchenko.ticketbooking.model.impl.Event#1]
[DEBUG] 2026-03-20 17:43:59.353 [main] AbstractReadWriteAccess - Cache miss : region = `ua.epam.mishchenko.ticketbooking.model.impl.Event`, key = `ua.epam.mishchenko.ticketbooking.model.impl.Event#1`
[DEBUG] 2026-03-20 17:43:59.369 [main] AbstractReadWriteAccess - Caching data from load [region=`ua.epam.mishchenko.ticketbooking.model.impl.Event` (AccessType[read-write])] : key[ua.epam.mishchenko.ticketbooking.model.impl.Event#1] -> value[CacheEntry(ua.epam.mishchenko.ticketbooking.model.impl.Event)]
[DEBUG] 2026-03-20 17:43:59.374 [main] EventServiceImpl - Event with id 1 successfully found
[DEBUG] 2026-03-20 17:43:59.381 [main] EventServiceImpl - Finding an event by id: 1
[DEBUG] 2026-03-20 17:43:59.396 [main] AbstractReadWriteAccess - Getting cached data from region [`ua.epam.mishchenko.ticketbooking.model.impl.Event` (AccessType[read-write])] by key [ua.epam.mishchenko.ticketbooking.model.impl.Event#1]
[DEBUG] 2026-03-20 17:43:59.397 [main] AbstractReadWriteAccess - Checking readability of read-write cache item [timestamp=`7266391815565312`, version=`null`] : txTimestamp=`7266391815766016`
[DEBUG] 2026-03-20 17:43:59.397 [main] AbstractReadWriteAccess - Cache hit : region = `ua.epam.mishchenko.ticketbooking.model.impl.Event`, key = `ua.epam.mishchenko.ticketbooking.model.impl.Event#1`
[DEBUG] 2026-03-20 17:43:59.399 [main] EventServiceImpl - Event with id 1 successfully found
[DEBUG] 2026-03-20 17:44:32.995 [main] StrategyCreatorRegionFactoryImpl - RegionFactory impl [org.hibernate.cache.ehcache.internal.EhcacheRegionFactory] did not provide constructor accepting Properties
[DEBUG] 2026-03-20 17:44:32.995 [main] StrategyCreatorRegionFactoryImpl - RegionFactory impl [org.hibernate.cache.ehcache.internal.EhcacheRegionFactory] did not provide constructor accepting Properties
[DEBUG] 2026-03-20 17:44:33.001 [main] RegionFactoryInitiator - Cache region factory : org.hibernate.cache.ehcache.internal.EhcacheRegionFactory
[DEBUG] 2026-03-20 17:44:33.760 [main] DomainDataRegionTemplate - Generating entity cache access [read-write] : NavigableRole[ua.epam.mishchenko.ticketbooking.model.impl.Event]
[DEBUG] 2026-03-20 17:44:33.761 [main] DomainDataRegionTemplate - Generating entity cache access [read-write] : NavigableRole[ua.epam.mishchenko.ticketbooking.model.impl.Ticket]
[DEBUG] 2026-03-20 17:44:33.761 [main] DomainDataRegionTemplate - Generating entity cache access [read-write] : NavigableRole[ua.epam.mishchenko.ticketbooking.model.impl.UserAccount]
[DEBUG] 2026-03-20 17:44:33.762 [main] DomainDataRegionTemplate - Generating entity cache access [read-write] : NavigableRole[ua.epam.mishchenko.ticketbooking.model.impl.User]
[DEBUG] 2026-03-20 17:44:34.172 [main] StatisticsInitiator - Statistics initialized [enabled=true]
[DEBUG] 2026-03-20 17:44:34.482 [main] StrategyCreatorRegionFactoryImpl - RegionFactory impl [org.hibernate.cache.ehcache.internal.EhcacheRegionFactory] did not provide constructor accepting Properties
[DEBUG] 2026-03-20 17:44:34.482 [main] StrategyCreatorRegionFactoryImpl - RegionFactory impl [org.hibernate.cache.ehcache.internal.EhcacheRegionFactory] did not provide constructor accepting Properties
[DEBUG] 2026-03-20 17:44:34.482 [main] RegionFactoryInitiator - Cache region factory : org.hibernate.cache.ehcache.internal.EhcacheRegionFactory
[DEBUG] 2026-03-20 17:44:34.524 [main] DomainDataRegionTemplate - Generating entity cache access [read-write] : NavigableRole[ua.epam.mishchenko.ticketbooking.model.impl.Ticket]
[DEBUG] 2026-03-20 17:44:34.524 [main] DomainDataRegionTemplate - Generating entity cache access [read-write] : NavigableRole[ua.epam.mishchenko.ticketbooking.model.impl.Event]
[DEBUG] 2026-03-20 17:44:34.524 [main] DomainDataRegionTemplate - Generating entity cache access [read-write] : NavigableRole[ua.epam.mishchenko.ticketbooking.model.impl.UserAccount]
[DEBUG] 2026-03-20 17:44:34.524 [main] DomainDataRegionTemplate - Generating entity cache access [read-write] : NavigableRole[ua.epam.mishchenko.ticketbooking.model.impl.User]
[DEBUG] 2026-03-20 17:44:34.566 [main] StatisticsInitiator - Statistics initialized [enabled=true]
[DEBUG] 2026-03-20 17:44:34.642 [main] TicketServiceImpl - Start booking a ticket for user with id 1, event with id 2, place 12, category STANDARD
[DEBUG] 2026-03-20 17:44:34.662 [main] AbstractReadWriteAccess - Getting cached data from region [`ua.epam.mishchenko.ticketbooking.model.impl.Event` (AccessType[read-write])] by key [ua.epam.mishchenko.ticketbooking.model.impl.Event#2]
[DEBUG] 2026-03-20 17:44:34.662 [main] AbstractReadWriteAccess - Cache miss : region = `ua.epam.mishchenko.ticketbooking.model.impl.Event`, key = `ua.epam.mishchenko.ticketbooking.model.impl.Event#2`
[DEBUG] 2026-03-20 17:44:34.684 [main] AbstractReadWriteAccess - Caching data from load [region=`ua.epam.mishchenko.ticketbooking.model.impl.Event` (AccessType[read-write])] : key[ua.epam.mishchenko.ticketbooking.model.impl.Event#2] -> value[CacheEntry(ua.epam.mishchenko.ticketbooking.model.impl.Event)]
[DEBUG] 2026-03-20 17:44:34.687 [main] AbstractReadWriteAccess - Getting cached data from region [`ua.epam.mishchenko.ticketbooking.model.impl.UserAccount` (AccessType[read-write])] by key [ua.epam.mishchenko.ticketbooking.model.impl.UserAccount#1]
[DEBUG] 2026-03-20 17:44:34.687 [main] AbstractReadWriteAccess - Cache miss : region = `ua.epam.mishchenko.ticketbooking.model.impl.UserAccount`, key = `ua.epam.mishchenko.ticketbooking.model.impl.UserAccount#1`
[DEBUG] 2026-03-20 17:44:34.701 [main] AbstractReadWriteAccess - Caching data from load [region=`ua.epam.mishchenko.ticketbooking.model.impl.UserAccount` (AccessType[read-write])] : key[ua.epam.mishchenko.ticketbooking.model.impl.UserAccount#1] -> value[CacheEntry(ua.epam.mishchenko.ticketbooking.model.impl.UserAccount)]
[DEBUG] 2026-03-20 17:44:34.734 [main] TimestampsCacheEnabledImpl - Pre-invalidating space [tickets], timestamp: 7266392206270464
[DEBUG] 2026-03-20 17:44:34.739 [main] TicketServiceImpl - Successfully booked ticket: {'id' : 14, 'userId' : 1, 'eventId' : 2, 'place' : 12, 'category' : 'STANDARD'}
[DEBUG] 2026-03-20 17:44:34.742 [main] AbstractReadWriteAccess - Locking cache item [region=`ua.epam.mishchenko.ticketbooking.model.impl.UserAccount` (AccessType[read-write])] : `ua.epam.mishchenko.ticketbooking.model.impl.UserAccount#1` (timeout=7266392206303232, version=null)
[DEBUG] 2026-03-20 17:44:34.746 [main] TimestampsCacheEnabledImpl - Pre-invalidating space [user_accounts], timestamp: 7266392206319616
[DEBUG] 2026-03-20 17:44:34.750 [main] TimestampsCacheEnabledImpl - Invalidating space [tickets], timestamp: 7266391960576001
[DEBUG] 2026-03-20 17:44:34.750 [main] TimestampsCacheEnabledImpl - Invalidating space [user_accounts], timestamp: 7266391960576001
[DEBUG] 2026-03-20 17:44:34.753 [main] UserServiceImpl - Finding a user by id: 1
[DEBUG] 2026-03-20 17:44:34.753 [main] UserDAOImpl - Start retrieving  user by id: 1
[DEBUG] 2026-03-20 17:44:34.753 [main] AbstractReadWriteAccess - Getting cached data from region [`ua.epam.mishchenko.ticketbooking.model.impl.User` (AccessType[read-write])] by key [ua.epam.mishchenko.ticketbooking.model.impl.User#1]
[DEBUG] 2026-03-20 17:44:34.753 [main] AbstractReadWriteAccess - Cache miss : region = `ua.epam.mishchenko.ticketbooking.model.impl.User`, key = `ua.epam.mishchenko.ticketbooking.model.impl.User#1`
[DEBUG] 2026-03-20 17:44:34.770 [main] AbstractReadWriteAccess - Caching data from load [region=`ua.epam.mishchenko.ticketbooking.model.impl.User` (AccessType[read-write])] : key[ua.epam.mishchenko.ticketbooking.model.impl.User#1] -> value[CacheEntry(ua.epam.mishchenko.ticketbooking.model.impl.User)]
[DEBUG] 2026-03-20 17:44:34.771 [main] UserServiceImpl - The user with id 1 successfully found 
[DEBUG] 2026-03-20 17:44:34.776 [main] TicketServiceImpl - Finding all booked tickets by user {'id' : 1, 'name' : 'Alice', 'email' : 'alice@example.com'} with page size 5 and number of page 1
[DEBUG] 2026-03-20 17:44:34.876 [main] QueryResultsCacheImpl - Checking cached query results in region: default-query-results-region
[DEBUG] 2026-03-20 17:44:34.876 [main] QueryResultsCacheImpl - Query results were not found in cache
[DEBUG] 2026-03-20 17:44:34.889 [main] AbstractReadWriteAccess - Caching data from load [region=`ua.epam.mishchenko.ticketbooking.model.impl.Ticket` (AccessType[read-write])] : key[ua.epam.mishchenko.ticketbooking.model.impl.Ticket#1] -> value[CacheEntry(ua.epam.mishchenko.ticketbooking.model.impl.Ticket)]
[DEBUG] 2026-03-20 17:44:34.889 [main] AbstractReadWriteAccess - Caching data from load [region=`ua.epam.mishchenko.ticketbooking.model.impl.Ticket` (AccessType[read-write])] : key[ua.epam.mishchenko.ticketbooking.model.impl.Ticket#9] -> value[CacheEntry(ua.epam.mishchenko.ticketbooking.model.impl.Ticket)]
[DEBUG] 2026-03-20 17:44:34.890 [main] AbstractReadWriteAccess - Caching data from load [region=`ua.epam.mishchenko.ticketbooking.model.impl.Ticket` (AccessType[read-write])] : key[ua.epam.mishchenko.ticketbooking.model.impl.Ticket#10] -> value[CacheEntry(ua.epam.mishchenko.ticketbooking.model.impl.Ticket)]
[DEBUG] 2026-03-20 17:44:34.890 [main] AbstractReadWriteAccess - Caching data from load [region=`ua.epam.mishchenko.ticketbooking.model.impl.Ticket` (AccessType[read-write])] : key[ua.epam.mishchenko.ticketbooking.model.impl.Ticket#11] -> value[CacheEntry(ua.epam.mishchenko.ticketbooking.model.impl.Ticket)]
[DEBUG] 2026-03-20 17:44:34.890 [main] AbstractReadWriteAccess - Caching data from load [region=`ua.epam.mishchenko.ticketbooking.model.impl.Ticket` (AccessType[read-write])] : key[ua.epam.mishchenko.ticketbooking.model.impl.Ticket#12] -> value[CacheEntry(ua.epam.mishchenko.ticketbooking.model.impl.Ticket)]
[DEBUG] 2026-03-20 17:44:34.890 [main] StatisticsImpl - HHH000117: HQL: select generatedAlias0 from TicketImpl as generatedAlias0 where generatedAlias0.userId=:param0, time: 12ms, rows: 5
[DEBUG] 2026-03-20 17:44:34.890 [main] QueryResultsCacheImpl - Caching query results in region: default-query-results-region; timestamp=7266391960727552
[DEBUG] 2026-03-20 17:44:34.897 [main] QueryResultsCacheImpl - Checking cached query results in region: default-query-results-region
[DEBUG] 2026-03-20 17:44:34.897 [main] QueryResultsCacheImpl - Query results were not found in cache
[DEBUG] 2026-03-20 17:44:34.909 [main] StatisticsImpl - HHH000117: HQL: select count(generatedAlias0) from TicketImpl as generatedAlias0 where generatedAlias0.userId=:param0, time: 12ms, rows: 1
[DEBUG] 2026-03-20 17:44:34.909 [main] QueryResultsCacheImpl - Caching query results in region: default-query-results-region; timestamp=7266391961165824
[DEBUG] 2026-03-20 17:44:34.912 [main] TicketServiceImpl - All booked tickets successfully found by user {'id' : 1, 'name' : 'Alice', 'email' : 'alice@example.com'} with page size 5 and number of page 1
[DEBUG] 2026-03-20 17:46:22.846 [main] StrategyCreatorRegionFactoryImpl - RegionFactory impl [org.hibernate.cache.ehcache.internal.EhcacheRegionFactory] did not provide constructor accepting Properties
[DEBUG] 2026-03-20 17:46:22.847 [main] StrategyCreatorRegionFactoryImpl - RegionFactory impl [org.hibernate.cache.ehcache.internal.EhcacheRegionFactory] did not provide constructor accepting Properties
[DEBUG] 2026-03-20 17:46:22.851 [main] RegionFactoryInitiator - Cache region factory : org.hibernate.cache.ehcache.internal.EhcacheRegionFactory
[DEBUG] 2026-03-20 17:46:23.588 [main] DomainDataRegionTemplate - Generating entity cache access [read-write] : NavigableRole[ua.epam.mishchenko.ticketbooking.model.impl.Event]
[DEBUG] 2026-03-20 17:46:23.589 [main] DomainDataRegionTemplate - Generating entity cache access [read-write] : NavigableRole[ua.epam.mishchenko.ticketbooking.model.impl.Ticket]
[DEBUG] 2026-03-20 17:46:23.589 [main] DomainDataRegionTemplate - Generating entity cache access [read-write] : NavigableRole[ua.epam.mishchenko.ticketbooking.model.impl.UserAccount]
[DEBUG] 2026-03-20 17:46:23.589 [main] DomainDataRegionTemplate - Generating entity cache access [read-write] : NavigableRole[ua.epam.mishchenko.ticketbooking.model.impl.User]
[DEBUG] 2026-03-20 17:46:24.002 [main] StatisticsInitiator - Statistics initialized [enabled=true]
[DEBUG] 2026-03-20 17:46:24.372 [main] StrategyCreatorRegionFactoryImpl - RegionFactory impl [org.hibernate.cache.ehcache.internal.EhcacheRegionFactory] did not provide constructor accepting Properties
[DEBUG] 2026-03-20 17:46:24.372 [main] StrategyCreatorRegionFactoryImpl - RegionFactory impl [org.hibernate.cache.ehcache.internal.EhcacheRegionFactory] did not provide constructor accepting Properties
[DEBUG] 2026-03-20 17:46:24.372 [main] RegionFactoryInitiator - Cache region factory : org.hibernate.cache.ehcache.internal.EhcacheRegionFactory
[DEBUG] 2026-03-20 17:46:24.426 [main] DomainDataRegionTemplate - Generating entity cache access [read-write] : NavigableRole[ua.epam.mishchenko.ticketbooking.model.impl.Ticket]
[DEBUG] 2026-03-20 17:46:24.426 [main] DomainDataRegionTemplate - Generating entity cache access [read-write] : NavigableRole[ua.epam.mishchenko.ticketbooking.model.impl.Event]
[DEBUG] 2026-03-20 17:46:24.426 [main] DomainDataRegionTemplate - Generating entity cache access [read-write] : NavigableRole[ua.epam.mishchenko.ticketbooking.model.impl.UserAccount]
[DEBUG] 2026-03-20 17:46:24.426 [main] DomainDataRegionTemplate - Generating entity cache access [read-write] : NavigableRole[ua.epam.mishchenko.ticketbooking.model.impl.User]
[DEBUG] 2026-03-20 17:46:24.455 [main] StatisticsInitiator - Statistics initialized [enabled=true]
[DEBUG] 2026-03-20 17:46:24.540 [main] TicketServiceImpl - Start booking a ticket for user with id 57, event with id 2, place 12, category STANDARD
[DEBUG] 2026-03-20 17:46:24.577 [main] AbstractReadWriteAccess - Getting cached data from region [`ua.epam.mishchenko.ticketbooking.model.impl.Event` (AccessType[read-write])] by key [ua.epam.mishchenko.ticketbooking.model.impl.Event#2]
[DEBUG] 2026-03-20 17:46:24.577 [main] AbstractReadWriteAccess - Cache miss : region = `ua.epam.mishchenko.ticketbooking.model.impl.Event`, key = `ua.epam.mishchenko.ticketbooking.model.impl.Event#2`
[DEBUG] 2026-03-20 17:46:24.627 [main] AbstractReadWriteAccess - Caching data from load [region=`ua.epam.mishchenko.ticketbooking.model.impl.Event` (AccessType[read-write])] : key[ua.epam.mishchenko.ticketbooking.model.impl.Event#2] -> value[CacheEntry(ua.epam.mishchenko.ticketbooking.model.impl.Event)]
[DEBUG] 2026-03-20 17:46:24.635 [main] AbstractReadWriteAccess - Getting cached data from region [`ua.epam.mishchenko.ticketbooking.model.impl.UserAccount` (AccessType[read-write])] by key [ua.epam.mishchenko.ticketbooking.model.impl.UserAccount#57]
[DEBUG] 2026-03-20 17:46:24.635 [main] AbstractReadWriteAccess - Cache miss : region = `ua.epam.mishchenko.ticketbooking.model.impl.UserAccount`, key = `ua.epam.mishchenko.ticketbooking.model.impl.UserAccount#57`
[DEBUG] 2026-03-20 17:46:24.637 [main] AbstractReadWriteAccess - Caching data from load [region=`ua.epam.mishchenko.ticketbooking.model.impl.UserAccount` (AccessType[read-write])] : key[ua.epam.mishchenko.ticketbooking.model.impl.UserAccount#57] -> value[CacheEntry(ua.epam.mishchenko.ticketbooking.model.impl.UserAccount)]
[WARN ] 2026-03-20 17:46:24.638 [main] TicketServiceImpl - Insufficient funds for user 57 to book ticket for event 2
[DEBUG] 2026-03-20 17:47:47.204 [main] StrategyCreatorRegionFactoryImpl - RegionFactory impl [org.hibernate.cache.ehcache.internal.EhcacheRegionFactory] did not provide constructor accepting Properties
[DEBUG] 2026-03-20 17:47:47.204 [main] StrategyCreatorRegionFactoryImpl - RegionFactory impl [org.hibernate.cache.ehcache.internal.EhcacheRegionFactory] did not provide constructor accepting Properties
[DEBUG] 2026-03-20 17:47:47.209 [main] RegionFactoryInitiator - Cache region factory : org.hibernate.cache.ehcache.internal.EhcacheRegionFactory
[DEBUG] 2026-03-20 17:47:47.929 [main] DomainDataRegionTemplate - Generating entity cache access [read-write] : NavigableRole[ua.epam.mishchenko.ticketbooking.model.impl.Event]
[DEBUG] 2026-03-20 17:47:47.930 [main] DomainDataRegionTemplate - Generating entity cache access [read-write] : NavigableRole[ua.epam.mishchenko.ticketbooking.model.impl.Ticket]
[DEBUG] 2026-03-20 17:47:47.931 [main] DomainDataRegionTemplate - Generating entity cache access [read-write] : NavigableRole[ua.epam.mishchenko.ticketbooking.model.impl.UserAccount]
[DEBUG] 2026-03-20 17:47:47.931 [main] DomainDataRegionTemplate - Generating entity cache access [read-write] : NavigableRole[ua.epam.mishchenko.ticketbooking.model.impl.User]
[DEBUG] 2026-03-20 17:47:48.330 [main] StatisticsInitiator - Statistics initialized [enabled=true]
[DEBUG] 2026-03-20 17:47:48.608 [main] UserAccountServiceImpl - Start adding funds: 10000.0 to userId: 57
[DEBUG] 2026-03-20 17:47:48.644 [main] AbstractReadWriteAccess - Getting cached data from region [`ua.epam.mishchenko.ticketbooking.model.impl.UserAccount` (AccessType[read-write])] by key [ua.epam.mishchenko.ticketbooking.model.impl.UserAccount#57]
[DEBUG] 2026-03-20 17:47:48.645 [main] AbstractReadWriteAccess - Cache miss : region = `ua.epam.mishchenko.ticketbooking.model.impl.UserAccount`, key = `ua.epam.mishchenko.ticketbooking.model.impl.UserAccount#57`
[DEBUG] 2026-03-20 17:47:48.663 [main] AbstractReadWriteAccess - Caching data from load [region=`ua.epam.mishchenko.ticketbooking.model.impl.UserAccount` (AccessType[read-write])] : key[ua.epam.mishchenko.ticketbooking.model.impl.UserAccount#57] -> value[CacheEntry(ua.epam.mishchenko.ticketbooking.model.impl.UserAccount)]
[DEBUG] 2026-03-20 17:47:48.685 [main] AbstractReadWriteAccess - Getting cached data from region [`ua.epam.mishchenko.ticketbooking.model.impl.UserAccount` (AccessType[read-write])] by key [ua.epam.mishchenko.ticketbooking.model.impl.UserAccount#57]
[DEBUG] 2026-03-20 17:47:48.685 [main] AbstractReadWriteAccess - Checking readability of read-write cache item [timestamp=`7266392754733056`, version=`null`] : txTimestamp=`7266392754921472`
[DEBUG] 2026-03-20 17:47:48.685 [main] AbstractReadWriteAccess - Cache hit : region = `ua.epam.mishchenko.ticketbooking.model.impl.UserAccount`, key = `ua.epam.mishchenko.ticketbooking.model.impl.UserAccount#57`
[DEBUG] 2026-03-20 17:47:48.686 [main] AbstractReadWriteAccess - Getting cached data from region [`ua.epam.mishchenko.ticketbooking.model.impl.UserAccount` (AccessType[read-write])] by key [ua.epam.mishchenko.ticketbooking.model.impl.UserAccount#57]
[DEBUG] 2026-03-20 17:47:48.686 [main] AbstractReadWriteAccess - Checking readability of read-write cache item [timestamp=`7266392754733056`, version=`null`] : txTimestamp=`7266392754921472`
[DEBUG] 2026-03-20 17:47:48.686 [main] AbstractReadWriteAccess - Cache hit : region = `ua.epam.mishchenko.ticketbooking.model.impl.UserAccount`, key = `ua.epam.mishchenko.ticketbooking.model.impl.UserAccount#57`
[DEBUG] 2026-03-20 17:47:48.691 [main] AbstractReadWriteAccess - Locking cache item [region=`ua.epam.mishchenko.ticketbooking.model.impl.UserAccount` (AccessType[read-write])] : `ua.epam.mishchenko.ticketbooking.model.impl.UserAccount#57` (timeout=7266393000718336, version=null)
[DEBUG] 2026-03-20 17:47:48.696 [main] TimestampsCacheEnabledImpl - Pre-invalidating space [user_accounts], timestamp: 7266393000734720
[DEBUG] 2026-03-20 17:47:48.699 [main] TimestampsCacheEnabledImpl - Invalidating space [user_accounts], timestamp: 7266392754991105
[DEBUG] 2026-03-20 17:47:48.700 [main] UserAccountServiceImpl - Successfully added 10000.0 to userId: 57. New balance: 10000.0
[DEBUG] 2026-03-20 17:47:48.780 [main] StrategyCreatorRegionFactoryImpl - RegionFactory impl [org.hibernate.cache.ehcache.internal.EhcacheRegionFactory] did not provide constructor accepting Properties
[DEBUG] 2026-03-20 17:47:48.780 [main] StrategyCreatorRegionFactoryImpl - RegionFactory impl [org.hibernate.cache.ehcache.internal.EhcacheRegionFactory] did not provide constructor accepting Properties
[DEBUG] 2026-03-20 17:47:48.780 [main] RegionFactoryInitiator - Cache region factory : org.hibernate.cache.ehcache.internal.EhcacheRegionFactory
[DEBUG] 2026-03-20 17:47:48.831 [main] DomainDataRegionTemplate - Generating entity cache access [read-write] : NavigableRole[ua.epam.mishchenko.ticketbooking.model.impl.Event]
[DEBUG] 2026-03-20 17:47:48.831 [main] DomainDataRegionTemplate - Generating entity cache access [read-write] : NavigableRole[ua.epam.mishchenko.ticketbooking.model.impl.Ticket]
[DEBUG] 2026-03-20 17:47:48.831 [main] DomainDataRegionTemplate - Generating entity cache access [read-write] : NavigableRole[ua.epam.mishchenko.ticketbooking.model.impl.User]
[DEBUG] 2026-03-20 17:47:48.832 [main] DomainDataRegionTemplate - Generating entity cache access [read-write] : NavigableRole[ua.epam.mishchenko.ticketbooking.model.impl.UserAccount]
[DEBUG] 2026-03-20 17:47:48.864 [main] StatisticsInitiator - Statistics initialized [enabled=true]
[DEBUG] 2026-03-20 17:47:48.942 [main] TicketServiceImpl - Start booking a ticket for user with id 57, event with id 2, place 12, category STANDARD
[DEBUG] 2026-03-20 17:47:48.943 [main] AbstractReadWriteAccess - Getting cached data from region [`ua.epam.mishchenko.ticketbooking.model.impl.Event` (AccessType[read-write])] by key [ua.epam.mishchenko.ticketbooking.model.impl.Event#2]
[DEBUG] 2026-03-20 17:47:48.943 [main] AbstractReadWriteAccess - Cache miss : region = `ua.epam.mishchenko.ticketbooking.model.impl.Event`, key = `ua.epam.mishchenko.ticketbooking.model.impl.Event#2`
[DEBUG] 2026-03-20 17:47:48.952 [main] AbstractReadWriteAccess - Caching data from load [region=`ua.epam.mishchenko.ticketbooking.model.impl.Event` (AccessType[read-write])] : key[ua.epam.mishchenko.ticketbooking.model.impl.Event#2] -> value[CacheEntry(ua.epam.mishchenko.ticketbooking.model.impl.Event)]
[DEBUG] 2026-03-20 17:47:48.954 [main] AbstractReadWriteAccess - Getting cached data from region [`ua.epam.mishchenko.ticketbooking.model.impl.UserAccount` (AccessType[read-write])] by key [ua.epam.mishchenko.ticketbooking.model.impl.UserAccount#57]
[DEBUG] 2026-03-20 17:47:48.954 [main] AbstractReadWriteAccess - Cache miss : region = `ua.epam.mishchenko.ticketbooking.model.impl.UserAccount`, key = `ua.epam.mishchenko.ticketbooking.model.impl.UserAccount#57`
[DEBUG] 2026-03-20 17:47:48.955 [main] AbstractReadWriteAccess - Caching data from load [region=`ua.epam.mishchenko.ticketbooking.model.impl.UserAccount` (AccessType[read-write])] : key[ua.epam.mishchenko.ticketbooking.model.impl.UserAccount#57] -> value[CacheEntry(ua.epam.mishchenko.ticketbooking.model.impl.UserAccount)]
[DEBUG] 2026-03-20 17:47:48.970 [main] TimestampsCacheEnabledImpl - Pre-invalidating space [tickets], timestamp: 7266393001861120
[DEBUG] 2026-03-20 17:47:48.977 [main] TicketServiceImpl - Successfully booked ticket: {'id' : 15, 'userId' : 57, 'eventId' : 2, 'place' : 12, 'category' : 'STANDARD'}
[DEBUG] 2026-03-20 17:47:48.978 [main] AbstractReadWriteAccess - Locking cache item [region=`ua.epam.mishchenko.ticketbooking.model.impl.UserAccount` (AccessType[read-write])] : `ua.epam.mishchenko.ticketbooking.model.impl.UserAccount#57` (timeout=7266393001893888, version=null)
[DEBUG] 2026-03-20 17:47:48.980 [main] TimestampsCacheEnabledImpl - Pre-invalidating space [user_accounts], timestamp: 7266393001902080
[DEBUG] 2026-03-20 17:47:48.985 [main] TimestampsCacheEnabledImpl - Invalidating space [tickets], timestamp: 7266392756162561
[DEBUG] 2026-03-20 17:47:48.985 [main] TimestampsCacheEnabledImpl - Invalidating space [user_accounts], timestamp: 7266392756162561
[DEBUG] 2026-03-20 17:47:48.988 [main] UserServiceImpl - Finding a user by id: 1
[DEBUG] 2026-03-20 17:47:48.988 [main] UserDAOImpl - Start retrieving  user by id: 1
[DEBUG] 2026-03-20 17:47:48.989 [main] AbstractReadWriteAccess - Getting cached data from region [`ua.epam.mishchenko.ticketbooking.model.impl.User` (AccessType[read-write])] by key [ua.epam.mishchenko.ticketbooking.model.impl.User#1]
[DEBUG] 2026-03-20 17:47:48.989 [main] AbstractReadWriteAccess - Cache miss : region = `ua.epam.mishchenko.ticketbooking.model.impl.User`, key = `ua.epam.mishchenko.ticketbooking.model.impl.User#1`
[DEBUG] 2026-03-20 17:47:49.004 [main] AbstractReadWriteAccess - Caching data from load [region=`ua.epam.mishchenko.ticketbooking.model.impl.User` (AccessType[read-write])] : key[ua.epam.mishchenko.ticketbooking.model.impl.User#1] -> value[CacheEntry(ua.epam.mishchenko.ticketbooking.model.impl.User)]
[DEBUG] 2026-03-20 17:47:49.005 [main] UserServiceImpl - The user with id 1 successfully found 
[DEBUG] 2026-03-20 17:47:49.011 [main] TicketServiceImpl - Finding all booked tickets by user {'id' : 1, 'name' : 'Alice', 'email' : 'alice@example.com'} with page size 5 and number of page 1
[DEBUG] 2026-03-20 17:47:49.122 [main] QueryResultsCacheImpl - Checking cached query results in region: default-query-results-region
[DEBUG] 2026-03-20 17:47:49.122 [main] QueryResultsCacheImpl - Query results were not found in cache
[DEBUG] 2026-03-20 17:47:49.211 [main] AbstractReadWriteAccess - Caching data from load [region=`ua.epam.mishchenko.ticketbooking.model.impl.Ticket` (AccessType[read-write])] : key[ua.epam.mishchenko.ticketbooking.model.impl.Ticket#1] -> value[CacheEntry(ua.epam.mishchenko.ticketbooking.model.impl.Ticket)]
[DEBUG] 2026-03-20 17:47:49.211 [main] AbstractReadWriteAccess - Caching data from load [region=`ua.epam.mishchenko.ticketbooking.model.impl.Ticket` (AccessType[read-write])] : key[ua.epam.mishchenko.ticketbooking.model.impl.Ticket#9] -> value[CacheEntry(ua.epam.mishchenko.ticketbooking.model.impl.Ticket)]
[DEBUG] 2026-03-20 17:47:49.211 [main] AbstractReadWriteAccess - Caching data from load [region=`ua.epam.mishchenko.ticketbooking.model.impl.Ticket` (AccessType[read-write])] : key[ua.epam.mishchenko.ticketbooking.model.impl.Ticket#10] -> value[CacheEntry(ua.epam.mishchenko.ticketbooking.model.impl.Ticket)]
[DEBUG] 2026-03-20 17:47:49.211 [main] AbstractReadWriteAccess - Caching data from load [region=`ua.epam.mishchenko.ticketbooking.model.impl.Ticket` (AccessType[read-write])] : key[ua.epam.mishchenko.ticketbooking.model.impl.Ticket#11] -> value[CacheEntry(ua.epam.mishchenko.ticketbooking.model.impl.Ticket)]
[DEBUG] 2026-03-20 17:47:49.212 [main] AbstractReadWriteAccess - Caching data from load [region=`ua.epam.mishchenko.ticketbooking.model.impl.Ticket` (AccessType[read-write])] : key[ua.epam.mishchenko.ticketbooking.model.impl.Ticket#12] -> value[CacheEntry(ua.epam.mishchenko.ticketbooking.model.impl.Ticket)]
[DEBUG] 2026-03-20 17:47:49.212 [main] StatisticsImpl - HHH000117: HQL: select generatedAlias0 from TicketImpl as generatedAlias0 where generatedAlias0.userId=:param0, time: 89ms, rows: 5
[DEBUG] 2026-03-20 17:47:49.212 [main] QueryResultsCacheImpl - Caching query results in region: default-query-results-region; timestamp=7266392756326400
[DEBUG] 2026-03-20 17:47:49.221 [main] QueryResultsCacheImpl - Checking cached query results in region: default-query-results-region
[DEBUG] 2026-03-20 17:47:49.221 [main] QueryResultsCacheImpl - Query results were not found in cache
[DEBUG] 2026-03-20 17:47:49.235 [main] StatisticsImpl - HHH000117: HQL: select count(generatedAlias0) from TicketImpl as generatedAlias0 where generatedAlias0.userId=:param0, time: 13ms, rows: 1
[DEBUG] 2026-03-20 17:47:49.235 [main] QueryResultsCacheImpl - Caching query results in region: default-query-results-region; timestamp=7266392757108736
[DEBUG] 2026-03-20 17:47:49.239 [main] TicketServiceImpl - All booked tickets successfully found by user {'id' : 1, 'name' : 'Alice', 'email' : 'alice@example.com'} with page size 5 and number of page 1
[DEBUG] 2026-03-20 19:41:22.185 [main] StrategyCreatorRegionFactoryImpl - RegionFactory impl [org.hibernate.cache.ehcache.internal.EhcacheRegionFactory] did not provide constructor accepting Properties
[DEBUG] 2026-03-20 19:41:22.186 [main] StrategyCreatorRegionFactoryImpl - RegionFactory impl [org.hibernate.cache.ehcache.internal.EhcacheRegionFactory] did not provide constructor accepting Properties
[DEBUG] 2026-03-20 19:41:22.193 [main] RegionFactoryInitiator - Cache region factory : org.hibernate.cache.ehcache.internal.EhcacheRegionFactory
[DEBUG] 2026-03-20 19:41:23.298 [main] DomainDataRegionTemplate - Generating entity cache access [read-write] : NavigableRole[ua.epam.mishchenko.ticketbooking.model.impl.Ticket]
[DEBUG] 2026-03-20 19:41:23.299 [main] DomainDataRegionTemplate - Generating entity cache access [read-write] : NavigableRole[ua.epam.mishchenko.ticketbooking.model.impl.Event]
[DEBUG] 2026-03-20 19:41:23.300 [main] DomainDataRegionTemplate - Generating entity cache access [read-write] : NavigableRole[ua.epam.mishchenko.ticketbooking.model.impl.UserAccount]
[DEBUG] 2026-03-20 19:41:23.300 [main] DomainDataRegionTemplate - Generating entity cache access [read-write] : NavigableRole[ua.epam.mishchenko.ticketbooking.model.impl.User]
[DEBUG] 2026-03-20 19:41:23.889 [main] StatisticsInitiator - Statistics initialized [enabled=true]
[DEBUG] 2026-03-20 19:41:24.261 [main] UserServiceImpl - Finding a user by id: 1
[DEBUG] 2026-03-20 19:41:24.262 [main] UserDAOImpl - Start retrieving user by id: 1
[DEBUG] 2026-03-20 19:41:24.266 [main] AbstractReadWriteAccess - Getting cached data from region [`ua.epam.mishchenko.ticketbooking.model.impl.User` (AccessType[read-write])] by key [ua.epam.mishchenko.ticketbooking.model.impl.User#1]
[DEBUG] 2026-03-20 19:41:24.266 [main] AbstractReadWriteAccess - Cache miss : region = `ua.epam.mishchenko.ticketbooking.model.impl.User`, key = `ua.epam.mishchenko.ticketbooking.model.impl.User#1`
[DEBUG] 2026-03-20 19:41:24.305 [main] AbstractReadWriteAccess - Caching data from load [region=`ua.epam.mishchenko.ticketbooking.model.impl.User` (AccessType[read-write])] : key[ua.epam.mishchenko.ticketbooking.model.impl.User#1] -> value[CacheEntry(ua.epam.mishchenko.ticketbooking.model.impl.User)]
[INFO ] 2026-03-20 19:41:24.308 [main] UserServiceImpl - User with id 1 successfully found
[DEBUG] 2026-03-20 19:41:24.313 [main] UserServiceImpl - Finding a user by id: 1
[DEBUG] 2026-03-20 19:41:24.313 [main] UserDAOImpl - Start retrieving user by id: 1
[DEBUG] 2026-03-20 19:41:24.313 [main] AbstractReadWriteAccess - Getting cached data from region [`ua.epam.mishchenko.ticketbooking.model.impl.User` (AccessType[read-write])] by key [ua.epam.mishchenko.ticketbooking.model.impl.User#1]
[DEBUG] 2026-03-20 19:41:24.314 [main] AbstractReadWriteAccess - Checking readability of read-write cache item [timestamp=`7266420671537152`, version=`null`] : txTimestamp=`7266420671746049`
[DEBUG] 2026-03-20 19:41:24.314 [main] AbstractReadWriteAccess - Cache hit : region = `ua.epam.mishchenko.ticketbooking.model.impl.User`, key = `ua.epam.mishchenko.ticketbooking.model.impl.User#1`
[INFO ] 2026-03-20 19:41:24.314 [main] UserServiceImpl - User with id 1 successfully found
[DEBUG] 2026-03-20 19:41:24.321 [main] UserServiceImpl - Finding a user by id: 1
[DEBUG] 2026-03-20 19:41:24.321 [main] UserDAOImpl - Start retrieving user by id: 1
[DEBUG] 2026-03-20 19:41:24.321 [main] AbstractReadWriteAccess - Getting cached data from region [`ua.epam.mishchenko.ticketbooking.model.impl.User` (AccessType[read-write])] by key [ua.epam.mishchenko.ticketbooking.model.impl.User#1]
[DEBUG] 2026-03-20 19:41:24.321 [main] AbstractReadWriteAccess - Checking readability of read-write cache item [timestamp=`7266420671537152`, version=`null`] : txTimestamp=`7266420671778816`
[DEBUG] 2026-03-20 19:41:24.321 [main] AbstractReadWriteAccess - Cache hit : region = `ua.epam.mishchenko.ticketbooking.model.impl.User`, key = `ua.epam.mishchenko.ticketbooking.model.impl.User#1`
[INFO ] 2026-03-20 19:41:24.322 [main] UserServiceImpl - User with id 1 successfully found
[DEBUG] 2026-03-20 19:41:24.323 [main] TicketServiceImpl - Finding all booked tickets by user {'id' : 1, 'name' : 'Alice', 'email' : 'alice@example.com'} with page size 10 and number of page 1
[DEBUG] 2026-03-20 19:41:24.467 [main] QueryResultsCacheImpl - Checking cached query results in region: default-query-results-region
[DEBUG] 2026-03-20 19:41:24.467 [main] QueryResultsCacheImpl - Query results were not found in cache
[DEBUG] 2026-03-20 19:41:24.494 [main] AbstractReadWriteAccess - Caching data from load [region=`ua.epam.mishchenko.ticketbooking.model.impl.Ticket` (AccessType[read-write])] : key[ua.epam.mishchenko.ticketbooking.model.impl.Ticket#1] -> value[CacheEntry(ua.epam.mishchenko.ticketbooking.model.impl.Ticket)]
[DEBUG] 2026-03-20 19:41:24.494 [main] AbstractReadWriteAccess - Caching data from load [region=`ua.epam.mishchenko.ticketbooking.model.impl.Ticket` (AccessType[read-write])] : key[ua.epam.mishchenko.ticketbooking.model.impl.Ticket#9] -> value[CacheEntry(ua.epam.mishchenko.ticketbooking.model.impl.Ticket)]
[DEBUG] 2026-03-20 19:41:24.494 [main] AbstractReadWriteAccess - Caching data from load [region=`ua.epam.mishchenko.ticketbooking.model.impl.Ticket` (AccessType[read-write])] : key[ua.epam.mishchenko.ticketbooking.model.impl.Ticket#10] -> value[CacheEntry(ua.epam.mishchenko.ticketbooking.model.impl.Ticket)]
[DEBUG] 2026-03-20 19:41:24.494 [main] AbstractReadWriteAccess - Caching data from load [region=`ua.epam.mishchenko.ticketbooking.model.impl.Ticket` (AccessType[read-write])] : key[ua.epam.mishchenko.ticketbooking.model.impl.Ticket#11] -> value[CacheEntry(ua.epam.mishchenko.ticketbooking.model.impl.Ticket)]
[DEBUG] 2026-03-20 19:41:24.495 [main] AbstractReadWriteAccess - Caching data from load [region=`ua.epam.mishchenko.ticketbooking.model.impl.Ticket` (AccessType[read-write])] : key[ua.epam.mishchenko.ticketbooking.model.impl.Ticket#12] -> value[CacheEntry(ua.epam.mishchenko.ticketbooking.model.impl.Ticket)]
[DEBUG] 2026-03-20 19:41:24.495 [main] AbstractReadWriteAccess - Caching data from load [region=`ua.epam.mishchenko.ticketbooking.model.impl.Ticket` (AccessType[read-write])] : key[ua.epam.mishchenko.ticketbooking.model.impl.Ticket#13] -> value[CacheEntry(ua.epam.mishchenko.ticketbooking.model.impl.Ticket)]
[DEBUG] 2026-03-20 19:41:24.495 [main] AbstractReadWriteAccess - Caching data from load [region=`ua.epam.mishchenko.ticketbooking.model.impl.Ticket` (AccessType[read-write])] : key[ua.epam.mishchenko.ticketbooking.model.impl.Ticket#14] -> value[CacheEntry(ua.epam.mishchenko.ticketbooking.model.impl.Ticket)]
[DEBUG] 2026-03-20 19:41:24.496 [main] StatisticsImpl - HHH000117: HQL: select generatedAlias0 from TicketImpl as generatedAlias0 where generatedAlias0.userId=:param0, time: 26ms, rows: 7
[DEBUG] 2026-03-20 19:41:24.496 [main] QueryResultsCacheImpl - Caching query results in region: default-query-results-region; timestamp=7266420671881216
[INFO ] 2026-03-20 19:41:24.502 [main] TicketServiceImpl - All booked tickets successfully found by user {'id' : 1, 'name' : 'Alice', 'email' : 'alice@example.com'} with page size 10 and number of page 1
[DEBUG] 2026-03-20 19:41:24.509 [main] TicketServiceImpl - Finding all booked tickets by user {'id' : 1, 'name' : 'Alice', 'email' : 'alice@example.com'} with page size 10 and number of page 1
[DEBUG] 2026-03-20 19:41:24.509 [main] QueryResultsCacheImpl - Checking cached query results in region: default-query-results-region
[DEBUG] 2026-03-20 19:41:24.509 [main] QueryResultsCacheImpl - Returning cached query results
[DEBUG] 2026-03-20 19:41:24.510 [main] AbstractReadWriteAccess - Getting cached data from region [`ua.epam.mishchenko.ticketbooking.model.impl.Ticket` (AccessType[read-write])] by key [ua.epam.mishchenko.ticketbooking.model.impl.Ticket#1]
[DEBUG] 2026-03-20 19:41:24.510 [main] AbstractReadWriteAccess - Checking readability of read-write cache item [timestamp=`7266420671881216`, version=`null`] : txTimestamp=`7266420672548864`
[DEBUG] 2026-03-20 19:41:24.510 [main] AbstractReadWriteAccess - Cache hit : region = `ua.epam.mishchenko.ticketbooking.model.impl.Ticket`, key = `ua.epam.mishchenko.ticketbooking.model.impl.Ticket#1`
[DEBUG] 2026-03-20 19:41:24.510 [main] AbstractReadWriteAccess - Getting cached data from region [`ua.epam.mishchenko.ticketbooking.model.impl.Ticket` (AccessType[read-write])] by key [ua.epam.mishchenko.ticketbooking.model.impl.Ticket#9]
[DEBUG] 2026-03-20 19:41:24.510 [main] AbstractReadWriteAccess - Checking readability of read-write cache item [timestamp=`7266420671881216`, version=`null`] : txTimestamp=`7266420672548864`
[DEBUG] 2026-03-20 19:41:24.510 [main] AbstractReadWriteAccess - Cache hit : region = `ua.epam.mishchenko.ticketbooking.model.impl.Ticket`, key = `ua.epam.mishchenko.ticketbooking.model.impl.Ticket#9`
[DEBUG] 2026-03-20 19:41:24.510 [main] AbstractReadWriteAccess - Getting cached data from region [`ua.epam.mishchenko.ticketbooking.model.impl.Ticket` (AccessType[read-write])] by key [ua.epam.mishchenko.ticketbooking.model.impl.Ticket#10]
[DEBUG] 2026-03-20 19:41:24.510 [main] AbstractReadWriteAccess - Checking readability of read-write cache item [timestamp=`7266420671881216`, version=`null`] : txTimestamp=`7266420672548864`
[DEBUG] 2026-03-20 19:41:24.510 [main] AbstractReadWriteAccess - Cache hit : region = `ua.epam.mishchenko.ticketbooking.model.impl.Ticket`, key = `ua.epam.mishchenko.ticketbooking.model.impl.Ticket#10`
[DEBUG] 2026-03-20 19:41:24.510 [main] AbstractReadWriteAccess - Getting cached data from region [`ua.epam.mishchenko.ticketbooking.model.impl.Ticket` (AccessType[read-write])] by key [ua.epam.mishchenko.ticketbooking.model.impl.Ticket#11]
[DEBUG] 2026-03-20 19:41:24.510 [main] AbstractReadWriteAccess - Checking readability of read-write cache item [timestamp=`7266420671881216`, version=`null`] : txTimestamp=`7266420672548864`
[DEBUG] 2026-03-20 19:41:24.510 [main] AbstractReadWriteAccess - Cache hit : region = `ua.epam.mishchenko.ticketbooking.model.impl.Ticket`, key = `ua.epam.mishchenko.ticketbooking.model.impl.Ticket#11`
[DEBUG] 2026-03-20 19:41:24.511 [main] AbstractReadWriteAccess - Getting cached data from region [`ua.epam.mishchenko.ticketbooking.model.impl.Ticket` (AccessType[read-write])] by key [ua.epam.mishchenko.ticketbooking.model.impl.Ticket#12]
[DEBUG] 2026-03-20 19:41:24.511 [main] AbstractReadWriteAccess - Checking readability of read-write cache item [timestamp=`7266420671881216`, version=`null`] : txTimestamp=`7266420672548864`
[DEBUG] 2026-03-20 19:41:24.511 [main] AbstractReadWriteAccess - Cache hit : region = `ua.epam.mishchenko.ticketbooking.model.impl.Ticket`, key = `ua.epam.mishchenko.ticketbooking.model.impl.Ticket#12`
[DEBUG] 2026-03-20 19:41:24.511 [main] AbstractReadWriteAccess - Getting cached data from region [`ua.epam.mishchenko.ticketbooking.model.impl.Ticket` (AccessType[read-write])] by key [ua.epam.mishchenko.ticketbooking.model.impl.Ticket#13]
[DEBUG] 2026-03-20 19:41:24.511 [main] AbstractReadWriteAccess - Checking readability of read-write cache item [timestamp=`7266420671881216`, version=`null`] : txTimestamp=`7266420672548864`
[DEBUG] 2026-03-20 19:41:24.511 [main] AbstractReadWriteAccess - Cache hit : region = `ua.epam.mishchenko.ticketbooking.model.impl.Ticket`, key = `ua.epam.mishchenko.ticketbooking.model.impl.Ticket#13`
[DEBUG] 2026-03-20 19:41:24.511 [main] AbstractReadWriteAccess - Getting cached data from region [`ua.epam.mishchenko.ticketbooking.model.impl.Ticket` (AccessType[read-write])] by key [ua.epam.mishchenko.ticketbooking.model.impl.Ticket#14]
[DEBUG] 2026-03-20 19:41:24.511 [main] AbstractReadWriteAccess - Checking readability of read-write cache item [timestamp=`7266420671881216`, version=`null`] : txTimestamp=`7266420672548864`
[DEBUG] 2026-03-20 19:41:24.511 [main] AbstractReadWriteAccess - Cache hit : region = `ua.epam.mishchenko.ticketbooking.model.impl.Ticket`, key = `ua.epam.mishchenko.ticketbooking.model.impl.Ticket#14`
[INFO ] 2026-03-20 19:41:24.512 [main] TicketServiceImpl - All booked tickets successfully found by user {'id' : 1, 'name' : 'Alice', 'email' : 'alice@example.com'} with page size 10 and number of page 1
[DEBUG] 2026-03-20 19:41:24.515 [main] UserAccountServiceImpl - Start getting a user account with userId: 1
[DEBUG] 2026-03-20 19:41:24.544 [main] AbstractReadWriteAccess - Getting cached data from region [`ua.epam.mishchenko.ticketbooking.model.impl.UserAccount` (AccessType[read-write])] by key [ua.epam.mishchenko.ticketbooking.model.impl.UserAccount#1]
[DEBUG] 2026-03-20 19:41:24.544 [main] AbstractReadWriteAccess - Cache miss : region = `ua.epam.mishchenko.ticketbooking.model.impl.UserAccount`, key = `ua.epam.mishchenko.ticketbooking.model.impl.UserAccount#1`
[DEBUG] 2026-03-20 19:41:24.549 [main] AbstractReadWriteAccess - Caching data from load [region=`ua.epam.mishchenko.ticketbooking.model.impl.UserAccount` (AccessType[read-write])] : key[ua.epam.mishchenko.ticketbooking.model.impl.UserAccount#1] -> value[CacheEntry(ua.epam.mishchenko.ticketbooking.model.impl.UserAccount)]
[INFO ] 2026-03-20 19:41:24.553 [main] UserAccountServiceImpl - Successfully retrieved userAccount for userId: 1
[DEBUG] 2026-03-20 19:41:24.558 [main] UserAccountServiceImpl - Start getting a user account with userId: 1
[DEBUG] 2026-03-20 19:41:24.574 [main] AbstractReadWriteAccess - Getting cached data from region [`ua.epam.mishchenko.ticketbooking.model.impl.UserAccount` (AccessType[read-write])] by key [ua.epam.mishchenko.ticketbooking.model.impl.UserAccount#1]
[DEBUG] 2026-03-20 19:41:24.574 [main] AbstractReadWriteAccess - Checking readability of read-write cache item [timestamp=`7266420672679936`, version=`null`] : txTimestamp=`7266420672811008`
[DEBUG] 2026-03-20 19:41:24.574 [main] AbstractReadWriteAccess - Cache hit : region = `ua.epam.mishchenko.ticketbooking.model.impl.UserAccount`, key = `ua.epam.mishchenko.ticketbooking.model.impl.UserAccount#1`
[INFO ] 2026-03-20 19:41:24.575 [main] UserAccountServiceImpl - Successfully retrieved userAccount for userId: 1
[DEBUG] 2026-03-20 19:41:24.578 [main] EventServiceImpl - Finding an event by id: 1
[DEBUG] 2026-03-20 19:41:24.593 [main] AbstractReadWriteAccess - Getting cached data from region [`ua.epam.mishchenko.ticketbooking.model.impl.Event` (AccessType[read-write])] by key [ua.epam.mishchenko.ticketbooking.model.impl.Event#1]
[DEBUG] 2026-03-20 19:41:24.593 [main] AbstractReadWriteAccess - Cache miss : region = `ua.epam.mishchenko.ticketbooking.model.impl.Event`, key = `ua.epam.mishchenko.ticketbooking.model.impl.Event#1`
[DEBUG] 2026-03-20 19:41:24.597 [main] AbstractReadWriteAccess - Caching data from load [region=`ua.epam.mishchenko.ticketbooking.model.impl.Event` (AccessType[read-write])] : key[ua.epam.mishchenko.ticketbooking.model.impl.Event#1] -> value[CacheEntry(ua.epam.mishchenko.ticketbooking.model.impl.Event)]
[INFO ] 2026-03-20 19:41:24.599 [main] EventServiceImpl - Event with id 1 successfully found
[DEBUG] 2026-03-20 19:41:24.602 [main] EventServiceImpl - Finding an event by id: 1
[DEBUG] 2026-03-20 19:41:24.614 [main] AbstractReadWriteAccess - Getting cached data from region [`ua.epam.mishchenko.ticketbooking.model.impl.Event` (AccessType[read-write])] by key [ua.epam.mishchenko.ticketbooking.model.impl.Event#1]
[DEBUG] 2026-03-20 19:41:24.614 [main] AbstractReadWriteAccess - Checking readability of read-write cache item [timestamp=`7266420672888832`, version=`null`] : txTimestamp=`7266420672978944`
[DEBUG] 2026-03-20 19:41:24.614 [main] AbstractReadWriteAccess - Cache hit : region = `ua.epam.mishchenko.ticketbooking.model.impl.Event`, key = `ua.epam.mishchenko.ticketbooking.model.impl.Event#1`
[INFO ] 2026-03-20 19:41:24.616 [main] EventServiceImpl - Event with id 1 successfully found
[DEBUG] 2026-03-20 19:41:40.445 [main] UserServiceImpl - Finding all users by name 'Alice' with page size 10 and page number 1
[WARN ] 2026-03-20 19:41:40.449 [main] UserServiceImpl - Failed to find users by name 'Alice', page size 10, page number 1
ua.epam.mishchenko.ticketbooking.exception.DbException: DB error
	at ua.epam.mishchenko.ticketbooking.service.impl.UserServiceImpl.getUsersByName(UserServiceImpl.java:127) ~[classes/:?]
	at tests.UserServiceImplTest.lambda$getUsersByNameShouldReturnNullWhenDaoThrows$5(UserServiceImplTest.java:191) ~[test-classes/:?]
	at org.junit.Assert.assertThrows(Assert.java:1001) ~[junit-4.13.2.jar:4.13.2]
	at org.junit.Assert.assertThrows(Assert.java:981) ~[junit-4.13.2.jar:4.13.2]
	at tests.UserServiceImplTest.getUsersByNameShouldReturnNullWhenDaoThrows(UserServiceImplTest.java:190) ~[test-classes/:?]
	at jdk.internal.reflect.DirectMethodHandleAccessor.invoke(DirectMethodHandleAccessor.java:103) ~[?:?]
	at java.lang.reflect.Method.invoke(Method.java:580) ~[?:?]
	at org.junit.runners.model.FrameworkMethod$1.runReflectiveCall(FrameworkMethod.java:59) ~[junit-4.13.2.jar:4.13.2]
	at org.junit.internal.runners.model.ReflectiveCallable.run(ReflectiveCallable.java:12) ~[junit-4.13.2.jar:4.13.2]
	at org.junit.runners.model.FrameworkMethod.invokeExplosively(FrameworkMethod.java:56) ~[junit-4.13.2.jar:4.13.2]
	at org.junit.internal.runners.statements.InvokeMethod.evaluate(InvokeMethod.java:17) ~[junit-4.13.2.jar:4.13.2]
	at org.junit.internal.runners.statements.RunBefores.evaluate(RunBefores.java:26) ~[junit-4.13.2.jar:4.13.2]
	at org.junit.runners.ParentRunner$3.evaluate(ParentRunner.java:306) ~[junit-4.13.2.jar:4.13.2]
	at org.junit.runners.BlockJUnit4ClassRunner$1.evaluate(BlockJUnit4ClassRunner.java:100) ~[junit-4.13.2.jar:4.13.2]
	at org.junit.runners.ParentRunner.runLeaf(ParentRunner.java:366) ~[junit-4.13.2.jar:4.13.2]
	at org.junit.runners.BlockJUnit4ClassRunner.runChild(BlockJUnit4ClassRunner.java:103) ~[junit-4.13.2.jar:4.13.2]
	at org.junit.runners.BlockJUnit4ClassRunner.runChild(BlockJUnit4ClassRunner.java:63) ~[junit-4.13.2.jar:4.13.2]
	at org.junit.runners.ParentRunner$4.run(ParentRunner.java:331) ~[junit-4.13.2.jar:4.13.2]
	at org.junit.runners.ParentRunner$1.schedule(ParentRunner.java:79) ~[junit-4.13.2.jar:4.13.2]
	at org.junit.runners.ParentRunner.runChildren(ParentRunner.java:329) ~[junit-4.13.2.jar:4.13.2]
	at org.junit.runners.ParentRunner.access$100(ParentRunner.java:66) ~[junit-4.13.2.jar:4.13.2]
	at org.junit.runners.ParentRunner$2.evaluate(ParentRunner.java:293) ~[junit-4.13.2.jar:4.13.2]
	at org.junit.runners.ParentRunner$3.evaluate(ParentRunner.java:306) ~[junit-4.13.2.jar:4.13.2]
	at org.junit.runners.ParentRunner.run(ParentRunner.java:413) ~[junit-4.13.2.jar:4.13.2]
	at org.junit.runner.JUnitCore.run(JUnitCore.java:137) ~[junit-4.13.2.jar:4.13.2]
	at com.intellij.junit4.JUnit4IdeaTestRunner.startRunnerWithArgs(JUnit4IdeaTestRunner.java:69) ~[junit-rt.jar:?]
	at com.intellij.rt.junit.IdeaTestRunner$Repeater$1.execute(IdeaTestRunner.java:38) ~[junit-rt.jar:?]
	at com.intellij.rt.execution.junit.TestsRepeater.repeat(TestsRepeater.java:11) ~[idea_rt.jar:?]
	at com.intellij.rt.junit.IdeaTestRunner$Repeater.startRunnerWithArgs(IdeaTestRunner.java:35) ~[junit-rt.jar:?]
	at com.intellij.rt.junit.JUnitStarter.prepareStreamsAndStart(JUnitStarter.java:232) ~[junit-rt.jar:?]
	at com.intellij.rt.junit.JUnitStarter.main(JUnitStarter.java:55) ~[junit-rt.jar:?]
[DEBUG] 2026-03-20 19:41:40.467 [main] UserServiceImpl - Start updating user: {'id' : 1, 'name' : 'Alice', 'email' : 'alice@example.com'}
[INFO ] 2026-03-20 19:41:40.468 [main] UserServiceImpl - Successfully updated user: {'id' : 1, 'name' : 'Alice', 'email' : 'alice@example.com'}
[DEBUG] 2026-03-20 19:41:40.474 [main] UserServiceImpl - Finding a user by email: alice@example.com
[INFO ] 2026-03-20 19:41:40.475 [main] UserServiceImpl - User with email alice@example.com successfully found
[DEBUG] 2026-03-20 19:41:40.476 [main] UserServiceImpl - Retrieving all users with pageSize: 10 and pageNum: 1
[INFO ] 2026-03-20 19:41:40.476 [main] UserServiceImpl - Successfully retrieved 2 users
[DEBUG] 2026-03-20 19:41:40.478 [main] UserServiceImpl - Start updating user: {'id' : 1, 'name' : 'Alice', 'email' : 'alice@example.com'}
[WARN ] 2026-03-20 19:41:40.478 [main] UserServiceImpl - Failed to update user: {'id' : 1, 'name' : 'Alice', 'email' : 'alice@example.com'}
ua.epam.mishchenko.ticketbooking.exception.DbException: null
[DEBUG] 2026-03-20 19:41:40.480 [main] UserServiceImpl - Start creating a user: {'id' : 0, 'name' : 'Vala', 'email' : 'test@example.com'}
[DEBUG] 2026-03-20 19:41:40.485 [main] UserServiceImpl - Start creating a user: {'id' : 0, 'name' : 'Vala', 'email' : 'test5@example.com'}
[DEBUG] 2026-03-20 19:41:40.488 [main] UserServiceImpl - Finding a user by id: 1
[WARN ] 2026-03-20 19:41:40.488 [main] UserServiceImpl - Failed to get user by id: 1
ua.epam.mishchenko.ticketbooking.exception.DbException: null
[DEBUG] 2026-03-20 19:41:40.490 [main] UserServiceImpl - Start deleting  user with id : 1
[INFO ] 2026-03-20 19:41:40.490 [main] UserServiceImpl - Successfully deleted user with id: 1
[DEBUG] 2026-03-20 19:41:40.492 [main] UserServiceImpl - Finding a user by id: 1
[INFO ] 2026-03-20 19:41:40.493 [main] UserServiceImpl - User with id 1 successfully found
[DEBUG] 2026-03-20 19:41:40.494 [main] UserServiceImpl - Finding all users by name 'Alice' with page size 10 and page number 1
[INFO ] 2026-03-20 19:41:40.494 [main] UserServiceImpl - Successfully found 2 users by name 'Alice' with page size 10 and page number 1
[DEBUG] 2026-03-20 19:41:40.496 [main] UserServiceImpl - Finding a user by email: alice@example.com
[INFO ] 2026-03-20 19:41:40.496 [main] UserServiceImpl - User with email alice@example.com successfully found
[DEBUG] 2026-03-20 19:41:40.497 [main] UserServiceImpl - Start deleting  user with id : 1
[WARN ] 2026-03-20 19:41:40.497 [main] UserServiceImpl - No user found to delete with id: 1
[DEBUG] 2026-03-20 19:43:07.654 [main] UserServiceImpl - Start creating a user: {'id' : 0, 'name' : 'Vala', 'email' : 'test@example.com'}
[INFO ] 2026-03-20 19:43:07.658 [main] UserServiceImpl - Attempt to create a user failed: email test@example.com is already registered.
[WARN ] 2026-03-20 19:43:07.658 [main] UserServiceImpl - Cannot create user: {'id' : 0, 'name' : 'Vala', 'email' : 'test@example.com'}
ua.epam.mishchenko.ticketbooking.exception.DbException: User already exists with email: test@example.com
	at ua.epam.mishchenko.ticketbooking.service.impl.UserServiceImpl.createUser(UserServiceImpl.java:149) ~[classes/:?]
	at tests.UserServiceImplTest.createUserShouldInsertUserWhenEmailNotExists(UserServiceImplTest.java:58) ~[test-classes/:?]
	at jdk.internal.reflect.DirectMethodHandleAccessor.invoke(DirectMethodHandleAccessor.java:103) ~[?:?]
	at java.lang.reflect.Method.invoke(Method.java:580) ~[?:?]
	at org.junit.runners.model.FrameworkMethod$1.runReflectiveCall(FrameworkMethod.java:59) ~[junit-4.13.2.jar:4.13.2]
	at org.junit.internal.runners.model.ReflectiveCallable.run(ReflectiveCallable.java:12) ~[junit-4.13.2.jar:4.13.2]
	at org.junit.runners.model.FrameworkMethod.invokeExplosively(FrameworkMethod.java:56) ~[junit-4.13.2.jar:4.13.2]
	at org.junit.internal.runners.statements.InvokeMethod.evaluate(InvokeMethod.java:17) ~[junit-4.13.2.jar:4.13.2]
	at org.junit.internal.runners.statements.RunBefores.evaluate(RunBefores.java:26) ~[junit-4.13.2.jar:4.13.2]
	at org.junit.runners.ParentRunner$3.evaluate(ParentRunner.java:306) ~[junit-4.13.2.jar:4.13.2]
	at org.junit.runners.BlockJUnit4ClassRunner$1.evaluate(BlockJUnit4ClassRunner.java:100) ~[junit-4.13.2.jar:4.13.2]
	at org.junit.runners.ParentRunner.runLeaf(ParentRunner.java:366) ~[junit-4.13.2.jar:4.13.2]
	at org.junit.runners.BlockJUnit4ClassRunner.runChild(BlockJUnit4ClassRunner.java:103) ~[junit-4.13.2.jar:4.13.2]
	at org.junit.runners.BlockJUnit4ClassRunner.runChild(BlockJUnit4ClassRunner.java:63) ~[junit-4.13.2.jar:4.13.2]
	at org.junit.runners.ParentRunner$4.run(ParentRunner.java:331) ~[junit-4.13.2.jar:4.13.2]
	at org.junit.runners.ParentRunner$1.schedule(ParentRunner.java:79) ~[junit-4.13.2.jar:4.13.2]
	at org.junit.runners.ParentRunner.runChildren(ParentRunner.java:329) ~[junit-4.13.2.jar:4.13.2]
	at org.junit.runners.ParentRunner.access$100(ParentRunner.java:66) ~[junit-4.13.2.jar:4.13.2]
	at org.junit.runners.ParentRunner$2.evaluate(ParentRunner.java:293) ~[junit-4.13.2.jar:4.13.2]
	at org.junit.runners.ParentRunner$3.evaluate(ParentRunner.java:306) ~[junit-4.13.2.jar:4.13.2]
	at org.junit.runners.ParentRunner.run(ParentRunner.java:413) ~[junit-4.13.2.jar:4.13.2]
	at org.junit.runner.JUnitCore.run(JUnitCore.java:137) ~[junit-4.13.2.jar:4.13.2]
	at com.intellij.junit4.JUnit4IdeaTestRunner.startRunnerWithArgs(JUnit4IdeaTestRunner.java:69) ~[junit-rt.jar:?]
	at com.intellij.rt.junit.IdeaTestRunner$Repeater$1.execute(IdeaTestRunner.java:38) ~[junit-rt.jar:?]
	at com.intellij.rt.execution.junit.TestsRepeater.repeat(TestsRepeater.java:11) ~[idea_rt.jar:?]
	at com.intellij.rt.junit.IdeaTestRunner$Repeater.startRunnerWithArgs(IdeaTestRunner.java:35) ~[junit-rt.jar:?]
	at com.intellij.rt.junit.JUnitStarter.prepareStreamsAndStart(JUnitStarter.java:232) ~[junit-rt.jar:?]
	at com.intellij.rt.junit.JUnitStarter.main(JUnitStarter.java:55) ~[junit-rt.jar:?]
[DEBUG] 2026-03-20 19:46:12.221 [main] UserServiceImpl - Start creating a user: {'id' : 0, 'name' : 'Vala', 'email' : 'test5@example.com'}
[INFO ] 2026-03-20 19:46:12.226 [main] UserServiceImpl - Successfully created user: null
[DEBUG] 2026-03-20 19:49:00.600 [main] UserServiceImpl - Start creating a user: {'id' : 0, 'name' : 'Vala', 'email' : 'test5@example.com'}
[INFO ] 2026-03-20 19:49:00.605 [main] UserServiceImpl - Attempt to create a user failed: email test5@example.com is already registered.
[WARN ] 2026-03-20 19:49:00.606 [main] UserServiceImpl - Cannot create user: {'id' : 0, 'name' : 'Vala', 'email' : 'test5@example.com'}
ua.epam.mishchenko.ticketbooking.exception.DbException: User already exists with email: test5@example.com
	at ua.epam.mishchenko.ticketbooking.service.impl.UserServiceImpl.createUser(UserServiceImpl.java:153) ~[classes/:?]
	at tests.UserServiceImplTest.lambda$createUserShouldThrowExceptionWhenEmailExists$0(UserServiceImplTest.java:84) ~[test-classes/:?]
	at org.junit.Assert.assertThrows(Assert.java:1001) ~[junit-4.13.2.jar:4.13.2]
	at org.junit.Assert.assertThrows(Assert.java:981) ~[junit-4.13.2.jar:4.13.2]
	at tests.UserServiceImplTest.createUserShouldThrowExceptionWhenEmailExists(UserServiceImplTest.java:84) ~[test-classes/:?]
	at jdk.internal.reflect.DirectMethodHandleAccessor.invoke(DirectMethodHandleAccessor.java:103) ~[?:?]
	at java.lang.reflect.Method.invoke(Method.java:580) ~[?:?]
	at org.junit.runners.model.FrameworkMethod$1.runReflectiveCall(FrameworkMethod.java:59) ~[junit-4.13.2.jar:4.13.2]
	at org.junit.internal.runners.model.ReflectiveCallable.run(ReflectiveCallable.java:12) ~[junit-4.13.2.jar:4.13.2]
	at org.junit.runners.model.FrameworkMethod.invokeExplosively(FrameworkMethod.java:56) ~[junit-4.13.2.jar:4.13.2]
	at org.junit.internal.runners.statements.InvokeMethod.evaluate(InvokeMethod.java:17) ~[junit-4.13.2.jar:4.13.2]
	at org.junit.internal.runners.statements.RunBefores.evaluate(RunBefores.java:26) ~[junit-4.13.2.jar:4.13.2]
	at org.junit.runners.ParentRunner$3.evaluate(ParentRunner.java:306) ~[junit-4.13.2.jar:4.13.2]
	at org.junit.runners.BlockJUnit4ClassRunner$1.evaluate(BlockJUnit4ClassRunner.java:100) ~[junit-4.13.2.jar:4.13.2]
	at org.junit.runners.ParentRunner.runLeaf(ParentRunner.java:366) ~[junit-4.13.2.jar:4.13.2]
	at org.junit.runners.BlockJUnit4ClassRunner.runChild(BlockJUnit4ClassRunner.java:103) ~[junit-4.13.2.jar:4.13.2]
	at org.junit.runners.BlockJUnit4ClassRunner.runChild(BlockJUnit4ClassRunner.java:63) ~[junit-4.13.2.jar:4.13.2]
	at org.junit.runners.ParentRunner$4.run(ParentRunner.java:331) ~[junit-4.13.2.jar:4.13.2]
	at org.junit.runners.ParentRunner$1.schedule(ParentRunner.java:79) ~[junit-4.13.2.jar:4.13.2]
	at org.junit.runners.ParentRunner.runChildren(ParentRunner.java:329) ~[junit-4.13.2.jar:4.13.2]
	at org.junit.runners.ParentRunner.access$100(ParentRunner.java:66) ~[junit-4.13.2.jar:4.13.2]
	at org.junit.runners.ParentRunner$2.evaluate(ParentRunner.java:293) ~[junit-4.13.2.jar:4.13.2]
	at org.junit.runners.ParentRunner$3.evaluate(ParentRunner.java:306) ~[junit-4.13.2.jar:4.13.2]
	at org.junit.runners.ParentRunner.run(ParentRunner.java:413) ~[junit-4.13.2.jar:4.13.2]
	at org.junit.runner.JUnitCore.run(JUnitCore.java:137) ~[junit-4.13.2.jar:4.13.2]
	at com.intellij.junit4.JUnit4IdeaTestRunner.startRunnerWithArgs(JUnit4IdeaTestRunner.java:69) ~[junit-rt.jar:?]
	at com.intellij.rt.junit.IdeaTestRunner$Repeater$1.execute(IdeaTestRunner.java:38) ~[junit-rt.jar:?]
	at com.intellij.rt.execution.junit.TestsRepeater.repeat(TestsRepeater.java:11) ~[idea_rt.jar:?]
	at com.intellij.rt.junit.IdeaTestRunner$Repeater.startRunnerWithArgs(IdeaTestRunner.java:35) ~[junit-rt.jar:?]
	at com.intellij.rt.junit.JUnitStarter.prepareStreamsAndStart(JUnitStarter.java:232) ~[junit-rt.jar:?]
	at com.intellij.rt.junit.JUnitStarter.main(JUnitStarter.java:55) ~[junit-rt.jar:?]
[DEBUG] 2026-03-20 19:49:35.459 [main] UserServiceImpl - Finding a user by id: 1
[INFO ] 2026-03-20 19:49:35.464 [main] UserServiceImpl - User with id 1 successfully found
[DEBUG] 2026-03-20 19:49:46.089 [main] UserServiceImpl - Finding all users by name 'Alice' with page size 10 and page number 1
[WARN ] 2026-03-20 19:49:46.093 [main] UserServiceImpl - Failed to find users by name 'Alice', page size 10, page number 1
ua.epam.mishchenko.ticketbooking.exception.DbException: DB error
	at ua.epam.mishchenko.ticketbooking.service.impl.UserServiceImpl.getUsersByName(UserServiceImpl.java:127) ~[classes/:?]
	at tests.UserServiceImplTest.lambda$getUsersByNameShouldReturnNullWhenDaoThrows$6(UserServiceImplTest.java:220) ~[test-classes/:?]
	at org.junit.Assert.assertThrows(Assert.java:1001) ~[junit-4.13.2.jar:4.13.2]
	at org.junit.Assert.assertThrows(Assert.java:981) ~[junit-4.13.2.jar:4.13.2]
	at tests.UserServiceImplTest.getUsersByNameShouldReturnNullWhenDaoThrows(UserServiceImplTest.java:219) ~[test-classes/:?]
	at jdk.internal.reflect.DirectMethodHandleAccessor.invoke(DirectMethodHandleAccessor.java:103) ~[?:?]
	at java.lang.reflect.Method.invoke(Method.java:580) ~[?:?]
	at org.junit.runners.model.FrameworkMethod$1.runReflectiveCall(FrameworkMethod.java:59) ~[junit-4.13.2.jar:4.13.2]
	at org.junit.internal.runners.model.ReflectiveCallable.run(ReflectiveCallable.java:12) ~[junit-4.13.2.jar:4.13.2]
	at org.junit.runners.model.FrameworkMethod.invokeExplosively(FrameworkMethod.java:56) ~[junit-4.13.2.jar:4.13.2]
	at org.junit.internal.runners.statements.InvokeMethod.evaluate(InvokeMethod.java:17) ~[junit-4.13.2.jar:4.13.2]
	at org.junit.internal.runners.statements.RunBefores.evaluate(RunBefores.java:26) ~[junit-4.13.2.jar:4.13.2]
	at org.junit.runners.ParentRunner$3.evaluate(ParentRunner.java:306) ~[junit-4.13.2.jar:4.13.2]
	at org.junit.runners.BlockJUnit4ClassRunner$1.evaluate(BlockJUnit4ClassRunner.java:100) ~[junit-4.13.2.jar:4.13.2]
	at org.junit.runners.ParentRunner.runLeaf(ParentRunner.java:366) ~[junit-4.13.2.jar:4.13.2]
	at org.junit.runners.BlockJUnit4ClassRunner.runChild(BlockJUnit4ClassRunner.java:103) ~[junit-4.13.2.jar:4.13.2]
	at org.junit.runners.BlockJUnit4ClassRunner.runChild(BlockJUnit4ClassRunner.java:63) ~[junit-4.13.2.jar:4.13.2]
	at org.junit.runners.ParentRunner$4.run(ParentRunner.java:331) ~[junit-4.13.2.jar:4.13.2]
	at org.junit.runners.ParentRunner$1.schedule(ParentRunner.java:79) ~[junit-4.13.2.jar:4.13.2]
	at org.junit.runners.ParentRunner.runChildren(ParentRunner.java:329) ~[junit-4.13.2.jar:4.13.2]
	at org.junit.runners.ParentRunner.access$100(ParentRunner.java:66) ~[junit-4.13.2.jar:4.13.2]
	at org.junit.runners.ParentRunner$2.evaluate(ParentRunner.java:293) ~[junit-4.13.2.jar:4.13.2]
	at org.junit.runners.ParentRunner$3.evaluate(ParentRunner.java:306) ~[junit-4.13.2.jar:4.13.2]
	at org.junit.runners.ParentRunner.run(ParentRunner.java:413) ~[junit-4.13.2.jar:4.13.2]
	at org.junit.runner.JUnitCore.run(JUnitCore.java:137) ~[junit-4.13.2.jar:4.13.2]
	at com.intellij.junit4.JUnit4IdeaTestRunner.startRunnerWithArgs(JUnit4IdeaTestRunner.java:69) ~[junit-rt.jar:?]
	at com.intellij.rt.junit.IdeaTestRunner$Repeater$1.execute(IdeaTestRunner.java:38) ~[junit-rt.jar:?]
	at com.intellij.rt.execution.junit.TestsRepeater.repeat(TestsRepeater.java:11) ~[idea_rt.jar:?]
	at com.intellij.rt.junit.IdeaTestRunner$Repeater.startRunnerWithArgs(IdeaTestRunner.java:35) ~[junit-rt.jar:?]
	at com.intellij.rt.junit.JUnitStarter.prepareStreamsAndStart(JUnitStarter.java:232) ~[junit-rt.jar:?]
	at com.intellij.rt.junit.JUnitStarter.main(JUnitStarter.java:55) ~[junit-rt.jar:?]
[DEBUG] 2026-03-20 19:49:46.112 [main] UserServiceImpl - Start updating user: {'id' : 1, 'name' : 'Alice', 'email' : 'alice@example.com'}
[INFO ] 2026-03-20 19:49:46.113 [main] UserServiceImpl - Successfully updated user: {'id' : 1, 'name' : 'Alice', 'email' : 'alice@example.com'}
[DEBUG] 2026-03-20 19:49:46.120 [main] UserServiceImpl - Finding a user by email: alice@example.com
[INFO ] 2026-03-20 19:49:46.121 [main] UserServiceImpl - User with email alice@example.com successfully found
[DEBUG] 2026-03-20 19:49:46.122 [main] UserServiceImpl - Retrieving all users with pageSize: 10 and pageNum: 1
[INFO ] 2026-03-20 19:49:46.122 [main] UserServiceImpl - Successfully retrieved 2 users
[DEBUG] 2026-03-20 19:49:46.123 [main] UserServiceImpl - Start updating user: {'id' : 1, 'name' : 'Alice', 'email' : 'alice@example.com'}
[WARN ] 2026-03-20 19:49:46.123 [main] UserServiceImpl - Failed to update user: {'id' : 1, 'name' : 'Alice', 'email' : 'alice@example.com'}
ua.epam.mishchenko.ticketbooking.exception.DbException: null
[DEBUG] 2026-03-20 19:49:46.125 [main] UserServiceImpl - Start creating a user: {'id' : 0, 'name' : 'Vala', 'email' : 'test@example.com'}
[INFO ] 2026-03-20 19:49:46.125 [main] UserServiceImpl - Successfully created user: {'id' : 0, 'name' : 'Vala', 'email' : 'test@example.com'}
[DEBUG] 2026-03-20 19:49:46.127 [main] UserServiceImpl - Finding a user by id: 1
[WARN ] 2026-03-20 19:49:46.128 [main] UserServiceImpl - Failed to get user by id: 1
ua.epam.mishchenko.ticketbooking.exception.DbException: null
[DEBUG] 2026-03-20 19:49:46.130 [main] UserServiceImpl - Start creating a user: {'id' : 0, 'name' : 'Vala', 'email' : 'test5@example.com'}
[INFO ] 2026-03-20 19:49:46.130 [main] UserServiceImpl - Attempt to create a user failed: email test5@example.com is already registered.
[WARN ] 2026-03-20 19:49:46.130 [main] UserServiceImpl - Cannot create user: {'id' : 0, 'name' : 'Vala', 'email' : 'test5@example.com'}
ua.epam.mishchenko.ticketbooking.exception.DbException: User already exists with email: test5@example.com
	at ua.epam.mishchenko.ticketbooking.service.impl.UserServiceImpl.createUser(UserServiceImpl.java:153) ~[classes/:?]
	at tests.UserServiceImplTest.lambda$createUserShouldThrowExceptionWhenEmailExists$0(UserServiceImplTest.java:84) ~[test-classes/:?]
	at org.junit.Assert.assertThrows(Assert.java:1001) ~[junit-4.13.2.jar:4.13.2]
	at org.junit.Assert.assertThrows(Assert.java:981) ~[junit-4.13.2.jar:4.13.2]
	at tests.UserServiceImplTest.createUserShouldThrowExceptionWhenEmailExists(UserServiceImplTest.java:84) ~[test-classes/:?]
	at jdk.internal.reflect.DirectMethodHandleAccessor.invoke(DirectMethodHandleAccessor.java:103) ~[?:?]
	at java.lang.reflect.Method.invoke(Method.java:580) ~[?:?]
	at org.junit.runners.model.FrameworkMethod$1.runReflectiveCall(FrameworkMethod.java:59) ~[junit-4.13.2.jar:4.13.2]
	at org.junit.internal.runners.model.ReflectiveCallable.run(ReflectiveCallable.java:12) ~[junit-4.13.2.jar:4.13.2]
	at org.junit.runners.model.FrameworkMethod.invokeExplosively(FrameworkMethod.java:56) ~[junit-4.13.2.jar:4.13.2]
	at org.junit.internal.runners.statements.InvokeMethod.evaluate(InvokeMethod.java:17) ~[junit-4.13.2.jar:4.13.2]
	at org.junit.internal.runners.statements.RunBefores.evaluate(RunBefores.java:26) ~[junit-4.13.2.jar:4.13.2]
	at org.junit.runners.ParentRunner$3.evaluate(ParentRunner.java:306) ~[junit-4.13.2.jar:4.13.2]
	at org.junit.runners.BlockJUnit4ClassRunner$1.evaluate(BlockJUnit4ClassRunner.java:100) ~[junit-4.13.2.jar:4.13.2]
	at org.junit.runners.ParentRunner.runLeaf(ParentRunner.java:366) ~[junit-4.13.2.jar:4.13.2]
	at org.junit.runners.BlockJUnit4ClassRunner.runChild(BlockJUnit4ClassRunner.java:103) ~[junit-4.13.2.jar:4.13.2]
	at org.junit.runners.BlockJUnit4ClassRunner.runChild(BlockJUnit4ClassRunner.java:63) ~[junit-4.13.2.jar:4.13.2]
	at org.junit.runners.ParentRunner$4.run(ParentRunner.java:331) ~[junit-4.13.2.jar:4.13.2]
	at org.junit.runners.ParentRunner$1.schedule(ParentRunner.java:79) ~[junit-4.13.2.jar:4.13.2]
	at org.junit.runners.ParentRunner.runChildren(ParentRunner.java:329) ~[junit-4.13.2.jar:4.13.2]
	at org.junit.runners.ParentRunner.access$100(ParentRunner.java:66) ~[junit-4.13.2.jar:4.13.2]
	at org.junit.runners.ParentRunner$2.evaluate(ParentRunner.java:293) ~[junit-4.13.2.jar:4.13.2]
	at org.junit.runners.ParentRunner$3.evaluate(ParentRunner.java:306) ~[junit-4.13.2.jar:4.13.2]
	at org.junit.runners.ParentRunner.run(ParentRunner.java:413) ~[junit-4.13.2.jar:4.13.2]
	at org.junit.runner.JUnitCore.run(JUnitCore.java:137) ~[junit-4.13.2.jar:4.13.2]
	at com.intellij.junit4.JUnit4IdeaTestRunner.startRunnerWithArgs(JUnit4IdeaTestRunner.java:69) ~[junit-rt.jar:?]
	at com.intellij.rt.junit.IdeaTestRunner$Repeater$1.execute(IdeaTestRunner.java:38) ~[junit-rt.jar:?]
	at com.intellij.rt.execution.junit.TestsRepeater.repeat(TestsRepeater.java:11) ~[idea_rt.jar:?]
	at com.intellij.rt.junit.IdeaTestRunner$Repeater.startRunnerWithArgs(IdeaTestRunner.java:35) ~[junit-rt.jar:?]
	at com.intellij.rt.junit.JUnitStarter.prepareStreamsAndStart(JUnitStarter.java:232) ~[junit-rt.jar:?]
	at com.intellij.rt.junit.JUnitStarter.main(JUnitStarter.java:55) ~[junit-rt.jar:?]
[DEBUG] 2026-03-20 19:49:46.134 [main] UserServiceImpl - Start deleting  user with id : 1
[INFO ] 2026-03-20 19:49:46.135 [main] UserServiceImpl - Successfully deleted user with id: 1
[DEBUG] 2026-03-20 19:49:46.137 [main] UserServiceImpl - Finding a user by id: 1
[INFO ] 2026-03-20 19:49:46.137 [main] UserServiceImpl - User with id 1 successfully found
[DEBUG] 2026-03-20 19:49:46.138 [main] UserServiceImpl - Finding all users by name 'Alice' with page size 10 and page number 1
[INFO ] 2026-03-20 19:49:46.139 [main] UserServiceImpl - Successfully found 2 users by name 'Alice' with page size 10 and page number 1
[DEBUG] 2026-03-20 19:49:46.140 [main] UserServiceImpl - Finding a user by email: alice@example.com
[INFO ] 2026-03-20 19:49:46.140 [main] UserServiceImpl - User with email alice@example.com successfully found
[DEBUG] 2026-03-20 19:49:46.141 [main] UserServiceImpl - Start deleting  user with id : 1
[WARN ] 2026-03-20 19:49:46.141 [main] UserServiceImpl - No user found to delete with id: 1
[DEBUG] 2026-03-20 19:49:57.825 [main] UserAccountServiceImpl - Start deleting user account for userId 1
[INFO ] 2026-03-20 19:49:57.831 [main] UserAccountServiceImpl - Successfully deleted user account for userId 1
[DEBUG] 2026-03-20 19:49:57.848 [main] UserAccountServiceImpl - Start creating a user account with userId: 1
[INFO ] 2026-03-20 19:49:57.849 [main] UserAccountServiceImpl - Successfully created userAccount for userId: 1
[DEBUG] 2026-03-20 19:49:57.851 [main] UserAccountServiceImpl - Start adding funds: 50.0 to userId: 1
[INFO ] 2026-03-20 19:49:57.852 [main] UserAccountServiceImpl - Successfully added 50.0 to userId: 1. New balance: 150.0
[DEBUG] 2026-03-20 19:49:57.855 [main] UserAccountServiceImpl - Start getting a user account with userId: 1
[WARN ] 2026-03-20 19:49:57.855 [main] UserAccountServiceImpl - User account not found for userId 1
[DEBUG] 2026-03-20 19:49:57.859 [main] UserAccountServiceImpl - Start updating user account with userId: 1
[INFO ] 2026-03-20 19:49:57.860 [main] UserAccountServiceImpl - Successfully updated userAccount for userId: 1
[DEBUG] 2026-03-20 19:49:57.862 [main] UserAccountServiceImpl - Start updating user account with userId: 1
[WARN ] 2026-03-20 19:49:57.862 [main] UserAccountServiceImpl - User account to update not found for userId 1
[ERROR] 2026-03-20 19:49:57.862 [main] UserAccountServiceImpl - Cannot update user account for userId 1
ua.epam.mishchenko.ticketbooking.exception.DbException: User account to update not found for userId: 1
	at ua.epam.mishchenko.ticketbooking.service.impl.UserAccountServiceImpl.lambda$updateUserAccount$2(UserAccountServiceImpl.java:128) ~[classes/:?]
	at java.util.Optional.orElseThrow(Optional.java:403) ~[?:?]
	at ua.epam.mishchenko.ticketbooking.service.impl.UserAccountServiceImpl.updateUserAccount(UserAccountServiceImpl.java:125) ~[classes/:?]
	at tests.UserAccountServiceTest.lambda$updateUserAccountShouldThrowWhenAccountNotFound$7(UserAccountServiceTest.java:220) ~[test-classes/:?]
	at org.junit.Assert.assertThrows(Assert.java:1001) ~[junit-4.13.2.jar:4.13.2]
	at org.junit.Assert.assertThrows(Assert.java:981) ~[junit-4.13.2.jar:4.13.2]
	at tests.UserAccountServiceTest.updateUserAccountShouldThrowWhenAccountNotFound(UserAccountServiceTest.java:219) ~[test-classes/:?]
	at jdk.internal.reflect.DirectMethodHandleAccessor.invoke(DirectMethodHandleAccessor.java:103) ~[?:?]
	at java.lang.reflect.Method.invoke(Method.java:580) ~[?:?]
	at org.junit.runners.model.FrameworkMethod$1.runReflectiveCall(FrameworkMethod.java:59) ~[junit-4.13.2.jar:4.13.2]
	at org.junit.internal.runners.model.ReflectiveCallable.run(ReflectiveCallable.java:12) ~[junit-4.13.2.jar:4.13.2]
	at org.junit.runners.model.FrameworkMethod.invokeExplosively(FrameworkMethod.java:56) ~[junit-4.13.2.jar:4.13.2]
	at org.junit.internal.runners.statements.InvokeMethod.evaluate(InvokeMethod.java:17) ~[junit-4.13.2.jar:4.13.2]
	at org.junit.internal.runners.statements.RunBefores.evaluate(RunBefores.java:26) ~[junit-4.13.2.jar:4.13.2]
	at org.junit.runners.ParentRunner$3.evaluate(ParentRunner.java:306) ~[junit-4.13.2.jar:4.13.2]
	at org.junit.runners.BlockJUnit4ClassRunner$1.evaluate(BlockJUnit4ClassRunner.java:100) ~[junit-4.13.2.jar:4.13.2]
	at org.junit.runners.ParentRunner.runLeaf(ParentRunner.java:366) ~[junit-4.13.2.jar:4.13.2]
	at org.junit.runners.BlockJUnit4ClassRunner.runChild(BlockJUnit4ClassRunner.java:103) ~[junit-4.13.2.jar:4.13.2]
	at org.junit.runners.BlockJUnit4ClassRunner.runChild(BlockJUnit4ClassRunner.java:63) ~[junit-4.13.2.jar:4.13.2]
	at org.junit.runners.ParentRunner$4.run(ParentRunner.java:331) ~[junit-4.13.2.jar:4.13.2]
	at org.junit.runners.ParentRunner$1.schedule(ParentRunner.java:79) ~[junit-4.13.2.jar:4.13.2]
	at org.junit.runners.ParentRunner.runChildren(ParentRunner.java:329) ~[junit-4.13.2.jar:4.13.2]
	at org.junit.runners.ParentRunner.access$100(ParentRunner.java:66) ~[junit-4.13.2.jar:4.13.2]
	at org.junit.runners.ParentRunner$2.evaluate(ParentRunner.java:293) ~[junit-4.13.2.jar:4.13.2]
	at org.junit.runners.ParentRunner$3.evaluate(ParentRunner.java:306) ~[junit-4.13.2.jar:4.13.2]
	at org.junit.runners.ParentRunner.run(ParentRunner.java:413) ~[junit-4.13.2.jar:4.13.2]
	at org.junit.runner.JUnitCore.run(JUnitCore.java:137) ~[junit-4.13.2.jar:4.13.2]
	at com.intellij.junit4.JUnit4IdeaTestRunner.startRunnerWithArgs(JUnit4IdeaTestRunner.java:69) ~[junit-rt.jar:?]
	at com.intellij.rt.junit.IdeaTestRunner$Repeater$1.execute(IdeaTestRunner.java:38) ~[junit-rt.jar:?]
	at com.intellij.rt.execution.junit.TestsRepeater.repeat(TestsRepeater.java:11) ~[idea_rt.jar:?]
	at com.intellij.rt.junit.IdeaTestRunner$Repeater.startRunnerWithArgs(IdeaTestRunner.java:35) ~[junit-rt.jar:?]
	at com.intellij.rt.junit.JUnitStarter.prepareStreamsAndStart(JUnitStarter.java:232) ~[junit-rt.jar:?]
	at com.intellij.rt.junit.JUnitStarter.main(JUnitStarter.java:55) ~[junit-rt.jar:?]
[DEBUG] 2026-03-20 19:49:57.868 [main] UserAccountServiceImpl - Start deleting user account for userId 1
[WARN ] 2026-03-20 19:49:57.868 [main] UserAccountServiceImpl - No user account exists for userId: 1. Deletion aborted.
[DEBUG] 2026-03-20 19:49:57.872 [main] UserAccountServiceImpl - Start getting a user account with userId: 1
[INFO ] 2026-03-20 19:49:57.872 [main] UserAccountServiceImpl - Successfully retrieved userAccount for userId: 1
[DEBUG] 2026-03-20 19:49:57.873 [main] UserAccountServiceImpl - Start creating a user account with userId: 1
[DEBUG] 2026-03-20 19:49:57.884 [main] UserAccountServiceImpl - Start adding funds: 50.0 to userId: 1
[ERROR] 2026-03-20 19:49:57.885 [main] UserAccountServiceImpl - Cannot add funds to userId: 1
java.lang.RuntimeException: DB error
	at ua.epam.mishchenko.ticketbooking.service.impl.UserAccountServiceImpl.addFunds(UserAccountServiceImpl.java:88) ~[classes/:?]
	at tests.UserAccountServiceTest.lambda$addFundsShouldThrowWhenRepositoryFails$3(UserAccountServiceTest.java:137) ~[test-classes/:?]
	at org.junit.Assert.assertThrows(Assert.java:1001) ~[junit-4.13.2.jar:4.13.2]
	at org.junit.Assert.assertThrows(Assert.java:981) ~[junit-4.13.2.jar:4.13.2]
	at tests.UserAccountServiceTest.addFundsShouldThrowWhenRepositoryFails(UserAccountServiceTest.java:136) ~[test-classes/:?]
	at jdk.internal.reflect.DirectMethodHandleAccessor.invoke(DirectMethodHandleAccessor.java:103) ~[?:?]
	at java.lang.reflect.Method.invoke(Method.java:580) ~[?:?]
	at org.junit.runners.model.FrameworkMethod$1.runReflectiveCall(FrameworkMethod.java:59) ~[junit-4.13.2.jar:4.13.2]
	at org.junit.internal.runners.model.ReflectiveCallable.run(ReflectiveCallable.java:12) ~[junit-4.13.2.jar:4.13.2]
	at org.junit.runners.model.FrameworkMethod.invokeExplosively(FrameworkMethod.java:56) ~[junit-4.13.2.jar:4.13.2]
	at org.junit.internal.runners.statements.InvokeMethod.evaluate(InvokeMethod.java:17) ~[junit-4.13.2.jar:4.13.2]
	at org.junit.internal.runners.statements.RunBefores.evaluate(RunBefores.java:26) ~[junit-4.13.2.jar:4.13.2]
	at org.junit.runners.ParentRunner$3.evaluate(ParentRunner.java:306) ~[junit-4.13.2.jar:4.13.2]
	at org.junit.runners.BlockJUnit4ClassRunner$1.evaluate(BlockJUnit4ClassRunner.java:100) ~[junit-4.13.2.jar:4.13.2]
	at org.junit.runners.ParentRunner.runLeaf(ParentRunner.java:366) ~[junit-4.13.2.jar:4.13.2]
	at org.junit.runners.BlockJUnit4ClassRunner.runChild(BlockJUnit4ClassRunner.java:103) ~[junit-4.13.2.jar:4.13.2]
	at org.junit.runners.BlockJUnit4ClassRunner.runChild(BlockJUnit4ClassRunner.java:63) ~[junit-4.13.2.jar:4.13.2]
	at org.junit.runners.ParentRunner$4.run(ParentRunner.java:331) ~[junit-4.13.2.jar:4.13.2]
	at org.junit.runners.ParentRunner$1.schedule(ParentRunner.java:79) ~[junit-4.13.2.jar:4.13.2]
	at org.junit.runners.ParentRunner.runChildren(ParentRunner.java:329) ~[junit-4.13.2.jar:4.13.2]
	at org.junit.runners.ParentRunner.access$100(ParentRunner.java:66) ~[junit-4.13.2.jar:4.13.2]
	at org.junit.runners.ParentRunner$2.evaluate(ParentRunner.java:293) ~[junit-4.13.2.jar:4.13.2]
	at org.junit.runners.ParentRunner$3.evaluate(ParentRunner.java:306) ~[junit-4.13.2.jar:4.13.2]
	at org.junit.runners.ParentRunner.run(ParentRunner.java:413) ~[junit-4.13.2.jar:4.13.2]
	at org.junit.runner.JUnitCore.run(JUnitCore.java:137) ~[junit-4.13.2.jar:4.13.2]
	at com.intellij.junit4.JUnit4IdeaTestRunner.startRunnerWithArgs(JUnit4IdeaTestRunner.java:69) ~[junit-rt.jar:?]
	at com.intellij.rt.junit.IdeaTestRunner$Repeater$1.execute(IdeaTestRunner.java:38) ~[junit-rt.jar:?]
	at com.intellij.rt.execution.junit.TestsRepeater.repeat(TestsRepeater.java:11) ~[idea_rt.jar:?]
	at com.intellij.rt.junit.IdeaTestRunner$Repeater.startRunnerWithArgs(IdeaTestRunner.java:35) ~[junit-rt.jar:?]
	at com.intellij.rt.junit.JUnitStarter.prepareStreamsAndStart(JUnitStarter.java:232) ~[junit-rt.jar:?]
	at com.intellij.rt.junit.JUnitStarter.main(JUnitStarter.java:55) ~[junit-rt.jar:?]
[DEBUG] 2026-03-20 19:49:57.889 [main] UserAccountServiceImpl - Start updating user account with userId: 1
[ERROR] 2026-03-20 19:49:57.890 [main] UserAccountServiceImpl - Cannot update user account for userId 1
java.lang.RuntimeException: DB error
	at ua.epam.mishchenko.ticketbooking.service.impl.UserAccountServiceImpl.updateUserAccount(UserAccountServiceImpl.java:132) ~[classes/:?]
	at tests.UserAccountServiceTest.lambda$updateUserAccountShouldThrowWhenSaveFails$8(UserAccountServiceTest.java:237) ~[test-classes/:?]
	at org.junit.Assert.assertThrows(Assert.java:1001) ~[junit-4.13.2.jar:4.13.2]
	at org.junit.Assert.assertThrows(Assert.java:981) ~[junit-4.13.2.jar:4.13.2]
	at tests.UserAccountServiceTest.updateUserAccountShouldThrowWhenSaveFails(UserAccountServiceTest.java:236) ~[test-classes/:?]
	at jdk.internal.reflect.DirectMethodHandleAccessor.invoke(DirectMethodHandleAccessor.java:103) ~[?:?]
	at java.lang.reflect.Method.invoke(Method.java:580) ~[?:?]
	at org.junit.runners.model.FrameworkMethod$1.runReflectiveCall(FrameworkMethod.java:59) ~[junit-4.13.2.jar:4.13.2]
	at org.junit.internal.runners.model.ReflectiveCallable.run(ReflectiveCallable.java:12) ~[junit-4.13.2.jar:4.13.2]
	at org.junit.runners.model.FrameworkMethod.invokeExplosively(FrameworkMethod.java:56) ~[junit-4.13.2.jar:4.13.2]
	at org.junit.internal.runners.statements.InvokeMethod.evaluate(InvokeMethod.java:17) ~[junit-4.13.2.jar:4.13.2]
	at org.junit.internal.runners.statements.RunBefores.evaluate(RunBefores.java:26) ~[junit-4.13.2.jar:4.13.2]
	at org.junit.runners.ParentRunner$3.evaluate(ParentRunner.java:306) ~[junit-4.13.2.jar:4.13.2]
	at org.junit.runners.BlockJUnit4ClassRunner$1.evaluate(BlockJUnit4ClassRunner.java:100) ~[junit-4.13.2.jar:4.13.2]
	at org.junit.runners.ParentRunner.runLeaf(ParentRunner.java:366) ~[junit-4.13.2.jar:4.13.2]
	at org.junit.runners.BlockJUnit4ClassRunner.runChild(BlockJUnit4ClassRunner.java:103) ~[junit-4.13.2.jar:4.13.2]
	at org.junit.runners.BlockJUnit4ClassRunner.runChild(BlockJUnit4ClassRunner.java:63) ~[junit-4.13.2.jar:4.13.2]
	at org.junit.runners.ParentRunner$4.run(ParentRunner.java:331) ~[junit-4.13.2.jar:4.13.2]
	at org.junit.runners.ParentRunner$1.schedule(ParentRunner.java:79) ~[junit-4.13.2.jar:4.13.2]
	at org.junit.runners.ParentRunner.runChildren(ParentRunner.java:329) ~[junit-4.13.2.jar:4.13.2]
	at org.junit.runners.ParentRunner.access$100(ParentRunner.java:66) ~[junit-4.13.2.jar:4.13.2]
	at org.junit.runners.ParentRunner$2.evaluate(ParentRunner.java:293) ~[junit-4.13.2.jar:4.13.2]
	at org.junit.runners.ParentRunner$3.evaluate(ParentRunner.java:306) ~[junit-4.13.2.jar:4.13.2]
	at org.junit.runners.ParentRunner.run(ParentRunner.java:413) ~[junit-4.13.2.jar:4.13.2]
	at org.junit.runner.JUnitCore.run(JUnitCore.java:137) ~[junit-4.13.2.jar:4.13.2]
	at com.intellij.junit4.JUnit4IdeaTestRunner.startRunnerWithArgs(JUnit4IdeaTestRunner.java:69) ~[junit-rt.jar:?]
	at com.intellij.rt.junit.IdeaTestRunner$Repeater$1.execute(IdeaTestRunner.java:38) ~[junit-rt.jar:?]
	at com.intellij.rt.execution.junit.TestsRepeater.repeat(TestsRepeater.java:11) ~[idea_rt.jar:?]
	at com.intellij.rt.junit.IdeaTestRunner$Repeater.startRunnerWithArgs(IdeaTestRunner.java:35) ~[junit-rt.jar:?]
	at com.intellij.rt.junit.JUnitStarter.prepareStreamsAndStart(JUnitStarter.java:232) ~[junit-rt.jar:?]
	at com.intellij.rt.junit.JUnitStarter.main(JUnitStarter.java:55) ~[junit-rt.jar:?]
[DEBUG] 2026-03-20 19:49:57.894 [main] UserAccountServiceImpl - Start adding funds: 50.0 to userId: 1
[WARN ] 2026-03-20 19:49:57.895 [main] UserAccountServiceImpl - User account not found for userId: 1
[DEBUG] 2026-03-20 19:52:27.491 [main] UserAccountServiceImpl - Start creating a user account with userId: 1
[WARN ] 2026-03-20 19:52:27.495 [main] UserAccountServiceImpl - User with id 1 not found
